Log file open, 12/03/18 19:08:25
LogWindows: Failed to load 'aqProf.dll' (GetLastError=126)
LogWindows: File 'aqProf.dll' does not exist
LogWindows: Failed to load 'VSPerf140.dll' (GetLastError=126)
LogWindows: File 'VSPerf140.dll' does not exist
LogWindows: Failed to load 'VtuneApi.dll' (GetLastError=126)
LogWindows: File 'VtuneApi.dll' does not exist
LogWindows: Failed to load 'VtuneApi32e.dll' (GetLastError=126)
LogWindows: File 'VtuneApi32e.dll' does not exist
LogInit: Display: Running engine for game: UnrealHouse
LogPlatformFile: Not using cached read wrapper
LogTaskGraph: Started task graph with 5 named threads and 14 total threads with 3 sets of task threads.
LogStats: Stats thread started at 0.228159
LogD3D11RHI: Loaded GFSDK_Aftermath_Lib.x64.dll
LogICUInternationalization: Display: ICU TimeZone Detection - Raw Offset: -5:00, Platform Override: ''
LogPluginManager: Mounting plugin Paper2D
LogPluginManager: Mounting plugin AISupport
LogPluginManager: Mounting plugin LightPropagationVolume
LogPluginManager: Mounting plugin CLionSourceCodeAccess
LogPluginManager: Mounting plugin CodeLiteSourceCodeAccess
LogPluginManager: Mounting plugin GitSourceControl
LogPluginManager: Mounting plugin KDevelopSourceCodeAccess
LogPluginManager: Mounting plugin NullSourceCodeAccess
LogPluginManager: Mounting plugin PerforceSourceControl
LogPluginManager: Mounting plugin SubversionSourceControl
LogPluginManager: Mounting plugin UObjectPlugin
LogPluginManager: Mounting plugin VisualStudioCodeSourceCodeAccess
LogPluginManager: Mounting plugin VisualStudioSourceCodeAccess
LogPluginManager: Mounting plugin XCodeSourceCodeAccess
LogPluginManager: Mounting plugin AssetManagerEditor
LogPluginManager: Mounting plugin CryptoKeys
LogPluginManager: Mounting plugin DataValidation
LogPluginManager: Mounting plugin FacialAnimation
LogPluginManager: Mounting plugin GameplayTagsEditor
LogPluginManager: Mounting plugin MacGraphicsSwitching
LogPluginManager: Mounting plugin MeshEditor
LogPluginManager: Mounting plugin MobileLauncherProfileWizard
LogPluginManager: Mounting plugin PluginBrowser
LogPluginManager: Mounting plugin SpeedTreeImporter
LogPluginManager: Mounting plugin DatasmithContent
LogPluginManager: Mounting plugin AlembicImporter
LogPluginManager: Mounting plugin AppleImageUtils
LogPluginManager: Mounting plugin AppleVision
LogPluginManager: Mounting plugin BackChannel
LogPluginManager: Mounting plugin CharacterAI
LogPluginManager: Mounting plugin GeometryCache
LogPluginManager: Mounting plugin HTML5Networking
LogPluginManager: Mounting plugin ProxyLODPlugin
LogPluginManager: Mounting plugin MagicLeap
LogPluginManager: Mounting plugin MagicLeapEmulator
LogPluginManager: Mounting plugin MagicLeapMedia
LogPluginManager: Mounting plugin AndroidMedia
LogPluginManager: Mounting plugin AvfMedia
LogPluginManager: Mounting plugin ImgMedia
LogPluginManager: Mounting plugin LinearTimecode
LogPluginManager: Mounting plugin MediaCompositing
LogPluginManager: Mounting plugin MediaPlayerEditor
LogPluginManager: Mounting plugin WmfMedia
LogPluginManager: Mounting plugin TcpMessaging
LogPluginManager: Mounting plugin UdpMessaging
LogPluginManager: Mounting plugin ActorSequence
LogPluginManager: Mounting plugin LevelSequenceEditor
LogPluginManager: Mounting plugin MatineeToLevelSequence
LogPluginManager: Mounting plugin NetcodeUnitTest
LogPluginManager: Mounting plugin NUTUnrealEngine4
LogPluginManager: Mounting plugin OnlineSubsystemGooglePlay
LogPluginManager: Mounting plugin OnlineSubsystemIOS
LogPluginManager: Mounting plugin OnlineSubsystem
LogPluginManager: Mounting plugin OnlineSubsystemNull
LogPluginManager: Mounting plugin OnlineSubsystemUtils
LogPluginManager: Mounting plugin LauncherChunkInstaller
LogPluginManager: Mounting plugin AndroidDeviceProfileSelector
LogPluginManager: Mounting plugin AndroidMoviePlayer
LogPluginManager: Mounting plugin AndroidPermission
LogPluginManager: Mounting plugin AppleMoviePlayer
LogPluginManager: Mounting plugin ArchVisCharacter
LogPluginManager: Mounting plugin AudioCapture
LogPluginManager: Mounting plugin CableComponent
LogPluginManager: Mounting plugin CustomMeshComponent
LogPluginManager: Mounting plugin EditableMesh
LogPluginManager: Mounting plugin ExampleDeviceProfileSelector
LogPluginManager: Mounting plugin GoogleCloudMessaging
LogPluginManager: Mounting plugin ImmediatePhysics
LogPluginManager: Mounting plugin IOSDeviceProfileSelector
LogPluginManager: Mounting plugin LinuxDeviceProfileSelector
LogPluginManager: Mounting plugin LocationServicesBPLibrary
LogPluginManager: Mounting plugin MobilePatchingUtils
LogPluginManager: Mounting plugin OculusVR
LogPluginManager: Plugin shader directory ../../../Engine/Plugins/Runtime/Oculus/OculusVR/Shaders found
LogPluginManager: Mapping shader source directory ../../../Engine/Plugins/Runtime/Oculus/OculusVR/Shaders to virtual directory /Plugin/OculusVR
LogPluginManager: Mounting plugin PhysXVehicles
LogPluginManager: Mounting plugin ProceduralMeshComponent
LogPluginManager: Mounting plugin RuntimePhysXCooking
LogPluginManager: Mounting plugin SteamVR
LogPluginManager: Mounting plugin WindowsMoviePlayer
LogStreaming: Display: Took  0.157s to configure plugins.
LogInit: Using libcurl 7.55.1-DEV
LogInit:  - built for x86_64-pc-win32
LogInit:  - supports SSL with OpenSSL/1.0.2h
LogInit:  - supports HTTP deflate (compression) using libz 1.2.8
LogInit:  - other features:
LogInit:      CURL_VERSION_SSL
LogInit:      CURL_VERSION_LIBZ
LogInit:      CURL_VERSION_IPV6
LogInit:      CURL_VERSION_ASYNCHDNS
LogInit:      CURL_VERSION_LARGEFILE
LogInit:      CURL_VERSION_IDN
LogInit:  CurlRequestOptions (configurable via config and command line):
LogInit:  - bVerifyPeer = false  - Libcurl will NOT verify peer certificate
LogInit:  - bUseHttpProxy = false  - Libcurl will NOT use HTTP proxy
LogInit:  - bDontReuseConnections = false  - Libcurl will reuse connections
LogInit:  - CertBundlePath = nullptr  - Libcurl will use whatever was configured at build time.
LogInit:  - MaxHostConnections = 16  - Libcurl will limit the number of connections to a host
LogInit:  - LocalHostAddr = Default
LogInit:  - BufferSize = 65536
LogInit: WinSock: version 1.1 (2.2), MaxSocks=32767, MaxUdp=65467
LogInit: Build: ++UE4+Release-4.20-CL-4369336
LogInit: Engine Version: 4.20.3-4369336+++UE4+Release-4.20
LogInit: Compatible Engine Version: 4.20.0-4212847+++UE4+Release-4.20
LogInit: Net CL: 4212847
LogInit: OS: Windows 10 (), CPU: Intel(R) Core(TM) i5-7300HQ CPU @ 2.50GHz, GPU: Intel(R) HD Graphics 630
LogInit: Compiled (64-bit): Sep 17 2018 12:26:19
LogInit: Compiled with Visual C++: 19.13.26129.00
LogInit: Build Configuration: Development
LogInit: Branch Name: ++UE4+Release-4.20
LogInit: Command Line: 
LogInit: Base Directory: E:/Software/Unreal/Epic Games/UE_4.20/Engine/Binaries/Win64/
LogInit: Installed Engine Build: 1
LogDevObjectVersion: Number of dev versions registered: 20
LogDevObjectVersion:   Dev-Blueprints (B0D832E4-1F89-4F0D-ACCF-7EB736FD4AA2): 10
LogDevObjectVersion:   Dev-Build (E1C64328-A22C-4D53-A36C-8E866417BD8C): 0
LogDevObjectVersion:   Dev-Core (375EC13C-06E4-48FB-B500-84F0262A717E): 2
LogDevObjectVersion:   Dev-Editor (E4B068ED-F494-42E9-A231-DA0B2E46BB41): 24
LogDevObjectVersion:   Dev-Framework (CFFC743F-43B0-4480-9391-14DF171D2073): 34
LogDevObjectVersion:   Dev-Mobile (B02B49B5-BB20-44E9-A304-32B752E40360): 2
LogDevObjectVersion:   Dev-Networking (A4E4105C-59A1-49B5-A7C5-40C4547EDFEE): 0
LogDevObjectVersion:   Dev-Online (39C831C9-5AE6-47DC-9A44-9C173E1C8E7C): 0
LogDevObjectVersion:   Dev-Physics (78F01B33-EBEA-4F98-B9B4-84EACCB95AA2): 0
LogDevObjectVersion:   Dev-Platform (6631380F-2D4D-43E0-8009-CF276956A95A): 0
LogDevObjectVersion:   Dev-Rendering (12F88B9F-8875-4AFC-A67C-D90C383ABD29): 26
LogDevObjectVersion:   Dev-Sequencer (7B5AE74C-D270-4C10-A958-57980B212A5A): 9
LogDevObjectVersion:   Dev-VR (D7296918-1DD6-4BDD-9DE2-64A83CC13884): 2
LogDevObjectVersion:   Dev-LoadTimes (C2A15278-BFE7-4AFE-6C17-90FF531DF755): 1
LogDevObjectVersion:   Private-Geometry (6EACA3D4-40EC-4CC1-B786-8BED09428FC5): 3
LogDevObjectVersion:   Dev-AnimPhys (29E575DD-E0A3-4627-9D10-D276232CDCEA): 17
LogDevObjectVersion:   Dev-ReflectionCapture (6B266CEC-1EC7-4B8F-A30B-E4D90942FC07): 1
LogDevObjectVersion:   Dev-Automation (0DF73D61-A23F-47EA-B727-89E90C41499A): 1
LogDevObjectVersion:   FortniteMain (601D1886-AC64-4F84-AA16-D3DE0DEAC7D6): 12
LogDevObjectVersion:   Dev-Enterprise (9DFFBCD6-494F-0158-E221-12823C92A888): 1
LogStreaming: Display: Took  0.007s to delete old logs.
LogInit: Presizing for max 8388607 objects, including 0 objects not considered by GC, pre-allocating 0 bytes for permanent pool.
LogInit: Object subsystem initialized
[2018.12.04-00.08.26:375][  0]LogInit: Selected Device Profile: [Windows]
[2018.12.04-00.08.26:375][  0]LogInit: Applying CVar settings loaded from the selected device profile: [Windows]
[2018.12.04-00.08.26:385][  0]LogHAL: Display: Platform has ~ 8 GB [8449904640 / 8589934592 / 8], which maps to Default [LargestMinGB=32, LargerMinGB=12, DefaultMinGB=8, SmallerMinGB=6, SmallestMinGB=0)
[2018.12.04-00.08.26:385][  0]LogInit: Setting Device Profile CVar: [[r.Vulkan.UseRealUBs:1]]
[2018.12.04-00.08.26:385][  0]LogInit: Going up to parent DeviceProfile []
[2018.12.04-00.08.26:386][  0]LogInit: Computer: DESKTOP-LQ8KI8D
[2018.12.04-00.08.26:386][  0]LogInit: User: 45188
[2018.12.04-00.08.26:386][  0]LogInit: CPU Page size=4096, Cores=4
[2018.12.04-00.08.26:386][  0]LogInit: High frequency timer resolution =2.437501 MHz
[2018.12.04-00.08.26:386][  0]LogMemory: Memory total: Physical=7.9GB (8GB approx)
[2018.12.04-00.08.26:386][  0]LogMemory: Platform Memory Stats for Windows
[2018.12.04-00.08.26:386][  0]LogMemory: Process Physical Memory: 101.41 MB used, 101.41 MB peak
[2018.12.04-00.08.26:386][  0]LogMemory: Process Virtual Memory: 86.03 MB used, 86.03 MB peak
[2018.12.04-00.08.26:386][  0]LogMemory: Physical Memory: 4208.32 MB used,  3850.14 MB free, 8058.46 MB total
[2018.12.04-00.08.26:386][  0]LogMemory: Virtual Memory: 4626.93 MB used,  3850.14 MB free, 134217728.00 MB total
[2018.12.04-00.08.26:422][  0]LogInit: Using OS detected language (en-US).
[2018.12.04-00.08.26:422][  0]LogInit: Using OS detected locale (zh-CN).
[2018.12.04-00.08.26:423][  0]LogTextLocalizationManager: No specific localization for 'en-US' exists, so the 'en' localization will be used.
[2018.12.04-00.08.26:814][  0]LogStreaming: Display: Took  0.392s to InitEngineTextLocalization.
[2018.12.04-00.08.26:814][  0]LogInit: Setting process to per monitor DPI aware
[2018.12.04-00.08.26:847][  0]LogSlate: New Slate User Created.  User Index 0, Is Virtual User: 0
[2018.12.04-00.08.26:847][  0]LogSlate: Slate User Registered.  User Index 0, Is Virtual User: 0
[2018.12.04-00.08.27:052][  0]LogHMD: Failed to initialize OpenVR with code 110
[2018.12.04-00.08.27:052][  0]LogD3D11RHI: D3D11 adapters:
[2018.12.04-00.08.27:114][  0]LogD3D11RHI:    0. 'NVIDIA GeForce GTX 1050' (Feature Level 11_0)
[2018.12.04-00.08.27:114][  0]LogD3D11RHI:       4019/0/4029 MB DedicatedVideo/DedicatedSystem/SharedSystem, Outputs:1, VendorId:0x10de
[2018.12.04-00.08.27:130][  0]LogD3D11RHI:    1. 'Intel(R) HD Graphics 630' (Feature Level 11_0)
[2018.12.04-00.08.27:130][  0]LogD3D11RHI:       128/0/4029 MB DedicatedVideo/DedicatedSystem/SharedSystem, Outputs:0, VendorId:0x8086
[2018.12.04-00.08.27:133][  0]LogD3D11RHI:    2. 'Microsoft Basic Render Driver' (Feature Level 11_0)
[2018.12.04-00.08.27:133][  0]LogD3D11RHI:       0/0/4029 MB DedicatedVideo/DedicatedSystem/SharedSystem, Outputs:0, VendorId:0x1414
[2018.12.04-00.08.27:133][  0]LogD3D11RHI: Chosen D3D11 Adapter: 0
[2018.12.04-00.08.27:161][  0]LogD3D11RHI: Creating new Direct3DDevice
[2018.12.04-00.08.27:161][  0]LogD3D11RHI:     GPU DeviceId: 0x1c8d (for the marketing name, search the web for "GPU Device Id")
[2018.12.04-00.08.27:161][  0]LogWindows: EnumDisplayDevices:
[2018.12.04-00.08.27:162][  0]LogWindows:    0. 'Intel(R) HD Graphics 630' (P:1 D:1)
[2018.12.04-00.08.27:162][  0]LogWindows:    1. 'Intel(R) HD Graphics 630' (P:0 D:0)
[2018.12.04-00.08.27:163][  0]LogWindows:    2. 'Intel(R) HD Graphics 630' (P:0 D:0)
[2018.12.04-00.08.27:164][  0]LogWindows:    3. 'NVIDIA GeForce GTX 1050' (P:0 D:0)
[2018.12.04-00.08.27:164][  0]LogWindows: DebugString: PrimaryIsNotTheChoosenAdapter PrimaryIsNotTheChoosenAdapter PrimaryIsNotTheChoosenAdapter 
[2018.12.04-00.08.27:164][  0]LogD3D11RHI:     Adapter Name: NVIDIA GeForce GTX 1050
[2018.12.04-00.08.27:164][  0]LogD3D11RHI:   Driver Version: 391.25 (internal:23.21.13.9125, unified:391.25)
[2018.12.04-00.08.27:164][  0]LogD3D11RHI:      Driver Date: 3-16-2018
[2018.12.04-00.08.27:164][  0]LogRHI: Texture pool is 2813 MB (70% of 4019 MB)
[2018.12.04-00.08.27:201][  0]LogD3D11RHI: Async texture creation enabled
[2018.12.04-00.08.27:219][  0]LogD3D11RHI: GPU Timing Frequency: 1000.000000 (Debug: 2 2)
[2018.12.04-00.08.27:220][  0]LogShaderCompilers: Guid format shader working directory is -14 characters bigger than the processId version (../../../../../../../GDProject/GameDev1Project4/UnrealHouse/Intermediate/Shaders/WorkingDirectory/12072/).
[2018.12.04-00.08.27:220][  0]LogShaderCompilers: Cleaned the shader compiler working directory 'C:/Users/45188/AppData/Local/Temp/UnrealShaderWorkingDir/5D2D07BD43708B259A01FE9A9B5EB2AC/'.
[2018.12.04-00.08.27:520][  0]LogTemp: Display: Loaded TP AllDesktopTargetPlatform
[2018.12.04-00.08.27:534][  0]LogTemp: Display: Loaded TP MacClientTargetPlatform
[2018.12.04-00.08.27:548][  0]LogTemp: Display: Loaded TP MacNoEditorTargetPlatform
[2018.12.04-00.08.27:562][  0]LogTemp: Display: Loaded TP MacServerTargetPlatform
[2018.12.04-00.08.27:577][  0]LogTemp: Display: Loaded TP MacTargetPlatform
[2018.12.04-00.08.27:590][  0]LogTemp: Display: Loaded TP WindowsClientTargetPlatform
[2018.12.04-00.08.27:605][  0]LogTemp: Display: Loaded TP WindowsNoEditorTargetPlatform
[2018.12.04-00.08.27:619][  0]LogTemp: Display: Loaded TP WindowsServerTargetPlatform
[2018.12.04-00.08.27:626][  0]LogTemp: Display: Loaded TP WindowsTargetPlatform
[2018.12.04-00.08.27:714][  0]LogTemp: Display: Loaded TP AndroidTargetPlatform
[2018.12.04-00.08.27:714][  0]LogTemp: Display: Loaded TP AndroidTargetPlatform
[2018.12.04-00.08.27:714][  0]LogTemp: Display: Loaded TP AndroidTargetPlatform
[2018.12.04-00.08.27:714][  0]LogTemp: Display: Loaded TP AndroidTargetPlatform
[2018.12.04-00.08.27:714][  0]LogTemp: Display: Loaded TP AndroidTargetPlatform
[2018.12.04-00.08.27:714][  0]LogTemp: Display: Loaded TP AndroidTargetPlatform
[2018.12.04-00.08.27:715][  0]LogTemp: Display: Loaded TP AndroidTargetPlatform
[2018.12.04-00.08.27:715][  0]LogTemp: Display: Loaded TP AndroidTargetPlatform
[2018.12.04-00.08.27:715][  0]LogTemp: Display: Loaded TP AndroidTargetPlatform
[2018.12.04-00.08.27:715][  0]LogTemp: Display: Loaded TP AndroidTargetPlatform
[2018.12.04-00.08.27:715][  0]LogTemp: Display: Loaded TP AndroidTargetPlatform
[2018.12.04-00.08.27:715][  0]LogTemp: Display: Loaded TP AndroidTargetPlatform
[2018.12.04-00.08.27:715][  0]LogTemp: Display: Loaded TP AndroidTargetPlatform
[2018.12.04-00.08.27:715][  0]LogTemp: Display: Loaded TP AndroidTargetPlatform
[2018.12.04-00.08.27:715][  0]LogTemp: Display: Loaded TP AndroidTargetPlatform
[2018.12.04-00.08.27:715][  0]LogTemp: Display: Loaded TP AndroidTargetPlatform
[2018.12.04-00.08.27:715][  0]LogTemp: Display: Loaded TP AndroidTargetPlatform
[2018.12.04-00.08.27:715][  0]LogTemp: Display: Loaded TP AndroidTargetPlatform
[2018.12.04-00.08.27:717][  0]LogTemp: Display: Loaded TP HTML5TargetPlatform
[2018.12.04-00.08.27:778][  0]LogTemp: Display: Loaded TP IOSTargetPlatform
[2018.12.04-00.08.27:778][  0]LogTemp: Display: Loaded TP IOSTargetPlatform
[2018.12.04-00.08.27:804][  0]LogTemp: Display: Loaded TP TVOSTargetPlatform
[2018.12.04-00.08.27:804][  0]LogTemp: Display: Loaded TP TVOSTargetPlatform
[2018.12.04-00.08.27:819][  0]LogTemp: Display: Loaded TP LinuxClientTargetPlatform
[2018.12.04-00.08.27:834][  0]LogTemp: Display: Loaded TP LinuxNoEditorTargetPlatform
[2018.12.04-00.08.27:849][  0]LogTemp: Display: Loaded TP LinuxServerTargetPlatform
[2018.12.04-00.08.27:865][  0]LogTemp: Display: Loaded TP LinuxTargetPlatform
[2018.12.04-00.08.27:876][  0]LogTemp: Display: Loaded TP LuminTargetPlatform
[2018.12.04-00.08.27:876][  0]LogTargetPlatformManager: Display: Building Assets For Windows
[2018.12.04-00.08.27:951][  0]LogXGEController: Cleaning working directory: C:/Users/45188/AppData/Local/Temp/UnrealXGEWorkingDir/
[2018.12.04-00.08.27:951][  0]LogXGEController: Cannot use XGE Controller as Incredibuild is not installed on this machine.
[2018.12.04-00.08.27:951][  0]LogShaderCompilers: Cannot use XGE Shader Compiler as Incredibuild is not installed on this machine.
[2018.12.04-00.08.27:951][  0]LogShaderCompilers: Display: Using Local Shader Compiler.
[2018.12.04-00.08.28:840][  0]LogDerivedDataCache: Display: Max Cache Size: 512 MB
[2018.12.04-00.08.28:944][  0]LogDerivedDataCache: Loaded boot cache 0.10s 71MB C:/Users/45188/AppData/Local/UnrealEngine/4.20/DerivedDataCache/Boot.ddc.
[2018.12.04-00.08.28:945][  0]LogDerivedDataCache: Display: Loaded Boot cache: C:/Users/45188/AppData/Local/UnrealEngine/4.20/DerivedDataCache/Boot.ddc
[2018.12.04-00.08.28:945][  0]LogDerivedDataCache: FDerivedDataBackendGraph:  Pak pak cache file ../../../../../../../GDProject/GameDev1Project4/UnrealHouse/DerivedDataCache/DDC.ddp not found, will not use a pak cache.
[2018.12.04-00.08.28:945][  0]LogDerivedDataCache: Unable to find inner node Pak for hierarchical cache Hierarchy.
[2018.12.04-00.08.28:945][  0]LogDerivedDataCache: FDerivedDataBackendGraph:  CompressedPak pak cache file ../../../../../../../GDProject/GameDev1Project4/UnrealHouse/DerivedDataCache/Compressed.ddp not found, will not use a pak cache.
[2018.12.04-00.08.28:945][  0]LogDerivedDataCache: Unable to find inner node CompressedPak for hierarchical cache Hierarchy.
[2018.12.04-00.08.28:959][  0]LogDerivedDataCache: Display: Pak cache opened for reading ../../../Engine/DerivedDataCache/Compressed.ddp.
[2018.12.04-00.08.28:972][  0]LogDerivedDataCache: Using Local data cache path C:/Users/45188/AppData/Local/UnrealEngine/Common/DerivedDataCache: Writable
[2018.12.04-00.08.28:972][  0]LogDerivedDataCache: Shared data cache path not found in *engine.ini, will not use an Shared cache.
[2018.12.04-00.08.28:972][  0]LogDerivedDataCache: Unable to find inner node Shared for hierarchical cache Hierarchy.
[2018.12.04-00.08.28:994][  0]LogMaterial: Verifying Global Shaders for PCD3D_SM5
[2018.12.04-00.08.28:994][  0]LogSlate: Using FreeType 2.6.0
[2018.12.04-00.08.28:995][  0]LogSlate: SlateFontServices - WITH_FREETYPE: 1, WITH_HARFBUZZ: 1
[2018.12.04-00.08.29:079][  0]LogAssetRegistry: FAssetRegistry took 0.0292 seconds to start up
[2018.12.04-00.08.29:435][  0]LogInit: Selected Device Profile: [Windows]
[2018.12.04-00.08.29:578][  0]LogSimplygon: Simplygon DLL not present - disabling.
[2018.12.04-00.08.29:583][  0]LogMeshReduction: Using SimplygonSwarm for distributed automatic mesh merging
[2018.12.04-00.08.29:583][  0]LogMeshReduction: Using ProxyLODMeshReduction for automatic mesh merging
[2018.12.04-00.08.29:583][  0]LogMeshReduction: Using QuadricMeshReduction for automatic static mesh reduction
[2018.12.04-00.08.29:583][  0]LogMeshReduction: No automatic skeletal mesh reduction module available
[2018.12.04-00.08.29:604][  0]LogNetVersion: UnrealHouse 1.0.0, NetCL: 4212847, EngineNetVer: 5, GameNetVer: 0 (Checksum: 3536387037)
[2018.12.04-00.08.30:225][  0]LogPackageLocalizationCache: Processed 11 localized package path(s) for 2 prioritized culture(s) in 0.106139 seconds
[2018.12.04-00.08.30:231][  0]LogUObjectArray: 38425 objects as part of root set at end of initial load.
[2018.12.04-00.08.30:231][  0]LogUObjectAllocator: 6690872 out of 0 bytes used by permanent object pool.
[2018.12.04-00.08.30:231][  0]LogUObjectArray: CloseDisregardForGC: 0/0 objects in disregard for GC pool
[2018.12.04-00.08.31:135][  0]LogTcpMessaging: Initializing TcpMessaging bridge
[2018.12.04-00.08.31:149][  0]LogUdpMessaging: Initializing bridge on interface 0.0.0.0:0 to multicast group 230.0.0.1:6666.
[2018.12.04-00.08.31:305][  0]SourceControl: Source control is disabled
[2018.12.04-00.08.31:305][  0]SourceControl: Source control is disabled
[2018.12.04-00.08.31:308][  0]SourceControl: Source control is disabled
[2018.12.04-00.08.31:309][  0]SourceControl: Source control is disabled
[2018.12.04-00.08.31:502][  0]LogAndroidPermission: UAndroidPermissionCallbackProxy::GetInstance
[2018.12.04-00.08.31:629][  0]LogOcInput: OculusInput pre-init called
[2018.12.04-00.08.31:691][  0]LogEngine: Initializing Engine...
[2018.12.04-00.08.31:692][  0]LogHMD: Failed to initialize OpenVR with code 110
[2018.12.04-00.08.31:694][  0]LogStats: UGameplayTagsManager::ConstructGameplayTagTree: ImportINI prefixes -  0.000 s
[2018.12.04-00.08.31:694][  0]LogStats: UGameplayTagsManager::ConstructGameplayTagTree: Construct from data asset -  0.000 s
[2018.12.04-00.08.31:694][  0]LogStats: UGameplayTagsManager::ConstructGameplayTagTree: ImportINI -  0.000 s
[2018.12.04-00.08.31:694][  0]LogStats: UGameplayTagsManager::ConstructGameplayTagTree: GameplayTagTreeChangedEvent.Broadcast -  0.000 s
[2018.12.04-00.08.32:016][  0]LogInit: Initializing FReadOnlyCVARCache
[2018.12.04-00.08.32:028][  0]LogAIModule: Creating AISystem for world Untitled
[2018.12.04-00.08.32:055][  0]LogInit: XAudio2 using 'Speakers / Headphones (Realtek Audio)' : 2 channels at 48 kHz using 32 bits per sample (channel mask 0x3)
[2018.12.04-00.08.33:603][  0]LogInit: FAudioDevice initialized.
[2018.12.04-00.08.33:603][  0]LogNetVersion: Set ProjectVersion to 1.0.0.0. Version Checksum will be recalculated on next use.
[2018.12.04-00.08.33:831][  0]LogDerivedDataCache: Saved boot cache 0.23s 71MB C:/Users/45188/AppData/Local/UnrealEngine/4.20/DerivedDataCache/Boot.ddc.
[2018.12.04-00.08.33:831][  0]LogInit: Texture streaming: Enabled
[2018.12.04-00.08.33:849][  0]LogEngineSessionManager: EngineSessionManager initialized
[2018.12.04-00.08.33:849][  0]LogEngineSessionManager: EngineSessionManager sent abnormal shutdown report. Type=Crashed, SessionId={99108041-4320-EA17-D223-14BE8AD3EB85}
[2018.12.04-00.08.33:863][  0]LogInit: Transaction tracking system initialized
[2018.12.04-00.08.33:883][  0]BlueprintLog: New page: Editor Load
[2018.12.04-00.08.33:957][  0]LocalizationService: Localization service is disabled
[2018.12.04-00.08.34:328][  0]LogAutoReimportManager: Warning: Unable to watch directory ../../../../../../../GDProject/GameDev1Project4/UnrealHouse/Content/ as it will conflict with another watching ../../../../../../../GDProject/GameDev1Project4/UnrealHouse/Content/.
[2018.12.04-00.08.34:328][  0]LogAutoReimportManager: Warning: Unable to watch directory ../../../../../../../GDProject/GameDev1Project4/UnrealHouse/Content/ as it will conflict with another watching ../../../../../../../GDProject/GameDev1Project4/UnrealHouse/Content/.
[2018.12.04-00.08.34:328][  0]LogAutoReimportManager: Warning: Unable to watch directory ../../../../../../../GDProject/GameDev1Project4/UnrealHouse/Content/ as it will conflict with another watching ../../../../../../../GDProject/GameDev1Project4/UnrealHouse/Content/.
[2018.12.04-00.08.34:340][  0]LogCook: Display: Max memory allowance for cook 16384mb min free memory 0mb
[2018.12.04-00.08.34:340][  0]LogCook: Display: Mobile HDR setting 1
[2018.12.04-00.08.34:340][  0]LogGameplayTags: Display: UGameplayTagsManager::DoneAddingNativeTags. DelegateIsBound: 0
[2018.12.04-00.08.34:340][  0]LogStats: UGameplayTagsManager::ConstructGameplayTagTree: ImportINI prefixes -  0.000 s
[2018.12.04-00.08.34:340][  0]LogStats: UGameplayTagsManager::ConstructGameplayTagTree: Construct from data asset -  0.000 s
[2018.12.04-00.08.34:340][  0]LogStats: UGameplayTagsManager::ConstructGameplayTagTree: ImportINI -  0.000 s
[2018.12.04-00.08.34:340][  0]LogStats: UGameplayTagsManager::ConstructGameplayTagTree: GameplayTagTreeChangedEvent.Broadcast -  0.000 s
[2018.12.04-00.08.34:456][  0]LogFileCache: Scanning file cache for directory 'E:/GDProject/GameDev1Project4/UnrealHouse/Content/' took 0.02s
[2018.12.04-00.08.34:456][  0]SourceControl: Source control is disabled
[2018.12.04-00.08.34:456][  0]Cmd: MAP LOAD FILE="../../../../../../../GDProject/GameDev1Project4/UnrealHouse/Content/FirstPersonBP/Maps/FirstPersonExampleMap.umap" TEMPLATE=0 SHOWPROGRESS=1 FEATURELEVEL=3
[2018.12.04-00.08.34:456][  0]LightingResults: New page: Lighting Build
[2018.12.04-00.08.34:459][  0]MapCheck: New page: Map Check
[2018.12.04-00.08.34:459][  0]LightingResults: New page: Lighting Build
[2018.12.04-00.08.35:207][  0]LogAIModule: Creating AISystem for world FirstPersonExampleMap
[2018.12.04-00.08.35:219][  0]LogEditorServer: Finished looking for orphan Actors (0.000 secs)
[2018.12.04-00.08.35:245][  0]Cmd: MAP CHECKDEP NOCLEARLOG
[2018.12.04-00.08.35:407][  0]MapCheck: Map check complete: 0 Error(s), 0 Warning(s), took 162.27ms to complete.
[2018.12.04-00.08.35:407][  0]LogFileHelpers: Loading map 'FirstPersonExampleMap' took 0.952
[2018.12.04-00.08.35:503][  0]LogSlate: Updating window title bar state: overlay mode, drag disabled, window buttons hidden, title bar hidden
[2018.12.04-00.08.35:512][  0]LogSlate: Updating window title bar state: overlay mode, drag disabled, window buttons hidden, title bar hidden
[2018.12.04-00.08.35:520][  0]LogSlate: Updating window title bar state: overlay mode, drag disabled, window buttons hidden, title bar hidden
[2018.12.04-00.08.35:527][  0]LogSlate: Updating window title bar state: overlay mode, drag disabled, window buttons hidden, title bar hidden
[2018.12.04-00.08.35:533][  0]LogCollectionManager: Loaded 0 collections in 0.000969 seconds
[2018.12.04-00.08.35:574][  0]LogFileCache: Scanning file cache for directory 'E:/GDProject/GameDev1Project4/UnrealHouse/Saved/Collections/' took 0.01s
[2018.12.04-00.08.35:574][  0]LogFileCache: Scanning file cache for directory 'E:/GDProject/GameDev1Project4/UnrealHouse/Content/Developers/45188/Collections/' took 0.01s
[2018.12.04-00.08.35:574][  0]LogFileCache: Scanning file cache for directory 'E:/GDProject/GameDev1Project4/UnrealHouse/Content/Collections/' took 0.01s
[2018.12.04-00.08.35:574][  0]LogCollectionManager: Rebuilt the GUID cache for 0 collections in 0.000000 seconds
[2018.12.04-00.08.35:583][  0]LogContentBrowser: Native class hierarchy populated in 0.0093 seconds. Added 2572 classes and 603 folders.
[2018.12.04-00.08.35:589][  0]LogContentBrowser: Native class hierarchy updated for 'WidgetCarousel' in 0.0002 seconds. Added 0 classes and 0 folders.
[2018.12.04-00.08.35:630][  0]LogContentBrowser: Native class hierarchy updated for 'AddContentDialog' in 0.0002 seconds. Added 0 classes and 0 folders.
[2018.12.04-00.08.35:635][  0]LogContentBrowser: Native class hierarchy updated for 'SceneOutliner' in 0.0002 seconds. Added 1 classes and 2 folders.
[2018.12.04-00.08.35:721][  0]LogSlate: Took 0.000151 seconds to synchronously load lazily loaded font '../../../Engine/Content/Slate/Fonts/Roboto-Regular.ttf' (155K)
[2018.12.04-00.08.35:723][  0]LogSlate: Took 0.000171 seconds to synchronously load lazily loaded font '../../../Engine/Content/Slate/Fonts/Roboto-Bold.ttf' (160K)
[2018.12.04-00.08.35:817][  0]LogRenderer: Reallocating scene render targets to support 748x376 Format 10 NumSamples 1 (Frame:1).
[2018.12.04-00.08.36:023][  0]LogContentBrowser: Native class hierarchy updated for 'HierarchicalLODOutliner' in 0.0002 seconds. Added 0 classes and 0 folders.
[2018.12.04-00.08.36:023][  0]LogLoad: (Engine Initialization) Total time: 11.17 seconds
[2018.12.04-00.08.36:023][  0]LogLoad: (Engine Initialization) Total Blueprint compile time: 0.00 seconds
[2018.12.04-00.08.36:042][  0]LogWindowsTextInputMethodSystem: Display: IME system now deactivated.
[2018.12.04-00.08.36:079][  0]LogContentStreaming: Texture pool size now 1000 MB
[2018.12.04-00.08.36:115][  1]LogAssetRegistry: Asset discovery search completed in 7.0610 seconds
[2018.12.04-00.08.36:117][  1]LogCollectionManager: Rebuilt the object cache for 0 collections in 0.000000 seconds (found 0 objects)
[2018.12.04-00.08.36:117][  1]LogCollectionManager: Fixed up redirectors for 0 collections in 0.000059 seconds (updated 0 objects)
[2018.12.04-00.08.37:099][ 25]LogSlate: Took 0.000229 seconds to synchronously load lazily loaded font '../../../Engine/Content/Slate/Fonts/Roboto-Light.ttf' (167K)
[2018.12.04-00.08.41:132][144]LogFileCache: Retrieving MD5 hashes for directory 'E:/GDProject/GameDev1Project4/UnrealHouse/Content/' took 5.08s
[2018.12.04-00.08.52:691][491]LogSlate: FSceneViewport::OnFocusLost() reason 0
[2018.12.04-00.08.52:881][494]LogAssetEditorManager: Opening Asset editor for Blueprint /Game/FirstPersonBP/Blueprints/MyFirstPersonCharacter.MyFirstPersonCharacter
[2018.12.04-00.08.53:545][494]LogContentBrowser: Native class hierarchy updated for 'BlueprintGraph' in 0.0007 seconds. Added 116 classes and 0 folders.
[2018.12.04-00.08.54:407][494]LogAssetEditorManager: Opening Asset editor for LevelSequence /Game/CameraSequences/LyingDownSeq.LyingDownSeq
[2018.12.04-00.08.54:496][494]LogSlate: Took 0.000151 seconds to synchronously load lazily loaded font '../../../Engine/Content/Editor/Slate/Fonts/FontAwesome.ttf' (139K)
[2018.12.04-00.08.54:498][494]LogSlate: Took 0.000138 seconds to synchronously load lazily loaded font '../../../Engine/Content/Slate/Fonts/Roboto-BoldCondensed.ttf' (158K)
[2018.12.04-00.08.57:239][532]LogSlate: Window 'MyFirstPersonCharacter' being destroyed
[2018.12.04-00.08.57:338][532]LogSlate: Window 'MyFirstPersonCharacter' being destroyed
[2018.12.04-00.08.58:426][560]LogSlate: Took 0.000161 seconds to synchronously load lazily loaded font '../../../Engine/Content/Slate/Fonts/Roboto-Light.ttf' (167K)
[2018.12.04-00.09.04:022][661]LogAIModule: Creating AISystem for world MainHouse
[2018.12.04-00.09.04:045][661]LogAssetEditorManager: Opening Asset editor for World /Game/FirstPersonBP/Maps/MainHouse.MainHouse
[2018.12.04-00.09.04:083][661]Cmd: MAP LOAD FILE="../../../../../../../GDProject/GameDev1Project4/UnrealHouse/Content/FirstPersonBP/Maps/MainHouse.umap" TEMPLATE=0 SHOWPROGRESS=1 FEATURELEVEL=3
[2018.12.04-00.09.04:083][661]LightingResults: New page: Lighting Build
[2018.12.04-00.09.04:084][661]LoadErrors: New page: Loading map: MainHouse.umap
[2018.12.04-00.09.04:085][661]MapCheck: New page: Map Check
[2018.12.04-00.09.04:085][661]LightingResults: New page: Lighting Build
[2018.12.04-00.09.04:235][661]LogEditorServer: Finished looking for orphan Actors (0.000 secs)
[2018.12.04-00.09.04:311][661]Cmd: MAP CHECKDEP NOCLEARLOG
[2018.12.04-00.09.04:483][661]MapCheck: Map check complete: 0 Error(s), 0 Warning(s), took 171.721ms to complete.
[2018.12.04-00.09.04:484][661]LogFileHelpers: Loading map 'MainHouse' took 0.401
[2018.12.04-00.09.07:569][725]LogSavePackage: Moving '../../../../../../../GDProject/GameDev1Project4/UnrealHouse/Saved/MainHouse720A3ECE4CFA9D9FA39CE8B2E7FEBFDA.tmp' to '../../../../../../../GDProject/GameDev1Project4/UnrealHouse/Content/FirstPersonBP/Maps/MainHouse.umap'
[2018.12.04-00.09.07:619][725]LogFileHelpers: Saving map 'MainHouse' took 0.552
[2018.12.04-00.09.22:116][ 31]LogD3D11RHI: Error: Direct3DDevice->CreateBuffer(&Desc, NULL, UniformBufferResource.GetInitReference()) failed 
 at D:\Build\++UE4\Sync\Engine\Source\Runtime\Windows\D3D11RHI\Private\D3D11UniformBuffer.cpp:159 
 with error DXGI_ERROR_DEVICE_REMOVED DXGI_ERROR_DEVICE_HUNG
[2018.12.04-00.09.22:116][ 31]LogD3D11RHI: [Aftermath] GDynamicRHI=000001B1934020C0, GDX11NVAfterMathEnabled=0, Result=0xFFFFFFFF, bDeviceActive=0
[2018.12.04-00.09.22:116][ 31]LogWindows: Windows GetLastError: The operation completed successfully. (0)
[2018.12.04-00.09.23:739][ 33]LogWindows: Windows GetLastError: The operation completed successfully. (0)
[2018.12.04-00.09.23:739][ 33]LogWindows: Error: === Critical error: ===
[2018.12.04-00.09.23:739][ 33]LogWindows: Error: 
[2018.12.04-00.09.23:739][ 33]LogWindows: Error: Fatal error: [File:D:\Build\++UE4\Sync\Engine\Source\Runtime\RenderCore\Private\RenderingThread.cpp] [Line: 826] 
[2018.12.04-00.09.23:739][ 33]LogWindows: Error: Rendering thread exception:
[2018.12.04-00.09.23:739][ 33]LogWindows: Error: Fatal error: [File:D:\Build\++UE4\Sync\Engine\Source\Runtime\Windows\D3D11RHI\Private\D3D11Util.cpp] [Line: 200] 
[2018.12.04-00.09.23:739][ 33]LogWindows: Error: Unreal Engine is exiting due to D3D device being lost. (Error: 0x887A0006 - 'HUNG')
[2018.12.04-00.09.23:739][ 33]LogWindows: Error: 
[2018.12.04-00.09.23:739][ 33]LogWindows: Error: 
[2018.12.04-00.09.23:739][ 33]LogWindows: Error: [Callstack] 0x00007ffdc935a388 KERNELBASE.dll!UnknownFunction []
[2018.12.04-00.09.23:739][ 33]LogWindows: Error: [Callstack] 0x00007ffdb8546850 UE4Editor-ApplicationCore.dll!UnknownFunction []
[2018.12.04-00.09.23:739][ 33]LogWindows: Error: [Callstack] 0x00007ffd9b8b62fc UE4Editor-Core.dll!UnknownFunction []
[2018.12.04-00.09.23:739][ 33]LogWindows: Error: [Callstack] 0x00007ffd9b8451db UE4Editor-Core.dll!UnknownFunction []
[2018.12.04-00.09.23:739][ 33]LogWindows: Error: [Callstack] 0x00007ffd8bdeadea UE4Editor-D3D11RHI.dll!UnknownFunction []
[2018.12.04-00.09.23:739][ 33]LogWindows: Error: [Callstack] 0x00007ffd8bdee6e4 UE4Editor-D3D11RHI.dll!UnknownFunction []
[2018.12.04-00.09.23:739][ 33]LogWindows: Error: [Callstack] 0x00007ffd8bdd5fd5 UE4Editor-D3D11RHI.dll!UnknownFunction []
[2018.12.04-00.09.23:739][ 33]LogWindows: Error: [Callstack] 0x00007ffd7fc57edc UE4Editor-Renderer.dll!UnknownFunction []
[2018.12.04-00.09.23:739][ 33]LogWindows: Error: [Callstack] 0x00007ffd7fd1b90d UE4Editor-Renderer.dll!UnknownFunction []
[2018.12.04-00.09.23:739][ 33]LogWindows: Error: [Callstack] 0x00007ffd80246982 UE4Editor-Renderer.dll!UnknownFunction []
[2018.12.04-00.09.23:739][ 33]LogWindows: Error: [Callstack] 0x00007ffd80218fb2 UE4Editor-Renderer.dll!UnknownFunction []
[2018.12.04-00.09.23:739][ 33]LogWindows: Error: [Callstack] 0x00007ffd9b6d1f92 UE4Editor-Core.dll!UnknownFunction []
[2018.12.04-00.09.23:739][ 33]LogWindows: Error: [Callstack] 0x00007ffd9b6d2456 UE4Editor-Core.dll!UnknownFunction []
[2018.12.04-00.09.23:739][ 33]LogWindows: Error: [Callstack] 0x00007ffdbf4075f9 UE4Editor-RenderCore.dll!UnknownFunction []
[2018.12.04-00.09.23:739][ 33]LogWindows: Error: [Callstack] 0x00007ffdbf408574 UE4Editor-RenderCore.dll!UnknownFunction []
[2018.12.04-00.09.23:739][ 33]LogWindows: Error: [Callstack] 0x00007ffd9bb16b7c UE4Editor-Core.dll!UnknownFunction []
[2018.12.04-00.09.23:739][ 33]LogWindows: Error: [Callstack] 0x00007ffd9bb117c7 UE4Editor-Core.dll!UnknownFunction []
[2018.12.04-00.09.23:739][ 33]LogWindows: Error: [Callstack] 0x00007ffdc9f03034 KERNEL32.DLL!UnknownFunction []
[2018.12.04-00.09.23:739][ 33]LogWindows: Error: [Callstack] 0x00007ffdcca41471 ntdll.dll!UnknownFunction []
[2018.12.04-00.09.23:739][ 33]LogWindows: Error: 
[2018.12.04-00.09.23:739][ 33]LogWindows: Error: 
[2018.12.04-00.09.23:739][ 33]LogWindows: Error: 
[2018.12.04-00.09.23:739][ 33]LogWindows: Error: 
[2018.12.04-00.09.23:749][ 33]LogExit: Executing StaticShutdownAfterError
[2018.12.04-00.09.23:752][ 33]LogWindows: FPlatformMisc::RequestExit(1)
[2018.12.04-00.09.23:763][ 33]Log file closed, 12/03/18 19:09:23
