Log file open, 11/26/18 10:55:54
LogWindows: Failed to load 'aqProf.dll' (GetLastError=126)
LogWindows: File 'aqProf.dll' does not exist
LogWindows: Failed to load 'VSPerf140.dll' (GetLastError=126)
LogWindows: File 'VSPerf140.dll' does not exist
LogWindows: Failed to load 'VtuneApi.dll' (GetLastError=126)
LogWindows: File 'VtuneApi.dll' does not exist
LogWindows: Failed to load 'VtuneApi32e.dll' (GetLastError=126)
LogWindows: File 'VtuneApi32e.dll' does not exist
LogInit: Display: Running engine for game: UnrealHouse
LogPlatformFile: Not using cached read wrapper
LogTaskGraph: Started task graph with 5 named threads and 14 total threads with 3 sets of task threads.
LogStats: Stats thread started at 0.378567
LogD3D11RHI: Loaded GFSDK_Aftermath_Lib.x64.dll
LogICUInternationalization: Display: ICU TimeZone Detection - Raw Offset: -5:00, Platform Override: ''
LogPluginManager: Mounting plugin Paper2D
LogPluginManager: Mounting plugin AISupport
LogPluginManager: Mounting plugin LightPropagationVolume
LogPluginManager: Mounting plugin CLionSourceCodeAccess
LogPluginManager: Mounting plugin CodeLiteSourceCodeAccess
LogPluginManager: Mounting plugin GitSourceControl
LogPluginManager: Mounting plugin KDevelopSourceCodeAccess
LogPluginManager: Mounting plugin NullSourceCodeAccess
LogPluginManager: Mounting plugin PerforceSourceControl
LogPluginManager: Mounting plugin SubversionSourceControl
LogPluginManager: Mounting plugin UObjectPlugin
LogPluginManager: Mounting plugin VisualStudioCodeSourceCodeAccess
LogPluginManager: Mounting plugin VisualStudioSourceCodeAccess
LogPluginManager: Mounting plugin XCodeSourceCodeAccess
LogPluginManager: Mounting plugin AssetManagerEditor
LogPluginManager: Mounting plugin CryptoKeys
LogPluginManager: Mounting plugin DataValidation
LogPluginManager: Mounting plugin FacialAnimation
LogPluginManager: Mounting plugin GameplayTagsEditor
LogPluginManager: Mounting plugin MacGraphicsSwitching
LogPluginManager: Mounting plugin MeshEditor
LogPluginManager: Mounting plugin MobileLauncherProfileWizard
LogPluginManager: Mounting plugin PluginBrowser
LogPluginManager: Mounting plugin SpeedTreeImporter
LogPluginManager: Mounting plugin DatasmithContent
LogPluginManager: Mounting plugin AlembicImporter
LogPluginManager: Mounting plugin AppleImageUtils
LogPluginManager: Mounting plugin AppleVision
LogPluginManager: Mounting plugin BackChannel
LogPluginManager: Mounting plugin CharacterAI
LogPluginManager: Mounting plugin GeometryCache
LogPluginManager: Mounting plugin HTML5Networking
LogPluginManager: Mounting plugin ProxyLODPlugin
LogPluginManager: Mounting plugin MagicLeap
LogPluginManager: Mounting plugin MagicLeapEmulator
LogPluginManager: Mounting plugin MagicLeapMedia
LogPluginManager: Mounting plugin AndroidMedia
LogPluginManager: Mounting plugin AvfMedia
LogPluginManager: Mounting plugin ImgMedia
LogPluginManager: Mounting plugin LinearTimecode
LogPluginManager: Mounting plugin MediaCompositing
LogPluginManager: Mounting plugin MediaPlayerEditor
LogPluginManager: Mounting plugin WmfMedia
LogPluginManager: Mounting plugin TcpMessaging
LogPluginManager: Mounting plugin UdpMessaging
LogPluginManager: Mounting plugin ActorSequence
LogPluginManager: Mounting plugin LevelSequenceEditor
LogPluginManager: Mounting plugin MatineeToLevelSequence
LogPluginManager: Mounting plugin NetcodeUnitTest
LogPluginManager: Mounting plugin NUTUnrealEngine4
LogPluginManager: Mounting plugin OnlineSubsystemGooglePlay
LogPluginManager: Mounting plugin OnlineSubsystemIOS
LogPluginManager: Mounting plugin OnlineSubsystem
LogPluginManager: Mounting plugin OnlineSubsystemNull
LogPluginManager: Mounting plugin OnlineSubsystemUtils
LogPluginManager: Mounting plugin LauncherChunkInstaller
LogPluginManager: Mounting plugin AndroidDeviceProfileSelector
LogPluginManager: Mounting plugin AndroidMoviePlayer
LogPluginManager: Mounting plugin AndroidPermission
LogPluginManager: Mounting plugin AppleMoviePlayer
LogPluginManager: Mounting plugin ArchVisCharacter
LogPluginManager: Mounting plugin AudioCapture
LogPluginManager: Mounting plugin CableComponent
LogPluginManager: Mounting plugin CustomMeshComponent
LogPluginManager: Mounting plugin EditableMesh
LogPluginManager: Mounting plugin ExampleDeviceProfileSelector
LogPluginManager: Mounting plugin GoogleCloudMessaging
LogPluginManager: Mounting plugin ImmediatePhysics
LogPluginManager: Mounting plugin IOSDeviceProfileSelector
LogPluginManager: Mounting plugin LinuxDeviceProfileSelector
LogPluginManager: Mounting plugin LocationServicesBPLibrary
LogPluginManager: Mounting plugin MobilePatchingUtils
LogPluginManager: Mounting plugin OculusVR
LogPluginManager: Plugin shader directory ../../../Engine/Plugins/Runtime/Oculus/OculusVR/Shaders found
LogPluginManager: Mapping shader source directory ../../../Engine/Plugins/Runtime/Oculus/OculusVR/Shaders to virtual directory /Plugin/OculusVR
LogPluginManager: Mounting plugin PhysXVehicles
LogPluginManager: Mounting plugin ProceduralMeshComponent
LogPluginManager: Mounting plugin RuntimePhysXCooking
LogPluginManager: Mounting plugin SteamVR
LogPluginManager: Mounting plugin WindowsMoviePlayer
LogStreaming: Display: Took  0.587s to configure plugins.
LogInit: Using libcurl 7.55.1-DEV
LogInit:  - built for x86_64-pc-win32
LogInit:  - supports SSL with OpenSSL/1.0.2h
LogInit:  - supports HTTP deflate (compression) using libz 1.2.8
LogInit:  - other features:
LogInit:      CURL_VERSION_SSL
LogInit:      CURL_VERSION_LIBZ
LogInit:      CURL_VERSION_IPV6
LogInit:      CURL_VERSION_ASYNCHDNS
LogInit:      CURL_VERSION_LARGEFILE
LogInit:      CURL_VERSION_IDN
LogInit:  CurlRequestOptions (configurable via config and command line):
LogInit:  - bVerifyPeer = false  - Libcurl will NOT verify peer certificate
LogInit:  - bUseHttpProxy = false  - Libcurl will NOT use HTTP proxy
LogInit:  - bDontReuseConnections = false  - Libcurl will reuse connections
LogInit:  - CertBundlePath = nullptr  - Libcurl will use whatever was configured at build time.
LogInit:  - MaxHostConnections = 16  - Libcurl will limit the number of connections to a host
LogInit:  - LocalHostAddr = Default
LogInit:  - BufferSize = 65536
LogInit: WinSock: version 1.1 (2.2), MaxSocks=32767, MaxUdp=65467
LogInit: Build: ++UE4+Release-4.20-CL-4369336
LogInit: Engine Version: 4.20.3-4369336+++UE4+Release-4.20
LogInit: Compatible Engine Version: 4.20.0-4212847+++UE4+Release-4.20
LogInit: Net CL: 4212847
LogInit: OS: Windows 10 (), CPU: Intel(R) Core(TM) i5-7300HQ CPU @ 2.50GHz, GPU: Intel(R) HD Graphics 630
LogInit: Compiled (64-bit): Sep 17 2018 12:26:19
LogInit: Compiled with Visual C++: 19.13.26129.00
LogInit: Build Configuration: Development
LogInit: Branch Name: ++UE4+Release-4.20
LogInit: Command Line: 
LogInit: Base Directory: E:/Software/Unreal/Epic Games/UE_4.20/Engine/Binaries/Win64/
LogInit: Installed Engine Build: 1
LogDevObjectVersion: Number of dev versions registered: 20
LogDevObjectVersion:   Dev-Blueprints (B0D832E4-1F89-4F0D-ACCF-7EB736FD4AA2): 10
LogDevObjectVersion:   Dev-Build (E1C64328-A22C-4D53-A36C-8E866417BD8C): 0
LogDevObjectVersion:   Dev-Core (375EC13C-06E4-48FB-B500-84F0262A717E): 2
LogDevObjectVersion:   Dev-Editor (E4B068ED-F494-42E9-A231-DA0B2E46BB41): 24
LogDevObjectVersion:   Dev-Framework (CFFC743F-43B0-4480-9391-14DF171D2073): 34
LogDevObjectVersion:   Dev-Mobile (B02B49B5-BB20-44E9-A304-32B752E40360): 2
LogDevObjectVersion:   Dev-Networking (A4E4105C-59A1-49B5-A7C5-40C4547EDFEE): 0
LogDevObjectVersion:   Dev-Online (39C831C9-5AE6-47DC-9A44-9C173E1C8E7C): 0
LogDevObjectVersion:   Dev-Physics (78F01B33-EBEA-4F98-B9B4-84EACCB95AA2): 0
LogDevObjectVersion:   Dev-Platform (6631380F-2D4D-43E0-8009-CF276956A95A): 0
LogDevObjectVersion:   Dev-Rendering (12F88B9F-8875-4AFC-A67C-D90C383ABD29): 26
LogDevObjectVersion:   Dev-Sequencer (7B5AE74C-D270-4C10-A958-57980B212A5A): 9
LogDevObjectVersion:   Dev-VR (D7296918-1DD6-4BDD-9DE2-64A83CC13884): 2
LogDevObjectVersion:   Dev-LoadTimes (C2A15278-BFE7-4AFE-6C17-90FF531DF755): 1
LogDevObjectVersion:   Private-Geometry (6EACA3D4-40EC-4CC1-B786-8BED09428FC5): 3
LogDevObjectVersion:   Dev-AnimPhys (29E575DD-E0A3-4627-9D10-D276232CDCEA): 17
LogDevObjectVersion:   Dev-ReflectionCapture (6B266CEC-1EC7-4B8F-A30B-E4D90942FC07): 1
LogDevObjectVersion:   Dev-Automation (0DF73D61-A23F-47EA-B727-89E90C41499A): 1
LogDevObjectVersion:   FortniteMain (601D1886-AC64-4F84-AA16-D3DE0DEAC7D6): 12
LogDevObjectVersion:   Dev-Enterprise (9DFFBCD6-494F-0158-E221-12823C92A888): 1
LogStreaming: Display: Took  0.083s to delete old logs.
LogInit: Presizing for max 8388607 objects, including 0 objects not considered by GC, pre-allocating 0 bytes for permanent pool.
LogInit: Object subsystem initialized
[2018.11.26-15.55.55:587][  0]LogInit: Selected Device Profile: [Windows]
[2018.11.26-15.55.55:587][  0]LogInit: Applying CVar settings loaded from the selected device profile: [Windows]
[2018.11.26-15.55.55:640][  0]LogHAL: Display: Platform has ~ 8 GB [8449904640 / 8589934592 / 8], which maps to Default [LargestMinGB=32, LargerMinGB=12, DefaultMinGB=8, SmallerMinGB=6, SmallestMinGB=0)
[2018.11.26-15.55.55:640][  0]LogInit: Setting Device Profile CVar: [[r.Vulkan.UseRealUBs:1]]
[2018.11.26-15.55.55:640][  0]LogInit: Going up to parent DeviceProfile []
[2018.11.26-15.55.55:641][  0]LogInit: Computer: DESKTOP-LQ8KI8D
[2018.11.26-15.55.55:641][  0]LogInit: User: 45188
[2018.11.26-15.55.55:641][  0]LogInit: CPU Page size=4096, Cores=4
[2018.11.26-15.55.55:641][  0]LogInit: High frequency timer resolution =2.437500 MHz
[2018.11.26-15.55.55:641][  0]LogMemory: Memory total: Physical=7.9GB (8GB approx)
[2018.11.26-15.55.55:641][  0]LogMemory: Platform Memory Stats for Windows
[2018.11.26-15.55.55:641][  0]LogMemory: Process Physical Memory: 100.56 MB used, 100.56 MB peak
[2018.11.26-15.55.55:641][  0]LogMemory: Process Virtual Memory: 84.32 MB used, 84.32 MB peak
[2018.11.26-15.55.55:641][  0]LogMemory: Physical Memory: 5320.66 MB used,  2737.80 MB free, 8058.46 MB total
[2018.11.26-15.55.55:641][  0]LogMemory: Virtual Memory: 4625.37 MB used,  2737.80 MB free, 134217728.00 MB total
[2018.11.26-15.55.55:695][  0]LogInit: Using OS detected language (en-US).
[2018.11.26-15.55.55:695][  0]LogInit: Using OS detected locale (zh-CN).
[2018.11.26-15.55.55:695][  0]LogTextLocalizationManager: No specific localization for 'en-US' exists, so the 'en' localization will be used.
[2018.11.26-15.55.56:178][  0]LogStreaming: Display: Took  0.483s to InitEngineTextLocalization.
[2018.11.26-15.55.56:178][  0]LogInit: Setting process to per monitor DPI aware
[2018.11.26-15.55.56:221][  0]LogSlate: New Slate User Created.  User Index 0, Is Virtual User: 0
[2018.11.26-15.55.56:221][  0]LogSlate: Slate User Registered.  User Index 0, Is Virtual User: 0
[2018.11.26-15.55.56:461][  0]LogHMD: Failed to initialize OpenVR with code 110
[2018.11.26-15.55.56:461][  0]LogD3D11RHI: D3D11 adapters:
[2018.11.26-15.55.56:559][  0]LogD3D11RHI:    0. 'NVIDIA GeForce GTX 1050' (Feature Level 11_0)
[2018.11.26-15.55.56:559][  0]LogD3D11RHI:       4019/0/4029 MB DedicatedVideo/DedicatedSystem/SharedSystem, Outputs:1, VendorId:0x10de
[2018.11.26-15.55.56:579][  0]LogD3D11RHI:    1. 'Intel(R) HD Graphics 630' (Feature Level 11_0)
[2018.11.26-15.55.56:579][  0]LogD3D11RHI:       128/0/4029 MB DedicatedVideo/DedicatedSystem/SharedSystem, Outputs:0, VendorId:0x8086
[2018.11.26-15.55.56:582][  0]LogD3D11RHI:    2. 'Microsoft Basic Render Driver' (Feature Level 11_0)
[2018.11.26-15.55.56:582][  0]LogD3D11RHI:       0/0/4029 MB DedicatedVideo/DedicatedSystem/SharedSystem, Outputs:0, VendorId:0x1414
[2018.11.26-15.55.56:582][  0]LogD3D11RHI: Chosen D3D11 Adapter: 0
[2018.11.26-15.55.56:621][  0]LogD3D11RHI: Creating new Direct3DDevice
[2018.11.26-15.55.56:621][  0]LogD3D11RHI:     GPU DeviceId: 0x1c8d (for the marketing name, search the web for "GPU Device Id")
[2018.11.26-15.55.56:621][  0]LogWindows: EnumDisplayDevices:
[2018.11.26-15.55.56:621][  0]LogWindows:    0. 'Intel(R) HD Graphics 630' (P:1 D:1)
[2018.11.26-15.55.56:622][  0]LogWindows:    1. 'Intel(R) HD Graphics 630' (P:0 D:0)
[2018.11.26-15.55.56:623][  0]LogWindows:    2. 'Intel(R) HD Graphics 630' (P:0 D:0)
[2018.11.26-15.55.56:625][  0]LogWindows:    3. 'NVIDIA GeForce GTX 1050' (P:0 D:0)
[2018.11.26-15.55.56:625][  0]LogWindows: DebugString: PrimaryIsNotTheChoosenAdapter PrimaryIsNotTheChoosenAdapter PrimaryIsNotTheChoosenAdapter 
[2018.11.26-15.55.56:625][  0]LogD3D11RHI:     Adapter Name: NVIDIA GeForce GTX 1050
[2018.11.26-15.55.56:625][  0]LogD3D11RHI:   Driver Version: 391.25 (internal:23.21.13.9125, unified:391.25)
[2018.11.26-15.55.56:625][  0]LogD3D11RHI:      Driver Date: 3-16-2018
[2018.11.26-15.55.56:626][  0]LogRHI: Texture pool is 2813 MB (70% of 4019 MB)
[2018.11.26-15.55.56:684][  0]LogD3D11RHI: Async texture creation enabled
[2018.11.26-15.55.56:703][  0]LogD3D11RHI: GPU Timing Frequency: 1000.000000 (Debug: 2 2)
[2018.11.26-15.55.56:704][  0]LogShaderCompilers: Guid format shader working directory is -12 characters bigger than the processId version (../../../../../../../GDProject/GameDev1Project4/UnrealHouse/Intermediate/Shaders/WorkingDirectory/632/).
[2018.11.26-15.55.56:705][  0]LogShaderCompilers: Cleaned the shader compiler working directory 'C:/Users/45188/AppData/Local/Temp/UnrealShaderWorkingDir/395A6321468870629377D987FA078AC5/'.
[2018.11.26-15.55.57:271][  0]LogTemp: Display: Loaded TP AllDesktopTargetPlatform
[2018.11.26-15.55.57:287][  0]LogTemp: Display: Loaded TP MacClientTargetPlatform
[2018.11.26-15.55.57:303][  0]LogTemp: Display: Loaded TP MacNoEditorTargetPlatform
[2018.11.26-15.55.57:319][  0]LogTemp: Display: Loaded TP MacServerTargetPlatform
[2018.11.26-15.55.57:336][  0]LogTemp: Display: Loaded TP MacTargetPlatform
[2018.11.26-15.55.57:353][  0]LogTemp: Display: Loaded TP WindowsClientTargetPlatform
[2018.11.26-15.55.57:369][  0]LogTemp: Display: Loaded TP WindowsNoEditorTargetPlatform
[2018.11.26-15.55.57:387][  0]LogTemp: Display: Loaded TP WindowsServerTargetPlatform
[2018.11.26-15.55.57:394][  0]LogTemp: Display: Loaded TP WindowsTargetPlatform
[2018.11.26-15.55.57:500][  0]LogTemp: Display: Loaded TP AndroidTargetPlatform
[2018.11.26-15.55.57:500][  0]LogTemp: Display: Loaded TP AndroidTargetPlatform
[2018.11.26-15.55.57:500][  0]LogTemp: Display: Loaded TP AndroidTargetPlatform
[2018.11.26-15.55.57:500][  0]LogTemp: Display: Loaded TP AndroidTargetPlatform
[2018.11.26-15.55.57:500][  0]LogTemp: Display: Loaded TP AndroidTargetPlatform
[2018.11.26-15.55.57:500][  0]LogTemp: Display: Loaded TP AndroidTargetPlatform
[2018.11.26-15.55.57:500][  0]LogTemp: Display: Loaded TP AndroidTargetPlatform
[2018.11.26-15.55.57:500][  0]LogTemp: Display: Loaded TP AndroidTargetPlatform
[2018.11.26-15.55.57:500][  0]LogTemp: Display: Loaded TP AndroidTargetPlatform
[2018.11.26-15.55.57:500][  0]LogTemp: Display: Loaded TP AndroidTargetPlatform
[2018.11.26-15.55.57:500][  0]LogTemp: Display: Loaded TP AndroidTargetPlatform
[2018.11.26-15.55.57:500][  0]LogTemp: Display: Loaded TP AndroidTargetPlatform
[2018.11.26-15.55.57:500][  0]LogTemp: Display: Loaded TP AndroidTargetPlatform
[2018.11.26-15.55.57:500][  0]LogTemp: Display: Loaded TP AndroidTargetPlatform
[2018.11.26-15.55.57:500][  0]LogTemp: Display: Loaded TP AndroidTargetPlatform
[2018.11.26-15.55.57:500][  0]LogTemp: Display: Loaded TP AndroidTargetPlatform
[2018.11.26-15.55.57:500][  0]LogTemp: Display: Loaded TP AndroidTargetPlatform
[2018.11.26-15.55.57:500][  0]LogTemp: Display: Loaded TP AndroidTargetPlatform
[2018.11.26-15.55.57:503][  0]LogTemp: Display: Loaded TP HTML5TargetPlatform
[2018.11.26-15.55.57:575][  0]LogTemp: Display: Loaded TP IOSTargetPlatform
[2018.11.26-15.55.57:575][  0]LogTemp: Display: Loaded TP IOSTargetPlatform
[2018.11.26-15.55.57:606][  0]LogTemp: Display: Loaded TP TVOSTargetPlatform
[2018.11.26-15.55.57:606][  0]LogTemp: Display: Loaded TP TVOSTargetPlatform
[2018.11.26-15.55.57:622][  0]LogTemp: Display: Loaded TP LinuxClientTargetPlatform
[2018.11.26-15.55.57:639][  0]LogTemp: Display: Loaded TP LinuxNoEditorTargetPlatform
[2018.11.26-15.55.57:660][  0]LogTemp: Display: Loaded TP LinuxServerTargetPlatform
[2018.11.26-15.55.57:683][  0]LogTemp: Display: Loaded TP LinuxTargetPlatform
[2018.11.26-15.55.57:702][  0]LogTemp: Display: Loaded TP LuminTargetPlatform
[2018.11.26-15.55.57:702][  0]LogTargetPlatformManager: Display: Building Assets For Windows
[2018.11.26-15.55.57:791][  0]LogXGEController: Cannot use XGE Controller as Incredibuild is not installed on this machine.
[2018.11.26-15.55.57:791][  0]LogShaderCompilers: Cannot use XGE Shader Compiler as Incredibuild is not installed on this machine.
[2018.11.26-15.55.57:791][  0]LogShaderCompilers: Display: Using Local Shader Compiler.
[2018.11.26-15.55.58:852][  0]LogDerivedDataCache: Display: Max Cache Size: 512 MB
[2018.11.26-15.55.58:966][  0]LogDerivedDataCache: Loaded boot cache 0.11s 71MB C:/Users/45188/AppData/Local/UnrealEngine/4.20/DerivedDataCache/Boot.ddc.
[2018.11.26-15.55.58:967][  0]LogDerivedDataCache: Display: Loaded Boot cache: C:/Users/45188/AppData/Local/UnrealEngine/4.20/DerivedDataCache/Boot.ddc
[2018.11.26-15.55.58:967][  0]LogDerivedDataCache: FDerivedDataBackendGraph:  Pak pak cache file ../../../../../../../GDProject/GameDev1Project4/UnrealHouse/DerivedDataCache/DDC.ddp not found, will not use a pak cache.
[2018.11.26-15.55.58:967][  0]LogDerivedDataCache: Unable to find inner node Pak for hierarchical cache Hierarchy.
[2018.11.26-15.55.58:967][  0]LogDerivedDataCache: FDerivedDataBackendGraph:  CompressedPak pak cache file ../../../../../../../GDProject/GameDev1Project4/UnrealHouse/DerivedDataCache/Compressed.ddp not found, will not use a pak cache.
[2018.11.26-15.55.58:967][  0]LogDerivedDataCache: Unable to find inner node CompressedPak for hierarchical cache Hierarchy.
[2018.11.26-15.55.58:983][  0]LogDerivedDataCache: Display: Pak cache opened for reading ../../../Engine/DerivedDataCache/Compressed.ddp.
[2018.11.26-15.55.58:998][  0]LogDerivedDataCache: Using Local data cache path C:/Users/45188/AppData/Local/UnrealEngine/Common/DerivedDataCache: Writable
[2018.11.26-15.55.58:998][  0]LogDerivedDataCache: Shared data cache path not found in *engine.ini, will not use an Shared cache.
[2018.11.26-15.55.58:998][  0]LogDerivedDataCache: Unable to find inner node Shared for hierarchical cache Hierarchy.
[2018.11.26-15.55.59:021][  0]LogMaterial: Verifying Global Shaders for PCD3D_SM5
[2018.11.26-15.55.59:023][  0]LogSlate: Using FreeType 2.6.0
[2018.11.26-15.55.59:024][  0]LogSlate: SlateFontServices - WITH_FREETYPE: 1, WITH_HARFBUZZ: 1
[2018.11.26-15.55.59:114][  0]LogAssetRegistry: FAssetRegistry took 0.0283 seconds to start up
[2018.11.26-15.55.59:561][  0]LogInit: Selected Device Profile: [Windows]
[2018.11.26-15.55.59:731][  0]LogSimplygon: Simplygon DLL not present - disabling.
[2018.11.26-15.55.59:736][  0]LogMeshReduction: Using SimplygonSwarm for distributed automatic mesh merging
[2018.11.26-15.55.59:737][  0]LogMeshReduction: Using ProxyLODMeshReduction for automatic mesh merging
[2018.11.26-15.55.59:737][  0]LogMeshReduction: Using QuadricMeshReduction for automatic static mesh reduction
[2018.11.26-15.55.59:737][  0]LogMeshReduction: No automatic skeletal mesh reduction module available
[2018.11.26-15.55.59:759][  0]LogNetVersion: UnrealHouse 1.0.0, NetCL: 4212847, EngineNetVer: 5, GameNetVer: 0 (Checksum: 3536387037)
[2018.11.26-15.56.01:039][  0]LogPackageLocalizationCache: Processed 11 localized package path(s) for 2 prioritized culture(s) in 0.389138 seconds
[2018.11.26-15.56.01:051][  0]LogUObjectArray: 38425 objects as part of root set at end of initial load.
[2018.11.26-15.56.01:051][  0]LogUObjectAllocator: 6690864 out of 0 bytes used by permanent object pool.
[2018.11.26-15.56.01:051][  0]LogUObjectArray: CloseDisregardForGC: 0/0 objects in disregard for GC pool
[2018.11.26-15.56.02:343][  0]LogTcpMessaging: Initializing TcpMessaging bridge
[2018.11.26-15.56.02:358][  0]LogUdpMessaging: Initializing bridge on interface 0.0.0.0:0 to multicast group 230.0.0.1:6666.
[2018.11.26-15.56.02:552][  0]SourceControl: Source control is disabled
[2018.11.26-15.56.02:552][  0]SourceControl: Source control is disabled
[2018.11.26-15.56.02:556][  0]SourceControl: Source control is disabled
[2018.11.26-15.56.02:558][  0]SourceControl: Source control is disabled
[2018.11.26-15.56.02:823][  0]LogAndroidPermission: UAndroidPermissionCallbackProxy::GetInstance
[2018.11.26-15.56.02:987][  0]LogOcInput: OculusInput pre-init called
[2018.11.26-15.56.03:055][  0]LogEngine: Initializing Engine...
[2018.11.26-15.56.03:056][  0]LogHMD: Failed to initialize OpenVR with code 110
[2018.11.26-15.56.03:058][  0]LogStats: UGameplayTagsManager::ConstructGameplayTagTree: ImportINI prefixes -  0.000 s
[2018.11.26-15.56.03:058][  0]LogStats: UGameplayTagsManager::ConstructGameplayTagTree: Construct from data asset -  0.000 s
[2018.11.26-15.56.03:058][  0]LogStats: UGameplayTagsManager::ConstructGameplayTagTree: ImportINI -  0.000 s
[2018.11.26-15.56.03:058][  0]LogStats: UGameplayTagsManager::ConstructGameplayTagTree: GameplayTagTreeChangedEvent.Broadcast -  0.000 s
[2018.11.26-15.56.03:411][  0]LogInit: Initializing FReadOnlyCVARCache
[2018.11.26-15.56.03:423][  0]LogAIModule: Creating AISystem for world Untitled
[2018.11.26-15.56.03:468][  0]LogInit: XAudio2 using 'Speakers / Headphones (Realtek Audio)' : 2 channels at 48 kHz using 32 bits per sample (channel mask 0x3)
[2018.11.26-15.56.03:618][  0]LogInit: FAudioDevice initialized.
[2018.11.26-15.56.03:619][  0]LogNetVersion: Set ProjectVersion to 1.0.0.0. Version Checksum will be recalculated on next use.
[2018.11.26-15.56.05:815][  0]LogDerivedDataCache: Saved boot cache 2.20s 71MB C:/Users/45188/AppData/Local/UnrealEngine/4.20/DerivedDataCache/Boot.ddc.
[2018.11.26-15.56.05:822][  0]LogInit: Texture streaming: Enabled
[2018.11.26-15.56.05:842][  0]LogEngineSessionManager: EngineSessionManager initialized
[2018.11.26-15.56.05:941][  0]LogInit: Transaction tracking system initialized
[2018.11.26-15.56.05:969][  0]BlueprintLog: New page: Editor Load
[2018.11.26-15.56.06:056][  0]LocalizationService: Localization service is disabled
[2018.11.26-15.56.06:743][  0]LogCook: Display: Max memory allowance for cook 16384mb min free memory 0mb
[2018.11.26-15.56.06:743][  0]LogCook: Display: Mobile HDR setting 1
[2018.11.26-15.56.06:777][  0]LogFileCache: Scanning file cache for directory 'E:/GDProject/GameDev1Project4/UnrealHouse/Content/' took 0.03s
[2018.11.26-15.56.06:778][  0]LogGameplayTags: Display: UGameplayTagsManager::DoneAddingNativeTags. DelegateIsBound: 0
[2018.11.26-15.56.06:778][  0]LogStats: UGameplayTagsManager::ConstructGameplayTagTree: ImportINI prefixes -  0.000 s
[2018.11.26-15.56.06:778][  0]LogStats: UGameplayTagsManager::ConstructGameplayTagTree: Construct from data asset -  0.000 s
[2018.11.26-15.56.06:778][  0]LogStats: UGameplayTagsManager::ConstructGameplayTagTree: ImportINI -  0.000 s
[2018.11.26-15.56.06:778][  0]LogStats: UGameplayTagsManager::ConstructGameplayTagTree: GameplayTagTreeChangedEvent.Broadcast -  0.000 s
[2018.11.26-15.56.06:917][  0]SourceControl: Source control is disabled
[2018.11.26-15.56.06:917][  0]Cmd: MAP LOAD FILE="../../../../../../../GDProject/GameDev1Project4/UnrealHouse/Content/FirstPersonBP/Maps/FirstPersonExampleMap.umap" TEMPLATE=0 SHOWPROGRESS=1 FEATURELEVEL=3
[2018.11.26-15.56.07:119][  0]LightingResults: New page: Lighting Build
[2018.11.26-15.56.07:122][  0]MapCheck: New page: Map Check
[2018.11.26-15.56.07:122][  0]LightingResults: New page: Lighting Build
[2018.11.26-15.56.12:028][  0]LogAIModule: Creating AISystem for world FirstPersonExampleMap
[2018.11.26-15.56.12:162][  0]LogEditorServer: Finished looking for orphan Actors (0.000 secs)
[2018.11.26-15.56.12:193][  0]Cmd: MAP CHECKDEP NOCLEARLOG
[2018.11.26-15.56.12:327][  0]MapCheck: Map check complete: 0 Error(s), 0 Warning(s), took 134.062ms to complete.
[2018.11.26-15.56.12:327][  0]LogFileHelpers: Loading map 'FirstPersonExampleMap' took 5.410
[2018.11.26-15.56.13:538][  0]LogSlate: Updating window title bar state: overlay mode, drag disabled, window buttons hidden, title bar hidden
[2018.11.26-15.56.13:739][  0]LogCollectionManager: Loaded 0 collections in 0.043745 seconds
[2018.11.26-15.56.14:013][  0]LogFileCache: Scanning file cache for directory 'E:/GDProject/GameDev1Project4/UnrealHouse/Saved/Collections/' took 0.01s
[2018.11.26-15.56.14:013][  0]LogFileCache: Scanning file cache for directory 'E:/GDProject/GameDev1Project4/UnrealHouse/Content/Developers/45188/Collections/' took 0.01s
[2018.11.26-15.56.14:013][  0]LogFileCache: Scanning file cache for directory 'E:/GDProject/GameDev1Project4/UnrealHouse/Content/Collections/' took 0.01s
[2018.11.26-15.56.14:014][  0]LogCollectionManager: Rebuilt the GUID cache for 0 collections in 0.000001 seconds
[2018.11.26-15.56.14:029][  0]LogContentBrowser: Native class hierarchy populated in 0.0133 seconds. Added 2572 classes and 603 folders.
[2018.11.26-15.56.14:272][  0]LogContentBrowser: Native class hierarchy updated for 'WidgetCarousel' in 0.0003 seconds. Added 0 classes and 0 folders.
[2018.11.26-15.56.16:938][  0]LogContentBrowser: Native class hierarchy updated for 'AddContentDialog' in 0.0003 seconds. Added 0 classes and 0 folders.
[2018.11.26-15.56.17:086][  0]LogContentBrowser: Native class hierarchy updated for 'SceneOutliner' in 0.0003 seconds. Added 1 classes and 2 folders.
[2018.11.26-15.56.19:527][  0]LogSlate: Took 0.000489 seconds to synchronously load lazily loaded font '../../../Engine/Content/Slate/Fonts/Roboto-Regular.ttf' (155K)
[2018.11.26-15.56.19:530][  0]LogSlate: Took 0.000224 seconds to synchronously load lazily loaded font '../../../Engine/Content/Slate/Fonts/Roboto-Bold.ttf' (160K)
[2018.11.26-15.56.19:652][  0]LogSlate: Took 0.110398 seconds to synchronously load lazily loaded font '../../../Engine/Content/Editor/Slate/Fonts/FontAwesome.ttf' (139K)
[2018.11.26-15.56.19:956][  0]LogRenderer: Reallocating scene render targets to support 764x388 Format 10 NumSamples 1 (Frame:1).
[2018.11.26-15.56.20:683][  0]LogContentBrowser: Native class hierarchy updated for 'HierarchicalLODOutliner' in 0.0003 seconds. Added 0 classes and 0 folders.
[2018.11.26-15.56.20:683][  0]LogLoad: (Engine Initialization) Total time: 29.29 seconds
[2018.11.26-15.56.20:683][  0]LogLoad: (Engine Initialization) Total Blueprint compile time: 0.00 seconds
[2018.11.26-15.56.20:704][  0]LogWindowsTextInputMethodSystem: Display: IME system now deactivated.
[2018.11.26-15.56.20:789][  0]LogContentStreaming: Texture pool size now 1000 MB
[2018.11.26-15.56.20:921][  0]LogSlate: Took 0.029348 seconds to synchronously load lazily loaded font '../../../Engine/Content/Slate/Fonts/Roboto-Light.ttf' (167K)
[2018.11.26-15.56.21:010][  1]LogAssetRegistry: Asset discovery search completed in 21.9188 seconds
[2018.11.26-15.56.21:013][  1]LogCollectionManager: Rebuilt the object cache for 0 collections in 0.000000 seconds (found 0 objects)
[2018.11.26-15.56.21:013][  1]LogCollectionManager: Fixed up redirectors for 0 collections in 0.000053 seconds (updated 0 objects)
[2018.11.26-15.56.21:723][ 28]LogSlate: Took 0.000171 seconds to synchronously load lazily loaded font '../../../Engine/Content/Slate/Fonts/Roboto-Light.ttf' (167K)
[2018.11.26-15.56.31:125][582]LogSlate: FSceneViewport::OnFocusLost() reason 0
[2018.11.26-15.56.43:534][266]LogSlate: FSceneViewport::OnFocusLost() reason 0
[2018.11.26-15.56.54:112][877]LogAssetEditorManager: Opening Asset editor for LevelSequence /Game/CameraSequence.CameraSequence
[2018.11.26-15.56.54:561][877]LogAssetEditorManager: Opening Asset editor for Blueprint /Game/FirstPersonBP/Blueprints/MyFirstPersonGameMode.MyFirstPersonGameMode
[2018.11.26-15.56.55:665][877]LogContentBrowser: Native class hierarchy updated for 'BlueprintGraph' in 0.0008 seconds. Added 116 classes and 0 folders.
[2018.11.26-15.56.57:222][877]LogAssetEditorManager: Opening Asset editor for Blueprint /Game/FirstPersonBP/Blueprints/MyFirstPersonCharacter.MyFirstPersonCharacter
[2018.11.26-15.56.57:749][877]LogSlate: Took 0.013115 seconds to synchronously load lazily loaded font '../../../Engine/Content/Slate/Fonts/Roboto-BoldCondensed.ttf' (158K)
[2018.11.26-15.56.58:104][878]LogSlate: Took 0.011751 seconds to synchronously load lazily loaded font '../../../Engine/Content/Slate/Fonts/Roboto-Italic.ttf' (157K)
[2018.11.26-16.01.18:555][334]Cmd: OBJ SAVEPACKAGE PACKAGE="/Game/CameraSequence" FILE="../../../../../../../GDProject/GameDev1Project4/UnrealHouse/Content/CameraSequence.uasset" SILENT=true
[2018.11.26-16.01.18:738][334]LogSavePackage: Moving '../../../../../../../GDProject/GameDev1Project4/UnrealHouse/Saved/CameraSequenceCF5481944B8F015C34AA128DBEC3D8C4.tmp' to '../../../../../../../GDProject/GameDev1Project4/UnrealHouse/Content/CameraSequence.uasset'
[2018.11.26-16.01.20:957][450]LogRenderer: Reallocating scene render targets to support 784x388 Format 10 NumSamples 1 (Frame:23207).
[2018.11.26-16.01.21:059][451]LogRenderer: Reallocating scene render targets to support 800x388 Format 10 NumSamples 1 (Frame:23211).
[2018.11.26-16.01.21:163][452]LogRenderer: Reallocating scene render targets to support 848x388 Format 10 NumSamples 1 (Frame:23215).
[2018.11.26-16.01.21:547][463]Cmd: OBJ SAVEPACKAGE PACKAGE="/Game/CameraSequence" FILE="../../../../../../../GDProject/GameDev1Project4/UnrealHouse/Content/CameraSequence.uasset" SILENT=true
[2018.11.26-16.01.21:565][463]LogSavePackage: Moving '../../../../../../../GDProject/GameDev1Project4/UnrealHouse/Saved/CameraSequence779BB6F54160A8F07BC6719CBCCE2522.tmp' to '../../../../../../../GDProject/GameDev1Project4/UnrealHouse/Content/CameraSequence.uasset'
[2018.11.26-16.01.21:740][471]Cmd: OBJ SAVEPACKAGE PACKAGE="/Game/CameraSequence" FILE="../../../../../../../GDProject/GameDev1Project4/UnrealHouse/Content/CameraSequence.uasset" SILENT=true
[2018.11.26-16.01.21:757][471]LogSavePackage: Moving '../../../../../../../GDProject/GameDev1Project4/UnrealHouse/Saved/CameraSequenceC622C330474FD460A91FA491BF359CF4.tmp' to '../../../../../../../GDProject/GameDev1Project4/UnrealHouse/Content/CameraSequence.uasset'
[2018.11.26-16.01.27:858][800]LogSlate: FSceneViewport::OnFocusLost() reason 2
[2018.11.26-16.01.28:897][800]LogSavePackage: Moving '../../../../../../../GDProject/GameDev1Project4/UnrealHouse/Saved/FirstPersonExampleMap1CBA56EC4AE963F8178A59B3F280F46F.tmp' to '../../../../../../../GDProject/GameDev1Project4/UnrealHouse/Content/FirstPersonBP/Maps/FirstPersonExampleMap.umap'
[2018.11.26-16.01.30:759][800]LogSavePackage: Moving '../../../../../../../GDProject/GameDev1Project4/UnrealHouse/Saved/FirstPersonExampleMap_BuiltDataD358163747144CDA5F72A698683E8252.tmp' to '../../../../../../../GDProject/GameDev1Project4/UnrealHouse/Content/FirstPersonBP/Maps/FirstPersonExampleMap_BuiltData.uasset'
[2018.11.26-16.01.31:942][857]Cmd: OBJ SAVEPACKAGE PACKAGE="/Game/CameraSequence" FILE="../../../../../../../GDProject/GameDev1Project4/UnrealHouse/Content/CameraSequence.uasset" SILENT=true
[2018.11.26-16.01.31:958][857]LogSavePackage: Moving '../../../../../../../GDProject/GameDev1Project4/UnrealHouse/Saved/CameraSequenceA260D1BA45298988BD737592C19B1046.tmp' to '../../../../../../../GDProject/GameDev1Project4/UnrealHouse/Content/CameraSequence.uasset'
[2018.11.26-16.01.32:633][895]LogTemp: Repeating last play command: Selected Viewport
[2018.11.26-16.01.32:664][895]LogBlueprintUserMessages: Early PlayInEditor Detection: Level '/Game/FirstPersonBP/Maps/FirstPersonExampleMap.FirstPersonExampleMap:PersistentLevel' has LevelScriptBlueprint '/Game/FirstPersonBP/Maps/FirstPersonExampleMap.FirstPersonExampleMap:PersistentLevel.FirstPersonExampleMap' with GeneratedClass '/Game/FirstPersonBP/Maps/FirstPersonExampleMap.FirstPersonExampleMap_C' with ClassGeneratedBy '/Game/FirstPersonBP/Maps/FirstPersonExampleMap.FirstPersonExampleMap:PersistentLevel.FirstPersonExampleMap'
[2018.11.26-16.01.32:703][895]LogPlayLevel: PlayLevel: No blueprints needed recompiling
[2018.11.26-16.01.32:812][895]PIE: New page: PIE session: FirstPersonExampleMap (2018年11月26日 上午6:01:32)
[2018.11.26-16.01.32:814][895]LogPlayLevel: Creating play world package: /Game/FirstPersonBP/Maps/UEDPIE_0_FirstPersonExampleMap
[2018.11.26-16.01.32:842][895]LogPlayLevel: PIE: StaticDuplicateObject took: (0.027742s)
[2018.11.26-16.01.32:844][895]LogAIModule: Creating AISystem for world FirstPersonExampleMap
[2018.11.26-16.01.32:846][895]LogPlayLevel: PIE: World Init took: (0.003728s)
[2018.11.26-16.01.32:846][895]LogPlayLevel: PIE: Created PIE world by copying editor world from /Game/FirstPersonBP/Maps/FirstPersonExampleMap.FirstPersonExampleMap to /Game/FirstPersonBP/Maps/UEDPIE_0_FirstPersonExampleMap.FirstPersonExampleMap (0.032243s)
[2018.11.26-16.01.33:001][895]LogInit: XAudio2 using 'Speakers / Headphones (Realtek Audio)' : 2 channels at 48 kHz using 32 bits per sample (channel mask 0x3)
[2018.11.26-16.01.33:163][895]LogInit: FAudioDevice initialized.
[2018.11.26-16.01.33:224][895]LogLoad: Game class is 'MyFirstPersonGameMode_C'
[2018.11.26-16.01.33:292][895]LogWorld: Bringing World /Game/FirstPersonBP/Maps/UEDPIE_0_FirstPersonExampleMap.FirstPersonExampleMap up for play (max tick rate 60) at 2018.11.26-11.01.33
[2018.11.26-16.01.33:296][895]LogWorld: Bringing up level for play took: 0.007319
[2018.11.26-16.01.33:423][895]LogContentBrowser: Native class hierarchy updated for 'MovieSceneCapture' in 0.0023 seconds. Added 10 classes and 0 folders.
[2018.11.26-16.01.33:428][895]PIE: Play in editor start time for /Game/FirstPersonBP/Maps/UEDPIE_0_FirstPersonExampleMap 1.445
[2018.11.26-16.01.33:428][895]LogBlueprintUserMessages: Late PlayInEditor Detection: Level '/Game/FirstPersonBP/Maps/FirstPersonExampleMap.FirstPersonExampleMap:PersistentLevel' has LevelScriptBlueprint '/Game/FirstPersonBP/Maps/FirstPersonExampleMap.FirstPersonExampleMap:PersistentLevel.FirstPersonExampleMap' with GeneratedClass '/Game/FirstPersonBP/Maps/FirstPersonExampleMap.FirstPersonExampleMap_C' with ClassGeneratedBy '/Game/FirstPersonBP/Maps/FirstPersonExampleMap.FirstPersonExampleMap:PersistentLevel.FirstPersonExampleMap'
[2018.11.26-16.01.51:636][948]LogBlueprintUserMessages: Early EndPlayMap Detection: Level '/Game/FirstPersonBP/Maps/FirstPersonExampleMap.FirstPersonExampleMap:PersistentLevel' has LevelScriptBlueprint '/Game/FirstPersonBP/Maps/FirstPersonExampleMap.FirstPersonExampleMap:PersistentLevel.FirstPersonExampleMap' with GeneratedClass '/Game/FirstPersonBP/Maps/FirstPersonExampleMap.FirstPersonExampleMap_C' with ClassGeneratedBy '/Game/FirstPersonBP/Maps/FirstPersonExampleMap.FirstPersonExampleMap:PersistentLevel.FirstPersonExampleMap'
[2018.11.26-16.01.51:643][948]LogSlate: Updating window title bar state: overlay mode, drag disabled, window buttons hidden, title bar hidden
[2018.11.26-16.01.51:747][948]LogPlayLevel: Display: Shutting down PIE online subsystems
[2018.11.26-16.01.51:748][948]LogBlueprintUserMessages: Late EndPlayMap Detection: Level '/Game/FirstPersonBP/Maps/FirstPersonExampleMap.FirstPersonExampleMap:PersistentLevel' has LevelScriptBlueprint '/Game/FirstPersonBP/Maps/FirstPersonExampleMap.FirstPersonExampleMap:PersistentLevel.FirstPersonExampleMap' with GeneratedClass '/Game/FirstPersonBP/Maps/FirstPersonExampleMap.FirstPersonExampleMap_C' with ClassGeneratedBy '/Game/FirstPersonBP/Maps/FirstPersonExampleMap.FirstPersonExampleMap:PersistentLevel.FirstPersonExampleMap'
[2018.11.26-16.01.51:792][948]LogSlate: Updating window title bar state: overlay mode, drag disabled, window buttons hidden, title bar hidden
[2018.11.26-16.01.51:860][949]LogPlayLevel: Display: Destroying online subsystem :Context_3
[2018.11.26-16.01.54:259][ 82]LogSlate: FSceneViewport::OnFocusLost() reason 2
[2018.11.26-16.01.54:548][ 82]LogSavePackage: Moving '../../../../../../../GDProject/GameDev1Project4/UnrealHouse/Saved/FirstPersonExampleMapEE51E8C742CB41F344CAC293D50096A1.tmp' to '../../../../../../../GDProject/GameDev1Project4/UnrealHouse/Content/FirstPersonBP/Maps/FirstPersonExampleMap.umap'
[2018.11.26-16.01.56:814][ 82]LogSavePackage: Moving '../../../../../../../GDProject/GameDev1Project4/UnrealHouse/Saved/FirstPersonExampleMap_BuiltDataF2DEF67E41A62391A7922E878FBA0271.tmp' to '../../../../../../../GDProject/GameDev1Project4/UnrealHouse/Content/FirstPersonBP/Maps/FirstPersonExampleMap_BuiltData.uasset'
[2018.11.26-16.02.27:888][350]LogSlate: FSceneViewport::OnFocusLost() reason 2
[2018.11.26-16.02.28:176][350]LogSavePackage: Moving '../../../../../../../GDProject/GameDev1Project4/UnrealHouse/Saved/FirstPersonExampleMapFF3FB6874F7966471C14BB947C5FDA76.tmp' to '../../../../../../../GDProject/GameDev1Project4/UnrealHouse/Content/FirstPersonBP/Maps/FirstPersonExampleMap.umap'
[2018.11.26-16.02.29:217][350]LogSavePackage: Moving '../../../../../../../GDProject/GameDev1Project4/UnrealHouse/Saved/FirstPersonExampleMap_BuiltDataC6C9832A483B14D3DE27859EC483D2C7.tmp' to '../../../../../../../GDProject/GameDev1Project4/UnrealHouse/Content/FirstPersonBP/Maps/FirstPersonExampleMap_BuiltData.uasset'
[2018.11.26-16.02.29:577][371]LogTemp: Repeating last play command: Selected Viewport
[2018.11.26-16.02.29:604][371]LogBlueprintUserMessages: Early PlayInEditor Detection: Level '/Game/FirstPersonBP/Maps/FirstPersonExampleMap.FirstPersonExampleMap:PersistentLevel' has LevelScriptBlueprint '/Game/FirstPersonBP/Maps/FirstPersonExampleMap.FirstPersonExampleMap:PersistentLevel.FirstPersonExampleMap' with GeneratedClass '/Game/FirstPersonBP/Maps/FirstPersonExampleMap.FirstPersonExampleMap_C' with ClassGeneratedBy '/Game/FirstPersonBP/Maps/FirstPersonExampleMap.FirstPersonExampleMap:PersistentLevel.FirstPersonExampleMap'
[2018.11.26-16.02.29:604][371]LogPlayLevel: PlayLevel: No blueprints needed recompiling
[2018.11.26-16.02.29:605][371]PIE: New page: PIE session: FirstPersonExampleMap (2018年11月26日 上午6:02:29)
[2018.11.26-16.02.29:605][371]LogPlayLevel: Creating play world package: /Game/FirstPersonBP/Maps/UEDPIE_0_FirstPersonExampleMap
[2018.11.26-16.02.29:628][371]LogPlayLevel: PIE: StaticDuplicateObject took: (0.023561s)
[2018.11.26-16.02.29:631][371]LogAIModule: Creating AISystem for world FirstPersonExampleMap
[2018.11.26-16.02.29:631][371]LogPlayLevel: PIE: World Init took: (0.002857s)
[2018.11.26-16.02.29:632][371]LogPlayLevel: PIE: Created PIE world by copying editor world from /Game/FirstPersonBP/Maps/FirstPersonExampleMap.FirstPersonExampleMap to /Game/FirstPersonBP/Maps/UEDPIE_0_FirstPersonExampleMap.FirstPersonExampleMap (0.026743s)
[2018.11.26-16.02.29:728][371]LogInit: XAudio2 using 'Speakers / Headphones (Realtek Audio)' : 2 channels at 48 kHz using 32 bits per sample (channel mask 0x3)
[2018.11.26-16.02.29:891][371]LogInit: FAudioDevice initialized.
[2018.11.26-16.02.29:946][371]LogLoad: Game class is 'MyFirstPersonGameMode_C'
[2018.11.26-16.02.29:949][371]LogWorld: Bringing World /Game/FirstPersonBP/Maps/UEDPIE_0_FirstPersonExampleMap.FirstPersonExampleMap up for play (max tick rate 60) at 2018.11.26-11.02.29
[2018.11.26-16.02.29:950][371]LogWorld: Bringing up level for play took: 0.002384
[2018.11.26-16.02.29:963][371]PIE: Play in editor start time for /Game/FirstPersonBP/Maps/UEDPIE_0_FirstPersonExampleMap -0.019
[2018.11.26-16.02.29:964][371]LogBlueprintUserMessages: Late PlayInEditor Detection: Level '/Game/FirstPersonBP/Maps/FirstPersonExampleMap.FirstPersonExampleMap:PersistentLevel' has LevelScriptBlueprint '/Game/FirstPersonBP/Maps/FirstPersonExampleMap.FirstPersonExampleMap:PersistentLevel.FirstPersonExampleMap' with GeneratedClass '/Game/FirstPersonBP/Maps/FirstPersonExampleMap.FirstPersonExampleMap_C' with ClassGeneratedBy '/Game/FirstPersonBP/Maps/FirstPersonExampleMap.FirstPersonExampleMap:PersistentLevel.FirstPersonExampleMap'
[2018.11.26-16.02.35:880][723]LogBlueprintUserMessages: Early EndPlayMap Detection: Level '/Game/FirstPersonBP/Maps/FirstPersonExampleMap.FirstPersonExampleMap:PersistentLevel' has LevelScriptBlueprint '/Game/FirstPersonBP/Maps/FirstPersonExampleMap.FirstPersonExampleMap:PersistentLevel.FirstPersonExampleMap' with GeneratedClass '/Game/FirstPersonBP/Maps/FirstPersonExampleMap.FirstPersonExampleMap_C' with ClassGeneratedBy '/Game/FirstPersonBP/Maps/FirstPersonExampleMap.FirstPersonExampleMap:PersistentLevel.FirstPersonExampleMap'
[2018.11.26-16.02.35:881][723]LogSlate: Updating window title bar state: overlay mode, drag disabled, window buttons hidden, title bar hidden
[2018.11.26-16.02.35:922][723]LogPlayLevel: Display: Shutting down PIE online subsystems
[2018.11.26-16.02.35:923][723]LogBlueprintUserMessages: Late EndPlayMap Detection: Level '/Game/FirstPersonBP/Maps/FirstPersonExampleMap.FirstPersonExampleMap:PersistentLevel' has LevelScriptBlueprint '/Game/FirstPersonBP/Maps/FirstPersonExampleMap.FirstPersonExampleMap:PersistentLevel.FirstPersonExampleMap' with GeneratedClass '/Game/FirstPersonBP/Maps/FirstPersonExampleMap.FirstPersonExampleMap_C' with ClassGeneratedBy '/Game/FirstPersonBP/Maps/FirstPersonExampleMap.FirstPersonExampleMap:PersistentLevel.FirstPersonExampleMap'
[2018.11.26-16.02.35:966][723]LogSlate: Updating window title bar state: overlay mode, drag disabled, window buttons hidden, title bar hidden
[2018.11.26-16.02.35:997][724]LogPlayLevel: Display: Destroying online subsystem :Context_4
[2018.11.26-16.02.36:993][783]LogSlate: FSceneViewport::OnFocusLost() reason 0
[2018.11.26-16.02.42:538][104]LogEditorViewport: Clicking on Actor (LMB): CineCameraActor (CineCameraActor1)
[2018.11.26-16.02.44:385][184]LogSlate: FSceneViewport::OnFocusLost() reason 0
[2018.11.26-16.02.46:281][281]Cmd: OBJ SAVEPACKAGE PACKAGE="/Game/CameraSequence" FILE="../../../../../../../GDProject/GameDev1Project4/UnrealHouse/Content/CameraSequence.uasset" SILENT=true
[2018.11.26-16.02.46:299][281]LogSavePackage: Moving '../../../../../../../GDProject/GameDev1Project4/UnrealHouse/Saved/CameraSequence721754F8417E156DB3944CB87669DEF6.tmp' to '../../../../../../../GDProject/GameDev1Project4/UnrealHouse/Content/CameraSequence.uasset'
[2018.11.26-16.03.02:969][227]Cmd: OBJ SAVEPACKAGE PACKAGE="/Game/CameraSequence" FILE="../../../../../../../GDProject/GameDev1Project4/UnrealHouse/Content/CameraSequence.uasset" SILENT=true
[2018.11.26-16.03.02:984][227]LogSavePackage: Moving '../../../../../../../GDProject/GameDev1Project4/UnrealHouse/Saved/CameraSequence09745BBE44AD928A1374669B2A8CC6ED.tmp' to '../../../../../../../GDProject/GameDev1Project4/UnrealHouse/Content/CameraSequence.uasset'
[2018.11.26-16.03.03:940][280]Cmd: OBJ SAVEPACKAGE PACKAGE="/Game/CameraSequence" FILE="../../../../../../../GDProject/GameDev1Project4/UnrealHouse/Content/CameraSequence.uasset" SILENT=true
[2018.11.26-16.03.03:956][280]LogSavePackage: Moving '../../../../../../../GDProject/GameDev1Project4/UnrealHouse/Saved/CameraSequence8535A6A245EC6CDF466C50986B95C015.tmp' to '../../../../../../../GDProject/GameDev1Project4/UnrealHouse/Content/CameraSequence.uasset'
[2018.11.26-16.03.05:132][348]LogEditorViewport: Clicking on Actor (LMB): MyFirstPersonCharacter_C (MyFirstPersonCharacter)
[2018.11.26-16.03.05:727][371]LogSlate: FSceneViewport::OnFocusLost() reason 2
[2018.11.26-16.03.06:002][371]LogSavePackage: Moving '../../../../../../../GDProject/GameDev1Project4/UnrealHouse/Saved/FirstPersonExampleMap365C0013417DC514B86EFAB51A9DE8C0.tmp' to '../../../../../../../GDProject/GameDev1Project4/UnrealHouse/Content/FirstPersonBP/Maps/FirstPersonExampleMap.umap'
[2018.11.26-16.03.07:046][371]LogSavePackage: Moving '../../../../../../../GDProject/GameDev1Project4/UnrealHouse/Saved/FirstPersonExampleMap_BuiltData8FD9260C43F04BDC4AD88EBF022B9850.tmp' to '../../../../../../../GDProject/GameDev1Project4/UnrealHouse/Content/FirstPersonBP/Maps/FirstPersonExampleMap_BuiltData.uasset'
[2018.11.26-16.03.12:015][551]LogTemp: Repeating last play command: Selected Viewport
[2018.11.26-16.03.12:035][551]LogBlueprintUserMessages: Early PlayInEditor Detection: Level '/Game/FirstPersonBP/Maps/FirstPersonExampleMap.FirstPersonExampleMap:PersistentLevel' has LevelScriptBlueprint '/Game/FirstPersonBP/Maps/FirstPersonExampleMap.FirstPersonExampleMap:PersistentLevel.FirstPersonExampleMap' with GeneratedClass '/Game/FirstPersonBP/Maps/FirstPersonExampleMap.FirstPersonExampleMap_C' with ClassGeneratedBy '/Game/FirstPersonBP/Maps/FirstPersonExampleMap.FirstPersonExampleMap:PersistentLevel.FirstPersonExampleMap'
[2018.11.26-16.03.12:035][551]LogPlayLevel: PlayLevel: No blueprints needed recompiling
[2018.11.26-16.03.12:035][551]PIE: New page: PIE session: FirstPersonExampleMap (2018年11月26日 上午6:03:12)
[2018.11.26-16.03.12:035][551]LogPlayLevel: Creating play world package: /Game/FirstPersonBP/Maps/UEDPIE_0_FirstPersonExampleMap
[2018.11.26-16.03.12:055][551]LogPlayLevel: PIE: StaticDuplicateObject took: (0.019800s)
[2018.11.26-16.03.12:057][551]LogAIModule: Creating AISystem for world FirstPersonExampleMap
[2018.11.26-16.03.12:057][551]LogPlayLevel: PIE: World Init took: (0.001445s)
[2018.11.26-16.03.12:057][551]LogPlayLevel: PIE: Created PIE world by copying editor world from /Game/FirstPersonBP/Maps/FirstPersonExampleMap.FirstPersonExampleMap to /Game/FirstPersonBP/Maps/UEDPIE_0_FirstPersonExampleMap.FirstPersonExampleMap (0.021540s)
[2018.11.26-16.03.12:184][551]LogInit: XAudio2 using 'Speakers / Headphones (Realtek Audio)' : 2 channels at 48 kHz using 32 bits per sample (channel mask 0x3)
[2018.11.26-16.03.12:346][551]LogInit: FAudioDevice initialized.
[2018.11.26-16.03.12:380][551]LogLoad: Game class is 'MyFirstPersonGameMode_C'
[2018.11.26-16.03.12:383][551]LogWorld: Bringing World /Game/FirstPersonBP/Maps/UEDPIE_0_FirstPersonExampleMap.FirstPersonExampleMap up for play (max tick rate 60) at 2018.11.26-11.03.12
[2018.11.26-16.03.12:383][551]LogWorld: Bringing up level for play took: 0.002003
[2018.11.26-16.03.12:397][551]PIE: Play in editor start time for /Game/FirstPersonBP/Maps/UEDPIE_0_FirstPersonExampleMap 0.414
[2018.11.26-16.03.12:397][551]LogBlueprintUserMessages: Late PlayInEditor Detection: Level '/Game/FirstPersonBP/Maps/FirstPersonExampleMap.FirstPersonExampleMap:PersistentLevel' has LevelScriptBlueprint '/Game/FirstPersonBP/Maps/FirstPersonExampleMap.FirstPersonExampleMap:PersistentLevel.FirstPersonExampleMap' with GeneratedClass '/Game/FirstPersonBP/Maps/FirstPersonExampleMap.FirstPersonExampleMap_C' with ClassGeneratedBy '/Game/FirstPersonBP/Maps/FirstPersonExampleMap.FirstPersonExampleMap:PersistentLevel.FirstPersonExampleMap'
[2018.11.26-16.03.20:227][ 17]LogBlueprintUserMessages: Early EndPlayMap Detection: Level '/Game/FirstPersonBP/Maps/FirstPersonExampleMap.FirstPersonExampleMap:PersistentLevel' has LevelScriptBlueprint '/Game/FirstPersonBP/Maps/FirstPersonExampleMap.FirstPersonExampleMap:PersistentLevel.FirstPersonExampleMap' with GeneratedClass '/Game/FirstPersonBP/Maps/FirstPersonExampleMap.FirstPersonExampleMap_C' with ClassGeneratedBy '/Game/FirstPersonBP/Maps/FirstPersonExampleMap.FirstPersonExampleMap:PersistentLevel.FirstPersonExampleMap'
[2018.11.26-16.03.20:230][ 17]LogSlate: Updating window title bar state: overlay mode, drag disabled, window buttons hidden, title bar hidden
[2018.11.26-16.03.20:270][ 17]LogPlayLevel: Display: Shutting down PIE online subsystems
[2018.11.26-16.03.20:270][ 17]LogBlueprintUserMessages: Late EndPlayMap Detection: Level '/Game/FirstPersonBP/Maps/FirstPersonExampleMap.FirstPersonExampleMap:PersistentLevel' has LevelScriptBlueprint '/Game/FirstPersonBP/Maps/FirstPersonExampleMap.FirstPersonExampleMap:PersistentLevel.FirstPersonExampleMap' with GeneratedClass '/Game/FirstPersonBP/Maps/FirstPersonExampleMap.FirstPersonExampleMap_C' with ClassGeneratedBy '/Game/FirstPersonBP/Maps/FirstPersonExampleMap.FirstPersonExampleMap:PersistentLevel.FirstPersonExampleMap'
[2018.11.26-16.03.20:322][ 17]LogSlate: Updating window title bar state: overlay mode, drag disabled, window buttons hidden, title bar hidden
[2018.11.26-16.03.20:350][ 18]LogPlayLevel: Display: Destroying online subsystem :Context_9
[2018.11.26-16.03.20:962][ 53]LogSlate: FSceneViewport::OnFocusLost() reason 2
[2018.11.26-16.03.21:236][ 53]LogSavePackage: Moving '../../../../../../../GDProject/GameDev1Project4/UnrealHouse/Saved/FirstPersonExampleMap118629FC490E98D218848FA1CA5CFB5E.tmp' to '../../../../../../../GDProject/GameDev1Project4/UnrealHouse/Content/FirstPersonBP/Maps/FirstPersonExampleMap.umap'
[2018.11.26-16.03.22:307][ 53]LogSavePackage: Moving '../../../../../../../GDProject/GameDev1Project4/UnrealHouse/Saved/FirstPersonExampleMap_BuiltDataB35BD5D34814BD9F4962EE8CACE2CEEA.tmp' to '../../../../../../../GDProject/GameDev1Project4/UnrealHouse/Content/FirstPersonBP/Maps/FirstPersonExampleMap_BuiltData.uasset'
[2018.11.26-18.09.25:558][260]LogSlate: FSceneViewport::OnFocusLost() reason 2
[2018.11.26-18.09.26:226][260]LogSavePackage: Moving '../../../../../../../GDProject/GameDev1Project4/UnrealHouse/Saved/FirstPersonExampleMap537E7EF445D4CC13BC0B8D83EEB49B68.tmp' to '../../../../../../../GDProject/GameDev1Project4/UnrealHouse/Content/FirstPersonBP/Maps/FirstPersonExampleMap.umap'
[2018.11.26-18.09.27:706][260]LogSavePackage: Moving '../../../../../../../GDProject/GameDev1Project4/UnrealHouse/Saved/FirstPersonExampleMap_BuiltDataCE68935946316F2E09362D94E2BC80A4.tmp' to '../../../../../../../GDProject/GameDev1Project4/UnrealHouse/Content/FirstPersonBP/Maps/FirstPersonExampleMap_BuiltData.uasset'
[2018.11.26-18.09.30:489][391]LogSlate: Window 'MyFirstPersonCharacter' being destroyed
[2018.11.26-18.09.30:514][391]LogActorComponent: UnregisterComponent: (/Engine/Transient.EditorFloorComp) Not registered. Aborting.
[2018.11.26-18.09.30:633][391]LogSlate: Window 'UnrealHouse - Unreal Editor' being destroyed
[2018.11.26-18.09.30:638][391]LogWindowsTextInputMethodSystem: Display: IME system now deactivated.
[2018.11.26-18.09.30:945][392]Cmd: QUIT_EDITOR
[2018.11.26-18.09.31:946][392]LogExit: Preparing to exit.
[2018.11.26-18.09.32:811][392]LogExit: Editor shut down
[2018.11.26-18.09.32:813][392]LogExit: Transaction tracking system shut down
[2018.11.26-18.09.33:585][392]LogExit: Object subsystem successfully closed.
[2018.11.26-18.09.33:697][392]LogShaderCompilers: Display: Shaders left to compile 0
[2018.11.26-18.09.33:706][392]LogD3D11RHI: Shutdown
[2018.11.26-18.09.33:707][392]LogD3D11RHI: CleanupD3DDevice
[2018.11.26-18.09.33:754][392]LogD3D11RHI: ~FD3D11DynamicRHI
[2018.11.26-18.09.34:675][392]LogModuleManager: Shutting down and abandoning module MovieSceneCapture (618)
[2018.11.26-18.09.34:675][392]LogModuleManager: Shutting down and abandoning module Voice (616)
[2018.11.26-18.09.34:675][392]LogModuleManager: Shutting down and abandoning module BlueprintGraph (614)
[2018.11.26-18.09.34:676][392]LogModuleManager: Shutting down and abandoning module SequencerWidgets (612)
[2018.11.26-18.09.34:676][392]LogModuleManager: Shutting down and abandoning module HierarchicalLODOutliner (610)
[2018.11.26-18.09.34:676][392]LogModuleManager: Shutting down and abandoning module SceneOutliner (608)
[2018.11.26-18.09.34:676][392]LogModuleManager: Shutting down and abandoning module AddContentDialog (606)
[2018.11.26-18.09.34:731][392]LogModuleManager: Shutting down and abandoning module WidgetCarousel (605)
[2018.11.26-18.09.34:731][392]LogModuleManager: Shutting down and abandoning module EditorWidgets (602)
[2018.11.26-18.09.34:731][392]LogModuleManager: Shutting down and abandoning module CollectionManager (600)
[2018.11.26-18.09.34:733][392]LogModuleManager: Shutting down and abandoning module StatsViewer (598)
[2018.11.26-18.09.34:761][392]LogModuleManager: Shutting down and abandoning module FoliageEdit (596)
[2018.11.26-18.09.34:761][392]LogModuleManager: Shutting down and abandoning module LandscapeEditor (594)
[2018.11.26-18.09.34:799][392]LogModuleManager: Shutting down and abandoning module MeshPaintMode (592)
[2018.11.26-18.09.34:817][392]LogModuleManager: Shutting down and abandoning module SceneDepthPickerMode (590)
[2018.11.26-18.09.34:817][392]LogModuleManager: Shutting down and abandoning module ActorPickerMode (588)
[2018.11.26-18.09.34:817][392]LogModuleManager: Shutting down and abandoning module GeometryMode (586)
[2018.11.26-18.09.34:817][392]LogModuleManager: Shutting down and abandoning module TextureAlignMode (584)
[2018.11.26-18.09.34:817][392]LogModuleManager: Shutting down and abandoning module BspMode (582)
[2018.11.26-18.09.34:817][392]LogModuleManager: Shutting down and abandoning module PIEPreviewDeviceProfileSelector (580)
[2018.11.26-18.09.34:817][392]LogModuleManager: Shutting down and abandoning module SequenceRecorderSections (578)
[2018.11.26-18.09.34:818][392]LogModuleManager: Shutting down and abandoning module AutomationWorker (576)
[2018.11.26-18.09.34:821][392]LogModuleManager: Shutting down and abandoning module AudioCaptureEditor (574)
[2018.11.26-18.09.34:822][392]LogModuleManager: Shutting down and abandoning module SequenceRecorder (573)
[2018.11.26-18.09.34:831][392]LogModuleManager: Shutting down and abandoning module MatineeToLevelSequence (570)
[2018.11.26-18.09.34:831][392]LogModuleManager: Shutting down and abandoning module LevelSequenceEditor (568)
[2018.11.26-18.09.34:835][392]LogModuleManager: Shutting down and abandoning module PlacementMode (567)
[2018.11.26-18.09.34:846][392]LogModuleManager: Shutting down and abandoning module MaterialEditor (566)
[2018.11.26-18.09.34:882][392]LogModuleManager: Shutting down and abandoning module WmfMediaFactory (562)
[2018.11.26-18.09.34:883][392]LogModuleManager: Shutting down and abandoning module WmfMediaEditor (560)
[2018.11.26-18.09.34:883][392]LogModuleManager: Shutting down and abandoning module MediaPlayerEditor (558)
[2018.11.26-18.09.34:894][392]LogModuleManager: Shutting down and abandoning module OpenExrWrapper (556)
[2018.11.26-18.09.34:895][392]LogModuleManager: Shutting down and abandoning module ImgMediaFactory (554)
[2018.11.26-18.09.34:895][392]LogModuleManager: Shutting down and abandoning module ImgMediaEditor (552)
[2018.11.26-18.09.34:895][392]LogModuleManager: Shutting down and abandoning module AvfMediaFactory (550)
[2018.11.26-18.09.34:895][392]LogModuleManager: Shutting down and abandoning module AvfMediaEditor (548)
[2018.11.26-18.09.34:895][392]LogModuleManager: Shutting down and abandoning module AndroidMediaFactory (546)
[2018.11.26-18.09.34:895][392]LogModuleManager: Shutting down and abandoning module AndroidMediaEditor (544)
[2018.11.26-18.09.34:895][392]LogModuleManager: Shutting down and abandoning module MagicLeapCameraPreviewFactory (542)
[2018.11.26-18.09.34:895][392]LogModuleManager: Shutting down and abandoning module MagicLeapMediaFactory (540)
[2018.11.26-18.09.34:896][392]LogModuleManager: Shutting down and abandoning module MagicLeapMediaEditor (538)
[2018.11.26-18.09.34:896][392]LogModuleManager: Shutting down and abandoning module CharacterAI (536)
[2018.11.26-18.09.34:896][392]LogModuleManager: Shutting down and abandoning module SmartSnapping (534)
[2018.11.26-18.09.34:896][392]LogModuleManager: Shutting down and abandoning module SessionServices (532)
[2018.11.26-18.09.34:897][392]LogModuleManager: Shutting down and abandoning module ViewportSnapping (530)
[2018.11.26-18.09.34:897][392]LogModuleManager: Shutting down and abandoning module ViewportInteraction (528)
[2018.11.26-18.09.34:897][392]LogModuleManager: Shutting down and abandoning module ClothPainter (526)
[2018.11.26-18.09.34:925][392]LogModuleManager: Shutting down and abandoning module SkeletalMeshEditor (525)
[2018.11.26-18.09.34:965][392]LogModuleManager: Shutting down and abandoning module LogVisualizer (522)
[2018.11.26-18.09.35:048][392]LogModuleManager: Shutting down and abandoning module IntroTutorials (520)
[2018.11.26-18.09.35:058][392]LogModuleManager: Shutting down and abandoning module GameProjectGeneration (519)
[2018.11.26-18.09.35:084][392]LogModuleManager: Shutting down and abandoning module LuminPlatformEditor (516)
[2018.11.26-18.09.35:085][392]LogModuleManager: Shutting down and abandoning module IOSPlatformEditor (514)
[2018.11.26-18.09.35:085][392]LogModuleManager: Shutting down and abandoning module HTML5PlatformEditor (512)
[2018.11.26-18.09.35:086][392]LogModuleManager: Shutting down and abandoning module AndroidPlatformEditor (510)
[2018.11.26-18.09.35:086][392]LogModuleManager: Shutting down and abandoning module AndroidDeviceDetection (509)
[2018.11.26-18.09.35:195][392]LogModuleManager: Shutting down and abandoning module WindowsPlatformEditor (506)
[2018.11.26-18.09.35:196][392]LogModuleManager: Shutting down and abandoning module LuminRuntimeSettings (504)
[2018.11.26-18.09.35:196][392]LogModuleManager: Shutting down and abandoning module IOSRuntimeSettings (502)
[2018.11.26-18.09.35:196][392]LogModuleManager: Shutting down and abandoning module AndroidRuntimeSettings (500)
[2018.11.26-18.09.35:196][392]LogModuleManager: Shutting down and abandoning module InputBindingEditor (498)
[2018.11.26-18.09.35:218][392]LogModuleManager: Shutting down and abandoning module MergeActors (496)
[2018.11.26-18.09.35:239][392]LogModuleManager: Shutting down and abandoning module LocalizationDashboard (494)
[2018.11.26-18.09.35:266][392]LogModuleManager: Shutting down and abandoning module LocalizationService (493)
[2018.11.26-18.09.35:300][392]LogModuleManager: Shutting down and abandoning module HardwareTargeting (490)
[2018.11.26-18.09.35:300][392]LogModuleManager: Shutting down and abandoning module DeviceProfileEditor (488)
[2018.11.26-18.09.35:307][392]LogModuleManager: Shutting down and abandoning module UndoHistory (486)
[2018.11.26-18.09.35:307][392]LogModuleManager: Shutting down and abandoning module XmlParser (484)
[2018.11.26-18.09.35:308][392]LogModuleManager: Shutting down and abandoning module Blutility (482)
[2018.11.26-18.09.35:311][392]LogModuleManager: Shutting down and abandoning module ProjectSettingsViewer (480)
[2018.11.26-18.09.35:312][392]LogModuleManager: Shutting down and abandoning module ProjectTargetPlatformEditor (479)
[2018.11.26-18.09.35:320][392]LogModuleManager: Shutting down and abandoning module EditorSettingsViewer (476)
[2018.11.26-18.09.35:324][392]LogModuleManager: Shutting down and abandoning module SettingsEditor (474)
[2018.11.26-18.09.35:334][392]LogModuleManager: Shutting down and abandoning module ProjectLauncher (472)
[2018.11.26-18.09.35:367][392]LogModuleManager: Shutting down and abandoning module SessionFrontend (470)
[2018.11.26-18.09.35:378][392]LogModuleManager: Shutting down and abandoning module ProfilerClient (468)
[2018.11.26-18.09.35:388][392]LogModuleManager: Shutting down and abandoning module DeviceManager (466)
[2018.11.26-18.09.35:396][392]LogModuleManager: Shutting down and abandoning module TargetDeviceServices (465)
[2018.11.26-18.09.35:452][392]LogModuleManager: Shutting down and abandoning module AutomationController (462)
[2018.11.26-18.09.35:456][392]LogModuleManager: Shutting down and abandoning module AutomationWindow (460)
[2018.11.26-18.09.35:477][392]LogModuleManager: Shutting down and abandoning module Layers (458)
[2018.11.26-18.09.35:505][392]LogModuleManager: Shutting down and abandoning module ComponentVisualizers (456)
[2018.11.26-18.09.35:505][392]LogModuleManager: Shutting down and abandoning module DetailCustomizations (454)
[2018.11.26-18.09.35:508][392]LogModuleManager: Shutting down and abandoning module PackagesDialog (452)
[2018.11.26-18.09.35:508][392]LogModuleManager: Shutting down and abandoning module Persona (450)
[2018.11.26-18.09.35:542][392]LogModuleManager: Shutting down and abandoning module AdvancedPreviewScene (449)
[2018.11.26-18.09.35:542][392]LogModuleManager: Shutting down and abandoning module AnimGraph (447)
[2018.11.26-18.09.35:543][392]LogModuleManager: Shutting down and abandoning module Kismet (444)
[2018.11.26-18.09.35:553][392]LogModuleManager: Shutting down and abandoning module GraphEditor (442)
[2018.11.26-18.09.35:553][392]LogModuleManager: Shutting down and abandoning module ClassViewer (440)
[2018.11.26-18.09.35:555][392]LogModuleManager: Shutting down and abandoning module Toolbox (438)
[2018.11.26-18.09.35:555][392]LogModuleManager: Shutting down and abandoning module ModuleUI (436)
[2018.11.26-18.09.35:564][392]LogModuleManager: Shutting down and abandoning module MovieSceneTools (434)
[2018.11.26-18.09.35:567][392]LogModuleManager: Shutting down and abandoning module OutputLog (432)
[2018.11.26-18.09.35:568][392]LogModuleManager: Shutting down and abandoning module GammaUI (430)
[2018.11.26-18.09.35:581][392]LogModuleManager: Shutting down and abandoning module Documentation (428)
[2018.11.26-18.09.35:581][392]LogModuleManager: Shutting down and abandoning module MovieSceneTracks (426)
[2018.11.26-18.09.35:581][392]LogModuleManager: Shutting down and abandoning module MovieScene (424)
[2018.11.26-18.09.35:582][392]LogModuleManager: Shutting down and abandoning module StreamingPauseRendering (422)
[2018.11.26-18.09.35:583][392]LogModuleManager: Shutting down and abandoning module LauncherPlatform (420)
[2018.11.26-18.09.35:583][392]LogModuleManager: Shutting down and abandoning module AnalyticsET (418)
[2018.11.26-18.09.35:583][392]LogModuleManager: Shutting down and abandoning module PortalServices (416)
[2018.11.26-18.09.35:583][392]LogModuleManager: Shutting down and abandoning module PortalRpc (414)
[2018.11.26-18.09.35:583][392]LogModuleManager: Shutting down and abandoning module MessagingRpc (412)
[2018.11.26-18.09.35:583][392]LogModuleManager: Shutting down and abandoning module AIModule (410)
[2018.11.26-18.09.35:585][392]LogModuleManager: Shutting down and abandoning module GameplayDebugger (409)
[2018.11.26-18.09.35:586][392]LogModuleManager: Shutting down and abandoning module AITestSuite (407)
[2018.11.26-18.09.35:596][392]LogModuleManager: Shutting down and abandoning module NavigationSystem (405)
[2018.11.26-18.09.35:596][392]LogModuleManager: Shutting down and abandoning module DesktopPlatform (402)
[2018.11.26-18.09.35:597][392]LogModuleManager: Shutting down and abandoning module ProfilerService (400)
[2018.11.26-18.09.35:835][392]LogModuleManager: Shutting down and abandoning module TaskGraph (398)
[2018.11.26-18.09.35:851][392]LogModuleManager: Shutting down and abandoning module SteamVRController (396)
[2018.11.26-18.09.35:851][392]LogModuleManager: Shutting down and abandoning module ProceduralMeshComponentEditor (394)
[2018.11.26-18.09.35:851][392]LogModuleManager: Shutting down and abandoning module ProceduralMeshComponent (392)
[2018.11.26-18.09.35:852][392]LogModuleManager: Shutting down and abandoning module OculusInput (390)
[2018.11.26-18.09.35:852][392]LogModuleManager: Shutting down and abandoning module MobilePatchingUtils (388)
[2018.11.26-18.09.35:852][392]LogModuleManager: Shutting down and abandoning module EditableMesh (386)
[2018.11.26-18.09.35:865][392]LogModuleManager: Shutting down and abandoning module CustomMeshComponent (384)
[2018.11.26-18.09.35:865][392]LogModuleManager: Shutting down and abandoning module CableComponent (382)
[2018.11.26-18.09.35:865][392]LogModuleManager: Shutting down and abandoning module AudioCapture (380)
[2018.11.26-18.09.35:865][392]LogModuleManager: Shutting down and abandoning module ArchVisCharacter (378)
[2018.11.26-18.09.35:865][392]LogModuleManager: Shutting down and abandoning module AndroidPermission (376)
[2018.11.26-18.09.35:865][392]LogModuleManager: Shutting down and abandoning module NUTUnrealEngine4 (374)
[2018.11.26-18.09.35:865][392]LogModuleManager: Shutting down and abandoning module NetcodeUnitTest (372)
[2018.11.26-18.09.35:891][392]LogModuleManager: Shutting down and abandoning module MediaCompositingEditor (370)
[2018.11.26-18.09.35:892][392]LogModuleManager: Shutting down and abandoning module MediaCompositing (368)
[2018.11.26-18.09.35:892][392]LogModuleManager: Shutting down and abandoning module LinearTimecode (366)
[2018.11.26-18.09.35:892][392]LogModuleManager: Shutting down and abandoning module ImgMedia (364)
[2018.11.26-18.09.35:898][392]LogModuleManager: Shutting down and abandoning module HTML5Networking (362)
[2018.11.26-18.09.35:898][392]LogModuleManager: Shutting down and abandoning module GeometryCacheTracks (360)
[2018.11.26-18.09.35:898][392]LogModuleManager: Shutting down and abandoning module GeometryCacheSequencer (358)
[2018.11.26-18.09.35:898][392]LogModuleManager: Shutting down and abandoning module BackChannel (356)
[2018.11.26-18.09.35:899][392]LogModuleManager: Shutting down and abandoning module AppleVision (354)
[2018.11.26-18.09.35:899][392]LogModuleManager: Shutting down and abandoning module AppleImageUtils (352)
[2018.11.26-18.09.35:899][392]LogModuleManager: Shutting down and abandoning module AlembicImporter (350)
[2018.11.26-18.09.35:899][392]LogModuleManager: Shutting down and abandoning module AlembicLibrary (349)
[2018.11.26-18.09.35:899][392]LogModuleManager: Shutting down and abandoning module GeometryCache (348)
[2018.11.26-18.09.35:899][392]LogModuleManager: Shutting down and abandoning module GeometryCacheEd (347)
[2018.11.26-18.09.35:899][392]LogModuleManager: Shutting down and abandoning module DatasmithContentEditor (342)
[2018.11.26-18.09.35:900][392]LogModuleManager: Shutting down and abandoning module DatasmithContent (340)
[2018.11.26-18.09.35:901][392]LogModuleManager: Shutting down and abandoning module SpeedTreeImporter (338)
[2018.11.26-18.09.35:901][392]LogModuleManager: Shutting down and abandoning module PluginBrowser (336)
[2018.11.26-18.09.35:919][392]LogModuleManager: Shutting down and abandoning module MobileLauncherProfileWizard (334)
[2018.11.26-18.09.35:933][392]LogModuleManager: Shutting down and abandoning module PolygonModeling (332)
[2018.11.26-18.09.35:933][392]LogModuleManager: Shutting down and abandoning module MeshEditor (330)
[2018.11.26-18.09.35:942][392]LogModuleManager: Shutting down and abandoning module CryptoKeysOpenSSL (328)
[2018.11.26-18.09.35:948][392]LogModuleManager: Shutting down and abandoning module CryptoKeys (326)
[2018.11.26-18.09.35:948][392]LogModuleManager: Shutting down and abandoning module VisualStudioSourceCodeAccess (324)
[2018.11.26-18.09.35:949][392]LogModuleManager: Shutting down and abandoning module VisualStudioCodeSourceCodeAccess (322)
[2018.11.26-18.09.35:950][392]LogModuleManager: Shutting down and abandoning module UObjectPlugin (320)
[2018.11.26-18.09.35:950][392]LogModuleManager: Shutting down and abandoning module SubversionSourceControl (318)
[2018.11.26-18.09.35:958][392]LogModuleManager: Shutting down and abandoning module PerforceSourceControl (316)
[2018.11.26-18.09.36:024][392]LogModuleManager: Shutting down and abandoning module GitSourceControl (314)
[2018.11.26-18.09.36:038][392]LogModuleManager: Shutting down and abandoning module SourceControl (313)
[2018.11.26-18.09.36:040][392]LogModuleManager: Shutting down and abandoning module CLionSourceCodeAccess (310)
[2018.11.26-18.09.36:041][392]LogModuleManager: Shutting down and abandoning module LightPropagationVolumeEditor (308)
[2018.11.26-18.09.36:041][392]LogModuleManager: Shutting down and abandoning module PaperTiledImporter (306)
[2018.11.26-18.09.36:041][392]LogModuleManager: Shutting down and abandoning module PaperSpriteSheetImporter (304)
[2018.11.26-18.09.36:041][392]LogModuleManager: Shutting down and abandoning module Paper2DEditor (302)
[2018.11.26-18.09.36:065][392]LogModuleManager: Shutting down and abandoning module MeshPaint (301)
[2018.11.26-18.09.36:065][392]LogModuleManager: Shutting down and abandoning module RuntimePhysXCooking (298)
[2018.11.26-18.09.36:066][392]LogModuleManager: Shutting down and abandoning module PhysXVehiclesEditor (296)
[2018.11.26-18.09.36:067][392]LogModuleManager: Shutting down and abandoning module PhysXVehicles (294)
[2018.11.26-18.09.36:067][392]LogModuleManager: Shutting down and abandoning module OculusEditor (292)
[2018.11.26-18.09.36:076][392]LogModuleManager: Shutting down and abandoning module LocationServicesBPLibrary (290)
[2018.11.26-18.09.36:076][392]LogModuleManager: Shutting down and abandoning module ImmediatePhysicsEditor (288)
[2018.11.26-18.09.36:076][392]LogModuleManager: Shutting down and abandoning module ImmediatePhysics (286)
[2018.11.26-18.09.36:076][392]LogModuleManager: Shutting down and abandoning module ActorSequence (284)
[2018.11.26-18.09.36:076][392]LogModuleManager: Shutting down and abandoning module UdpMessaging (282)
[2018.11.26-18.09.36:178][392]LogModuleManager: Shutting down and abandoning module TcpMessaging (280)
[2018.11.26-18.09.36:281][392]LogModuleManager: Shutting down and abandoning module MagicLeapAudio (278)
[2018.11.26-18.09.36:281][392]LogModuleManager: Shutting down and abandoning module GameplayTagsEditor (276)
[2018.11.26-18.09.36:326][392]LogModuleManager: Shutting down and abandoning module FacialAnimationEditor (274)
[2018.11.26-18.09.36:329][392]LogModuleManager: Shutting down and abandoning module FacialAnimation (272)
[2018.11.26-18.09.36:329][392]LogModuleManager: Shutting down and abandoning module DataValidation (270)
[2018.11.26-18.09.36:329][392]LogModuleManager: Shutting down and abandoning module AssetManagerEditor (268)
[2018.11.26-18.09.36:552][392]LogModuleManager: Shutting down and abandoning module LevelEditor (267)
[2018.11.26-18.09.36:583][392]LogModuleManager: Shutting down and abandoning module PixelInspectorModule (266)
[2018.11.26-18.09.36:665][392]LogModuleManager: Shutting down and abandoning module CommonMenuExtensions (264)
[2018.11.26-18.09.36:699][392]LogModuleManager: Shutting down and abandoning module MainFrame (262)
[2018.11.26-18.09.36:699][392]LogModuleManager: Shutting down and abandoning module HotReload (261)
[2018.11.26-18.09.36:860][392]LogModuleManager: Shutting down and abandoning module ContentBrowser (257)
[2018.11.26-18.09.36:863][392]LogModuleManager: Shutting down and abandoning module TreeMap (255)
[2018.11.26-18.09.36:864][392]LogModuleManager: Shutting down and abandoning module LightPropagationVolumeRuntime (252)
[2018.11.26-18.09.36:864][392]LogModuleManager: Shutting down and abandoning module AISupportModule (250)
[2018.11.26-18.09.36:864][392]LogModuleManager: Shutting down and abandoning module Paper2D (248)
[2018.11.26-18.09.36:865][392]LogModuleManager: Shutting down and abandoning module WindowsMoviePlayer (246)
[2018.11.26-18.09.36:867][392]LogModuleManager: Shutting down and abandoning module WmfMedia (244)
[2018.11.26-18.09.36:904][392]LogModuleManager: Shutting down and abandoning module Media (243)
[2018.11.26-18.09.36:910][392]LogModuleManager: Shutting down and abandoning module PacketHandler (240)
[2018.11.26-18.09.36:910][392]LogModuleManager: Shutting down and abandoning module ClothingSystemEditor (238)
[2018.11.26-18.09.36:911][392]LogModuleManager: Shutting down and abandoning module ClothingSystemRuntime (236)
[2018.11.26-18.09.37:054][392]LogModuleManager: Shutting down and abandoning module MediaAssets (234)
[2018.11.26-18.09.37:054][392]LogModuleManager: Shutting down and abandoning module Overlay (232)
[2018.11.26-18.09.37:054][392]LogModuleManager: Shutting down and abandoning module OverlayEditor (231)
[2018.11.26-18.09.37:054][392]LogModuleManager: Shutting down and abandoning module VREditor (228)
[2018.11.26-18.09.37:110][392]LogModuleManager: Shutting down and abandoning module StringTableEditor (226)
[2018.11.26-18.09.37:152][392]LogModuleManager: Shutting down and abandoning module GameplayTasksEditor (224)
[2018.11.26-18.09.37:152][392]LogModuleManager: Shutting down and abandoning module BehaviorTreeEditor (222)
[2018.11.26-18.09.37:434][392]LogModuleManager: Shutting down and abandoning module FunctionalTesting (220)
[2018.11.26-18.09.37:435][392]LogModuleManager: Shutting down and abandoning module CollisionAnalyzer (218)
[2018.11.26-18.09.37:546][392]LogModuleManager: Shutting down and abandoning module WorkspaceMenuStructure (217)
[2018.11.26-18.09.37:634][392]LogModuleManager: Shutting down and abandoning module UMG (214)
[2018.11.26-18.09.37:651][392]LogModuleManager: Shutting down and abandoning module UMGEditor (213)
[2018.11.26-18.09.37:651][392]LogModuleManager: Shutting down and abandoning module Sequencer (212)
[2018.11.26-18.09.37:653][392]LogModuleManager: Shutting down and abandoning module MessageLog (209)
[2018.11.26-18.09.37:653][392]LogModuleManager: Shutting down and abandoning module SlateReflector (204)
[2018.11.26-18.09.37:974][392]LogModuleManager: Shutting down and abandoning module Slate (202)
[2018.11.26-18.09.37:974][392]LogModuleManager: Shutting down and abandoning module EditorStyle (200)
[2018.11.26-18.09.38:668][392]LogModuleManager: Shutting down and abandoning module MRMesh (198)
[2018.11.26-18.09.38:669][392]LogModuleManager: Shutting down and abandoning module SourceCodeAccess (196)
[2018.11.26-18.09.38:806][392]LogModuleManager: Shutting down and abandoning module HeadMountedDisplay (194)
[2018.11.26-18.09.38:859][392]LogModuleManager: Shutting down and abandoning module XAudio2 (192)
[2018.11.26-18.09.38:859][392]LogModuleManager: Shutting down and abandoning module Networking (190)
[2018.11.26-18.09.38:859][392]LogModuleManager: Shutting down and abandoning module Core (188)
[2018.11.26-18.09.38:859][392]LogModuleManager: Shutting down and abandoning module LevelSequence (186)
[2018.11.26-18.09.38:859][392]LogModuleManager: Shutting down and abandoning module KismetCompiler (184)
[2018.11.26-18.09.38:859][392]LogModuleManager: Shutting down and abandoning module MeshUtilities (182)
[2018.11.26-18.09.39:283][392]LogModuleManager: Shutting down and abandoning module MeshMergeUtilities (181)
[2018.11.26-18.09.39:519][392]LogModuleManager: Shutting down and abandoning module MeshReductionInterface (180)
[2018.11.26-18.09.39:519][392]LogModuleManager: Shutting down and abandoning module SimplygonSwarm (179)
[2018.11.26-18.09.39:669][392]LogModuleManager: Shutting down and abandoning module ProxyLODMeshReduction (177)
[2018.11.26-18.09.40:168][392]LogModuleManager: Shutting down and abandoning module SimplygonMeshReduction (175)
[2018.11.26-18.09.40:183][392]LogModuleManager: Shutting down and abandoning module QuadricMeshReduction (173)
[2018.11.26-18.09.40:188][392]LogModuleManager: Shutting down and abandoning module MaterialBaking (169)
[2018.11.26-18.09.40:192][392]LogModuleManager: Shutting down and abandoning module DirectoryWatcher (165)
[2018.11.26-18.09.40:193][392]LogModuleManager: Shutting down and abandoning module DerivedDataCache (162)
[2018.11.26-18.09.40:226][392]LogDerivedDataCache: Shutdown
[2018.11.26-18.09.40:226][392]LogModuleManager: Shutting down and abandoning module XGEController (160)
[2018.11.26-18.09.40:227][392]LogModuleManager: Shutting down and abandoning module TargetPlatform (158)
[2018.11.26-18.09.40:228][392]LogModuleManager: Shutting down and abandoning module VulkanShaderFormat (157)
[2018.11.26-18.09.40:546][392]LogModuleManager: Shutting down and abandoning module ShaderFormatVectorVM (155)
[2018.11.26-18.09.40:671][392]LogModuleManager: Shutting down and abandoning module ShaderFormatOpenGL (153)
[2018.11.26-18.09.40:677][392]LogModuleManager: Shutting down and abandoning module ShaderFormatD3D (151)
[2018.11.26-18.09.40:716][392]LogModuleManager: Shutting down and abandoning module MetalShaderFormat (149)
[2018.11.26-18.09.40:729][392]LogModuleManager: Shutting down and abandoning module TextureFormatUncompressed (147)
[2018.11.26-18.09.40:730][392]LogModuleManager: Shutting down and abandoning module TextureFormatPVR (145)
[2018.11.26-18.09.40:730][392]LogModuleManager: Shutting down and abandoning module TextureFormatDXT (143)
[2018.11.26-18.09.40:731][392]LogModuleManager: Shutting down and abandoning module TextureFormatIntelISPCTexComp (141)
[2018.11.26-18.09.40:732][392]LogModuleManager: Shutting down and abandoning module TextureFormatASTC (139)
[2018.11.26-18.09.40:732][392]LogModuleManager: Shutting down and abandoning module ImageWrapper (138)
[2018.11.26-18.09.40:732][392]LogModuleManager: Shutting down and abandoning module TextureFormatAndroid (135)
[2018.11.26-18.09.40:733][392]LogModuleManager: Shutting down and abandoning module AudioFormatOpus (133)
[2018.11.26-18.09.40:733][392]LogModuleManager: Shutting down and abandoning module AudioFormatOgg (131)
[2018.11.26-18.09.40:733][392]LogModuleManager: Shutting down and abandoning module AudioFormatADPCM (129)
[2018.11.26-18.09.40:733][392]LogModuleManager: Shutting down and abandoning module LuminTargetPlatform (127)
[2018.11.26-18.09.40:733][392]LogModuleManager: Shutting down and abandoning module LinuxTargetPlatform (125)
[2018.11.26-18.09.40:734][392]LogModuleManager: Shutting down and abandoning module LinuxServerTargetPlatform (123)
[2018.11.26-18.09.40:734][392]LogModuleManager: Shutting down and abandoning module LinuxNoEditorTargetPlatform (121)
[2018.11.26-18.09.40:737][392]LogModuleManager: Shutting down and abandoning module LinuxClientTargetPlatform (119)
[2018.11.26-18.09.40:737][392]LogModuleManager: Shutting down and abandoning module TVOSTargetPlatform (117)
[2018.11.26-18.09.40:747][392]LogModuleManager: Shutting down and abandoning module Messaging (115)
[2018.11.26-18.09.40:747][392]LogModuleManager: Shutting down and abandoning module IOSTargetPlatform (113)
[2018.11.26-18.09.40:753][392]LogModuleManager: Shutting down and abandoning module HTML5TargetPlatform (111)
[2018.11.26-18.09.40:753][392]LogModuleManager: Shutting down and abandoning module AndroidTargetPlatform (109)
[2018.11.26-18.09.40:794][392]LogModuleManager: Shutting down and abandoning module WindowsTargetPlatform (107)
[2018.11.26-18.09.40:794][392]LogModuleManager: Shutting down and abandoning module WindowsServerTargetPlatform (105)
[2018.11.26-18.09.40:796][392]LogModuleManager: Shutting down and abandoning module WindowsNoEditorTargetPlatform (103)
[2018.11.26-18.09.40:797][392]LogModuleManager: Shutting down and abandoning module WindowsClientTargetPlatform (101)
[2018.11.26-18.09.40:798][392]LogModuleManager: Shutting down and abandoning module MacTargetPlatform (99)
[2018.11.26-18.09.40:798][392]LogModuleManager: Shutting down and abandoning module MacServerTargetPlatform (97)
[2018.11.26-18.09.40:799][392]LogModuleManager: Shutting down and abandoning module MacNoEditorTargetPlatform (95)
[2018.11.26-18.09.40:799][392]LogModuleManager: Shutting down and abandoning module MacClientTargetPlatform (93)
[2018.11.26-18.09.40:800][392]LogModuleManager: Shutting down and abandoning module AllDesktopTargetPlatform (91)
[2018.11.26-18.09.40:800][392]LogModuleManager: Shutting down and abandoning module InputCore (88)
[2018.11.26-18.09.40:800][392]LogModuleManager: Shutting down and abandoning module Settings (86)
[2018.11.26-18.09.40:800][392]LogModuleManager: Shutting down and abandoning module PhysXCooking (84)
[2018.11.26-18.09.40:800][392]LogModuleManager: Shutting down and abandoning module SteamVR (82)
[2018.11.26-18.09.40:800][392]LogModuleManager: Shutting down and abandoning module OculusHMD (80)
[2018.11.26-18.09.40:801][392]LogModuleManager: Shutting down and abandoning module ExampleDeviceProfileSelector (78)
[2018.11.26-18.09.40:801][392]LogModuleManager: Shutting down and abandoning module LauncherChunkInstaller (76)
[2018.11.26-18.09.40:801][392]LogModuleManager: Shutting down and abandoning module OnlineBlueprintSupport (74)
[2018.11.26-18.09.40:801][392]LogModuleManager: Shutting down and abandoning module OnlineSubsystem (70)
[2018.11.26-18.09.40:805][392]LogModuleManager: Shutting down and abandoning module XMPP (65)
[2018.11.26-18.09.41:216][392]LogModuleManager: Shutting down and abandoning module WebSockets (64)
[2018.11.26-18.09.42:435][392]LogModuleManager: Shutting down and abandoning module HTTP (61)
[2018.11.26-18.09.42:437][392]LogHttp: Display: Http module shutting down, but needs to wait on 1 outstanding Http requests:
[2018.11.26-18.09.42:438][392]LogHttp: Display: 	verb=[POST] url=[https://datarouter.ol.epicgames.com/datarouter/api/v1/public/data?SessionID=%7B38F28410-4D9F-BDE1-0146-FEA33F86FF0F%7D&AppID=UEEditor.Rocket.Release&AppVersion=4.20.3-4369336%2B%2B%2BUE4%2BRelease-4.20&UserID=64944e924603c2418ca969a0ce385f60%7Ca8cb51a89a094d73ae0410efdcc6c91e%7C2650e3fa-625a-4231-9584-819c7cc767df&AppEnvironment=datacollector-binary&UploadType=eteventstream] status=Processing
[2018.11.26-18.09.42:445][392]LogModuleManager: Shutting down and abandoning module SSL (60)
[2018.11.26-18.09.43:060][392]LogModuleManager: Shutting down and abandoning module MagicLeapEmulator (56)
[2018.11.26-18.09.43:060][392]LogModuleManager: Shutting down and abandoning module MagicLeapPrivileges (54)
[2018.11.26-18.09.43:060][392]LogModuleManager: Shutting down and abandoning module MagicLeapIdentity (52)
[2018.11.26-18.09.43:060][392]LogModuleManager: Shutting down and abandoning module MagicLeapHelperVulkan (50)
[2018.11.26-18.09.43:060][392]LogModuleManager: Shutting down and abandoning module MagicLeapHelperOpenGL (48)
[2018.11.26-18.09.43:060][392]LogModuleManager: Shutting down and abandoning module MagicLeapSecureStorage (46)
[2018.11.26-18.09.43:060][392]LogModuleManager: Shutting down and abandoning module MagicLeapGestures (44)
[2018.11.26-18.09.43:063][392]LogModuleManager: Shutting down and abandoning module MagicLeapEyeTracker (42)
[2018.11.26-18.09.43:063][392]LogModuleManager: Shutting down and abandoning module MagicLeapController (40)
[2018.11.26-18.09.43:066][392]LogSlate: Slate User Destroyed.  User Index 0, Is Virtual User: 0
[2018.11.26-18.09.43:066][392]LogModuleManager: Shutting down and abandoning module MagicLeap (38)
[2018.11.26-18.09.43:233][392]LogModuleManager: Shutting down and abandoning module AnimationModifiers (36)
[2018.11.26-18.09.43:590][392]LogModuleManager: Shutting down and abandoning module PropertyEditor (35)
[2018.11.26-18.09.43:596][392]LogModuleManager: Shutting down and abandoning module AudioEditor (32)
[2018.11.26-18.09.43:597][392]LogModuleManager: Shutting down and abandoning module TextureCompressor (30)
[2018.11.26-18.09.43:957][392]LogModuleManager: Shutting down and abandoning module ShaderCore (28)
[2018.11.26-18.09.43:957][392]LogModuleManager: Shutting down and abandoning module Landscape (26)
[2018.11.26-18.09.43:957][392]LogModuleManager: Shutting down and abandoning module SlateRHIRenderer (24)
[2018.11.26-18.09.44:563][392]LogModuleManager: Shutting down and abandoning module OpenGLDrv (22)
[2018.11.26-18.09.44:881][392]LogModuleManager: Shutting down and abandoning module D3D11RHI (20)
[2018.11.26-18.09.44:881][392]LogModuleManager: Shutting down and abandoning module AnimGraphRuntime (18)
[2018.11.26-18.09.44:881][392]LogModuleManager: Shutting down and abandoning module Renderer (16)
[2018.11.26-18.09.44:881][392]LogModuleManager: Shutting down and abandoning module Engine (14)
[2018.11.26-18.09.44:881][392]LogModuleManager: Shutting down and abandoning module CoreUObject (12)
[2018.11.26-18.09.44:890][392]LogModuleManager: Shutting down and abandoning module NetworkFile (10)
[2018.11.26-18.09.44:890][392]LogModuleManager: Shutting down and abandoning module CookedIterativeFile (8)
[2018.11.26-18.09.44:891][392]LogModuleManager: Shutting down and abandoning module StreamingFile (6)
[2018.11.26-18.09.44:891][392]LogModuleManager: Shutting down and abandoning module SandboxFile (4)
[2018.11.26-18.09.44:891][392]LogModuleManager: Shutting down and abandoning module PakFile (2)
[2018.11.26-18.09.44:901][392]LogExit: Exiting.
[2018.11.26-18.09.45:152][392]Log file closed, 11/26/18 13:09:45
