Log file open, 11/18/18 12:21:03
LogWindows: Failed to load 'aqProf.dll' (GetLastError=126)
LogWindows: File 'aqProf.dll' does not exist
LogWindows: Failed to load 'VtuneApi.dll' (GetLastError=126)
LogWindows: File 'VtuneApi.dll' does not exist
LogWindows: Failed to load 'VtuneApi32e.dll' (GetLastError=126)
LogWindows: File 'VtuneApi32e.dll' does not exist
LogInit: Display: Running engine for game: UnrealHouse
LogPlatformFile: Not using cached read wrapper
LogTaskGraph: Started task graph with 5 named threads and 23 total threads with 3 sets of task threads.
LogStats: Stats thread started at 0.314020
LogD3D11RHI: Loaded GFSDK_Aftermath_Lib.x64.dll
LogICUInternationalization: Display: ICU TimeZone Detection - Raw Offset: -5:00, Platform Override: ''
LogPluginManager: Mounting plugin Paper2D
LogPluginManager: Mounting plugin AISupport
LogPluginManager: Mounting plugin LightPropagationVolume
LogPluginManager: Mounting plugin CLionSourceCodeAccess
LogPluginManager: Mounting plugin CodeLiteSourceCodeAccess
LogPluginManager: Mounting plugin GitSourceControl
LogPluginManager: Mounting plugin KDevelopSourceCodeAccess
LogPluginManager: Mounting plugin NullSourceCodeAccess
LogPluginManager: Mounting plugin PerforceSourceControl
LogPluginManager: Mounting plugin SubversionSourceControl
LogPluginManager: Mounting plugin UObjectPlugin
LogPluginManager: Mounting plugin VisualStudioCodeSourceCodeAccess
LogPluginManager: Mounting plugin VisualStudioSourceCodeAccess
LogPluginManager: Mounting plugin XCodeSourceCodeAccess
LogPluginManager: Mounting plugin AssetManagerEditor
LogPluginManager: Mounting plugin CryptoKeys
LogPluginManager: Mounting plugin DataValidation
LogPluginManager: Mounting plugin FacialAnimation
LogPluginManager: Mounting plugin GameplayTagsEditor
LogPluginManager: Mounting plugin MacGraphicsSwitching
LogPluginManager: Mounting plugin MeshEditor
LogPluginManager: Mounting plugin MobileLauncherProfileWizard
LogPluginManager: Mounting plugin PluginBrowser
LogPluginManager: Mounting plugin SpeedTreeImporter
LogPluginManager: Mounting plugin DatasmithContent
LogPluginManager: Mounting plugin AlembicImporter
LogPluginManager: Mounting plugin AppleImageUtils
LogPluginManager: Mounting plugin AppleVision
LogPluginManager: Mounting plugin BackChannel
LogPluginManager: Mounting plugin CharacterAI
LogPluginManager: Mounting plugin GeometryCache
LogPluginManager: Mounting plugin HTML5Networking
LogPluginManager: Mounting plugin ProxyLODPlugin
LogPluginManager: Mounting plugin MagicLeap
LogPluginManager: Mounting plugin MagicLeapEmulator
LogPluginManager: Mounting plugin MagicLeapMedia
LogPluginManager: Mounting plugin AndroidMedia
LogPluginManager: Mounting plugin AvfMedia
LogPluginManager: Mounting plugin ImgMedia
LogPluginManager: Mounting plugin LinearTimecode
LogPluginManager: Mounting plugin MediaCompositing
LogPluginManager: Mounting plugin MediaPlayerEditor
LogPluginManager: Mounting plugin WmfMedia
LogPluginManager: Mounting plugin TcpMessaging
LogPluginManager: Mounting plugin UdpMessaging
LogPluginManager: Mounting plugin ActorSequence
LogPluginManager: Mounting plugin LevelSequenceEditor
LogPluginManager: Mounting plugin MatineeToLevelSequence
LogPluginManager: Mounting plugin NetcodeUnitTest
LogPluginManager: Mounting plugin NUTUnrealEngine4
LogPluginManager: Mounting plugin OnlineSubsystemGooglePlay
LogPluginManager: Mounting plugin OnlineSubsystemIOS
LogPluginManager: Mounting plugin OnlineSubsystem
LogPluginManager: Mounting plugin OnlineSubsystemNull
LogPluginManager: Mounting plugin OnlineSubsystemUtils
LogPluginManager: Mounting plugin LauncherChunkInstaller
LogPluginManager: Mounting plugin AndroidDeviceProfileSelector
LogPluginManager: Mounting plugin AndroidMoviePlayer
LogPluginManager: Mounting plugin AndroidPermission
LogPluginManager: Mounting plugin AppleMoviePlayer
LogPluginManager: Mounting plugin ArchVisCharacter
LogPluginManager: Mounting plugin AudioCapture
LogPluginManager: Mounting plugin CableComponent
LogPluginManager: Mounting plugin CustomMeshComponent
LogPluginManager: Mounting plugin EditableMesh
LogPluginManager: Mounting plugin ExampleDeviceProfileSelector
LogPluginManager: Mounting plugin GoogleCloudMessaging
LogPluginManager: Mounting plugin ImmediatePhysics
LogPluginManager: Mounting plugin IOSDeviceProfileSelector
LogPluginManager: Mounting plugin LinuxDeviceProfileSelector
LogPluginManager: Mounting plugin LocationServicesBPLibrary
LogPluginManager: Mounting plugin MobilePatchingUtils
LogPluginManager: Mounting plugin OculusVR
LogPluginManager: Plugin shader directory ../../../Engine/Plugins/Runtime/Oculus/OculusVR/Shaders found
LogPluginManager: Mapping shader source directory ../../../Engine/Plugins/Runtime/Oculus/OculusVR/Shaders to virtual directory /Plugin/OculusVR
LogPluginManager: Mounting plugin PhysXVehicles
LogPluginManager: Mounting plugin ProceduralMeshComponent
LogPluginManager: Mounting plugin RuntimePhysXCooking
LogPluginManager: Mounting plugin SteamVR
LogPluginManager: Mounting plugin WindowsMoviePlayer
LogStreaming: Display: Took  0.286s to configure plugins.
LogInit: Using libcurl 7.55.1-DEV
LogInit:  - built for x86_64-pc-win32
LogInit:  - supports SSL with OpenSSL/1.0.2h
LogInit:  - supports HTTP deflate (compression) using libz 1.2.8
LogInit:  - other features:
LogInit:      CURL_VERSION_SSL
LogInit:      CURL_VERSION_LIBZ
LogInit:      CURL_VERSION_IPV6
LogInit:      CURL_VERSION_ASYNCHDNS
LogInit:      CURL_VERSION_LARGEFILE
LogInit:      CURL_VERSION_IDN
LogInit:  CurlRequestOptions (configurable via config and command line):
LogInit:  - bVerifyPeer = false  - Libcurl will NOT verify peer certificate
LogInit:  - bUseHttpProxy = false  - Libcurl will NOT use HTTP proxy
LogInit:  - bDontReuseConnections = false  - Libcurl will reuse connections
LogInit:  - CertBundlePath = nullptr  - Libcurl will use whatever was configured at build time.
LogInit:  - MaxHostConnections = 16  - Libcurl will limit the number of connections to a host
LogInit:  - LocalHostAddr = Default
LogInit:  - BufferSize = 65536
LogInit: WinSock: version 1.1 (2.2), MaxSocks=32767, MaxUdp=65467
LogInit: Build: ++UE4+Release-4.20-CL-4369336
LogInit: Engine Version: 4.20.3-4369336+++UE4+Release-4.20
LogInit: Compatible Engine Version: 4.20.0-4212847+++UE4+Release-4.20
LogInit: Net CL: 4212847
LogInit: OS: Windows 10 (), CPU: Intel(R) Core(TM) i7-6700HQ CPU @ 2.60GHz, GPU: Intel(R) HD Graphics 530
LogInit: Compiled (64-bit): Sep 17 2018 12:26:19
LogInit: Compiled with Visual C++: 19.13.26129.00
LogInit: Build Configuration: Development
LogInit: Branch Name: ++UE4+Release-4.20
LogInit: Command Line: 
LogInit: Base Directory: C:/Program Files/Epic Games/UE_4.20/Engine/Binaries/Win64/
LogInit: Installed Engine Build: 1
LogDevObjectVersion: Number of dev versions registered: 20
LogDevObjectVersion:   Dev-Blueprints (B0D832E4-1F89-4F0D-ACCF-7EB736FD4AA2): 10
LogDevObjectVersion:   Dev-Build (E1C64328-A22C-4D53-A36C-8E866417BD8C): 0
LogDevObjectVersion:   Dev-Core (375EC13C-06E4-48FB-B500-84F0262A717E): 2
LogDevObjectVersion:   Dev-Editor (E4B068ED-F494-42E9-A231-DA0B2E46BB41): 24
LogDevObjectVersion:   Dev-Framework (CFFC743F-43B0-4480-9391-14DF171D2073): 34
LogDevObjectVersion:   Dev-Mobile (B02B49B5-BB20-44E9-A304-32B752E40360): 2
LogDevObjectVersion:   Dev-Networking (A4E4105C-59A1-49B5-A7C5-40C4547EDFEE): 0
LogDevObjectVersion:   Dev-Online (39C831C9-5AE6-47DC-9A44-9C173E1C8E7C): 0
LogDevObjectVersion:   Dev-Physics (78F01B33-EBEA-4F98-B9B4-84EACCB95AA2): 0
LogDevObjectVersion:   Dev-Platform (6631380F-2D4D-43E0-8009-CF276956A95A): 0
LogDevObjectVersion:   Dev-Rendering (12F88B9F-8875-4AFC-A67C-D90C383ABD29): 26
LogDevObjectVersion:   Dev-Sequencer (7B5AE74C-D270-4C10-A958-57980B212A5A): 9
LogDevObjectVersion:   Dev-VR (D7296918-1DD6-4BDD-9DE2-64A83CC13884): 2
LogDevObjectVersion:   Dev-LoadTimes (C2A15278-BFE7-4AFE-6C17-90FF531DF755): 1
LogDevObjectVersion:   Private-Geometry (6EACA3D4-40EC-4CC1-B786-8BED09428FC5): 3
LogDevObjectVersion:   Dev-AnimPhys (29E575DD-E0A3-4627-9D10-D276232CDCEA): 17
LogDevObjectVersion:   Dev-ReflectionCapture (6B266CEC-1EC7-4B8F-A30B-E4D90942FC07): 1
LogDevObjectVersion:   Dev-Automation (0DF73D61-A23F-47EA-B727-89E90C41499A): 1
LogDevObjectVersion:   FortniteMain (601D1886-AC64-4F84-AA16-D3DE0DEAC7D6): 12
LogDevObjectVersion:   Dev-Enterprise (9DFFBCD6-494F-0158-E221-12823C92A888): 1
LogStreaming: Display: Took  0.001s to delete old logs.
LogInit: Presizing for max 8388607 objects, including 0 objects not considered by GC, pre-allocating 0 bytes for permanent pool.
LogInit: Object subsystem initialized
[2018.11.18-17.21.03:807][  0]LogInit: Selected Device Profile: [Windows]
[2018.11.18-17.21.03:807][  0]LogInit: Applying CVar settings loaded from the selected device profile: [Windows]
[2018.11.18-17.21.03:819][  0]LogHAL: Display: Platform has ~ 16 GB [16958464000 / 17179869184 / 16], which maps to Larger [LargestMinGB=32, LargerMinGB=12, DefaultMinGB=8, SmallerMinGB=6, SmallestMinGB=0)
[2018.11.18-17.21.03:819][  0]LogInit: Setting Device Profile CVar: [[r.Vulkan.UseRealUBs:1]]
[2018.11.18-17.21.03:819][  0]LogInit: Going up to parent DeviceProfile []
[2018.11.18-17.21.03:820][  0]LogInit: Computer: DELL-KIRSTEN
[2018.11.18-17.21.03:820][  0]LogInit: User: KirstenPilla
[2018.11.18-17.21.03:820][  0]LogInit: CPU Page size=4096, Cores=4
[2018.11.18-17.21.03:820][  0]LogInit: High frequency timer resolution =2.531249 MHz
[2018.11.18-17.21.03:820][  0]LogMemory: Memory total: Physical=15.8GB (16GB approx)
[2018.11.18-17.21.03:820][  0]LogMemory: Platform Memory Stats for Windows
[2018.11.18-17.21.03:820][  0]LogMemory: Process Physical Memory: 99.80 MB used, 99.80 MB peak
[2018.11.18-17.21.03:820][  0]LogMemory: Process Virtual Memory: 91.11 MB used, 91.11 MB peak
[2018.11.18-17.21.03:820][  0]LogMemory: Physical Memory: 9363.74 MB used,  6809.11 MB free, 16172.85 MB total
[2018.11.18-17.21.03:820][  0]LogMemory: Virtual Memory: 4640.45 MB used,  6809.11 MB free, 134217728.00 MB total
[2018.11.18-17.21.03:855][  0]LogInit: Using OS detected language (en-US).
[2018.11.18-17.21.03:855][  0]LogInit: Using OS detected locale (en-US).
[2018.11.18-17.21.03:856][  0]LogTextLocalizationManager: No specific localization for 'en-US' exists, so the 'en' localization will be used.
[2018.11.18-17.21.04:384][  0]LogStreaming: Display: Took  0.529s to InitEngineTextLocalization.
[2018.11.18-17.21.04:384][  0]LogInit: Setting process to per monitor DPI aware
[2018.11.18-17.21.04:422][  0]LogSlate: New Slate User Created.  User Index 0, Is Virtual User: 0
[2018.11.18-17.21.04:422][  0]LogSlate: Slate User Registered.  User Index 0, Is Virtual User: 0
[2018.11.18-17.21.04:768][  0]LogHMD: Failed to initialize OpenVR with code 110
[2018.11.18-17.21.04:768][  0]LogD3D11RHI: D3D11 adapters:
[2018.11.18-17.21.04:837][  0]LogD3D11RHI:    0. 'NVIDIA GeForce GTX 960M' (Feature Level 11_0)
[2018.11.18-17.21.04:837][  0]LogD3D11RHI:       2010/0/8086 MB DedicatedVideo/DedicatedSystem/SharedSystem, Outputs:1, VendorId:0x10de
[2018.11.18-17.21.04:849][  0]LogD3D11RHI:    1. 'Intel(R) HD Graphics 530' (Feature Level 11_0)
[2018.11.18-17.21.04:849][  0]LogD3D11RHI:       128/0/8086 MB DedicatedVideo/DedicatedSystem/SharedSystem, Outputs:0, VendorId:0x8086
[2018.11.18-17.21.04:852][  0]LogD3D11RHI:    2. 'Microsoft Basic Render Driver' (Feature Level 11_0)
[2018.11.18-17.21.04:852][  0]LogD3D11RHI:       0/0/8086 MB DedicatedVideo/DedicatedSystem/SharedSystem, Outputs:0, VendorId:0x1414
[2018.11.18-17.21.04:852][  0]LogD3D11RHI: Chosen D3D11 Adapter: 0
[2018.11.18-17.21.04:926][  0]LogD3D11RHI: Creating new Direct3DDevice
[2018.11.18-17.21.04:926][  0]LogD3D11RHI:     GPU DeviceId: 0x139b (for the marketing name, search the web for "GPU Device Id")
[2018.11.18-17.21.04:926][  0]LogWindows: EnumDisplayDevices:
[2018.11.18-17.21.04:926][  0]LogWindows:    0. 'Intel(R) HD Graphics 530' (P:1 D:1)
[2018.11.18-17.21.04:927][  0]LogWindows:    1. 'Intel(R) HD Graphics 530' (P:0 D:0)
[2018.11.18-17.21.04:927][  0]LogWindows:    2. 'Intel(R) HD Graphics 530' (P:0 D:0)
[2018.11.18-17.21.04:927][  0]LogWindows: DebugString: PrimaryIsNotTheChoosenAdapter PrimaryIsNotTheChoosenAdapter PrimaryIsNotTheChoosenAdapter FoundDriverCount:0 
[2018.11.18-17.21.04:927][  0]LogD3D11RHI:     Adapter Name: NVIDIA GeForce GTX 960M
[2018.11.18-17.21.04:927][  0]LogD3D11RHI:   Driver Version: Unknown (internal:Unknown, unified:Unknown)
[2018.11.18-17.21.04:927][  0]LogD3D11RHI:      Driver Date: Unknown
[2018.11.18-17.21.04:927][  0]LogRHI: Texture pool is 1407 MB (70% of 2010 MB)
[2018.11.18-17.21.04:978][  0]LogD3D11RHI: Async texture creation enabled
[2018.11.18-17.21.04:995][  0]LogD3D11RHI: GPU Timing Frequency: 1000.000000 (Debug: 2 2)
[2018.11.18-17.21.04:996][  0]LogShaderCompilers: Guid format shader working directory is -10 characters bigger than the processId version (../../../../../../Game Dev1/Unreal/GameDev1Project4/UnrealHouse/Intermediate/Shaders/WorkingDirectory/34356/).
[2018.11.18-17.21.04:996][  0]LogShaderCompilers: Cleaned the shader compiler working directory 'C:/Users/Kirsten Pilla/AppData/Local/Temp/UnrealShaderWorkingDir/6DC88FBD4A343101A4B98A81C561067C/'.
[2018.11.18-17.21.05:359][  0]LogTemp: Display: Loaded TP AllDesktopTargetPlatform
[2018.11.18-17.21.05:373][  0]LogTemp: Display: Loaded TP MacClientTargetPlatform
[2018.11.18-17.21.05:394][  0]LogTemp: Display: Loaded TP MacNoEditorTargetPlatform
[2018.11.18-17.21.05:409][  0]LogTemp: Display: Loaded TP MacServerTargetPlatform
[2018.11.18-17.21.05:425][  0]LogTemp: Display: Loaded TP MacTargetPlatform
[2018.11.18-17.21.05:441][  0]LogTemp: Display: Loaded TP WindowsClientTargetPlatform
[2018.11.18-17.21.05:457][  0]LogTemp: Display: Loaded TP WindowsNoEditorTargetPlatform
[2018.11.18-17.21.05:473][  0]LogTemp: Display: Loaded TP WindowsServerTargetPlatform
[2018.11.18-17.21.05:486][  0]LogTemp: Display: Loaded TP WindowsTargetPlatform
[2018.11.18-17.21.05:598][  0]LogTemp: Display: Loaded TP AndroidTargetPlatform
[2018.11.18-17.21.05:598][  0]LogTemp: Display: Loaded TP AndroidTargetPlatform
[2018.11.18-17.21.05:598][  0]LogTemp: Display: Loaded TP AndroidTargetPlatform
[2018.11.18-17.21.05:598][  0]LogTemp: Display: Loaded TP AndroidTargetPlatform
[2018.11.18-17.21.05:598][  0]LogTemp: Display: Loaded TP AndroidTargetPlatform
[2018.11.18-17.21.05:598][  0]LogTemp: Display: Loaded TP AndroidTargetPlatform
[2018.11.18-17.21.05:598][  0]LogTemp: Display: Loaded TP AndroidTargetPlatform
[2018.11.18-17.21.05:598][  0]LogTemp: Display: Loaded TP AndroidTargetPlatform
[2018.11.18-17.21.05:598][  0]LogTemp: Display: Loaded TP AndroidTargetPlatform
[2018.11.18-17.21.05:598][  0]LogTemp: Display: Loaded TP AndroidTargetPlatform
[2018.11.18-17.21.05:598][  0]LogTemp: Display: Loaded TP AndroidTargetPlatform
[2018.11.18-17.21.05:598][  0]LogTemp: Display: Loaded TP AndroidTargetPlatform
[2018.11.18-17.21.05:598][  0]LogTemp: Display: Loaded TP AndroidTargetPlatform
[2018.11.18-17.21.05:598][  0]LogTemp: Display: Loaded TP AndroidTargetPlatform
[2018.11.18-17.21.05:598][  0]LogTemp: Display: Loaded TP AndroidTargetPlatform
[2018.11.18-17.21.05:598][  0]LogTemp: Display: Loaded TP AndroidTargetPlatform
[2018.11.18-17.21.05:598][  0]LogTemp: Display: Loaded TP AndroidTargetPlatform
[2018.11.18-17.21.05:598][  0]LogTemp: Display: Loaded TP AndroidTargetPlatform
[2018.11.18-17.21.05:600][  0]LogTemp: Display: Loaded TP HTML5TargetPlatform
[2018.11.18-17.21.05:667][  0]LogTemp: Display: Loaded TP IOSTargetPlatform
[2018.11.18-17.21.05:667][  0]LogTemp: Display: Loaded TP IOSTargetPlatform
[2018.11.18-17.21.05:696][  0]LogTemp: Display: Loaded TP TVOSTargetPlatform
[2018.11.18-17.21.05:696][  0]LogTemp: Display: Loaded TP TVOSTargetPlatform
[2018.11.18-17.21.05:714][  0]LogTemp: Display: Loaded TP LinuxClientTargetPlatform
[2018.11.18-17.21.05:728][  0]LogTemp: Display: Loaded TP LinuxNoEditorTargetPlatform
[2018.11.18-17.21.05:742][  0]LogTemp: Display: Loaded TP LinuxServerTargetPlatform
[2018.11.18-17.21.05:758][  0]LogTemp: Display: Loaded TP LinuxTargetPlatform
[2018.11.18-17.21.05:770][  0]LogTemp: Display: Loaded TP LuminTargetPlatform
[2018.11.18-17.21.05:771][  0]LogTargetPlatformManager: Display: Building Assets For Windows
[2018.11.18-17.21.05:856][  0]LogXGEController: Cannot use XGE Controller as Incredibuild is not installed on this machine.
[2018.11.18-17.21.05:856][  0]LogShaderCompilers: Cannot use XGE Shader Compiler as Incredibuild is not installed on this machine.
[2018.11.18-17.21.05:856][  0]LogShaderCompilers: Display: Using Local Shader Compiler.
[2018.11.18-17.21.06:904][  0]LogDerivedDataCache: Display: Max Cache Size: 512 MB
[2018.11.18-17.21.06:970][  0]LogDerivedDataCache: Loaded boot cache 0.07s 71MB C:/Users/Kirsten Pilla/AppData/Local/UnrealEngine/4.20/DerivedDataCache/Boot.ddc.
[2018.11.18-17.21.06:971][  0]LogDerivedDataCache: Display: Loaded Boot cache: C:/Users/Kirsten Pilla/AppData/Local/UnrealEngine/4.20/DerivedDataCache/Boot.ddc
[2018.11.18-17.21.06:971][  0]LogDerivedDataCache: FDerivedDataBackendGraph:  Pak pak cache file ../../../../../../Game Dev1/Unreal/GameDev1Project4/UnrealHouse/DerivedDataCache/DDC.ddp not found, will not use a pak cache.
[2018.11.18-17.21.06:971][  0]LogDerivedDataCache: Unable to find inner node Pak for hierarchical cache Hierarchy.
[2018.11.18-17.21.06:971][  0]LogDerivedDataCache: FDerivedDataBackendGraph:  CompressedPak pak cache file ../../../../../../Game Dev1/Unreal/GameDev1Project4/UnrealHouse/DerivedDataCache/Compressed.ddp not found, will not use a pak cache.
[2018.11.18-17.21.06:971][  0]LogDerivedDataCache: Unable to find inner node CompressedPak for hierarchical cache Hierarchy.
[2018.11.18-17.21.06:986][  0]LogDerivedDataCache: Display: Pak cache opened for reading ../../../Engine/DerivedDataCache/Compressed.ddp.
[2018.11.18-17.21.06:999][  0]LogDerivedDataCache: Using Local data cache path C:/Users/Kirsten Pilla/AppData/Local/UnrealEngine/Common/DerivedDataCache: Writable
[2018.11.18-17.21.06:999][  0]LogDerivedDataCache: Shared data cache path not found in *engine.ini, will not use an Shared cache.
[2018.11.18-17.21.06:999][  0]LogDerivedDataCache: Unable to find inner node Shared for hierarchical cache Hierarchy.
[2018.11.18-17.21.07:019][  0]LogMaterial: Verifying Global Shaders for PCD3D_SM5
[2018.11.18-17.21.07:021][  0]LogSlate: Using FreeType 2.6.0
[2018.11.18-17.21.07:022][  0]LogSlate: SlateFontServices - WITH_FREETYPE: 1, WITH_HARFBUZZ: 1
[2018.11.18-17.21.07:113][  0]LogAssetRegistry: FAssetRegistry took 0.0274 seconds to start up
[2018.11.18-17.21.07:518][  0]LogInit: Selected Device Profile: [Windows]
[2018.11.18-17.21.07:707][  0]LogSimplygon: Simplygon DLL not present - disabling.
[2018.11.18-17.21.07:714][  0]LogMeshReduction: Using SimplygonSwarm for distributed automatic mesh merging
[2018.11.18-17.21.07:714][  0]LogMeshReduction: Using ProxyLODMeshReduction for automatic mesh merging
[2018.11.18-17.21.07:714][  0]LogMeshReduction: Using QuadricMeshReduction for automatic static mesh reduction
[2018.11.18-17.21.07:714][  0]LogMeshReduction: No automatic skeletal mesh reduction module available
[2018.11.18-17.21.07:744][  0]LogNetVersion: UnrealHouse 1.0.0, NetCL: 4212847, EngineNetVer: 5, GameNetVer: 0 (Checksum: 3536387037)
[2018.11.18-17.21.08:483][  0]LogPackageLocalizationCache: Processed 11 localized package path(s) for 2 prioritized culture(s) in 0.195678 seconds
[2018.11.18-17.21.08:491][  0]LogUObjectArray: 38425 objects as part of root set at end of initial load.
[2018.11.18-17.21.08:491][  0]LogUObjectAllocator: 6690864 out of 0 bytes used by permanent object pool.
[2018.11.18-17.21.08:491][  0]LogUObjectArray: CloseDisregardForGC: 0/0 objects in disregard for GC pool
[2018.11.18-17.21.09:628][  0]LogTcpMessaging: Initializing TcpMessaging bridge
[2018.11.18-17.21.09:641][  0]LogUdpMessaging: Initializing bridge on interface 0.0.0.0:0 to multicast group 230.0.0.1:6666.
[2018.11.18-17.21.09:814][  0]SourceControl: Source control is disabled
[2018.11.18-17.21.09:814][  0]SourceControl: Source control is disabled
[2018.11.18-17.21.09:817][  0]SourceControl: Source control is disabled
[2018.11.18-17.21.09:819][  0]SourceControl: Source control is disabled
[2018.11.18-17.21.10:038][  0]LogAndroidPermission: UAndroidPermissionCallbackProxy::GetInstance
[2018.11.18-17.21.10:162][  0]LogOcInput: OculusInput pre-init called
[2018.11.18-17.21.10:248][  0]LogEngine: Initializing Engine...
[2018.11.18-17.21.10:249][  0]LogHMD: Failed to initialize OpenVR with code 110
[2018.11.18-17.21.10:251][  0]LogStats: UGameplayTagsManager::ConstructGameplayTagTree: ImportINI prefixes -  0.000 s
[2018.11.18-17.21.10:251][  0]LogStats: UGameplayTagsManager::ConstructGameplayTagTree: Construct from data asset -  0.000 s
[2018.11.18-17.21.10:251][  0]LogStats: UGameplayTagsManager::ConstructGameplayTagTree: ImportINI -  0.000 s
[2018.11.18-17.21.10:251][  0]LogStats: UGameplayTagsManager::ConstructGameplayTagTree: GameplayTagTreeChangedEvent.Broadcast -  0.000 s
[2018.11.18-17.21.10:551][  0]LogInit: Initializing FReadOnlyCVARCache
[2018.11.18-17.21.10:570][  0]LogAIModule: Creating AISystem for world Untitled
[2018.11.18-17.21.10:606][  0]LogInit: XAudio2 using 'Speakers / Headphones (Realtek Audio)' : 2 channels at 48 kHz using 32 bits per sample (channel mask 0x3)
[2018.11.18-17.21.10:650][  0]LogInit: FAudioDevice initialized.
[2018.11.18-17.21.10:651][  0]LogNetVersion: Set ProjectVersion to 1.0.0.0. Version Checksum will be recalculated on next use.
[2018.11.18-17.21.10:707][  0]LogDerivedDataCache: Saved boot cache 0.06s 71MB C:/Users/Kirsten Pilla/AppData/Local/UnrealEngine/4.20/DerivedDataCache/Boot.ddc.
[2018.11.18-17.21.10:713][  0]LogInit: Texture streaming: Enabled
[2018.11.18-17.21.10:741][  0]LogEngineSessionManager: EngineSessionManager initialized
[2018.11.18-17.21.10:794][  0]LogInit: Transaction tracking system initialized
[2018.11.18-17.21.10:831][  0]BlueprintLog: New page: Editor Load
[2018.11.18-17.21.10:949][  0]LocalizationService: Localization service is disabled
[2018.11.18-17.21.11:027][  0]LogLinker: Warning: Can't find file '/Game/ThirdPersonBP/ThirdPersonOverview'
[2018.11.18-17.21.11:027][  0]LogLinker: Warning: Can't find file '/Game/ThirdPersonBP/ThirdPersonOverview'
[2018.11.18-17.21.11:027][  0]LogUObjectGlobals: Warning: Failed to find object 'Class /Game/ThirdPersonBP/ThirdPersonOverview.ThirdPersonOverview_C'
[2018.11.18-17.21.11:323][  0]LogCook: Display: Max memory allowance for cook 16384mb min free memory 0mb
[2018.11.18-17.21.11:323][  0]LogCook: Display: Mobile HDR setting 1
[2018.11.18-17.21.11:323][  0]LogGameplayTags: Display: UGameplayTagsManager::DoneAddingNativeTags. DelegateIsBound: 0
[2018.11.18-17.21.11:323][  0]LogStats: UGameplayTagsManager::ConstructGameplayTagTree: ImportINI prefixes -  0.000 s
[2018.11.18-17.21.11:323][  0]LogStats: UGameplayTagsManager::ConstructGameplayTagTree: Construct from data asset -  0.000 s
[2018.11.18-17.21.11:323][  0]LogStats: UGameplayTagsManager::ConstructGameplayTagTree: ImportINI -  0.000 s
[2018.11.18-17.21.11:324][  0]LogStats: UGameplayTagsManager::ConstructGameplayTagTree: GameplayTagTreeChangedEvent.Broadcast -  0.000 s
[2018.11.18-17.21.11:429][  0]LogFileCache: Scanning file cache for directory 'C:/Game Dev1/Unreal/GameDev1Project4/UnrealHouse/Content/' took 0.02s
[2018.11.18-17.21.11:501][  0]SourceControl: Source control is disabled
[2018.11.18-17.21.11:502][  0]Cmd: MAP LOAD FILE="../../../../../../Game Dev1/Unreal/GameDev1Project4/UnrealHouse/Content/FirstPersonBP/Maps/FirstPersonExampleMap.umap" TEMPLATE=0 SHOWPROGRESS=1 FEATURELEVEL=3
[2018.11.18-17.21.11:502][  0]LightingResults: New page: Lighting Build
[2018.11.18-17.21.11:507][  0]MapCheck: New page: Map Check
[2018.11.18-17.21.11:507][  0]LightingResults: New page: Lighting Build
[2018.11.18-17.21.12:288][  0]LogAIModule: Creating AISystem for world FirstPersonExampleMap
[2018.11.18-17.21.12:304][  0]LogEditorServer: Finished looking for orphan Actors (0.000 secs)
[2018.11.18-17.21.12:335][  0]Cmd: MAP CHECKDEP NOCLEARLOG
[2018.11.18-17.21.12:494][  0]MapCheck: Map check complete: 0 Error(s), 0 Warning(s), took 159.276ms to complete.
[2018.11.18-17.21.12:494][  0]LogFileHelpers: Loading map 'FirstPersonExampleMap' took 0.994
[2018.11.18-17.21.12:620][  0]LogSlate: Updating window title bar state: overlay mode, drag disabled, window buttons hidden, title bar hidden
[2018.11.18-17.21.12:636][  0]LogSlate: Updating window title bar state: overlay mode, drag disabled, window buttons hidden, title bar hidden
[2018.11.18-17.21.12:649][  0]LogSlate: Updating window title bar state: overlay mode, drag disabled, window buttons hidden, title bar hidden
[2018.11.18-17.21.12:663][  0]LogSlate: Updating window title bar state: overlay mode, drag disabled, window buttons hidden, title bar hidden
[2018.11.18-17.21.12:674][  0]LogCollectionManager: Loaded 0 collections in 0.002552 seconds
[2018.11.18-17.21.12:723][  0]LogFileCache: Scanning file cache for directory 'C:/Game Dev1/Unreal/GameDev1Project4/UnrealHouse/Saved/Collections/' took 0.01s
[2018.11.18-17.21.12:723][  0]LogFileCache: Scanning file cache for directory 'C:/Game Dev1/Unreal/GameDev1Project4/UnrealHouse/Content/Developers/KirstenPilla/Collections/' took 0.01s
[2018.11.18-17.21.12:723][  0]LogFileCache: Scanning file cache for directory 'C:/Game Dev1/Unreal/GameDev1Project4/UnrealHouse/Content/Collections/' took 0.01s
[2018.11.18-17.21.12:723][  0]LogCollectionManager: Rebuilt the GUID cache for 0 collections in 0.000000 seconds
[2018.11.18-17.21.12:740][  0]LogContentBrowser: Native class hierarchy populated in 0.0166 seconds. Added 2572 classes and 603 folders.
[2018.11.18-17.21.12:750][  0]LogContentBrowser: Native class hierarchy updated for 'WidgetCarousel' in 0.0004 seconds. Added 0 classes and 0 folders.
[2018.11.18-17.21.12:828][  0]LogContentBrowser: Native class hierarchy updated for 'AddContentDialog' in 0.0003 seconds. Added 0 classes and 0 folders.
[2018.11.18-17.21.12:836][  0]LogContentBrowser: Native class hierarchy updated for 'SceneOutliner' in 0.0004 seconds. Added 1 classes and 2 folders.
[2018.11.18-17.21.12:858][  0]LogSlate: Took 0.000310 seconds to synchronously load lazily loaded font '../../../Engine/Content/Slate/Fonts/Roboto-Regular.ttf' (155K)
[2018.11.18-17.21.12:861][  0]LogSlate: Took 0.000260 seconds to synchronously load lazily loaded font '../../../Engine/Content/Slate/Fonts/Roboto-Bold.ttf' (160K)
[2018.11.18-17.21.12:868][  0]LogSlate: Took 0.000382 seconds to synchronously load lazily loaded font '../../../Engine/Content/Editor/Slate/Fonts/FontAwesome.ttf' (139K)
[2018.11.18-17.21.12:990][  0]LogRenderer: Reallocating scene render targets to support 828x440 Format 10 NumSamples 1 (Frame:1).
[2018.11.18-17.21.13:149][  0]LogContentBrowser: Native class hierarchy updated for 'HierarchicalLODOutliner' in 0.0003 seconds. Added 0 classes and 0 folders.
[2018.11.18-17.21.13:149][  0]LogLoad: (Engine Initialization) Total time: 11.70 seconds
[2018.11.18-17.21.13:149][  0]LogLoad: (Engine Initialization) Total Blueprint compile time: 0.00 seconds
[2018.11.18-17.21.13:167][  0]LogWindowsTextInputMethodSystem: Display: IME system now deactivated.
[2018.11.18-17.21.13:191][  0]LogContentStreaming: Texture pool size now 1000 MB
[2018.11.18-17.21.13:206][  0]LogSlate: Took 0.000213 seconds to synchronously load lazily loaded font '../../../Engine/Content/Slate/Fonts/Roboto-Light.ttf' (167K)
[2018.11.18-17.21.13:222][  1]LogAssetRegistry: Asset discovery search completed in 6.1320 seconds
[2018.11.18-17.21.13:224][  1]LogCollectionManager: Rebuilt the object cache for 0 collections in 0.000000 seconds (found 0 objects)
[2018.11.18-17.21.13:224][  1]LogCollectionManager: Fixed up redirectors for 0 collections in 0.000053 seconds (updated 0 objects)
[2018.11.18-17.21.15:919][146]LogSlate: FSceneViewport::OnFocusLost() reason 0
[2018.11.18-17.21.16:019][152]LogTemp: Repeating last play command: Selected Viewport
[2018.11.18-17.21.16:030][152]LogBlueprintUserMessages: Early PlayInEditor Detection: Level '/Game/FirstPersonBP/Maps/FirstPersonExampleMap.FirstPersonExampleMap:PersistentLevel' has LevelScriptBlueprint '/Game/FirstPersonBP/Maps/FirstPersonExampleMap.FirstPersonExampleMap:PersistentLevel.FirstPersonExampleMap' with GeneratedClass '/Game/FirstPersonBP/Maps/FirstPersonExampleMap.FirstPersonExampleMap_C' with ClassGeneratedBy '/Game/FirstPersonBP/Maps/FirstPersonExampleMap.FirstPersonExampleMap:PersistentLevel.FirstPersonExampleMap'
[2018.11.18-17.21.16:030][152]LogPlayLevel: PlayLevel: No blueprints needed recompiling
[2018.11.18-17.21.16:043][152]PIE: New page: PIE session: FirstPersonExampleMap (Nov 18, 2018, 7:21:16 AM)
[2018.11.18-17.21.16:043][152]LogPlayLevel: Creating play world package: /Game/FirstPersonBP/Maps/UEDPIE_0_FirstPersonExampleMap
[2018.11.18-17.21.16:064][152]LogPlayLevel: PIE: StaticDuplicateObject took: (0.021054s)
[2018.11.18-17.21.16:065][152]LogAIModule: Creating AISystem for world FirstPersonExampleMap
[2018.11.18-17.21.16:066][152]LogPlayLevel: PIE: World Init took: (0.001047s)
[2018.11.18-17.21.16:066][152]LogPlayLevel: PIE: Created PIE world by copying editor world from /Game/FirstPersonBP/Maps/FirstPersonExampleMap.FirstPersonExampleMap to /Game/FirstPersonBP/Maps/UEDPIE_0_FirstPersonExampleMap.FirstPersonExampleMap (0.022286s)
[2018.11.18-17.21.16:096][152]LogInit: XAudio2 using 'Speakers / Headphones (Realtek Audio)' : 2 channels at 48 kHz using 32 bits per sample (channel mask 0x3)
[2018.11.18-17.21.16:128][152]LogInit: FAudioDevice initialized.
[2018.11.18-17.21.16:168][152]LogLoad: Game class is 'FirstPersonGameMode_C'
[2018.11.18-17.21.16:171][152]LogWorld: Bringing World /Game/FirstPersonBP/Maps/UEDPIE_0_FirstPersonExampleMap.FirstPersonExampleMap up for play (max tick rate 60) at 2018.11.18-12.21.16
[2018.11.18-17.21.16:172][152]LogWorld: Bringing up level for play took: 0.002564
[2018.11.18-17.21.16:190][152]LogContentBrowser: Native class hierarchy updated for 'MovieSceneCapture' in 0.0004 seconds. Added 10 classes and 0 folders.
[2018.11.18-17.21.16:191][152]PIE: Play in editor start time for /Game/FirstPersonBP/Maps/UEDPIE_0_FirstPersonExampleMap 0.89
[2018.11.18-17.21.16:191][152]LogBlueprintUserMessages: Late PlayInEditor Detection: Level '/Game/FirstPersonBP/Maps/FirstPersonExampleMap.FirstPersonExampleMap:PersistentLevel' has LevelScriptBlueprint '/Game/FirstPersonBP/Maps/FirstPersonExampleMap.FirstPersonExampleMap:PersistentLevel.FirstPersonExampleMap' with GeneratedClass '/Game/FirstPersonBP/Maps/FirstPersonExampleMap.FirstPersonExampleMap_C' with ClassGeneratedBy '/Game/FirstPersonBP/Maps/FirstPersonExampleMap.FirstPersonExampleMap:PersistentLevel.FirstPersonExampleMap'
[2018.11.18-17.21.22:684][537]LogAssetEditorManager: Opening Asset editor for Blueprint /Game/FirstPersonBP/Main.Main
[2018.11.18-17.21.23:229][537]LogContentBrowser: Native class hierarchy updated for 'BlueprintGraph' in 0.0007 seconds. Added 116 classes and 0 folders.
[2018.11.18-17.21.26:051][639]LogSlate: Window 'Main' being destroyed
[2018.11.18-17.21.26:059][639]LogSlate: Window 'Main' being destroyed
[2018.11.18-17.21.39:720][390]LogSlate: FSceneViewport::OnFocusLost() reason 0
[2018.11.18-17.21.39:920][402]LogAssetEditorManager: Opening Asset editor for Blueprint /Game/FirstPersonBP/Main.Main
[2018.11.18-17.21.46:799][782]Cmd: OBJ SAVEPACKAGE PACKAGE="/Game/FirstPersonBP/Main" FILE="../../../../../../Game Dev1/Unreal/GameDev1Project4/UnrealHouse/Content/FirstPersonBP/Main.uasset" SILENT=true
[2018.11.18-17.21.46:822][782]LogSavePackage: Moving '../../../../../../Game Dev1/Unreal/GameDev1Project4/UnrealHouse/Saved/Main98BB925F47925C6848F78C8001C87704.tmp' to '../../../../../../Game Dev1/Unreal/GameDev1Project4/UnrealHouse/Content/FirstPersonBP/Main.uasset'
[2018.11.18-17.21.49:007][913]Cmd: OBJ SAVEPACKAGE PACKAGE="/Game/FirstPersonBP/Main" FILE="../../../../../../Game Dev1/Unreal/GameDev1Project4/UnrealHouse/Content/FirstPersonBP/Main.uasset" SILENT=true
[2018.11.18-17.21.49:024][913]LogSavePackage: Moving '../../../../../../Game Dev1/Unreal/GameDev1Project4/UnrealHouse/Saved/Main0376534B4627E7B7E46912B770B1923C.tmp' to '../../../../../../Game Dev1/Unreal/GameDev1Project4/UnrealHouse/Content/FirstPersonBP/Main.uasset'
[2018.11.18-17.21.50:975][ 30]LogSlate: Window 'Main' being destroyed
[2018.11.18-17.21.50:982][ 30]LogSlate: Window 'Main' being destroyed
[2018.11.18-17.21.55:393][287]LogBlueprintUserMessages: Early EndPlayMap Detection: Level '/Game/FirstPersonBP/Maps/FirstPersonExampleMap.FirstPersonExampleMap:PersistentLevel' has LevelScriptBlueprint '/Game/FirstPersonBP/Maps/FirstPersonExampleMap.FirstPersonExampleMap:PersistentLevel.FirstPersonExampleMap' with GeneratedClass '/Game/FirstPersonBP/Maps/FirstPersonExampleMap.FirstPersonExampleMap_C' with ClassGeneratedBy '/Game/FirstPersonBP/Maps/FirstPersonExampleMap.FirstPersonExampleMap:PersistentLevel.FirstPersonExampleMap'
[2018.11.18-17.21.55:393][287]LogSlate: Updating window title bar state: overlay mode, drag disabled, window buttons hidden, title bar hidden
[2018.11.18-17.21.55:428][287]LogPlayLevel: Display: Shutting down PIE online subsystems
[2018.11.18-17.21.55:428][287]LogBlueprintUserMessages: Late EndPlayMap Detection: Level '/Game/FirstPersonBP/Maps/FirstPersonExampleMap.FirstPersonExampleMap:PersistentLevel' has LevelScriptBlueprint '/Game/FirstPersonBP/Maps/FirstPersonExampleMap.FirstPersonExampleMap:PersistentLevel.FirstPersonExampleMap' with GeneratedClass '/Game/FirstPersonBP/Maps/FirstPersonExampleMap.FirstPersonExampleMap_C' with ClassGeneratedBy '/Game/FirstPersonBP/Maps/FirstPersonExampleMap.FirstPersonExampleMap:PersistentLevel.FirstPersonExampleMap'
[2018.11.18-17.21.55:461][287]LogSlate: Updating window title bar state: overlay mode, drag disabled, window buttons hidden, title bar hidden
[2018.11.18-17.21.55:523][288]LogPlayLevel: Display: Destroying online subsystem :Context_1
[2018.11.18-17.21.56:371][333]LogEditorViewport: Clicking on Actor (LMB): StaticMeshActor (Wall1)
[2018.11.18-17.22.00:114][554]LogSlate: FSceneViewport::OnFocusLost() reason 0
[2018.11.18-17.22.15:483][462]LogSlate: Took 0.000254 seconds to synchronously load lazily loaded font '../../../Engine/Content/Slate/Fonts/Roboto-Light.ttf' (167K)
[2018.11.18-17.22.31:629][426]Cmd: TRANSACTION UNDO
[2018.11.18-17.22.31:629][426]LogEditorTransaction: Undo Delete selection
[2018.11.18-17.22.31:647][426]LogActorComponent: ~FComponentReregisterContext: (/Game/FirstPersonBP/Maps/FirstPersonExampleMap.FirstPersonExampleMap:PersistentLevel.Floor_16.StaticMeshComponent0) Component already registered.
[2018.11.18-17.22.35:751][671]Cmd: TRANSACTION UNDO
[2018.11.18-17.22.35:751][671]LogEditorTransaction: Undo Delete selection
[2018.11.18-17.22.35:762][671]LogActorComponent: ~FComponentReregisterContext: (/Game/FirstPersonBP/Maps/FirstPersonExampleMap.FirstPersonExampleMap:PersistentLevel.EditorCube9_3.StaticMeshComponent0) Component already registered.
[2018.11.18-17.22.35:763][671]LogActorComponent: ~FComponentReregisterContext: (/Game/FirstPersonBP/Maps/FirstPersonExampleMap.FirstPersonExampleMap:PersistentLevel.Wall1_17.StaticMeshComponent0) Component already registered.
[2018.11.18-17.22.40:393][948]Cmd: TRANSACTION UNDO
[2018.11.18-17.22.40:393][948]LogEditorTransaction: Undo Delete selection
[2018.11.18-17.22.40:405][948]LogActorComponent: ~FComponentReregisterContext: (/Game/FirstPersonBP/Maps/FirstPersonExampleMap.FirstPersonExampleMap:PersistentLevel.EditorCube9_3.StaticMeshComponent0) Component already registered.
[2018.11.18-17.22.40:405][948]LogActorComponent: ~FComponentReregisterContext: (/Game/FirstPersonBP/Maps/FirstPersonExampleMap.FirstPersonExampleMap:PersistentLevel.Wall1_17.StaticMeshComponent0) Component already registered.
[2018.11.18-17.22.44:414][188]Cmd: TRANSACTION UNDO
[2018.11.18-17.22.44:414][188]LogEditorTransaction: Undo Delete selection
[2018.11.18-17.22.49:698][503]LogEditorActor: Deleted Actor: TextRenderActor
[2018.11.18-17.22.49:735][503]LogEditorActor: Deleted 1 Actors (0.041 secs)
[2018.11.18-17.22.53:317][718]LogSlate: FSceneViewport::OnFocusLost() reason 0
[2018.11.18-17.22.53:717][741]LogAssetEditorManager: Opening Asset editor for Blueprint /Game/FirstPersonBP/FirstPersonOverview.FirstPersonOverview
[2018.11.18-17.22.56:029][846]LogSlate: Window 'FirstPersonOverview' being destroyed
[2018.11.18-17.22.56:036][846]LogSlate: Window 'FirstPersonOverview' being destroyed
[2018.11.18-17.23.02:812][249]LogSlate: FSceneViewport::OnFocusLost() reason 0
[2018.11.18-17.23.03:006][260]LogAssetEditorManager: Opening Asset editor for Blueprint /Game/FirstPersonBP/Main.Main
[2018.11.18-17.23.13:752][870]Cmd: TRANSACTION UNDO
[2018.11.18-17.23.13:752][870]LogEditorTransaction: Undo Delete selection
[2018.11.18-17.23.16:611][ 39]LogSlate: FSceneViewport::OnFocusLost() reason 0
[2018.11.18-17.23.16:786][ 49]LogAssetEditorManager: Opening Asset editor for Blueprint /Game/FirstPersonBP/FirstPersonOverview.FirstPersonOverview
[2018.11.18-17.23.20:529][161]LogSlate: Window 'FirstPersonOverview' being destroyed
[2018.11.18-17.23.20:536][161]LogSlate: Window 'FirstPersonOverview' being destroyed
[2018.11.18-17.23.36:244][881]LogAIModule: Creating AISystem for world FirstPersonExampleMap_2
[2018.11.18-17.23.42:691][245]LogMetaData: Removing '/Game/FirstPersonBP/Maps/MAin.SKEL_MAin_C' ref from Metadata '/Game/FirstPersonBP/Maps/FirstPersonExampleMap_2.PackageMetaData'
[2018.11.18-17.23.42:691][245]LogMetaData: Removing '/Game/FirstPersonBP/Maps/MAin.MAin_C' ref from Metadata '/Game/FirstPersonBP/Maps/FirstPersonExampleMap_2.PackageMetaData'
[2018.11.18-17.23.42:733][245]Cmd: OBJ SAVEPACKAGE PACKAGE="/Game/FirstPersonBP/Maps/MAin_BuiltData" FILE="../../../../../../Game Dev1/Unreal/GameDev1Project4/UnrealHouse/Content/FirstPersonBP/Maps/MAin_BuiltData.uasset" SILENT=true
[2018.11.18-17.23.43:874][245]LogSavePackage: Moving '../../../../../../Game Dev1/Unreal/GameDev1Project4/UnrealHouse/Saved/MAin_BuiltDataB8AF2BE94840762433461E913836615E.tmp' to '../../../../../../Game Dev1/Unreal/GameDev1Project4/UnrealHouse/Content/FirstPersonBP/Maps/MAin_BuiltData.uasset'
[2018.11.18-17.23.44:257][245]LogSavePackage: Moving '../../../../../../Game Dev1/Unreal/GameDev1Project4/UnrealHouse/Saved/MAin96AD6A3A44EAFFDD6377859DCBB62351.tmp' to '../../../../../../Game Dev1/Unreal/GameDev1Project4/UnrealHouse/Content/FirstPersonBP/Maps/MAin.umap'
[2018.11.18-17.23.44:272][245]LogFileHelpers: Saving map 'MAin' took 0.384
[2018.11.18-17.23.48:861][478]Cmd: OBJ SAVEPACKAGE PACKAGE="/Game/FirstPersonBP/Maps/MAin_BuiltData" FILE="../../../../../../Game Dev1/Unreal/GameDev1Project4/UnrealHouse/Content/FirstPersonBP/Maps/MAin_BuiltData.uasset" SILENT=true
[2018.11.18-17.23.50:049][478]LogSavePackage: Moving '../../../../../../Game Dev1/Unreal/GameDev1Project4/UnrealHouse/Saved/MAin_BuiltDataB5DD68ED46B868FBC939A79DBA816245.tmp' to '../../../../../../Game Dev1/Unreal/GameDev1Project4/UnrealHouse/Content/FirstPersonBP/Maps/MAin_BuiltData.uasset'
[2018.11.18-17.23.50:425][478]LogSavePackage: Moving '../../../../../../Game Dev1/Unreal/GameDev1Project4/UnrealHouse/Saved/MAinF0273C914D7566520718EC952661A609.tmp' to '../../../../../../Game Dev1/Unreal/GameDev1Project4/UnrealHouse/Content/FirstPersonBP/Maps/MAin.umap'
[2018.11.18-17.23.50:443][478]LogFileHelpers: Saving map 'MAin' took 0.377
[2018.11.18-17.24.02:429][ 64]LogSlate: Window 'Delete Assets' being destroyed
[2018.11.18-17.24.49:281][846]Cmd: TRANSACTION UNDO
[2018.11.18-17.24.49:282][846]LogEditorTransaction: Undo Clicking on Actors
[2018.11.18-17.24.52:329][ 28]LogAssetEditorManager: Opening Asset editor for World /Game/FirstPersonBP/Maps/MAin.Main
[2018.11.18-17.24.54:797][ 28]LogSlate: Window 'Save Content' being destroyed
[2018.11.18-17.24.55:212][ 28]LogSavePackage: Moving '../../../../../../Game Dev1/Unreal/GameDev1Project4/UnrealHouse/Saved/FirstPersonExampleMapFB86E10E4437F02510DD98985E028B50.tmp' to '../../../../../../Game Dev1/Unreal/GameDev1Project4/UnrealHouse/Content/FirstPersonBP/Maps/FirstPersonExampleMap.umap'
[2018.11.18-17.24.55:239][ 28]LogFileHelpers: Saving map 'FirstPersonExampleMap' took 0.429
[2018.11.18-17.24.55:243][ 28]Cmd: MAP LOAD FILE="../../../../../../Game Dev1/Unreal/GameDev1Project4/UnrealHouse/Content/FirstPersonBP/Maps/MAin.umap" TEMPLATE=0 SHOWPROGRESS=1 FEATURELEVEL=3
[2018.11.18-17.24.55:244][ 28]LightingResults: New page: Lighting Build
[2018.11.18-17.24.55:244][ 28]LoadErrors: New page: Loading map: MAin.umap
[2018.11.18-17.24.55:245][ 28]MapCheck: New page: Map Check
[2018.11.18-17.24.55:245][ 28]LightingResults: New page: Lighting Build
[2018.11.18-17.24.55:388][ 28]LogEditorServer: Finished looking for orphan Actors (0.000 secs)
[2018.11.18-17.24.55:468][ 28]Cmd: MAP CHECKDEP NOCLEARLOG
[2018.11.18-17.24.55:613][ 28]MapCheck: Map check complete: 0 Error(s), 0 Warning(s), took 143.944ms to complete.
[2018.11.18-17.24.55:614][ 28]LogFileHelpers: Loading map 'MAin' took 0.372
[2018.11.18-17.24.58:306][171]LogEditorActor: Deleted Actor: TextRenderActor
[2018.11.18-17.24.58:341][171]LogEditorActor: Deleted 1 Actors (0.037 secs)
[2018.11.18-17.24.59:236][209]LogSavePackage: Moving '../../../../../../Game Dev1/Unreal/GameDev1Project4/UnrealHouse/Saved/MAin401FDE194E8F5792B9D97FB3DE324A2C.tmp' to '../../../../../../Game Dev1/Unreal/GameDev1Project4/UnrealHouse/Content/FirstPersonBP/Maps/MAin.umap'
[2018.11.18-17.24.59:266][209]Cmd: OBJ SAVEPACKAGE PACKAGE="/Game/FirstPersonBP/Maps/MAin_BuiltData" FILE="../../../../../../Game Dev1/Unreal/GameDev1Project4/UnrealHouse/Content/FirstPersonBP/Maps/MAin_BuiltData.uasset" SILENT=true
[2018.11.18-17.25.00:430][209]LogSavePackage: Moving '../../../../../../Game Dev1/Unreal/GameDev1Project4/UnrealHouse/Saved/MAin_BuiltData451DB25048508B0106F3E48319429FCB.tmp' to '../../../../../../Game Dev1/Unreal/GameDev1Project4/UnrealHouse/Content/FirstPersonBP/Maps/MAin_BuiltData.uasset'
[2018.11.18-17.25.01:256][250]LogAIModule: Creating AISystem for world FirstPersonExampleMap
[2018.11.18-17.25.01:270][250]LogAssetEditorManager: Opening Asset editor for World /Game/FirstPersonBP/Maps/FirstPersonExampleMap.FirstPersonExampleMap
[2018.11.18-17.25.01:298][250]Cmd: MAP LOAD FILE="../../../../../../Game Dev1/Unreal/GameDev1Project4/UnrealHouse/Content/FirstPersonBP/Maps/FirstPersonExampleMap.umap" TEMPLATE=0 SHOWPROGRESS=1 FEATURELEVEL=3
[2018.11.18-17.25.01:299][250]LightingResults: New page: Lighting Build
[2018.11.18-17.25.01:299][250]LoadErrors: New page: Loading map: FirstPersonExampleMap.umap
[2018.11.18-17.25.01:300][250]MapCheck: New page: Map Check
[2018.11.18-17.25.01:300][250]LightingResults: New page: Lighting Build
[2018.11.18-17.25.01:436][250]LogEditorServer: Finished looking for orphan Actors (0.000 secs)
[2018.11.18-17.25.01:509][250]Cmd: MAP CHECKDEP NOCLEARLOG
[2018.11.18-17.25.01:646][250]MapCheck: Map check complete: 0 Error(s), 0 Warning(s), took 137.391ms to complete.
[2018.11.18-17.25.01:646][250]LogFileHelpers: Loading map 'FirstPersonExampleMap' took 0.350
[2018.11.18-17.25.03:493][344]LogAIModule: Creating AISystem for world Main
[2018.11.18-17.25.03:508][344]LogAssetEditorManager: Opening Asset editor for World /Game/FirstPersonBP/Maps/MAin.Main
[2018.11.18-17.25.03:534][344]Cmd: MAP LOAD FILE="../../../../../../Game Dev1/Unreal/GameDev1Project4/UnrealHouse/Content/FirstPersonBP/Maps/MAin.umap" TEMPLATE=0 SHOWPROGRESS=1 FEATURELEVEL=3
[2018.11.18-17.25.03:534][344]LightingResults: New page: Lighting Build
[2018.11.18-17.25.03:534][344]LoadErrors: New page: Loading map: MAin.umap
[2018.11.18-17.25.03:535][344]MapCheck: New page: Map Check
[2018.11.18-17.25.03:536][344]LightingResults: New page: Lighting Build
[2018.11.18-17.25.03:666][344]LogEditorServer: Finished looking for orphan Actors (0.000 secs)
[2018.11.18-17.25.03:710][344]Cmd: MAP CHECKDEP NOCLEARLOG
[2018.11.18-17.25.03:857][344]MapCheck: Map check complete: 0 Error(s), 0 Warning(s), took 146.052ms to complete.
[2018.11.18-17.25.03:857][344]LogFileHelpers: Loading map 'MAin' took 0.324
[2018.11.18-17.25.08:935][638]LogSlate: FSceneViewport::OnFocusLost() reason 0
[2018.11.18-17.25.14:124][949]LogSlate: FSceneViewport::OnFocusLost() reason 0
[2018.11.18-17.25.18:964][ 92]LogSlate: Window 'Delete Assets' being destroyed
[2018.11.18-17.25.18:986][ 92]LightingResults: New page: Lighting Build
[2018.11.18-17.25.18:993][ 92]MapCheck: New page: Map Check
[2018.11.18-17.25.18:993][ 92]LightingResults: New page: Lighting Build
[2018.11.18-17.25.19:027][ 92]LogAIModule: Creating AISystem for world Untitled
[2018.11.18-17.25.19:101][ 92]LoadErrors: New page: New Map
[2018.11.18-17.25.19:152][ 92]LogAIModule: Creating AISystem for world Main
[2018.11.18-17.25.21:768][138]LogAIModule: Creating AISystem for world FirstPersonExampleMap
[2018.11.18-17.25.21:784][138]LogAssetEditorManager: Opening Asset editor for World /Game/FirstPersonBP/Maps/FirstPersonExampleMap.FirstPersonExampleMap
[2018.11.18-17.25.21:813][138]Cmd: MAP LOAD FILE="../../../../../../Game Dev1/Unreal/GameDev1Project4/UnrealHouse/Content/FirstPersonBP/Maps/FirstPersonExampleMap.umap" TEMPLATE=0 SHOWPROGRESS=1 FEATURELEVEL=3
[2018.11.18-17.25.21:813][138]LightingResults: New page: Lighting Build
[2018.11.18-17.25.21:814][138]LoadErrors: New page: Loading map: FirstPersonExampleMap.umap
[2018.11.18-17.25.21:814][138]MapCheck: New page: Map Check
[2018.11.18-17.25.21:814][138]LightingResults: New page: Lighting Build
[2018.11.18-17.25.21:956][138]LogEditorServer: Finished looking for orphan Actors (0.000 secs)
[2018.11.18-17.25.22:004][138]Cmd: MAP CHECKDEP NOCLEARLOG
[2018.11.18-17.25.22:147][138]MapCheck: Map check complete: 0 Error(s), 0 Warning(s), took 143.936ms to complete.
[2018.11.18-17.25.22:147][138]LogFileHelpers: Loading map 'FirstPersonExampleMap' took 0.335
[2018.11.18-17.25.29:699][378]LogAIModule: Creating AISystem for world Main
