Log file open, 12/01/18 13:17:33
LogWindows: Failed to load 'aqProf.dll' (GetLastError=126)
LogWindows: File 'aqProf.dll' does not exist
LogWindows: Failed to load 'VSPerf140.dll' (GetLastError=126)
LogWindows: File 'VSPerf140.dll' does not exist
LogWindows: Failed to load 'VtuneApi.dll' (GetLastError=126)
LogWindows: File 'VtuneApi.dll' does not exist
LogWindows: Failed to load 'VtuneApi32e.dll' (GetLastError=126)
LogWindows: File 'VtuneApi32e.dll' does not exist
LogInit: Display: Running engine for game: UnrealHouse
LogPlatformFile: Not using cached read wrapper
LogTaskGraph: Started task graph with 5 named threads and 23 total threads with 3 sets of task threads.
LogStats: Stats thread started at 0.289180
LogD3D11RHI: Loaded GFSDK_Aftermath_Lib.x64.dll
LogICUInternationalization: Display: ICU TimeZone Detection - Raw Offset: -5:00, Platform Override: ''
LogPluginManager: Mounting plugin Paper2D
LogPluginManager: Mounting plugin AISupport
LogPluginManager: Mounting plugin LightPropagationVolume
LogPluginManager: Mounting plugin CLionSourceCodeAccess
LogPluginManager: Mounting plugin CodeLiteSourceCodeAccess
LogPluginManager: Mounting plugin GitSourceControl
LogPluginManager: Mounting plugin KDevelopSourceCodeAccess
LogPluginManager: Mounting plugin NullSourceCodeAccess
LogPluginManager: Mounting plugin PerforceSourceControl
LogPluginManager: Mounting plugin SubversionSourceControl
LogPluginManager: Mounting plugin UObjectPlugin
LogPluginManager: Mounting plugin VisualStudioCodeSourceCodeAccess
LogPluginManager: Mounting plugin VisualStudioSourceCodeAccess
LogPluginManager: Mounting plugin XCodeSourceCodeAccess
LogPluginManager: Mounting plugin AssetManagerEditor
LogPluginManager: Mounting plugin CryptoKeys
LogPluginManager: Mounting plugin DataValidation
LogPluginManager: Mounting plugin FacialAnimation
LogPluginManager: Mounting plugin GameplayTagsEditor
LogPluginManager: Mounting plugin MacGraphicsSwitching
LogPluginManager: Mounting plugin MeshEditor
LogPluginManager: Mounting plugin MobileLauncherProfileWizard
LogPluginManager: Mounting plugin PluginBrowser
LogPluginManager: Mounting plugin SpeedTreeImporter
LogPluginManager: Mounting plugin DatasmithContent
LogPluginManager: Mounting plugin AlembicImporter
LogPluginManager: Mounting plugin AppleImageUtils
LogPluginManager: Mounting plugin AppleVision
LogPluginManager: Mounting plugin BackChannel
LogPluginManager: Mounting plugin CharacterAI
LogPluginManager: Mounting plugin GeometryCache
LogPluginManager: Mounting plugin HTML5Networking
LogPluginManager: Mounting plugin ProxyLODPlugin
LogPluginManager: Mounting plugin MagicLeap
LogPluginManager: Mounting plugin MagicLeapEmulator
LogPluginManager: Mounting plugin MagicLeapMedia
LogPluginManager: Mounting plugin AndroidMedia
LogPluginManager: Mounting plugin AvfMedia
LogPluginManager: Mounting plugin ImgMedia
LogPluginManager: Mounting plugin LinearTimecode
LogPluginManager: Mounting plugin MediaCompositing
LogPluginManager: Mounting plugin MediaPlayerEditor
LogPluginManager: Mounting plugin WmfMedia
LogPluginManager: Mounting plugin TcpMessaging
LogPluginManager: Mounting plugin UdpMessaging
LogPluginManager: Mounting plugin ActorSequence
LogPluginManager: Mounting plugin LevelSequenceEditor
LogPluginManager: Mounting plugin MatineeToLevelSequence
LogPluginManager: Mounting plugin NetcodeUnitTest
LogPluginManager: Mounting plugin NUTUnrealEngine4
LogPluginManager: Mounting plugin OnlineSubsystemGooglePlay
LogPluginManager: Mounting plugin OnlineSubsystemIOS
LogPluginManager: Mounting plugin OnlineSubsystem
LogPluginManager: Mounting plugin OnlineSubsystemNull
LogPluginManager: Mounting plugin OnlineSubsystemUtils
LogPluginManager: Mounting plugin LauncherChunkInstaller
LogPluginManager: Mounting plugin AndroidDeviceProfileSelector
LogPluginManager: Mounting plugin AndroidMoviePlayer
LogPluginManager: Mounting plugin AndroidPermission
LogPluginManager: Mounting plugin AppleMoviePlayer
LogPluginManager: Mounting plugin ArchVisCharacter
LogPluginManager: Mounting plugin AudioCapture
LogPluginManager: Mounting plugin CableComponent
LogPluginManager: Mounting plugin CustomMeshComponent
LogPluginManager: Mounting plugin EditableMesh
LogPluginManager: Mounting plugin ExampleDeviceProfileSelector
LogPluginManager: Mounting plugin GoogleCloudMessaging
LogPluginManager: Mounting plugin ImmediatePhysics
LogPluginManager: Mounting plugin IOSDeviceProfileSelector
LogPluginManager: Mounting plugin LinuxDeviceProfileSelector
LogPluginManager: Mounting plugin LocationServicesBPLibrary
LogPluginManager: Mounting plugin MobilePatchingUtils
LogPluginManager: Mounting plugin OculusVR
LogPluginManager: Plugin shader directory ../../../Engine/Plugins/Runtime/Oculus/OculusVR/Shaders found
LogPluginManager: Mapping shader source directory ../../../Engine/Plugins/Runtime/Oculus/OculusVR/Shaders to virtual directory /Plugin/OculusVR
LogPluginManager: Mounting plugin PhysXVehicles
LogPluginManager: Mounting plugin ProceduralMeshComponent
LogPluginManager: Mounting plugin RuntimePhysXCooking
LogPluginManager: Mounting plugin SteamVR
LogPluginManager: Mounting plugin WindowsMoviePlayer
LogStreaming: Display: Took  0.152s to configure plugins.
LogInit: Using libcurl 7.55.1-DEV
LogInit:  - built for x86_64-pc-win32
LogInit:  - supports SSL with OpenSSL/1.0.2h
LogInit:  - supports HTTP deflate (compression) using libz 1.2.8
LogInit:  - other features:
LogInit:      CURL_VERSION_SSL
LogInit:      CURL_VERSION_LIBZ
LogInit:      CURL_VERSION_IPV6
LogInit:      CURL_VERSION_ASYNCHDNS
LogInit:      CURL_VERSION_LARGEFILE
LogInit:      CURL_VERSION_IDN
LogInit:  CurlRequestOptions (configurable via config and command line):
LogInit:  - bVerifyPeer = false  - Libcurl will NOT verify peer certificate
LogInit:  - bUseHttpProxy = false  - Libcurl will NOT use HTTP proxy
LogInit:  - bDontReuseConnections = false  - Libcurl will reuse connections
LogInit:  - CertBundlePath = nullptr  - Libcurl will use whatever was configured at build time.
LogInit:  - MaxHostConnections = 16  - Libcurl will limit the number of connections to a host
LogInit:  - LocalHostAddr = Default
LogInit:  - BufferSize = 65536
LogInit: WinSock: version 1.1 (2.2), MaxSocks=32767, MaxUdp=65467
LogInit: Build: ++UE4+Release-4.20-CL-4369336
LogInit: Engine Version: 4.20.3-4369336+++UE4+Release-4.20
LogInit: Compatible Engine Version: 4.20.0-4212847+++UE4+Release-4.20
LogInit: Net CL: 4212847
LogInit: OS: Windows 10 (), CPU: Intel(R) Core(TM) i7-7700HQ CPU @ 2.80GHz, GPU: Intel(R) HD Graphics 630
LogInit: Compiled (64-bit): Sep 17 2018 12:26:19
LogInit: Compiled with Visual C++: 19.13.26129.00
LogInit: Build Configuration: Development
LogInit: Branch Name: ++UE4+Release-4.20
LogInit: Command Line:  
LogInit: Base Directory: C:/Program Files/Epic Games/UE_4.20/Engine/Binaries/Win64/
LogInit: Installed Engine Build: 1
LogDevObjectVersion: Number of dev versions registered: 20
LogDevObjectVersion:   Dev-Blueprints (B0D832E4-1F89-4F0D-ACCF-7EB736FD4AA2): 10
LogDevObjectVersion:   Dev-Build (E1C64328-A22C-4D53-A36C-8E866417BD8C): 0
LogDevObjectVersion:   Dev-Core (375EC13C-06E4-48FB-B500-84F0262A717E): 2
LogDevObjectVersion:   Dev-Editor (E4B068ED-F494-42E9-A231-DA0B2E46BB41): 24
LogDevObjectVersion:   Dev-Framework (CFFC743F-43B0-4480-9391-14DF171D2073): 34
LogDevObjectVersion:   Dev-Mobile (B02B49B5-BB20-44E9-A304-32B752E40360): 2
LogDevObjectVersion:   Dev-Networking (A4E4105C-59A1-49B5-A7C5-40C4547EDFEE): 0
LogDevObjectVersion:   Dev-Online (39C831C9-5AE6-47DC-9A44-9C173E1C8E7C): 0
LogDevObjectVersion:   Dev-Physics (78F01B33-EBEA-4F98-B9B4-84EACCB95AA2): 0
LogDevObjectVersion:   Dev-Platform (6631380F-2D4D-43E0-8009-CF276956A95A): 0
LogDevObjectVersion:   Dev-Rendering (12F88B9F-8875-4AFC-A67C-D90C383ABD29): 26
LogDevObjectVersion:   Dev-Sequencer (7B5AE74C-D270-4C10-A958-57980B212A5A): 9
LogDevObjectVersion:   Dev-VR (D7296918-1DD6-4BDD-9DE2-64A83CC13884): 2
LogDevObjectVersion:   Dev-LoadTimes (C2A15278-BFE7-4AFE-6C17-90FF531DF755): 1
LogDevObjectVersion:   Private-Geometry (6EACA3D4-40EC-4CC1-B786-8BED09428FC5): 3
LogDevObjectVersion:   Dev-AnimPhys (29E575DD-E0A3-4627-9D10-D276232CDCEA): 17
LogDevObjectVersion:   Dev-ReflectionCapture (6B266CEC-1EC7-4B8F-A30B-E4D90942FC07): 1
LogDevObjectVersion:   Dev-Automation (0DF73D61-A23F-47EA-B727-89E90C41499A): 1
LogDevObjectVersion:   FortniteMain (601D1886-AC64-4F84-AA16-D3DE0DEAC7D6): 12
LogDevObjectVersion:   Dev-Enterprise (9DFFBCD6-494F-0158-E221-12823C92A888): 1
LogStreaming: Display: Took  0.001s to delete old logs.
LogInit: Presizing for max 8388607 objects, including 0 objects not considered by GC, pre-allocating 0 bytes for permanent pool.
LogInit: Object subsystem initialized
[2018.12.01-18.17.33:776][  0]LogInit: Selected Device Profile: [Windows]
[2018.12.01-18.17.33:776][  0]LogInit: Applying CVar settings loaded from the selected device profile: [Windows]
[2018.12.01-18.17.33:794][  0]LogHAL: Display: Platform has ~ 16 GB [17024622592 / 17179869184 / 16], which maps to Larger [LargestMinGB=32, LargerMinGB=12, DefaultMinGB=8, SmallerMinGB=6, SmallestMinGB=0)
[2018.12.01-18.17.33:794][  0]LogInit: Setting Device Profile CVar: [[r.Vulkan.UseRealUBs:1]]
[2018.12.01-18.17.33:794][  0]LogInit: Going up to parent DeviceProfile []
[2018.12.01-18.17.33:794][  0]LogInit: Computer: DESKTOP-B1G0023
[2018.12.01-18.17.33:794][  0]LogInit: User: JordanPeloquin
[2018.12.01-18.17.33:794][  0]LogInit: CPU Page size=4096, Cores=4
[2018.12.01-18.17.33:794][  0]LogInit: High frequency timer resolution =2.742187 MHz
[2018.12.01-18.17.33:795][  0]LogMemory: Memory total: Physical=15.9GB (16GB approx)
[2018.12.01-18.17.33:795][  0]LogMemory: Platform Memory Stats for Windows
[2018.12.01-18.17.33:795][  0]LogMemory: Process Physical Memory: 100.14 MB used, 100.14 MB peak
[2018.12.01-18.17.33:795][  0]LogMemory: Process Virtual Memory: 91.06 MB used, 91.06 MB peak
[2018.12.01-18.17.33:795][  0]LogMemory: Physical Memory: 9857.68 MB used,  6378.27 MB free, 16235.95 MB total
[2018.12.01-18.17.33:795][  0]LogMemory: Virtual Memory: 4640.16 MB used,  6378.27 MB free, 134217728.00 MB total
[2018.12.01-18.17.33:816][  0]LogInit: Using OS detected language (en-US).
[2018.12.01-18.17.33:816][  0]LogInit: Using OS detected locale (en-US).
[2018.12.01-18.17.33:817][  0]LogTextLocalizationManager: No specific localization for 'en-US' exists, so the 'en' localization will be used.
[2018.12.01-18.17.34:225][  0]LogStreaming: Display: Took  0.408s to InitEngineTextLocalization.
[2018.12.01-18.17.34:225][  0]LogInit: Setting process to per monitor DPI aware
[2018.12.01-18.17.34:258][  0]LogSlate: New Slate User Created.  User Index 0, Is Virtual User: 0
[2018.12.01-18.17.34:258][  0]LogSlate: Slate User Registered.  User Index 0, Is Virtual User: 0
[2018.12.01-18.17.34:519][  0]LogHMD: Failed to initialize OpenVR with code 110
[2018.12.01-18.17.34:519][  0]LogD3D11RHI: D3D11 adapters:
[2018.12.01-18.17.34:589][  0]LogD3D11RHI:    0. 'NVIDIA GeForce GTX 1050' (Feature Level 11_0)
[2018.12.01-18.17.34:589][  0]LogD3D11RHI:       4021/0/8117 MB DedicatedVideo/DedicatedSystem/SharedSystem, Outputs:1, VendorId:0x10de
[2018.12.01-18.17.34:602][  0]LogD3D11RHI:    1. 'Intel(R) HD Graphics 630' (Feature Level 11_0)
[2018.12.01-18.17.34:602][  0]LogD3D11RHI:       128/0/8117 MB DedicatedVideo/DedicatedSystem/SharedSystem, Outputs:0, VendorId:0x8086
[2018.12.01-18.17.34:604][  0]LogD3D11RHI:    2. 'Microsoft Basic Render Driver' (Feature Level 11_0)
[2018.12.01-18.17.34:604][  0]LogD3D11RHI:       0/0/8117 MB DedicatedVideo/DedicatedSystem/SharedSystem, Outputs:0, VendorId:0x1414
[2018.12.01-18.17.34:604][  0]LogD3D11RHI: Chosen D3D11 Adapter: 0
[2018.12.01-18.17.34:645][  0]LogD3D11RHI: Creating new Direct3DDevice
[2018.12.01-18.17.34:645][  0]LogD3D11RHI:     GPU DeviceId: 0x1c8d (for the marketing name, search the web for "GPU Device Id")
[2018.12.01-18.17.34:645][  0]LogWindows: EnumDisplayDevices:
[2018.12.01-18.17.34:646][  0]LogWindows:    0. 'Intel(R) HD Graphics 630' (P:1 D:1)
[2018.12.01-18.17.34:646][  0]LogWindows:    1. 'Intel(R) HD Graphics 630' (P:0 D:0)
[2018.12.01-18.17.34:646][  0]LogWindows:    2. 'Intel(R) HD Graphics 630' (P:0 D:0)
[2018.12.01-18.17.34:646][  0]LogWindows: DebugString: PrimaryIsNotTheChoosenAdapter PrimaryIsNotTheChoosenAdapter PrimaryIsNotTheChoosenAdapter FoundDriverCount:0 
[2018.12.01-18.17.34:646][  0]LogD3D11RHI:     Adapter Name: NVIDIA GeForce GTX 1050
[2018.12.01-18.17.34:646][  0]LogD3D11RHI:   Driver Version: Unknown (internal:Unknown, unified:Unknown)
[2018.12.01-18.17.34:646][  0]LogD3D11RHI:      Driver Date: Unknown
[2018.12.01-18.17.34:646][  0]LogRHI: Texture pool is 2814 MB (70% of 4021 MB)
[2018.12.01-18.17.34:684][  0]LogD3D11RHI: Async texture creation enabled
[2018.12.01-18.17.34:702][  0]LogD3D11RHI: GPU Timing Frequency: 1000.000000 (Debug: 2 2)
[2018.12.01-18.17.34:703][  0]LogShaderCompilers: Guid format shader working directory is -30 characters bigger than the processId version (../../../../../../Users/Jordan Peloquin/Desktop/GameDevI/GameDev1Project4/UnrealHouse/Intermediate/Shaders/WorkingDirectory/21276/).
[2018.12.01-18.17.34:703][  0]LogShaderCompilers: Cleaned the shader compiler working directory 'C:/Users/Jordan Peloquin/AppData/Local/Temp/UnrealShaderWorkingDir/4354DD74454BFD2130E386A958593925/'.
[2018.12.01-18.17.35:007][  0]LogTemp: Display: Loaded TP AllDesktopTargetPlatform
[2018.12.01-18.17.35:019][  0]LogTemp: Display: Loaded TP MacClientTargetPlatform
[2018.12.01-18.17.35:037][  0]LogTemp: Display: Loaded TP MacNoEditorTargetPlatform
[2018.12.01-18.17.35:052][  0]LogTemp: Display: Loaded TP MacServerTargetPlatform
[2018.12.01-18.17.35:069][  0]LogTemp: Display: Loaded TP MacTargetPlatform
[2018.12.01-18.17.35:084][  0]LogTemp: Display: Loaded TP WindowsClientTargetPlatform
[2018.12.01-18.17.35:097][  0]LogTemp: Display: Loaded TP WindowsNoEditorTargetPlatform
[2018.12.01-18.17.35:115][  0]LogTemp: Display: Loaded TP WindowsServerTargetPlatform
[2018.12.01-18.17.35:120][  0]LogTemp: Display: Loaded TP WindowsTargetPlatform
[2018.12.01-18.17.35:202][  0]LogTemp: Display: Loaded TP AndroidTargetPlatform
[2018.12.01-18.17.35:202][  0]LogTemp: Display: Loaded TP AndroidTargetPlatform
[2018.12.01-18.17.35:202][  0]LogTemp: Display: Loaded TP AndroidTargetPlatform
[2018.12.01-18.17.35:202][  0]LogTemp: Display: Loaded TP AndroidTargetPlatform
[2018.12.01-18.17.35:202][  0]LogTemp: Display: Loaded TP AndroidTargetPlatform
[2018.12.01-18.17.35:202][  0]LogTemp: Display: Loaded TP AndroidTargetPlatform
[2018.12.01-18.17.35:202][  0]LogTemp: Display: Loaded TP AndroidTargetPlatform
[2018.12.01-18.17.35:202][  0]LogTemp: Display: Loaded TP AndroidTargetPlatform
[2018.12.01-18.17.35:202][  0]LogTemp: Display: Loaded TP AndroidTargetPlatform
[2018.12.01-18.17.35:202][  0]LogTemp: Display: Loaded TP AndroidTargetPlatform
[2018.12.01-18.17.35:202][  0]LogTemp: Display: Loaded TP AndroidTargetPlatform
[2018.12.01-18.17.35:202][  0]LogTemp: Display: Loaded TP AndroidTargetPlatform
[2018.12.01-18.17.35:202][  0]LogTemp: Display: Loaded TP AndroidTargetPlatform
[2018.12.01-18.17.35:202][  0]LogTemp: Display: Loaded TP AndroidTargetPlatform
[2018.12.01-18.17.35:202][  0]LogTemp: Display: Loaded TP AndroidTargetPlatform
[2018.12.01-18.17.35:202][  0]LogTemp: Display: Loaded TP AndroidTargetPlatform
[2018.12.01-18.17.35:202][  0]LogTemp: Display: Loaded TP AndroidTargetPlatform
[2018.12.01-18.17.35:202][  0]LogTemp: Display: Loaded TP AndroidTargetPlatform
[2018.12.01-18.17.35:203][  0]LogTemp: Display: Loaded TP HTML5TargetPlatform
[2018.12.01-18.17.35:263][  0]LogTemp: Display: Loaded TP IOSTargetPlatform
[2018.12.01-18.17.35:263][  0]LogTemp: Display: Loaded TP IOSTargetPlatform
[2018.12.01-18.17.35:292][  0]LogTemp: Display: Loaded TP TVOSTargetPlatform
[2018.12.01-18.17.35:292][  0]LogTemp: Display: Loaded TP TVOSTargetPlatform
[2018.12.01-18.17.35:304][  0]LogTemp: Display: Loaded TP LinuxClientTargetPlatform
[2018.12.01-18.17.35:318][  0]LogTemp: Display: Loaded TP LinuxNoEditorTargetPlatform
[2018.12.01-18.17.35:334][  0]LogTemp: Display: Loaded TP LinuxServerTargetPlatform
[2018.12.01-18.17.35:349][  0]LogTemp: Display: Loaded TP LinuxTargetPlatform
[2018.12.01-18.17.35:361][  0]LogTemp: Display: Loaded TP LuminTargetPlatform
[2018.12.01-18.17.35:361][  0]LogTargetPlatformManager: Display: Building Assets For Windows
[2018.12.01-18.17.35:417][  0]LogXGEController: Cannot use XGE Controller as Incredibuild is not installed on this machine.
[2018.12.01-18.17.35:417][  0]LogShaderCompilers: Cannot use XGE Shader Compiler as Incredibuild is not installed on this machine.
[2018.12.01-18.17.35:417][  0]LogShaderCompilers: Display: Using Local Shader Compiler.
[2018.12.01-18.17.36:259][  0]LogDerivedDataCache: Display: Max Cache Size: 512 MB
[2018.12.01-18.17.36:323][  0]LogDerivedDataCache: Loaded boot cache 0.06s 71MB C:/Users/Jordan Peloquin/AppData/Local/UnrealEngine/4.20/DerivedDataCache/Boot.ddc.
[2018.12.01-18.17.36:323][  0]LogDerivedDataCache: Display: Loaded Boot cache: C:/Users/Jordan Peloquin/AppData/Local/UnrealEngine/4.20/DerivedDataCache/Boot.ddc
[2018.12.01-18.17.36:323][  0]LogDerivedDataCache: FDerivedDataBackendGraph:  Pak pak cache file ../../../../../../Users/Jordan Peloquin/Desktop/GameDevI/GameDev1Project4/UnrealHouse/DerivedDataCache/DDC.ddp not found, will not use a pak cache.
[2018.12.01-18.17.36:323][  0]LogDerivedDataCache: Unable to find inner node Pak for hierarchical cache Hierarchy.
[2018.12.01-18.17.36:323][  0]LogDerivedDataCache: FDerivedDataBackendGraph:  CompressedPak pak cache file ../../../../../../Users/Jordan Peloquin/Desktop/GameDevI/GameDev1Project4/UnrealHouse/DerivedDataCache/Compressed.ddp not found, will not use a pak cache.
[2018.12.01-18.17.36:323][  0]LogDerivedDataCache: Unable to find inner node CompressedPak for hierarchical cache Hierarchy.
[2018.12.01-18.17.36:337][  0]LogDerivedDataCache: Display: Pak cache opened for reading ../../../Engine/DerivedDataCache/Compressed.ddp.
[2018.12.01-18.17.36:350][  0]LogDerivedDataCache: Using Local data cache path C:/Users/Jordan Peloquin/AppData/Local/UnrealEngine/Common/DerivedDataCache: Writable
[2018.12.01-18.17.36:350][  0]LogDerivedDataCache: Shared data cache path not found in *engine.ini, will not use an Shared cache.
[2018.12.01-18.17.36:350][  0]LogDerivedDataCache: Unable to find inner node Shared for hierarchical cache Hierarchy.
[2018.12.01-18.17.36:370][  0]LogMaterial: Verifying Global Shaders for PCD3D_SM5
[2018.12.01-18.17.36:371][  0]LogSlate: Using FreeType 2.6.0
[2018.12.01-18.17.36:372][  0]LogSlate: SlateFontServices - WITH_FREETYPE: 1, WITH_HARFBUZZ: 1
[2018.12.01-18.17.36:465][  0]LogAssetRegistry: FAssetRegistry took 0.0309 seconds to start up
[2018.12.01-18.17.36:989][  0]LogInit: Selected Device Profile: [Windows]
[2018.12.01-18.17.37:373][  0]LogSimplygon: Simplygon DLL not present - disabling.
[2018.12.01-18.17.37:391][  0]LogMeshReduction: Using SimplygonSwarm for distributed automatic mesh merging
[2018.12.01-18.17.37:392][  0]LogMeshReduction: Using ProxyLODMeshReduction for automatic mesh merging
[2018.12.01-18.17.37:392][  0]LogMeshReduction: Using QuadricMeshReduction for automatic static mesh reduction
[2018.12.01-18.17.37:392][  0]LogMeshReduction: No automatic skeletal mesh reduction module available
[2018.12.01-18.17.37:466][  0]LogNetVersion: UnrealHouse 1.0.0, NetCL: 4212847, EngineNetVer: 5, GameNetVer: 0 (Checksum: 3536387037)
[2018.12.01-18.17.38:915][  0]LogAssetRegistry: Error: Failed to open file for write ../../../../../../Users/Jordan Peloquin/Desktop/GameDevI/GameDev1Project4/UnrealHouse/Intermediate/AssetRegistryCache/5a627529.bin
[2018.12.01-18.17.39:081][  0]LogPackageLocalizationCache: Processed 11 localized package path(s) for 2 prioritized culture(s) in 0.167323 seconds
[2018.12.01-18.17.39:090][  0]LogUObjectArray: 38425 objects as part of root set at end of initial load.
[2018.12.01-18.17.39:090][  0]LogUObjectAllocator: 6690864 out of 0 bytes used by permanent object pool.
[2018.12.01-18.17.39:090][  0]LogUObjectArray: CloseDisregardForGC: 0/0 objects in disregard for GC pool
[2018.12.01-18.17.43:070][  0]LogTcpMessaging: Initializing TcpMessaging bridge
[2018.12.01-18.17.43:087][  0]LogUdpMessaging: Initializing bridge on interface 0.0.0.0:0 to multicast group 230.0.0.1:6666.
[2018.12.01-18.17.43:404][  0]SourceControl: Source control is disabled
[2018.12.01-18.17.43:404][  0]SourceControl: Source control is disabled
[2018.12.01-18.17.43:413][  0]SourceControl: Source control is disabled
[2018.12.01-18.17.43:418][  0]SourceControl: Source control is disabled
[2018.12.01-18.17.43:740][  0]LogAndroidPermission: UAndroidPermissionCallbackProxy::GetInstance
[2018.12.01-18.17.43:819][  0]LogOcInput: OculusInput pre-init called
[2018.12.01-18.17.43:946][  0]LogEngine: Initializing Engine...
[2018.12.01-18.17.43:951][  0]LogHMD: Failed to initialize OpenVR with code 110
[2018.12.01-18.17.43:955][  0]LogStats: UGameplayTagsManager::ConstructGameplayTagTree: ImportINI prefixes -  0.001 s
[2018.12.01-18.17.43:955][  0]LogStats: UGameplayTagsManager::ConstructGameplayTagTree: Construct from data asset -  0.000 s
[2018.12.01-18.17.43:955][  0]LogStats: UGameplayTagsManager::ConstructGameplayTagTree: ImportINI -  0.000 s
[2018.12.01-18.17.43:956][  0]LogStats: UGameplayTagsManager::ConstructGameplayTagTree: GameplayTagTreeChangedEvent.Broadcast -  0.000 s
[2018.12.01-18.17.44:203][  0]LogInit: Initializing FReadOnlyCVARCache
[2018.12.01-18.17.44:256][  0]LogAIModule: Creating AISystem for world Untitled
[2018.12.01-18.17.44:297][  0]LogInit: XAudio2 using 'Speakers / Headphones (Realtek Audio)' : 2 channels at 48 kHz using 32 bits per sample (channel mask 0x3)
[2018.12.01-18.17.44:702][  0]LogInit: FAudioDevice initialized.
[2018.12.01-18.17.44:703][  0]LogNetVersion: Set ProjectVersion to 1.0.0.0. Version Checksum will be recalculated on next use.
[2018.12.01-18.17.44:761][  0]LogDerivedDataCache: Saved boot cache 0.06s 71MB C:/Users/Jordan Peloquin/AppData/Local/UnrealEngine/4.20/DerivedDataCache/Boot.ddc.
[2018.12.01-18.17.44:771][  0]LogInit: Texture streaming: Enabled
[2018.12.01-18.17.44:797][  0]LogEngineSessionManager: EngineSessionManager initialized
[2018.12.01-18.17.44:827][  0]LogInit: Transaction tracking system initialized
[2018.12.01-18.17.44:874][  0]BlueprintLog: New page: Editor Load
[2018.12.01-18.17.45:052][  0]LocalizationService: Localization service is disabled
[2018.12.01-18.17.45:675][  0]LogCook: Display: Max memory allowance for cook 16384mb min free memory 0mb
[2018.12.01-18.17.45:675][  0]LogCook: Display: Mobile HDR setting 1
[2018.12.01-18.17.45:677][  0]LogGameplayTags: Display: UGameplayTagsManager::DoneAddingNativeTags. DelegateIsBound: 0
[2018.12.01-18.17.45:677][  0]LogStats: UGameplayTagsManager::ConstructGameplayTagTree: ImportINI prefixes -  0.000 s
[2018.12.01-18.17.45:677][  0]LogStats: UGameplayTagsManager::ConstructGameplayTagTree: Construct from data asset -  0.000 s
[2018.12.01-18.17.45:677][  0]LogStats: UGameplayTagsManager::ConstructGameplayTagTree: ImportINI -  0.000 s
[2018.12.01-18.17.45:677][  0]LogStats: UGameplayTagsManager::ConstructGameplayTagTree: GameplayTagTreeChangedEvent.Broadcast -  0.000 s
[2018.12.01-18.17.45:943][  0]LogFileCache: Scanning file cache for directory 'C:/Users/Jordan Peloquin/Desktop/GameDevI/GameDev1Project4/UnrealHouse/Content/' took 0.02s
[2018.12.01-18.17.45:964][  0]SourceControl: Source control is disabled
[2018.12.01-18.17.45:966][  0]Cmd: MAP LOAD FILE="../../../../../../Users/Jordan Peloquin/Desktop/GameDevI/GameDev1Project4/UnrealHouse/Content/FirstPersonBP/Maps/FirstPersonExampleMap.umap" TEMPLATE=0 SHOWPROGRESS=1 FEATURELEVEL=3
[2018.12.01-18.17.45:974][  0]LightingResults: New page: Lighting Build
[2018.12.01-18.17.45:989][  0]MapCheck: New page: Map Check
[2018.12.01-18.17.45:989][  0]LightingResults: New page: Lighting Build
[2018.12.01-18.17.46:876][  0]LogLinker: Warning: Can't find file '/Game/FirstPersonBP/Maps/FirstPersonExampleMap_BuiltData'
[2018.12.01-18.17.46:877][  0]LogLinker: Warning: Can't find file for asset '/Game/FirstPersonBP/Maps/FirstPersonExampleMap_BuiltData' while loading ../../../../../../Users/Jordan Peloquin/Desktop/GameDevI/GameDev1Project4/UnrealHouse/Content/FirstPersonBP/Maps/FirstPersonExampleMap.umap.
[2018.12.01-18.17.46:877][  0]LoadErrors: Error: /Game/FirstPersonBP/Maps/FirstPersonExampleMap : Can't find file for asset. /Game/FirstPersonBP/Maps/FirstPersonExampleMap_BuiltData
[2018.12.01-18.17.47:284][  0]LogLinker: Warning: Can't find file '/Game/FirstPersonBP/Maps/FirstPersonExampleMap_BuiltData'
[2018.12.01-18.17.47:285][  0]LogLinker: Warning: Can't find file for asset '/Game/FirstPersonBP/Maps/FirstPersonExampleMap_BuiltData' while loading ../../../../../../Users/Jordan Peloquin/Desktop/GameDevI/GameDev1Project4/UnrealHouse/Content/FirstPersonBP/Maps/FirstPersonExampleMap.umap.
[2018.12.01-18.17.47:285][  0]LoadErrors: Error: /Game/FirstPersonBP/Maps/FirstPersonExampleMap : Can't find file for asset. /Game/FirstPersonBP/Maps/FirstPersonExampleMap_BuiltData
[2018.12.01-18.17.47:401][  0]LogLinker: Warning: Can't find file '/Game/FirstPersonBP/Maps/FirstPersonExampleMap_BuiltData'
[2018.12.01-18.17.47:401][  0]LogLinker: Warning: Can't find file for asset '/Game/FirstPersonBP/Maps/FirstPersonExampleMap_BuiltData' while loading NULL.
[2018.12.01-18.17.47:402][  0]LogLinker: Warning: Can't find file '/Game/FirstPersonBP/Maps/FirstPersonExampleMap_BuiltData'
[2018.12.01-18.17.47:402][  0]LogLinker: Warning: Can't find file for asset '/Game/FirstPersonBP/Maps/FirstPersonExampleMap_BuiltData' while loading NULL.
[2018.12.01-18.17.47:565][  0]LogTexture: Display: Building textures: wall_DefaultMaterial_BaseColor (AutoDXT, 2048X2048)
[2018.12.01-18.17.47:565][  0]LogTexture: Display: Building textures: roundTable_initialShadingGroup_OcclusionRoughnessMetallic (AutoDXT, 2048X2048)
[2018.12.01-18.17.47:565][  0]LogLinker: Warning: Can't find file '/Game/FirstPersonBP/Maps/FirstPersonExampleMap_BuiltData'
[2018.12.01-18.17.47:565][  0]LoadErrors: Failed to load /Game/FirstPersonBP/Maps/FirstPersonExampleMap_BuiltData.FirstPersonExampleMap_BuiltData Referenced by PersistentLevel
[2018.12.01-18.17.47:565][  0]LogLinker: Warning: Can't find file for asset '/Game/FirstPersonBP/Maps/FirstPersonExampleMap_BuiltData' while loading NULL.
[2018.12.01-18.17.47:566][  0]LoadErrors: Failed to load /Game/FirstPersonBP/Maps/FirstPersonExampleMap_BuiltData.FirstPersonExampleMap_BuiltData Referenced by PersistentLevel
[2018.12.01-18.17.50:684][  0]LogTexture: Display: Building textures: wall_DefaultMaterial_OcclusionRoughnessMetallic (AutoDXT, 2048X2048)
[2018.12.01-18.17.50:684][  0]LogTexture: Display: Building textures: roundTable_initialShadingGroup_Normal (BC5, 2048X2048)
[2018.12.01-18.17.50:684][  0]LogTexture: Display: Building textures: wall_DefaultMaterial_Normal (BC5, 2048X2048)
[2018.12.01-18.17.50:684][  0]LogTexture: Display: Building textures: bed_initialShadingGroup_Normal (BC5, 2048X2048)
[2018.12.01-18.17.50:684][  0]LogTexture: Display: Building textures: bed_initialShadingGroup_OcclusionRoughnessMetallic (AutoDXT, 2048X2048)
[2018.12.01-18.17.50:684][  0]LogTexture: Display: Building textures: bed_initialShadingGroup_BaseColor (AutoDXT, 2048X2048)
[2018.12.01-18.17.50:684][  0]LogTexture: Display: Building textures: phoneBase_initialShadingGroup_OcclusionRoughnessMetallic (AutoDXT, 2048X2048)
[2018.12.01-18.17.50:684][  0]LogTexture: Display: Building textures: phoneBase_initialShadingGroup_Normal (BC5, 2048X2048)
[2018.12.01-18.17.50:684][  0]LogTexture: Display: Building textures: phoneBase_initialShadingGroup_BaseColor (AutoDXT, 2048X2048)
[2018.12.01-18.17.50:684][  0]LogTexture: Display: Building textures: phone_initialShadingGroup_OcclusionRoughnessMetallic (AutoDXT, 2048X2048)
[2018.12.01-18.17.50:684][  0]LogTexture: Display: Building textures: phone_initialShadingGroup_Normal (BC5, 2048X2048)
[2018.12.01-18.17.50:684][  0]LogTexture: Display: Building textures: phone_initialShadingGroup_BaseColor (AutoDXT, 2048X2048)
[2018.12.01-18.17.50:687][  0]LogMaterial: Display: Missing cached shader map for material wall, compiling. 
[2018.12.01-18.17.51:242][  0]LogTexture: Display: Building textures: nightStand_initialShadingGroup_Normal (BC5, 2048X2048)
[2018.12.01-18.17.51:242][  0]LogShaderCompilers: Display: Shaders left to compile 31
[2018.12.01-18.17.51:242][  0]LogShaderCompilers: Display: Shaders left to compile 21
[2018.12.01-18.17.51:242][  0]LogShaderCompilers: Display: Shaders left to compile 11
[2018.12.01-18.17.51:242][  0]LogShaderCompilers: Display: Shaders left to compile 1
[2018.12.01-18.17.51:242][  0]LogTexture: Display: Building textures: roundTable_initialShadingGroup_BaseColor (AutoDXT, 2048X2048)
[2018.12.01-18.17.51:242][  0]LogStaticMesh: Building static mesh roundTable...
[2018.12.01-18.17.51:332][  0]LogStaticMesh: Built static mesh [0.09s] /Game/Geometry/Meshes/roundTable.roundTable
[2018.12.01-18.17.51:828][  0]LogTexture: Display: Building textures: floor_DefaultMaterial_BaseColor (AutoDXT, 2048X2048)
[2018.12.01-18.17.51:828][  0]LogStaticMesh: Building static mesh phone_base...
[2018.12.01-18.17.52:171][  0]LogTexture: Display: Building textures: doorFrame_initialShadingGroup_OcclusionRoughnessMetallic (AutoDXT, 2048X2048)
[2018.12.01-18.17.52:171][  0]LogStaticMesh: Built static mesh [0.35s] /Game/Geometry/Meshes/phone_base.phone_base
[2018.12.01-18.17.53:500][  0]LogTexture: Display: Building textures: doorFrame_initialShadingGroup_Normal (BC5, 2048X2048)
[2018.12.01-18.17.53:500][  0]LogTexture: Display: Building textures: floor_DefaultMaterial_OcclusionRoughnessMetallic (AutoDXT, 2048X2048)
[2018.12.01-18.17.53:500][  0]LogTexture: Display: Building textures: doorFrame_initialShadingGroup_BaseColor (AutoDXT, 2048X2048)
[2018.12.01-18.17.53:503][  0]LogMaterial: Display: Missing cached shader map for material bed, compiling. 
[2018.12.01-18.17.53:538][  0]LogShaderCompilers: Display: Shaders left to compile 22
[2018.12.01-18.17.53:538][  0]LogMaterial: Display: Missing cached shader map for material blanket_movedMat, compiling. 
[2018.12.01-18.17.53:792][  0]LogTexture: Display: Building textures: nightStand_initialShadingGroup_BaseColor (AutoDXT, 2048X2048)
[2018.12.01-18.17.53:792][  0]LogTexture: Display: Building textures: door_initialShadingGroup_OcclusionRoughnessMetallic (AutoDXT, 2048X2048)
[2018.12.01-18.17.53:792][  0]LogStaticMesh: Building static mesh blanket...
[2018.12.01-18.17.54:394][  0]LogStaticMesh: Built static mesh [0.60s] /Game/Geometry/Meshes/blanket.blanket
[2018.12.01-18.17.54:490][  0]LogMaterial: Display: Missing cached shader map for material initialShadingGroup, compiling. 
[2018.12.01-18.17.54:563][  0]LogStaticMesh: Building static mesh bed...
[2018.12.01-18.17.54:709][  0]LogStaticMesh: Built static mesh [0.15s] /Game/Geometry/Meshes/bed.bed
[2018.12.01-18.17.56:307][  0]LogTexture: Display: Building textures: door_initialShadingGroup_BaseColor (AutoDXT, 2048X2048)
[2018.12.01-18.17.56:307][  0]LogTexture: Display: Building textures: blanket_initialShadingGroup_OcclusionRoughnessMetallic (AutoDXT, 2048X2048)
[2018.12.01-18.17.56:307][  0]LogMaterial: Display: Missing cached shader map for material roundTable, compiling. 
[2018.12.01-18.17.56:325][  0]LogMaterial: Display: Missing cached shader map for material phoneBase, compiling. 
[2018.12.01-18.17.56:378][  0]LogMaterial: Display: Missing cached shader map for material phone, compiling. 
[2018.12.01-18.17.59:528][  0]LogTexture: Display: Building textures: alarmClock_initialShadingGroup_BaseColor (AutoDXT, 2048X2048)
[2018.12.01-18.17.59:528][  0]LogTexture: Display: Building textures: door_initialShadingGroup_Normal (BC5, 2048X2048)
[2018.12.01-18.17.59:528][  0]LogTexture: Display: Building textures: blanket_initialShadingGroup_Normal (BC5, 2048X2048)
[2018.12.01-18.17.59:528][  0]LogTexture: Display: Building textures: DS-DIGI_Font_PageA (G8, 256X256)
[2018.12.01-18.17.59:528][  0]LogTexture: Display: Building textures: DS-DIGI_Font_PageB (G8, 256X128)
[2018.12.01-18.17.59:528][  0]LogTexture: Display: Building textures: alarmClock_initialShadingGroup_Normal (BC5, 2048X2048)
[2018.12.01-18.17.59:528][  0]LogTexture: Display: Building textures: nightStand_initialShadingGroup_OcclusionRoughnessMetallic (AutoDXT, 2048X2048)
[2018.12.01-18.17.59:528][  0]LogTexture: Display: Building textures: blanket_initialShadingGroup_BaseColor (AutoDXT, 2048X2048)
[2018.12.01-18.17.59:528][  0]LogTexture: Display: Building textures: floor_DefaultMaterial_Normal (BC5, 2048X2048)
[2018.12.01-18.18.00:041][  0]LogMaterial: Display: Missing cached shader map for material nightStand, compiling. 
[2018.12.01-18.18.00:505][  0]LogMaterial: Display: Missing cached shader map for material floor, compiling. 
[2018.12.01-18.18.00:551][  0]LogMaterial: Display: Missing cached shader map for material doorFrame, compiling. 
[2018.12.01-18.18.00:569][  0]LogMaterial: Display: Missing cached shader map for material door, compiling. 
[2018.12.01-18.18.00:610][  0]LogMaterial: Display: Missing cached shader map for material blanket, compiling. 
[2018.12.01-18.18.00:659][  0]LogMaterial: Display: Missing cached shader map for material alarmClock, compiling. 
[2018.12.01-18.18.00:697][  0]LogStaticMesh: Building static mesh alarmClock...
[2018.12.01-18.18.00:731][  0]LogStaticMesh: Built static mesh [0.04s] /Game/Geometry/Meshes/alarmClock.alarmClock
[2018.12.01-18.18.00:742][  0]LogMaterial: Display: Missing cached shader map for material lambert1, compiling. 
[2018.12.01-18.18.00:809][  0]LogMaterial: Display: Missing cached shader map for material DS-Digi-Font, compiling. 
[2018.12.01-18.18.01:773][  0]LogAIModule: Creating AISystem for world FirstPersonExampleMap
[2018.12.01-18.18.02:126][  0]LogEditorServer: Finished looking for orphan Actors (0.000 secs)
[2018.12.01-18.18.03:321][  0]Cmd: MAP CHECKDEP NOCLEARLOG
[2018.12.01-18.18.03:493][  0]MapCheck: Map check complete: 0 Error(s), 0 Warning(s), took 171.68ms to complete.
[2018.12.01-18.18.03:494][  0]LogFileHelpers: Loading map 'FirstPersonExampleMap' took 17.529
[2018.12.01-18.18.04:022][  0]LogSlate: Updating window title bar state: overlay mode, drag disabled, window buttons hidden, title bar hidden
[2018.12.01-18.18.04:039][  0]LogSlate: Updating window title bar state: overlay mode, drag disabled, window buttons hidden, title bar hidden
[2018.12.01-18.18.04:054][  0]LogSlate: Updating window title bar state: overlay mode, drag disabled, window buttons hidden, title bar hidden
[2018.12.01-18.18.04:078][  0]LogSlate: Updating window title bar state: overlay mode, drag disabled, window buttons hidden, title bar hidden
[2018.12.01-18.18.04:131][  0]LogCollectionManager: Loaded 0 collections in 0.001890 seconds
[2018.12.01-18.18.04:189][  0]LogFileCache: Scanning file cache for directory 'C:/Users/Jordan Peloquin/Desktop/GameDevI/GameDev1Project4/UnrealHouse/Saved/Collections/' took 0.01s
[2018.12.01-18.18.04:189][  0]LogFileCache: Scanning file cache for directory 'C:/Users/Jordan Peloquin/Desktop/GameDevI/GameDev1Project4/UnrealHouse/Content/Developers/JordanPeloquin/Collections/' took 0.01s
[2018.12.01-18.18.04:189][  0]LogFileCache: Scanning file cache for directory 'C:/Users/Jordan Peloquin/Desktop/GameDevI/GameDev1Project4/UnrealHouse/Content/Collections/' took 0.01s
[2018.12.01-18.18.04:189][  0]LogCollectionManager: Rebuilt the GUID cache for 0 collections in 0.000000 seconds
[2018.12.01-18.18.04:210][  0]LogContentBrowser: Native class hierarchy populated in 0.0193 seconds. Added 2572 classes and 603 folders.
[2018.12.01-18.18.04:227][  0]LogContentBrowser: Native class hierarchy updated for 'WidgetCarousel' in 0.0004 seconds. Added 0 classes and 0 folders.
[2018.12.01-18.18.05:195][  0]LogContentBrowser: Native class hierarchy updated for 'AddContentDialog' in 0.0004 seconds. Added 0 classes and 0 folders.
[2018.12.01-18.18.05:259][  0]LogContentBrowser: Native class hierarchy updated for 'SceneOutliner' in 0.0004 seconds. Added 1 classes and 2 folders.
[2018.12.01-18.18.05:305][  0]LogSlate: Took 0.008133 seconds to synchronously load lazily loaded font '../../../Engine/Content/Slate/Fonts/Roboto-Regular.ttf' (155K)
[2018.12.01-18.18.05:324][  0]LogSlate: Took 0.008824 seconds to synchronously load lazily loaded font '../../../Engine/Content/Slate/Fonts/Roboto-Bold.ttf' (160K)
[2018.12.01-18.18.05:338][  0]LogSlate: Took 0.009364 seconds to synchronously load lazily loaded font '../../../Engine/Content/Editor/Slate/Fonts/FontAwesome.ttf' (139K)
[2018.12.01-18.18.05:498][  0]LogRenderer: Reallocating scene render targets to support 828x332 Format 10 NumSamples 1 (Frame:1).
[2018.12.01-18.18.16:808][  0]LogShaderCompilers: Display: Shaders left to compile 368
[2018.12.01-18.18.16:808][  0]LogShaderCompilers: Display: Shaders left to compile 358
[2018.12.01-18.18.16:808][  0]LogShaderCompilers: Display: Shaders left to compile 348
[2018.12.01-18.18.16:808][  0]LogShaderCompilers: Display: Shaders left to compile 338
[2018.12.01-18.18.16:808][  0]LogShaderCompilers: Display: Shaders left to compile 328
[2018.12.01-18.18.16:839][  0]LogContentBrowser: Native class hierarchy updated for 'HierarchicalLODOutliner' in 0.0013 seconds. Added 0 classes and 0 folders.
[2018.12.01-18.18.16:840][  0]LogLoad: (Engine Initialization) Total time: 44.74 seconds
[2018.12.01-18.18.16:840][  0]LogLoad: (Engine Initialization) Total Blueprint compile time: 0.00 seconds
[2018.12.01-18.18.16:905][  0]LogSlate: FSceneViewport::OnFocusLost() reason 0
[2018.12.01-18.18.16:912][  0]LogWindowsTextInputMethodSystem: Display: IME system now deactivated.
[2018.12.01-18.18.16:996][  0]LogContentStreaming: Texture pool size now 1000 MB
[2018.12.01-18.18.17:319][  1]LogRenderer: Reallocating scene render targets to support 828x340 Format 10 NumSamples 1 (Frame:2).
[2018.12.01-18.18.21:847][  2]LogShaderCompilers: Display: Shaders left to compile 318
[2018.12.01-18.18.24:008][  2]LogFileCache: Retrieving MD5 hashes for directory 'C:/Users/Jordan Peloquin/Desktop/GameDevI/GameDev1Project4/UnrealHouse/Content/' took 7.07s
[2018.12.01-18.18.24:149][  2]LogSlate: Took 0.000716 seconds to synchronously load lazily loaded font '../../../Engine/Content/Slate/Fonts/Roboto-Light.ttf' (167K)
[2018.12.01-18.18.24:428][  3]LogShaderCompilers: Display: Shaders left to compile 308
[2018.12.01-18.18.24:484][  3]LogSlate: Took 0.000906 seconds to synchronously load lazily loaded font '../../../Engine/Content/Slate/Fonts/Roboto-Light.ttf' (167K)
[2018.12.01-18.18.25:185][ 11]LogAssetRegistry: Asset discovery search completed in 48.7439 seconds
[2018.12.01-18.18.25:197][ 11]LogCollectionManager: Rebuilt the object cache for 0 collections in 0.000001 seconds (found 0 objects)
[2018.12.01-18.18.25:197][ 11]LogCollectionManager: Fixed up redirectors for 0 collections in 0.000341 seconds (updated 0 objects)
[2018.12.01-18.18.26:957][ 37]LogSlate: Window 'Message Log' being destroyed
[2018.12.01-18.18.27:019][ 37]LogSlate: Window 'Message Log' being destroyed
[2018.12.01-18.18.29:157][ 46]LogShaderCompilers: Display: Shaders left to compile 298
[2018.12.01-18.18.33:174][ 46]LogShaderCompilers: Display: Shaders left to compile 288
[2018.12.01-18.18.33:381][ 47]LogEditorViewport: Clicking on Actor (context menu): StaticMeshActor (Floor)
[2018.12.01-18.18.33:770][ 47]LogSlate: FSceneViewport::OnFocusLost() reason 2
[2018.12.01-18.18.33:797][ 47]LogEditorViewport: Clicking on Actor (context menu): StaticMeshActor (nightStand)
[2018.12.01-18.18.34:059][ 47]LogSlate: FSceneViewport::OnFocusLost() reason 2
[2018.12.01-18.18.38:940][ 49]LogShaderCompilers: Display: Shaders left to compile 278
[2018.12.01-18.18.40:809][ 50]LogShaderCompilers: Display: Shaders left to compile 268
[2018.12.01-18.18.44:698][ 51]LogEditorViewport: Clicking on Actor (LMB): StaticMeshActor (BigWall2)
[2018.12.01-18.18.44:773][ 51]LogEditorViewport: Clicking on Actor (LMB): StaticMeshActor (EditorCube13)
[2018.12.01-18.18.44:846][ 51]LogSlate: FSceneViewport::OnFocusLost() reason 0
[2018.12.01-18.18.45:008][ 52]LogShaderCompilers: Display: Shaders left to compile 258
[2018.12.01-18.18.45:588][ 52]LogShaderCompilers: Display: Shaders left to compile 248
[2018.12.01-18.18.47:038][ 52]LogShaderCompilers: Display: Shaders left to compile 238
[2018.12.01-18.18.48:893][ 52]LogShaderCompilers: Display: Shaders left to compile 228
[2018.12.01-18.18.51:881][151]LogShaderCompilers: Display: Shaders left to compile 218
[2018.12.01-18.18.53:085][218]LogSlate: FSceneViewport::OnFocusLost() reason 0
[2018.12.01-18.18.54:538][290]LogShaderCompilers: Display: Shaders left to compile 208
[2018.12.01-18.18.54:914][309]LogSlate: FSceneViewport::OnFocusLost() reason 0
[2018.12.01-18.18.58:653][527]LogShaderCompilers: Display: Shaders left to compile 198
[2018.12.01-18.19.02:554][758]LogShaderCompilers: Display: Shaders left to compile 188
[2018.12.01-18.19.03:080][792]LogShaderCompilers: Display: Shaders left to compile 178
[2018.12.01-18.19.03:560][822]LogShaderCompilers: Display: Shaders left to compile 168
[2018.12.01-18.19.07:950][ 92]LogShaderCompilers: Display: Shaders left to compile 158
[2018.12.01-18.19.08:479][125]LogShaderCompilers: Display: Shaders left to compile 148
[2018.12.01-18.19.10:275][240]LogSlate: FSceneViewport::OnFocusLost() reason 0
[2018.12.01-18.19.10:394][248]LogTemp: Repeating last play command: Selected Viewport
[2018.12.01-18.19.10:441][248]LogBlueprintUserMessages: Early PlayInEditor Detection: Level '/Game/FirstPersonBP/Maps/FirstPersonExampleMap.FirstPersonExampleMap:PersistentLevel' has LevelScriptBlueprint '/Game/FirstPersonBP/Maps/FirstPersonExampleMap.FirstPersonExampleMap:PersistentLevel.FirstPersonExampleMap' with GeneratedClass '/Game/FirstPersonBP/Maps/FirstPersonExampleMap.FirstPersonExampleMap_C' with ClassGeneratedBy '/Game/FirstPersonBP/Maps/FirstPersonExampleMap.FirstPersonExampleMap:PersistentLevel.FirstPersonExampleMap'
[2018.12.01-18.19.10:441][248]LogPlayLevel: PlayLevel: No blueprints needed recompiling
[2018.12.01-18.19.10:465][248]PIE: New page: PIE session: FirstPersonExampleMap (Dec 1, 2018, 8:19:10 AM)
[2018.12.01-18.19.10:465][248]LogPlayLevel: Creating play world package: /Game/FirstPersonBP/Maps/UEDPIE_0_FirstPersonExampleMap
[2018.12.01-18.19.10:479][248]LogPlayLevel: PIE: StaticDuplicateObject took: (0.013713s)
[2018.12.01-18.19.10:480][248]LogAIModule: Creating AISystem for world FirstPersonExampleMap
[2018.12.01-18.19.10:480][248]LogPlayLevel: PIE: World Init took: (0.001421s)
[2018.12.01-18.19.10:481][248]LogPlayLevel: PIE: Created PIE world by copying editor world from /Game/FirstPersonBP/Maps/FirstPersonExampleMap.FirstPersonExampleMap to /Game/FirstPersonBP/Maps/UEDPIE_0_FirstPersonExampleMap.FirstPersonExampleMap (0.015615s)
[2018.12.01-18.19.10:521][248]LogInit: XAudio2 using 'Speakers / Headphones (Realtek Audio)' : 2 channels at 48 kHz using 32 bits per sample (channel mask 0x3)
[2018.12.01-18.19.10:539][248]LogInit: FAudioDevice initialized.
[2018.12.01-18.19.10:590][248]LogLoad: Game class is 'FirstPersonGameMode_C'
[2018.12.01-18.19.10:600][248]LogWorld: Bringing World /Game/FirstPersonBP/Maps/UEDPIE_0_FirstPersonExampleMap.FirstPersonExampleMap up for play (max tick rate 0) at 2018.12.01-13.19.10
[2018.12.01-18.19.10:601][248]LogWorld: Bringing up level for play took: 0.005604
[2018.12.01-18.19.10:627][248]LogContentBrowser: Native class hierarchy updated for 'MovieSceneCapture' in 0.0005 seconds. Added 10 classes and 0 folders.
[2018.12.01-18.19.10:630][248]PIE: Play in editor start time for /Game/FirstPersonBP/Maps/UEDPIE_0_FirstPersonExampleMap -0.269
[2018.12.01-18.19.10:631][248]LogBlueprintUserMessages: Late PlayInEditor Detection: Level '/Game/FirstPersonBP/Maps/FirstPersonExampleMap.FirstPersonExampleMap:PersistentLevel' has LevelScriptBlueprint '/Game/FirstPersonBP/Maps/FirstPersonExampleMap.FirstPersonExampleMap:PersistentLevel.FirstPersonExampleMap' with GeneratedClass '/Game/FirstPersonBP/Maps/FirstPersonExampleMap.FirstPersonExampleMap_C' with ClassGeneratedBy '/Game/FirstPersonBP/Maps/FirstPersonExampleMap.FirstPersonExampleMap:PersistentLevel.FirstPersonExampleMap'
[2018.12.01-18.19.12:597][249]LogShaderCompilers: Display: Shaders left to compile 138
[2018.12.01-18.19.12:957][249]LogShaderCompilers: Display: Shaders left to compile 128
[2018.12.01-18.19.13:382][249]LogShaderCompilers: Display: Shaders left to compile 118
[2018.12.01-18.19.17:526][252]LogShaderCompilers: Display: Shaders left to compile 108
[2018.12.01-18.19.18:527][252]LogShaderCompilers: Display: Shaders left to compile 98
[2018.12.01-18.19.19:192][252]LogShaderCompilers: Display: Shaders left to compile 88
[2018.12.01-18.19.20:689][252]LogShaderCompilers: Display: Shaders left to compile 78
[2018.12.01-18.19.20:705][252]LogShaderCompilers: Display: Shaders left to compile 68
[2018.12.01-18.19.23:557][303]LogShaderCompilers: Display: Shaders left to compile 58
[2018.12.01-18.19.24:279][318]LogShaderCompilers: Display: Shaders left to compile 48
[2018.12.01-18.19.27:086][318]LogShaderCompilers: Display: Shaders left to compile 38
[2018.12.01-18.19.28:063][322]LogShaderCompilers: Display: Shaders left to compile 28
[2018.12.01-18.19.28:419][350]LogShaderCompilers: Display: Shaders left to compile 18
[2018.12.01-18.19.29:609][443]LogShaderCompilers: Display: Shaders left to compile 8
[2018.12.01-18.19.53:779][932]LogBlueprintUserMessages: Early EndPlayMap Detection: Level '/Game/FirstPersonBP/Maps/FirstPersonExampleMap.FirstPersonExampleMap:PersistentLevel' has LevelScriptBlueprint '/Game/FirstPersonBP/Maps/FirstPersonExampleMap.FirstPersonExampleMap:PersistentLevel.FirstPersonExampleMap' with GeneratedClass '/Game/FirstPersonBP/Maps/FirstPersonExampleMap.FirstPersonExampleMap_C' with ClassGeneratedBy '/Game/FirstPersonBP/Maps/FirstPersonExampleMap.FirstPersonExampleMap:PersistentLevel.FirstPersonExampleMap'
[2018.12.01-18.19.53:779][932]LogSlate: Updating window title bar state: overlay mode, drag disabled, window buttons hidden, title bar hidden
[2018.12.01-18.19.53:812][932]LogPlayLevel: Display: Shutting down PIE online subsystems
[2018.12.01-18.19.53:812][932]LogBlueprintUserMessages: Late EndPlayMap Detection: Level '/Game/FirstPersonBP/Maps/FirstPersonExampleMap.FirstPersonExampleMap:PersistentLevel' has LevelScriptBlueprint '/Game/FirstPersonBP/Maps/FirstPersonExampleMap.FirstPersonExampleMap:PersistentLevel.FirstPersonExampleMap' with GeneratedClass '/Game/FirstPersonBP/Maps/FirstPersonExampleMap.FirstPersonExampleMap_C' with ClassGeneratedBy '/Game/FirstPersonBP/Maps/FirstPersonExampleMap.FirstPersonExampleMap:PersistentLevel.FirstPersonExampleMap'
[2018.12.01-18.19.53:835][932]LogSlate: Updating window title bar state: overlay mode, drag disabled, window buttons hidden, title bar hidden
[2018.12.01-18.19.53:879][934]LogPlayLevel: Display: Destroying online subsystem :Context_3
[2018.12.01-18.48.01:618][315]LogSlate: FSceneViewport::OnFocusLost() reason 0
