Log file open, 12/08/18 13:34:01
LogWindows: Failed to load 'aqProf.dll' (GetLastError=126)
LogWindows: File 'aqProf.dll' does not exist
LogWindows: Failed to load 'VtuneApi.dll' (GetLastError=126)
LogWindows: File 'VtuneApi.dll' does not exist
LogWindows: Failed to load 'VtuneApi32e.dll' (GetLastError=126)
LogWindows: File 'VtuneApi32e.dll' does not exist
LogInit: Display: Running engine for game: UnrealHouse
LogPlatformFile: Not using cached read wrapper
LogTaskGraph: Started task graph with 5 named threads and 23 total threads with 3 sets of task threads.
LogStats: Stats thread started at 0.322635
LogD3D11RHI: Loaded GFSDK_Aftermath_Lib.x64.dll
LogICUInternationalization: Display: ICU TimeZone Detection - Raw Offset: -5:00, Platform Override: ''
LogPluginManager: Mounting plugin Paper2D
LogPluginManager: Mounting plugin AISupport
LogPluginManager: Mounting plugin LightPropagationVolume
LogPluginManager: Mounting plugin CLionSourceCodeAccess
LogPluginManager: Mounting plugin CodeLiteSourceCodeAccess
LogPluginManager: Mounting plugin GitSourceControl
LogPluginManager: Mounting plugin KDevelopSourceCodeAccess
LogPluginManager: Mounting plugin NullSourceCodeAccess
LogPluginManager: Mounting plugin PerforceSourceControl
LogPluginManager: Mounting plugin SubversionSourceControl
LogPluginManager: Mounting plugin UObjectPlugin
LogPluginManager: Mounting plugin VisualStudioCodeSourceCodeAccess
LogPluginManager: Mounting plugin VisualStudioSourceCodeAccess
LogPluginManager: Mounting plugin XCodeSourceCodeAccess
LogPluginManager: Mounting plugin AssetManagerEditor
LogPluginManager: Mounting plugin CryptoKeys
LogPluginManager: Mounting plugin DataValidation
LogPluginManager: Mounting plugin FacialAnimation
LogPluginManager: Mounting plugin GameplayTagsEditor
LogPluginManager: Mounting plugin MacGraphicsSwitching
LogPluginManager: Mounting plugin MeshEditor
LogPluginManager: Mounting plugin MobileLauncherProfileWizard
LogPluginManager: Mounting plugin PluginBrowser
LogPluginManager: Mounting plugin SpeedTreeImporter
LogPluginManager: Mounting plugin DatasmithContent
LogPluginManager: Mounting plugin AlembicImporter
LogPluginManager: Mounting plugin AppleImageUtils
LogPluginManager: Mounting plugin AppleVision
LogPluginManager: Mounting plugin BackChannel
LogPluginManager: Mounting plugin CharacterAI
LogPluginManager: Mounting plugin GeometryCache
LogPluginManager: Mounting plugin HTML5Networking
LogPluginManager: Mounting plugin ProxyLODPlugin
LogPluginManager: Mounting plugin MagicLeap
LogPluginManager: Mounting plugin MagicLeapEmulator
LogPluginManager: Mounting plugin MagicLeapMedia
LogPluginManager: Mounting plugin AndroidMedia
LogPluginManager: Mounting plugin AvfMedia
LogPluginManager: Mounting plugin ImgMedia
LogPluginManager: Mounting plugin LinearTimecode
LogPluginManager: Mounting plugin MediaCompositing
LogPluginManager: Mounting plugin MediaPlayerEditor
LogPluginManager: Mounting plugin WmfMedia
LogPluginManager: Mounting plugin TcpMessaging
LogPluginManager: Mounting plugin UdpMessaging
LogPluginManager: Mounting plugin ActorSequence
LogPluginManager: Mounting plugin LevelSequenceEditor
LogPluginManager: Mounting plugin MatineeToLevelSequence
LogPluginManager: Mounting plugin NetcodeUnitTest
LogPluginManager: Mounting plugin NUTUnrealEngine4
LogPluginManager: Mounting plugin OnlineSubsystemGooglePlay
LogPluginManager: Mounting plugin OnlineSubsystemIOS
LogPluginManager: Mounting plugin OnlineSubsystem
LogPluginManager: Mounting plugin OnlineSubsystemNull
LogPluginManager: Mounting plugin OnlineSubsystemUtils
LogPluginManager: Mounting plugin LauncherChunkInstaller
LogPluginManager: Mounting plugin AndroidDeviceProfileSelector
LogPluginManager: Mounting plugin AndroidMoviePlayer
LogPluginManager: Mounting plugin AndroidPermission
LogPluginManager: Mounting plugin AppleMoviePlayer
LogPluginManager: Mounting plugin ArchVisCharacter
LogPluginManager: Mounting plugin AudioCapture
LogPluginManager: Mounting plugin CableComponent
LogPluginManager: Mounting plugin CustomMeshComponent
LogPluginManager: Mounting plugin EditableMesh
LogPluginManager: Mounting plugin ExampleDeviceProfileSelector
LogPluginManager: Mounting plugin GoogleCloudMessaging
LogPluginManager: Mounting plugin ImmediatePhysics
LogPluginManager: Mounting plugin IOSDeviceProfileSelector
LogPluginManager: Mounting plugin LinuxDeviceProfileSelector
LogPluginManager: Mounting plugin LocationServicesBPLibrary
LogPluginManager: Mounting plugin MobilePatchingUtils
LogPluginManager: Mounting plugin OculusVR
LogPluginManager: Plugin shader directory ../../../Engine/Plugins/Runtime/Oculus/OculusVR/Shaders found
LogPluginManager: Mapping shader source directory ../../../Engine/Plugins/Runtime/Oculus/OculusVR/Shaders to virtual directory /Plugin/OculusVR
LogPluginManager: Mounting plugin PhysXVehicles
LogPluginManager: Mounting plugin ProceduralMeshComponent
LogPluginManager: Mounting plugin RuntimePhysXCooking
LogPluginManager: Mounting plugin SteamVR
LogPluginManager: Mounting plugin WindowsMoviePlayer
LogStreaming: Display: Took  0.169s to configure plugins.
LogInit: Using libcurl 7.55.1-DEV
LogInit:  - built for x86_64-pc-win32
LogInit:  - supports SSL with OpenSSL/1.0.2h
LogInit:  - supports HTTP deflate (compression) using libz 1.2.8
LogInit:  - other features:
LogInit:      CURL_VERSION_SSL
LogInit:      CURL_VERSION_LIBZ
LogInit:      CURL_VERSION_IPV6
LogInit:      CURL_VERSION_ASYNCHDNS
LogInit:      CURL_VERSION_LARGEFILE
LogInit:      CURL_VERSION_IDN
LogInit:  CurlRequestOptions (configurable via config and command line):
LogInit:  - bVerifyPeer = false  - Libcurl will NOT verify peer certificate
LogInit:  - bUseHttpProxy = false  - Libcurl will NOT use HTTP proxy
LogInit:  - bDontReuseConnections = false  - Libcurl will reuse connections
LogInit:  - CertBundlePath = nullptr  - Libcurl will use whatever was configured at build time.
LogInit:  - MaxHostConnections = 16  - Libcurl will limit the number of connections to a host
LogInit:  - LocalHostAddr = Default
LogInit:  - BufferSize = 65536
LogInit: WinSock: version 1.1 (2.2), MaxSocks=32767, MaxUdp=65467
LogInit: Build: ++UE4+Release-4.20-CL-4369336
LogInit: Engine Version: 4.20.3-4369336+++UE4+Release-4.20
LogInit: Compatible Engine Version: 4.20.0-4212847+++UE4+Release-4.20
LogInit: Net CL: 4212847
LogInit: OS: Windows 10 (), CPU: Intel(R) Core(TM) i7-6700HQ CPU @ 2.60GHz, GPU: Intel(R) HD Graphics 530
LogInit: Compiled (64-bit): Sep 17 2018 12:26:19
LogInit: Compiled with Visual C++: 19.13.26129.00
LogInit: Build Configuration: Development
LogInit: Branch Name: ++UE4+Release-4.20
LogInit: Command Line: 
LogInit: Base Directory: C:/Program Files/Epic Games/UE_4.20/Engine/Binaries/Win64/
LogInit: Installed Engine Build: 1
LogDevObjectVersion: Number of dev versions registered: 20
LogDevObjectVersion:   Dev-Blueprints (B0D832E4-1F89-4F0D-ACCF-7EB736FD4AA2): 10
LogDevObjectVersion:   Dev-Build (E1C64328-A22C-4D53-A36C-8E866417BD8C): 0
LogDevObjectVersion:   Dev-Core (375EC13C-06E4-48FB-B500-84F0262A717E): 2
LogDevObjectVersion:   Dev-Editor (E4B068ED-F494-42E9-A231-DA0B2E46BB41): 24
LogDevObjectVersion:   Dev-Framework (CFFC743F-43B0-4480-9391-14DF171D2073): 34
LogDevObjectVersion:   Dev-Mobile (B02B49B5-BB20-44E9-A304-32B752E40360): 2
LogDevObjectVersion:   Dev-Networking (A4E4105C-59A1-49B5-A7C5-40C4547EDFEE): 0
LogDevObjectVersion:   Dev-Online (39C831C9-5AE6-47DC-9A44-9C173E1C8E7C): 0
LogDevObjectVersion:   Dev-Physics (78F01B33-EBEA-4F98-B9B4-84EACCB95AA2): 0
LogDevObjectVersion:   Dev-Platform (6631380F-2D4D-43E0-8009-CF276956A95A): 0
LogDevObjectVersion:   Dev-Rendering (12F88B9F-8875-4AFC-A67C-D90C383ABD29): 26
LogDevObjectVersion:   Dev-Sequencer (7B5AE74C-D270-4C10-A958-57980B212A5A): 9
LogDevObjectVersion:   Dev-VR (D7296918-1DD6-4BDD-9DE2-64A83CC13884): 2
LogDevObjectVersion:   Dev-LoadTimes (C2A15278-BFE7-4AFE-6C17-90FF531DF755): 1
LogDevObjectVersion:   Private-Geometry (6EACA3D4-40EC-4CC1-B786-8BED09428FC5): 3
LogDevObjectVersion:   Dev-AnimPhys (29E575DD-E0A3-4627-9D10-D276232CDCEA): 17
LogDevObjectVersion:   Dev-ReflectionCapture (6B266CEC-1EC7-4B8F-A30B-E4D90942FC07): 1
LogDevObjectVersion:   Dev-Automation (0DF73D61-A23F-47EA-B727-89E90C41499A): 1
LogDevObjectVersion:   FortniteMain (601D1886-AC64-4F84-AA16-D3DE0DEAC7D6): 12
LogDevObjectVersion:   Dev-Enterprise (9DFFBCD6-494F-0158-E221-12823C92A888): 1
LogStreaming: Display: Took  0.006s to delete old logs.
LogInit: Presizing for max 8388607 objects, including 0 objects not considered by GC, pre-allocating 0 bytes for permanent pool.
LogInit: Object subsystem initialized
[2018.12.08-18.34.02:064][  0]LogInit: Selected Device Profile: [Windows]
[2018.12.08-18.34.02:064][  0]LogInit: Applying CVar settings loaded from the selected device profile: [Windows]
[2018.12.08-18.34.02:084][  0]LogHAL: Display: Platform has ~ 16 GB [17066975232 / 17179869184 / 16], which maps to Larger [LargestMinGB=32, LargerMinGB=12, DefaultMinGB=8, SmallerMinGB=6, SmallestMinGB=0)
[2018.12.08-18.34.02:084][  0]LogInit: Setting Device Profile CVar: [[r.Vulkan.UseRealUBs:1]]
[2018.12.08-18.34.02:084][  0]LogInit: Going up to parent DeviceProfile []
[2018.12.08-18.34.02:085][  0]LogInit: Computer: COREYPC
[2018.12.08-18.34.02:085][  0]LogInit: User: CoreyD
[2018.12.08-18.34.02:085][  0]LogInit: CPU Page size=4096, Cores=4
[2018.12.08-18.34.02:085][  0]LogInit: High frequency timer resolution =2.531255 MHz
[2018.12.08-18.34.02:085][  0]LogMemory: Memory total: Physical=15.9GB (16GB approx)
[2018.12.08-18.34.02:085][  0]LogMemory: Platform Memory Stats for Windows
[2018.12.08-18.34.02:085][  0]LogMemory: Process Physical Memory: 106.00 MB used, 106.00 MB peak
[2018.12.08-18.34.02:085][  0]LogMemory: Process Virtual Memory: 105.39 MB used, 105.39 MB peak
[2018.12.08-18.34.02:085][  0]LogMemory: Physical Memory: 8307.88 MB used,  7968.46 MB free, 16276.34 MB total
[2018.12.08-18.34.02:085][  0]LogMemory: Virtual Memory: 4659.34 MB used,  7968.46 MB free, 134217728.00 MB total
[2018.12.08-18.34.02:109][  0]LogInit: Using OS detected language (en-US).
[2018.12.08-18.34.02:109][  0]LogInit: Using OS detected locale (en-US).
[2018.12.08-18.34.02:110][  0]LogTextLocalizationManager: No specific localization for 'en-US' exists, so the 'en' localization will be used.
[2018.12.08-18.34.02:536][  0]LogStreaming: Display: Took  0.428s to InitEngineTextLocalization.
[2018.12.08-18.34.02:536][  0]LogInit: Setting process to per monitor DPI aware
[2018.12.08-18.34.02:568][  0]LogSlate: New Slate User Created.  User Index 0, Is Virtual User: 0
[2018.12.08-18.34.02:568][  0]LogSlate: Slate User Registered.  User Index 0, Is Virtual User: 0
[2018.12.08-18.34.02:821][  0]LogHMD: Failed to initialize OpenVR with code 110
[2018.12.08-18.34.02:821][  0]LogD3D11RHI: D3D11 adapters:
[2018.12.08-18.34.02:980][  0]LogD3D11RHI:    0. 'NVIDIA GeForce GTX 970M' (Feature Level 11_0)
[2018.12.08-18.34.02:980][  0]LogD3D11RHI:       6108/0/8138 MB DedicatedVideo/DedicatedSystem/SharedSystem, Outputs:1, VendorId:0x10de
[2018.12.08-18.34.02:993][  0]LogD3D11RHI:    1. 'Intel(R) HD Graphics 530' (Feature Level 11_0)
[2018.12.08-18.34.02:993][  0]LogD3D11RHI:       128/0/8138 MB DedicatedVideo/DedicatedSystem/SharedSystem, Outputs:0, VendorId:0x8086
[2018.12.08-18.34.02:996][  0]LogD3D11RHI:    2. 'Microsoft Basic Render Driver' (Feature Level 11_0)
[2018.12.08-18.34.02:996][  0]LogD3D11RHI:       0/0/8138 MB DedicatedVideo/DedicatedSystem/SharedSystem, Outputs:0, VendorId:0x1414
[2018.12.08-18.34.02:996][  0]LogD3D11RHI: Chosen D3D11 Adapter: 0
[2018.12.08-18.34.03:038][  0]LogD3D11RHI: Creating new Direct3DDevice
[2018.12.08-18.34.03:038][  0]LogD3D11RHI:     GPU DeviceId: 0x13d8 (for the marketing name, search the web for "GPU Device Id")
[2018.12.08-18.34.03:038][  0]LogWindows: EnumDisplayDevices:
[2018.12.08-18.34.03:038][  0]LogWindows:    0. 'Intel(R) HD Graphics 530' (P:1 D:1)
[2018.12.08-18.34.03:038][  0]LogWindows:    1. 'Intel(R) HD Graphics 530' (P:0 D:0)
[2018.12.08-18.34.03:039][  0]LogWindows:    2. 'Intel(R) HD Graphics 530' (P:0 D:0)
[2018.12.08-18.34.03:039][  0]LogWindows: DebugString: PrimaryIsNotTheChoosenAdapter PrimaryIsNotTheChoosenAdapter PrimaryIsNotTheChoosenAdapter FoundDriverCount:0 
[2018.12.08-18.34.03:039][  0]LogD3D11RHI:     Adapter Name: NVIDIA GeForce GTX 970M
[2018.12.08-18.34.03:039][  0]LogD3D11RHI:   Driver Version: Unknown (internal:Unknown, unified:Unknown)
[2018.12.08-18.34.03:039][  0]LogD3D11RHI:      Driver Date: Unknown
[2018.12.08-18.34.03:039][  0]LogRHI: Texture pool is 4276 MB (70% of 6108 MB)
[2018.12.08-18.34.03:081][  0]LogD3D11RHI: Async texture creation enabled
[2018.12.08-18.34.03:094][  0]LogD3D11RHI: GPU Timing Frequency: 1000.000000 (Debug: 2 1)
[2018.12.08-18.34.03:095][  0]LogShaderCompilers: Guid format shader working directory is -13 characters bigger than the processId version (../../../../../../Users/CoreyD/GameDev1Project4/UnrealHouse/Intermediate/Shaders/WorkingDirectory/11044/).
[2018.12.08-18.34.03:096][  0]LogShaderCompilers: Cleaned the shader compiler working directory 'C:/Users/CoreyD/AppData/Local/Temp/UnrealShaderWorkingDir/119A114949A10D82696A73AF442990D3/'.
[2018.12.08-18.34.03:405][  0]LogTemp: Display: Loaded TP AllDesktopTargetPlatform
[2018.12.08-18.34.03:421][  0]LogTemp: Display: Loaded TP MacClientTargetPlatform
[2018.12.08-18.34.03:436][  0]LogTemp: Display: Loaded TP MacNoEditorTargetPlatform
[2018.12.08-18.34.03:455][  0]LogTemp: Display: Loaded TP MacServerTargetPlatform
[2018.12.08-18.34.03:469][  0]LogTemp: Display: Loaded TP MacTargetPlatform
[2018.12.08-18.34.03:484][  0]LogTemp: Display: Loaded TP WindowsClientTargetPlatform
[2018.12.08-18.34.03:509][  0]LogTemp: Display: Loaded TP WindowsNoEditorTargetPlatform
[2018.12.08-18.34.03:530][  0]LogTemp: Display: Loaded TP WindowsServerTargetPlatform
[2018.12.08-18.34.03:539][  0]LogTemp: Display: Loaded TP WindowsTargetPlatform
[2018.12.08-18.34.03:623][  0]LogTemp: Display: Loaded TP AndroidTargetPlatform
[2018.12.08-18.34.03:623][  0]LogTemp: Display: Loaded TP AndroidTargetPlatform
[2018.12.08-18.34.03:623][  0]LogTemp: Display: Loaded TP AndroidTargetPlatform
[2018.12.08-18.34.03:623][  0]LogTemp: Display: Loaded TP AndroidTargetPlatform
[2018.12.08-18.34.03:623][  0]LogTemp: Display: Loaded TP AndroidTargetPlatform
[2018.12.08-18.34.03:623][  0]LogTemp: Display: Loaded TP AndroidTargetPlatform
[2018.12.08-18.34.03:623][  0]LogTemp: Display: Loaded TP AndroidTargetPlatform
[2018.12.08-18.34.03:623][  0]LogTemp: Display: Loaded TP AndroidTargetPlatform
[2018.12.08-18.34.03:623][  0]LogTemp: Display: Loaded TP AndroidTargetPlatform
[2018.12.08-18.34.03:623][  0]LogTemp: Display: Loaded TP AndroidTargetPlatform
[2018.12.08-18.34.03:623][  0]LogTemp: Display: Loaded TP AndroidTargetPlatform
[2018.12.08-18.34.03:623][  0]LogTemp: Display: Loaded TP AndroidTargetPlatform
[2018.12.08-18.34.03:623][  0]LogTemp: Display: Loaded TP AndroidTargetPlatform
[2018.12.08-18.34.03:623][  0]LogTemp: Display: Loaded TP AndroidTargetPlatform
[2018.12.08-18.34.03:623][  0]LogTemp: Display: Loaded TP AndroidTargetPlatform
[2018.12.08-18.34.03:623][  0]LogTemp: Display: Loaded TP AndroidTargetPlatform
[2018.12.08-18.34.03:623][  0]LogTemp: Display: Loaded TP AndroidTargetPlatform
[2018.12.08-18.34.03:623][  0]LogTemp: Display: Loaded TP AndroidTargetPlatform
[2018.12.08-18.34.03:624][  0]LogTemp: Display: Loaded TP HTML5TargetPlatform
[2018.12.08-18.34.03:695][  0]LogTemp: Display: Loaded TP IOSTargetPlatform
[2018.12.08-18.34.03:695][  0]LogTemp: Display: Loaded TP IOSTargetPlatform
[2018.12.08-18.34.03:725][  0]LogTemp: Display: Loaded TP TVOSTargetPlatform
[2018.12.08-18.34.03:725][  0]LogTemp: Display: Loaded TP TVOSTargetPlatform
[2018.12.08-18.34.03:743][  0]LogTemp: Display: Loaded TP LinuxClientTargetPlatform
[2018.12.08-18.34.03:758][  0]LogTemp: Display: Loaded TP LinuxNoEditorTargetPlatform
[2018.12.08-18.34.03:771][  0]LogTemp: Display: Loaded TP LinuxServerTargetPlatform
[2018.12.08-18.34.03:785][  0]LogTemp: Display: Loaded TP LinuxTargetPlatform
[2018.12.08-18.34.03:795][  0]LogTemp: Display: Loaded TP LuminTargetPlatform
[2018.12.08-18.34.03:795][  0]LogTargetPlatformManager: Display: Building Assets For Windows
[2018.12.08-18.34.03:863][  0]LogXGEController: Cannot use XGE Controller as Incredibuild is not installed on this machine.
[2018.12.08-18.34.03:863][  0]LogShaderCompilers: Cannot use XGE Shader Compiler as Incredibuild is not installed on this machine.
[2018.12.08-18.34.03:863][  0]LogShaderCompilers: Display: Using Local Shader Compiler.
[2018.12.08-18.34.04:757][  0]LogDerivedDataCache: Display: Max Cache Size: 512 MB
[2018.12.08-18.34.04:816][  0]LogDerivedDataCache: Loaded boot cache 0.06s 71MB C:/Users/CoreyD/AppData/Local/UnrealEngine/4.20/DerivedDataCache/Boot.ddc.
[2018.12.08-18.34.04:817][  0]LogDerivedDataCache: Display: Loaded Boot cache: C:/Users/CoreyD/AppData/Local/UnrealEngine/4.20/DerivedDataCache/Boot.ddc
[2018.12.08-18.34.04:817][  0]LogDerivedDataCache: FDerivedDataBackendGraph:  Pak pak cache file ../../../../../../Users/CoreyD/GameDev1Project4/UnrealHouse/DerivedDataCache/DDC.ddp not found, will not use a pak cache.
[2018.12.08-18.34.04:817][  0]LogDerivedDataCache: Unable to find inner node Pak for hierarchical cache Hierarchy.
[2018.12.08-18.34.04:817][  0]LogDerivedDataCache: FDerivedDataBackendGraph:  CompressedPak pak cache file ../../../../../../Users/CoreyD/GameDev1Project4/UnrealHouse/DerivedDataCache/Compressed.ddp not found, will not use a pak cache.
[2018.12.08-18.34.04:817][  0]LogDerivedDataCache: Unable to find inner node CompressedPak for hierarchical cache Hierarchy.
[2018.12.08-18.34.04:831][  0]LogDerivedDataCache: Display: Pak cache opened for reading ../../../Engine/DerivedDataCache/Compressed.ddp.
[2018.12.08-18.34.04:844][  0]LogDerivedDataCache: Using Local data cache path C:/Users/CoreyD/AppData/Local/UnrealEngine/Common/DerivedDataCache: Writable
[2018.12.08-18.34.04:844][  0]LogDerivedDataCache: Shared data cache path not found in *engine.ini, will not use an Shared cache.
[2018.12.08-18.34.04:844][  0]LogDerivedDataCache: Unable to find inner node Shared for hierarchical cache Hierarchy.
[2018.12.08-18.34.04:865][  0]LogMaterial: Verifying Global Shaders for PCD3D_SM5
[2018.12.08-18.34.04:867][  0]LogSlate: Using FreeType 2.6.0
[2018.12.08-18.34.04:868][  0]LogSlate: SlateFontServices - WITH_FREETYPE: 1, WITH_HARFBUZZ: 1
[2018.12.08-18.34.04:948][  0]LogAssetRegistry: FAssetRegistry took 0.0266 seconds to start up
[2018.12.08-18.34.05:352][  0]LogInit: Selected Device Profile: [Windows]
[2018.12.08-18.34.05:413][  0]LogSimplygon: Simplygon DLL not present - disabling.
[2018.12.08-18.34.05:417][  0]LogMeshReduction: Using SimplygonSwarm for distributed automatic mesh merging
[2018.12.08-18.34.05:418][  0]LogMeshReduction: Using ProxyLODMeshReduction for automatic mesh merging
[2018.12.08-18.34.05:418][  0]LogMeshReduction: Using QuadricMeshReduction for automatic static mesh reduction
[2018.12.08-18.34.05:418][  0]LogMeshReduction: No automatic skeletal mesh reduction module available
[2018.12.08-18.34.05:521][  0]LogNetVersion: UnrealHouse 1.0.0, NetCL: 4212847, EngineNetVer: 5, GameNetVer: 0 (Checksum: 3536387037)
[2018.12.08-18.34.06:247][  0]LogPackageLocalizationCache: Processed 11 localized package path(s) for 2 prioritized culture(s) in 0.194405 seconds
[2018.12.08-18.34.06:252][  0]LogUObjectArray: 38425 objects as part of root set at end of initial load.
[2018.12.08-18.34.06:252][  0]LogUObjectAllocator: 6690872 out of 0 bytes used by permanent object pool.
[2018.12.08-18.34.06:252][  0]LogUObjectArray: CloseDisregardForGC: 0/0 objects in disregard for GC pool
[2018.12.08-18.34.07:251][  0]LogTcpMessaging: Initializing TcpMessaging bridge
[2018.12.08-18.34.07:265][  0]LogUdpMessaging: Initializing bridge on interface 0.0.0.0:0 to multicast group 230.0.0.1:6666.
[2018.12.08-18.34.07:415][  0]SourceControl: Source control is disabled
[2018.12.08-18.34.07:415][  0]SourceControl: Source control is disabled
[2018.12.08-18.34.07:417][  0]SourceControl: Source control is disabled
[2018.12.08-18.34.07:418][  0]SourceControl: Source control is disabled
[2018.12.08-18.34.07:594][  0]LogAndroidPermission: UAndroidPermissionCallbackProxy::GetInstance
[2018.12.08-18.34.07:662][  0]LogOcInput: OculusInput pre-init called
[2018.12.08-18.34.07:735][  0]LogEngine: Initializing Engine...
[2018.12.08-18.34.07:736][  0]LogHMD: Failed to initialize OpenVR with code 110
[2018.12.08-18.34.07:738][  0]LogStats: UGameplayTagsManager::ConstructGameplayTagTree: ImportINI prefixes -  0.000 s
[2018.12.08-18.34.07:738][  0]LogStats: UGameplayTagsManager::ConstructGameplayTagTree: Construct from data asset -  0.000 s
[2018.12.08-18.34.07:738][  0]LogStats: UGameplayTagsManager::ConstructGameplayTagTree: ImportINI -  0.000 s
[2018.12.08-18.34.07:738][  0]LogStats: UGameplayTagsManager::ConstructGameplayTagTree: GameplayTagTreeChangedEvent.Broadcast -  0.000 s
[2018.12.08-18.34.08:010][  0]LogInit: Initializing FReadOnlyCVARCache
[2018.12.08-18.34.08:026][  0]LogAIModule: Creating AISystem for world Untitled
[2018.12.08-18.34.08:049][  0]LogInit: XAudio2 using 'Speakers (Realtek High Definition Audio)' : 2 channels at 48 kHz using 32 bits per sample (channel mask 0x3)
[2018.12.08-18.34.08:060][  0]LogInit: FAudioDevice initialized.
[2018.12.08-18.34.08:060][  0]LogNetVersion: Set ProjectVersion to 1.0.0.0. Version Checksum will be recalculated on next use.
[2018.12.08-18.34.08:138][  0]LogDerivedDataCache: Saved boot cache 0.08s 71MB C:/Users/CoreyD/AppData/Local/UnrealEngine/4.20/DerivedDataCache/Boot.ddc.
[2018.12.08-18.34.08:151][  0]LogInit: Texture streaming: Enabled
[2018.12.08-18.34.08:170][  0]LogEngineSessionManager: EngineSessionManager initialized
[2018.12.08-18.34.08:187][  0]LogInit: Transaction tracking system initialized
[2018.12.08-18.34.08:210][  0]BlueprintLog: New page: Editor Load
[2018.12.08-18.34.08:299][  0]LocalizationService: Localization service is disabled
[2018.12.08-18.34.08:580][  0]LogAutoReimportManager: Warning: Unable to watch directory ../../../../../../Users/CoreyD/GameDev1Project4/UnrealHouse/Content/ as it will conflict with another watching ../../../../../../Users/CoreyD/GameDev1Project4/UnrealHouse/Content/.
[2018.12.08-18.34.08:580][  0]LogAutoReimportManager: Warning: Unable to watch directory ../../../../../../Users/CoreyD/GameDev1Project4/UnrealHouse/Content/ as it will conflict with another watching ../../../../../../Users/CoreyD/GameDev1Project4/UnrealHouse/Content/.
[2018.12.08-18.34.08:580][  0]LogAutoReimportManager: Warning: Unable to watch directory ../../../../../../Users/CoreyD/GameDev1Project4/UnrealHouse/Content/ as it will conflict with another watching ../../../../../../Users/CoreyD/GameDev1Project4/UnrealHouse/Content/.
[2018.12.08-18.34.08:581][  0]LogAutoReimportManager: Warning: Unable to watch directory ../../../../../../Users/CoreyD/GameDev1Project4/UnrealHouse/Content/ as it will conflict with another watching ../../../../../../Users/CoreyD/GameDev1Project4/UnrealHouse/Content/.
[2018.12.08-18.34.08:581][  0]LogAutoReimportManager: Warning: Unable to watch directory ../../../../../../Users/CoreyD/GameDev1Project4/UnrealHouse/Content/ as it will conflict with another watching ../../../../../../Users/CoreyD/GameDev1Project4/UnrealHouse/Content/.
[2018.12.08-18.34.08:581][  0]LogAutoReimportManager: Warning: Unable to watch directory ../../../../../../Users/CoreyD/GameDev1Project4/UnrealHouse/Content/ as it will conflict with another watching ../../../../../../Users/CoreyD/GameDev1Project4/UnrealHouse/Content/.
[2018.12.08-18.34.08:581][  0]LogAutoReimportManager: Warning: Unable to watch directory ../../../../../../Users/CoreyD/GameDev1Project4/UnrealHouse/Content/ as it will conflict with another watching ../../../../../../Users/CoreyD/GameDev1Project4/UnrealHouse/Content/.
[2018.12.08-18.34.08:581][  0]LogAutoReimportManager: Warning: Unable to watch directory ../../../../../../Users/CoreyD/GameDev1Project4/UnrealHouse/Content/ as it will conflict with another watching ../../../../../../Users/CoreyD/GameDev1Project4/UnrealHouse/Content/.
[2018.12.08-18.34.08:581][  0]LogAutoReimportManager: Warning: Unable to watch directory ../../../../../../Users/CoreyD/GameDev1Project4/UnrealHouse/Content/ as it will conflict with another watching ../../../../../../Users/CoreyD/GameDev1Project4/UnrealHouse/Content/.
[2018.12.08-18.34.08:581][  0]LogAutoReimportManager: Warning: Unable to watch directory ../../../../../../Users/CoreyD/GameDev1Project4/UnrealHouse/Content/ as it will conflict with another watching ../../../../../../Users/CoreyD/GameDev1Project4/UnrealHouse/Content/.
[2018.12.08-18.34.08:581][  0]LogAutoReimportManager: Warning: Unable to watch directory ../../../../../../Users/CoreyD/GameDev1Project4/UnrealHouse/Content/ as it will conflict with another watching ../../../../../../Users/CoreyD/GameDev1Project4/UnrealHouse/Content/.
[2018.12.08-18.34.08:581][  0]LogAutoReimportManager: Warning: Unable to watch directory ../../../../../../Users/CoreyD/GameDev1Project4/UnrealHouse/Content/ as it will conflict with another watching ../../../../../../Users/CoreyD/GameDev1Project4/UnrealHouse/Content/.
[2018.12.08-18.34.08:581][  0]LogAutoReimportManager: Warning: Unable to watch directory ../../../../../../Users/CoreyD/GameDev1Project4/UnrealHouse/Content/ as it will conflict with another watching ../../../../../../Users/CoreyD/GameDev1Project4/UnrealHouse/Content/.
[2018.12.08-18.34.08:581][  0]LogAutoReimportManager: Warning: Unable to watch directory ../../../../../../Users/CoreyD/GameDev1Project4/UnrealHouse/Content/ as it will conflict with another watching ../../../../../../Users/CoreyD/GameDev1Project4/UnrealHouse/Content/.
[2018.12.08-18.34.08:581][  0]LogAutoReimportManager: Warning: Unable to watch directory ../../../../../../Users/CoreyD/GameDev1Project4/UnrealHouse/Content/ as it will conflict with another watching ../../../../../../Users/CoreyD/GameDev1Project4/UnrealHouse/Content/.
[2018.12.08-18.34.08:593][  0]LogCook: Display: Max memory allowance for cook 16384mb min free memory 0mb
[2018.12.08-18.34.08:593][  0]LogCook: Display: Mobile HDR setting 1
[2018.12.08-18.34.08:593][  0]LogGameplayTags: Display: UGameplayTagsManager::DoneAddingNativeTags. DelegateIsBound: 0
[2018.12.08-18.34.08:593][  0]LogStats: UGameplayTagsManager::ConstructGameplayTagTree: ImportINI prefixes -  0.000 s
[2018.12.08-18.34.08:593][  0]LogStats: UGameplayTagsManager::ConstructGameplayTagTree: Construct from data asset -  0.000 s
[2018.12.08-18.34.08:593][  0]LogStats: UGameplayTagsManager::ConstructGameplayTagTree: ImportINI -  0.000 s
[2018.12.08-18.34.08:593][  0]LogStats: UGameplayTagsManager::ConstructGameplayTagTree: GameplayTagTreeChangedEvent.Broadcast -  0.000 s
[2018.12.08-18.34.08:723][  0]LogFileCache: Scanning file cache for directory 'C:/Users/CoreyD/GameDev1Project4/UnrealHouse/Content/' took 0.02s
[2018.12.08-18.34.08:723][  0]SourceControl: Source control is disabled
[2018.12.08-18.34.08:724][  0]Cmd: MAP LOAD FILE="../../../../../../Users/CoreyD/GameDev1Project4/UnrealHouse/Content/FirstPersonBP/Maps/FirstPersonExampleMap.umap" TEMPLATE=0 SHOWPROGRESS=1 FEATURELEVEL=3
[2018.12.08-18.34.08:724][  0]LightingResults: New page: Lighting Build
[2018.12.08-18.34.08:727][  0]MapCheck: New page: Map Check
[2018.12.08-18.34.08:727][  0]LightingResults: New page: Lighting Build
[2018.12.08-18.34.09:497][  0]LogAIModule: Creating AISystem for world FirstPersonExampleMap
[2018.12.08-18.34.09:516][  0]LogEditorServer: Finished looking for orphan Actors (0.000 secs)
[2018.12.08-18.34.09:542][  0]Cmd: MAP CHECKDEP NOCLEARLOG
[2018.12.08-18.34.09:661][  0]MapCheck: Map check complete: 0 Error(s), 0 Warning(s), took 118.448ms to complete.
[2018.12.08-18.34.09:661][  0]LogFileHelpers: Loading map 'FirstPersonExampleMap' took 0.937
[2018.12.08-18.34.09:813][  0]LogSlate: Updating window title bar state: overlay mode, drag disabled, window buttons hidden, title bar hidden
[2018.12.08-18.34.09:832][  0]LogSlate: Updating window title bar state: overlay mode, drag disabled, window buttons hidden, title bar hidden
[2018.12.08-18.34.09:844][  0]LogSlate: Updating window title bar state: overlay mode, drag disabled, window buttons hidden, title bar hidden
[2018.12.08-18.34.09:854][  0]LogSlate: Updating window title bar state: overlay mode, drag disabled, window buttons hidden, title bar hidden
[2018.12.08-18.34.09:861][  0]LogCollectionManager: Loaded 0 collections in 0.001756 seconds
[2018.12.08-18.34.09:903][  0]LogFileCache: Scanning file cache for directory 'C:/Users/CoreyD/GameDev1Project4/UnrealHouse/Saved/Collections/' took 0.01s
[2018.12.08-18.34.09:903][  0]LogFileCache: Scanning file cache for directory 'C:/Users/CoreyD/GameDev1Project4/UnrealHouse/Content/Developers/CoreyD/Collections/' took 0.01s
[2018.12.08-18.34.09:903][  0]LogFileCache: Scanning file cache for directory 'C:/Users/CoreyD/GameDev1Project4/UnrealHouse/Content/Collections/' took 0.01s
[2018.12.08-18.34.09:903][  0]LogCollectionManager: Rebuilt the GUID cache for 0 collections in 0.000000 seconds
[2018.12.08-18.34.09:915][  0]LogContentBrowser: Native class hierarchy populated in 0.0124 seconds. Added 2574 classes and 606 folders.
[2018.12.08-18.34.09:923][  0]LogContentBrowser: Native class hierarchy updated for 'WidgetCarousel' in 0.0002 seconds. Added 0 classes and 0 folders.
[2018.12.08-18.34.09:972][  0]LogContentBrowser: Native class hierarchy updated for 'AddContentDialog' in 0.0003 seconds. Added 0 classes and 0 folders.
[2018.12.08-18.34.09:978][  0]LogContentBrowser: Native class hierarchy updated for 'SceneOutliner' in 0.0003 seconds. Added 1 classes and 2 folders.
[2018.12.08-18.34.10:000][  0]LogSlate: Took 0.000269 seconds to synchronously load lazily loaded font '../../../Engine/Content/Slate/Fonts/Roboto-Regular.ttf' (155K)
[2018.12.08-18.34.10:003][  0]LogSlate: Took 0.000238 seconds to synchronously load lazily loaded font '../../../Engine/Content/Slate/Fonts/Roboto-Bold.ttf' (160K)
[2018.12.08-18.34.10:009][  0]LogSlate: Took 0.000263 seconds to synchronously load lazily loaded font '../../../Engine/Content/Editor/Slate/Fonts/FontAwesome.ttf' (139K)
[2018.12.08-18.34.10:108][  0]LogRenderer: Reallocating scene render targets to support 1004x460 Format 10 NumSamples 1 (Frame:1).
[2018.12.08-18.34.10:308][  0]LogContentBrowser: Native class hierarchy updated for 'HierarchicalLODOutliner' in 0.0006 seconds. Added 0 classes and 0 folders.
[2018.12.08-18.34.10:308][  0]LogLoad: (Engine Initialization) Total time: 10.40 seconds
[2018.12.08-18.34.10:308][  0]LogLoad: (Engine Initialization) Total Blueprint compile time: 0.00 seconds
[2018.12.08-18.34.10:318][  0]LogWindowsTextInputMethodSystem: Display: IME system now deactivated.
[2018.12.08-18.34.10:359][  0]LogContentStreaming: Texture pool size now 1000 MB
[2018.12.08-18.34.10:476][  2]LogAssetRegistry: Asset discovery search completed in 5.5502 seconds
[2018.12.08-18.34.10:478][  2]LogCollectionManager: Rebuilt the object cache for 0 collections in 0.000000 seconds (found 0 objects)
[2018.12.08-18.34.10:478][  2]LogCollectionManager: Fixed up redirectors for 0 collections in 0.000081 seconds (updated 0 objects)
[2018.12.08-18.34.13:340][279]LogSlate: Took 0.000192 seconds to synchronously load lazily loaded font '../../../Engine/Content/Slate/Fonts/Roboto-Light.ttf' (167K)
[2018.12.08-18.34.15:423][481]LogFileCache: Retrieving MD5 hashes for directory 'C:/Users/CoreyD/GameDev1Project4/UnrealHouse/Content/' took 5.09s
[2018.12.08-18.34.24:376][425]LogSlate: FSceneViewport::OnFocusLost() reason 2
[2018.12.08-18.34.25:227][504]LogSlate: FSceneViewport::OnFocusLost() reason 2
[2018.12.08-18.34.25:259][504]LogSlate: Took 0.000174 seconds to synchronously load lazily loaded font '../../../Engine/Content/Slate/Fonts/Roboto-Light.ttf' (167K)
[2018.12.08-18.34.26:608][591]Cmd: MAP LOAD FILE="../../../../../../Users/CoreyD/GameDev1Project4/UnrealHouse/Content/FirstPersonBP/Maps/Hallway.umap" TEMPLATE=0 SHOWPROGRESS=1 FEATURELEVEL=3
[2018.12.08-18.34.26:638][591]LightingResults: New page: Lighting Build
[2018.12.08-18.34.26:638][591]LoadErrors: New page: Loading map: Hallway.umap
[2018.12.08-18.34.26:642][591]MapCheck: New page: Map Check
[2018.12.08-18.34.26:642][591]LightingResults: New page: Lighting Build
[2018.12.08-18.34.26:700][591]LogAIModule: Creating AISystem for world Hallway
[2018.12.08-18.34.26:710][591]LogEditorServer: Finished looking for orphan Actors (0.000 secs)
[2018.12.08-18.34.26:914][591]Cmd: MAP CHECKDEP NOCLEARLOG
[2018.12.08-18.34.27:046][591]MapCheck: Map check complete: 0 Error(s), 0 Warning(s), took 132.882ms to complete.
[2018.12.08-18.34.27:046][591]LogFileHelpers: Loading map 'Hallway' took 0.438
[2018.12.08-18.34.27:049][591]LogSlate: Window 'Open Level' being destroyed
[2018.12.08-18.34.29:332][786]LogSlate: FSceneViewport::OnFocusLost() reason 2
[2018.12.08-18.34.30:006][843]LogSlate: FSceneViewport::OnFocusLost() reason 2
[2018.12.08-18.34.32:265][975]Cmd: MAP LOAD FILE="../../../../../../Users/CoreyD/GameDev1Project4/UnrealHouse/Content/FirstPersonBP/Maps/Furnitures.umap" TEMPLATE=0 SHOWPROGRESS=1 FEATURELEVEL=3
[2018.12.08-18.34.32:306][975]LightingResults: New page: Lighting Build
[2018.12.08-18.34.32:307][975]LoadErrors: New page: Loading map: Furnitures.umap
[2018.12.08-18.34.32:308][975]MapCheck: New page: Map Check
[2018.12.08-18.34.32:308][975]LightingResults: New page: Lighting Build
[2018.12.08-18.34.32:523][975]LogAIModule: Creating AISystem for world Furnitures
[2018.12.08-18.34.32:535][975]LogStreaming: Display: ULevelStreaming::RequestLevel(/Game/FirstPersonBP/Maps/Hallway) is flushing async loading
[2018.12.08-18.34.32:536][975]LogStreaming: Display: Flushing async loaders.
[2018.12.08-18.34.32:558][975]LogEditorServer: Finished looking for orphan Actors (0.000 secs)
[2018.12.08-18.34.32:721][975]Cmd: MAP CHECKDEP NOCLEARLOG
[2018.12.08-18.34.32:840][975]MapCheck: Map check complete: 0 Error(s), 0 Warning(s), took 119.489ms to complete.
[2018.12.08-18.34.32:840][975]LogFileHelpers: Loading map 'Furnitures' took 0.575
[2018.12.08-18.34.32:841][975]LogSlate: Window 'Open Level' being destroyed
[2018.12.08-18.34.34:796][165]LogSlate: FSceneViewport::OnFocusLost() reason 0
[2018.12.08-18.35.01:449][919]LogSlate: FSceneViewport::OnFocusLost() reason 0
[2018.12.08-18.35.10:828][806]LogSlate: FSceneViewport::OnFocusLost() reason 0
[2018.12.08-18.35.24:122][  9]LogSlate: FSceneViewport::OnFocusLost() reason 0
[2018.12.08-18.35.24:194][ 16]MapCheck: New page: Map Check
[2018.12.08-18.35.24:219][ 16]Cmd: MAP REBUILD ALLVISIBLE
[2018.12.08-18.35.24:219][ 16]LogEditorServer: Rebuildmap Clear paths rebuilt
[2018.12.08-18.35.24:336][ 16]LogMaterial: Display: Missing cached shader map for material FDebugViewModeMaterialProxy MaterialInstanceDynamic_0, compiling. 
[2018.12.08-18.35.24:346][ 16]LogMaterial: Display: Missing cached shader map for material FDebugViewModeMaterialProxy WorldGridMaterial, compiling. Is special engine material.
[2018.12.08-18.35.24:354][ 16]LogShaderCompilers: Display: Shaders left to compile 1
[2018.12.08-18.35.24:354][ 16]LogMaterial: Display: Missing cached shader map for material FDebugViewModeMaterialProxy wall, compiling. 
[2018.12.08-18.35.24:361][ 16]LogMaterial: Display: Missing cached shader map for material FDebugViewModeMaterialProxy ceiling, compiling. 
[2018.12.08-18.35.24:368][ 16]LogShaderCompilers: Display: Shaders left to compile 3
[2018.12.08-18.35.24:368][ 16]LogShaderCompilers: Display: Shaders left to compile 2
[2018.12.08-18.35.24:368][ 16]LogShaderCompilers: Display: Shaders left to compile 1
[2018.12.08-18.35.24:368][ 16]LogMaterial: Display: Missing cached shader map for material FDebugViewModeMaterialProxy floor, compiling. 
[2018.12.08-18.35.24:377][ 16]LogMaterial: Display: Missing cached shader map for material FDebugViewModeMaterialProxy MI_CineMat_CameraBody, compiling. 
[2018.12.08-18.35.24:384][ 16]LogMaterial: Display: Missing cached shader map for material FDebugViewModeMaterialProxy MI_CineMat_CamViewFinder, compiling. 
[2018.12.08-18.35.24:395][ 16]LogMaterial: Display: Missing cached shader map for material FDebugViewModeMaterialProxy nightStand, compiling. 
[2018.12.08-18.35.24:405][ 16]LogMaterial: Display: Missing cached shader map for material FDebugViewModeMaterialProxy bed, compiling. 
[2018.12.08-18.35.24:416][ 16]LogMaterial: Display: Missing cached shader map for material FDebugViewModeMaterialProxy skin, compiling. 
[2018.12.08-18.35.24:428][ 16]LogMaterial: Display: Missing cached shader map for material FDebugViewModeMaterialProxy MatineeCam_mat, compiling. 
[2018.12.08-18.35.25:480][ 16]LogShaderCompilers: Display: Shaders left to compile 7
[2018.12.08-18.35.25:480][ 16]LogShaderCompilers: Display: Shaders left to compile 6
[2018.12.08-18.35.25:480][ 16]LogShaderCompilers: Display: Shaders left to compile 5
[2018.12.08-18.35.25:480][ 16]LogShaderCompilers: Display: Shaders left to compile 4
[2018.12.08-18.35.25:480][ 16]LogShaderCompilers: Display: Shaders left to compile 3
[2018.12.08-18.35.25:481][ 16]LogShaderCompilers: Display: Shaders left to compile 2
[2018.12.08-18.35.25:481][ 16]LogShaderCompilers: Display: Shaders left to compile 1
[2018.12.08-18.35.25:481][ 16]TextureStreamingBuild: Display: Compiling optional shaders took 1.150 seconds.
[2018.12.08-18.35.25:502][ 16]LogLevel: Display: Export Material TexCoord Scales took 0.022 seconds.
[2018.12.08-18.35.25:522][ 16]TextureStreamingBuild: Display: Build Texture Streaming took 0.019 seconds.
[2018.12.08-18.35.25:546][ 16]LightingResults: New page: Lighting Build - Dec 8, 2018, 8:35:25 AM
[2018.12.08-18.35.25:586][ 16]LogSwarmInterface: [OpenConnection] Registering TCP channel ...
[2018.12.08-18.35.25:739][ 16]LogSwarmInterface: [OpenConnection] Connecting to agent ...
[2018.12.08-18.35.25:754][ 16]LogSwarmInterface: [TryOpenConnection] Testing the Agent
[2018.12.08-18.35.26:266][ 16]LogSwarmInterface: [TryOpenConnection] Opening Connection to Agent
[2018.12.08-18.35.26:266][ 16]LogSwarmInterface: [TryOpenConnection] Local Process ID is 11044
[2018.12.08-18.35.31:017][ 16]LightingResults: Warning: No importance volume found and the scene is so large that the automatically synthesized volume will not yield good results.  Please add a tightly bounding lightmass importance volume to optimize your scene's quality and lighting build times.
[2018.12.08-18.35.31:017][ 16]LogStaticLightingSystem: Running Lightmass w/ ImmediateImport mode ENABLED
[2018.12.08-18.35.31:017][ 16]LogStaticLightingSystem: Running Lightmass w/ ImmediateProcess mode ENABLED
[2018.12.08-18.35.31:017][ 16]LogStaticLightingSystem: Running Lightmass w/ Sorting mode ENABLED
[2018.12.08-18.35.31:017][ 16]LogStaticLightingSystem: Running Lightmass w/ Mapping paddings ENABLED
[2018.12.08-18.35.31:017][ 16]LogStaticLightingSystem: Running Lightmass w/ Mapping debug paddings DISABLED
[2018.12.08-18.35.31:225][ 16]Cmd: MAP CHECK DONTDISPLAYDIALOG
[2018.12.08-18.35.31:226][ 16]MapCheck: New page: Furnitures - Dec 8, 2018, 8:35:31 AM
[2018.12.08-18.35.31:353][ 16]MapCheck: Map check complete: 0 Error(s), 0 Warning(s), took 127.373ms to complete.
[2018.12.08-18.35.31:376][ 16]LogEditorBuildUtils: Build time 0:07
[2018.12.08-18.35.31:406][ 16]LogMaterial: Display: Missing cached shader map for material FLightmassMaterialRenderer nightStand, compiling. 
[2018.12.08-18.35.31:417][ 16]LogMaterial: Display: Missing cached shader map for material FLightmassMaterialRenderer nightStand, compiling. 
[2018.12.08-18.35.31:437][ 16]LogShaderCompilers: Display: Shaders left to compile 4
[2018.12.08-18.35.40:137][413]Job is a success!
[2018.12.08-18.35.40:173][414]LogSlate: FSceneViewport::OnFocusLost() reason 2
[2018.12.08-18.35.40:325][414]LogVolumetricLightmapImport: Imported Volumetric Lightmap in 0.081s
[2018.12.08-18.35.40:325][414]LogVolumetricLightmapImport:      Indirection Texture 32x32x32 = 0.1Mb
[2018.12.08-18.35.40:325][414]LogVolumetricLightmapImport:      BrickData 800x5x5 = 0.8Mb (trimmed 0.4Mb due to 0.010000 MinBrickError)
[2018.12.08-18.35.40:325][414]LogVolumetricLightmapImport:      Bricks at Level
[2018.12.08-18.35.40:325][414]LogVolumetricLightmapImport:          0: 5.0% covering 100.0% of volume
[2018.12.08-18.35.40:325][414]LogVolumetricLightmapImport:          1: 21.3% covering 6.6% of volume
[2018.12.08-18.35.40:325][414]LogVolumetricLightmapImport:          2: 73.8% covering 0.4% of volume
[2018.12.08-18.35.40:845][414]LogTexture: Display: Building textures: SkyOcclusion0_1 (AutoDXT, 1024X512)
[2018.12.08-18.35.40:845][414]LogTexture: Display: Building textures: HQ_Lightmap1_1 (AutoDXT, 1024X1024)
[2018.12.08-18.35.40:845][414]LogTexture: Display: Building textures: LQ_Lightmap_1_1 (DXT1, 1024X1024)
[2018.12.08-18.35.40:845][414]LogTexture: Display: Building textures: SkyOcclusion0_2 (AutoDXT, 1024X512)
[2018.12.08-18.35.40:845][414]LogTexture: Display: Building textures: HQ_Lightmap1_2 (AutoDXT, 1024X1024)
[2018.12.08-18.35.40:845][414]LogTexture: Display: Building textures: LQ_Lightmap_1_2 (DXT1, 1024X1024)
[2018.12.08-18.35.40:846][414]LogTexture: Display: Building textures: SkyOcclusion0_3 (AutoDXT, 256X128)
[2018.12.08-18.35.40:846][414]LogTexture: Display: Building textures: HQ_Lightmap1_3 (AutoDXT, 256X256)
[2018.12.08-18.35.40:846][414]LogTexture: Display: Building textures: LQ_Lightmap_1_3 (DXT1, 256X256)
[2018.12.08-18.35.40:846][414]LogTexture: Display: Building textures: SkyOcclusion0_4 (AutoDXT, 64X32)
[2018.12.08-18.35.40:846][414]LogTexture: Display: Building textures: HQ_Lightmap0_4 (AutoDXT, 64X64)
[2018.12.08-18.35.40:846][414]LogTexture: Display: Building textures: LQ_Lightmap_0_4 (DXT1, 64X64)
[2018.12.08-18.35.40:949][414]LogTexture: Display: Building textures: ShadowMapTexture2D_1 (G8, 256X64)
[2018.12.08-18.35.40:949][414]LogTexture: Display: Building textures: ShadowMapTexture2D_0 (BGRA8, 512X512)
[2018.12.08-18.35.40:949][414]LogTexture: Display: Building textures: ShadowMapTexture2D_0 (BGRA8, 512X512)
[2018.12.08-18.35.40:999][414]Lightmass on COREYPC: 7.73 sec total, 243 ms importing, 37 ms setup, 1.66 sec photons, 5.76 sec processing, 0 ms extra exporting [148/148 mappings]. Threads: 40.1 sec total, 17.5 sec processing.
[2018.12.08-18.35.41:070][414]LogStaticLightingSystem: Illumination: 15.4 sec (391 ms encoding lightmaps, 93 ms encoding shadowmaps)
[2018.12.08-18.35.41:071][414]LogStaticLightingSystem: Lightmap texture memory:  5.5 MB (0.2 MB streaming, 5.3 MB non-streaming), 8 textures
[2018.12.08-18.35.41:071][414]LogStaticLightingSystem: Shadowmap texture memory: 2.7 MB (0.0 MB streaming, 2.7 MB non-streaming), 3 textures
[2018.12.08-18.35.42:028][414]DumpUnbuiltLightIteractions
[2018.12.08-18.35.42:028][414]Lights with unbuilt interactions: 0
[2018.12.08-18.35.42:028][414]
[2018.12.08-18.35.42:028][414]Primitives with unbuilt interactions: 0
[2018.12.08-18.35.42:197][415]Cmd: MAP CHECK NOTIFYRESULTS
[2018.12.08-18.35.42:197][415]MapCheck: New page: Furnitures - Dec 8, 2018, 8:35:42 AM
[2018.12.08-18.35.42:324][415]MapCheck: Map check complete: 0 Error(s), 0 Warning(s), took 126.222ms to complete.
[2018.12.08-18.35.45:872][673]LogSlate: FSceneViewport::OnFocusLost() reason 0
[2018.12.08-18.35.45:936][678]LogSlate: Window 'Message Log' being destroyed
[2018.12.08-18.35.45:951][678]LogSlate: Window 'Message Log' being destroyed
[2018.12.08-18.44.34:441][626]LogSlate: FSceneViewport::OnFocusLost() reason 2
[2018.12.08-18.44.34:909][626]LogSavePackage: Moving '../../../../../../Users/CoreyD/GameDev1Project4/UnrealHouse/Saved/Furnitures_Auto1532975B94586B9F52E17469887698CBB.tmp' to '../../../../../../Users/CoreyD/GameDev1Project4/UnrealHouse/Saved/Autosaves/Game/FirstPersonBP/Maps/Furnitures_Auto1.umap'
[2018.12.08-18.44.35:017][626]LogSavePackage: Moving '../../../../../../Users/CoreyD/GameDev1Project4/UnrealHouse/Saved/Hallway_Auto1E6668B8A4FA7668EECCB57B9A2CF1C8A.tmp' to '../../../../../../Users/CoreyD/GameDev1Project4/UnrealHouse/Saved/Autosaves/Game/FirstPersonBP/Maps/Hallway_Auto1.umap'
[2018.12.08-18.44.35:027][626]LogFileHelpers: Editor autosave (incl. sublevels) for '/Game/FirstPersonBP/Maps/Furnitures' took 0.490
[2018.12.08-18.44.35:027][626]LogFileHelpers: Editor autosave (incl. sublevels) for all levels took 0.490
[2018.12.08-18.44.35:031][626]OBJ SavePackage: Generating thumbnails for [0] asset(s) in package [/Game/FirstPersonBP/Maps/Furnitures_BuiltData] ([1] browsable assets)...
[2018.12.08-18.44.35:031][626]OBJ SavePackage: Finished generating thumbnails for package [/Game/FirstPersonBP/Maps/Furnitures_BuiltData]
[2018.12.08-18.44.35:095][626]LogSavePackage: Moving '../../../../../../Users/CoreyD/GameDev1Project4/UnrealHouse/Saved/Furnitures_BuiltData_Auto16E1692BE4850E78A99D046A3296F7E80.tmp' to '../../../../../../Users/CoreyD/GameDev1Project4/UnrealHouse/Saved/Autosaves/Game/FirstPersonBP/Maps/Furnitures_BuiltData_Auto1.uasset'
[2018.12.08-18.44.35:102][626]OBJ SavePackage: Generating thumbnails for [0] asset(s) in package [/Game/FirstPersonBP/Maps/Hallway_BuiltData] ([1] browsable assets)...
[2018.12.08-18.44.35:102][626]OBJ SavePackage: Finished generating thumbnails for package [/Game/FirstPersonBP/Maps/Hallway_BuiltData]
[2018.12.08-18.44.35:139][626]LogSavePackage: Moving '../../../../../../Users/CoreyD/GameDev1Project4/UnrealHouse/Saved/Hallway_BuiltData_Auto15D979F7943F66137EF171CA70CBB8285.tmp' to '../../../../../../Users/CoreyD/GameDev1Project4/UnrealHouse/Saved/Autosaves/Game/FirstPersonBP/Maps/Hallway_BuiltData_Auto1.uasset'
[2018.12.08-18.44.35:147][626]LogFileHelpers: Auto-saving content packages took 0.116
[2018.12.08-18.52.06:526][363]LogSlate: FSceneViewport::OnFocusLost() reason 0
[2018.12.08-18.52.17:289][359]Cmd: TRANSACTION UNDO
[2018.12.08-18.52.17:289][359]LogEditorTransaction: Undo Move Actors
[2018.12.08-18.52.17:311][359]LogActorComponent: ~FComponentReregisterContext: (/Game/FirstPersonBP/Maps/Hallway.Hallway:PersistentLevel.F1H1_Subtractive.BrushComponent0) Component already registered.
[2018.12.08-18.52.17:314][359]LogActorComponent: ~FComponentReregisterContext: (/Game/FirstPersonBP/Maps/Hallway.Hallway:PersistentLevel.Doorway5.BrushComponent0) Component already registered.
[2018.12.08-18.52.24:895][  7]LogSlate: FSceneViewport::OnFocusLost() reason 0
[2018.12.08-18.53.14:252][472]Cmd: TRANSACTION UNDO
[2018.12.08-18.53.14:252][472]LogEditorTransaction: Undo Move Actors
[2018.12.08-18.53.14:277][472]LogActorComponent: ~FComponentReregisterContext: (/Game/FirstPersonBP/Maps/Hallway.Hallway:PersistentLevel.F1H3_Additive.BrushComponent0) Component already registered.
[2018.12.08-18.53.14:279][472]LogActorComponent: ~FComponentReregisterContext: (/Game/FirstPersonBP/Maps/Hallway.Hallway:PersistentLevel.F2H1_Subtractive.BrushComponent0) Component already registered.
[2018.12.08-18.54.24:166][999]LogSlate: FSceneViewport::OnFocusLost() reason 0
[2018.12.08-18.55.09:471][ 86]LogSlate: FSceneViewport::OnFocusLost() reason 0
[2018.12.08-18.55.09:548][ 94]MapCheck: New page: Map Check
[2018.12.08-18.55.09:587][ 94]Cmd: MAP REBUILD ALLVISIBLE
[2018.12.08-18.55.09:589][ 94]LogEditorServer: Rebuildmap Clear paths rebuilt
[2018.12.08-18.55.09:699][ 94]LogMaterial: Display: Missing cached shader map for material FDebugViewModeMaterialProxy MaterialInstanceDynamic_0, compiling. 
[2018.12.08-18.55.09:707][ 94]LogMaterial: Display: Missing cached shader map for material FDebugViewModeMaterialProxy WorldGridMaterial, compiling. Is special engine material.
[2018.12.08-18.55.09:717][ 94]LogShaderCompilers: Display: Shaders left to compile 1
[2018.12.08-18.55.09:717][ 94]LogMaterial: Display: Missing cached shader map for material FDebugViewModeMaterialProxy wall, compiling. 
[2018.12.08-18.55.09:723][ 94]LogMaterial: Display: Missing cached shader map for material FDebugViewModeMaterialProxy ceiling, compiling. 
[2018.12.08-18.55.09:730][ 94]LogMaterial: Display: Missing cached shader map for material FDebugViewModeMaterialProxy floor, compiling. 
[2018.12.08-18.55.09:737][ 94]LogShaderCompilers: Display: Shaders left to compile 3
[2018.12.08-18.55.09:737][ 94]LogShaderCompilers: Display: Shaders left to compile 2
[2018.12.08-18.55.09:738][ 94]LogShaderCompilers: Display: Shaders left to compile 1
[2018.12.08-18.55.09:738][ 94]LogMaterial: Display: Missing cached shader map for material FDebugViewModeMaterialProxy MI_CineMat_CameraBody, compiling. 
[2018.12.08-18.55.09:746][ 94]LogMaterial: Display: Missing cached shader map for material FDebugViewModeMaterialProxy MI_CineMat_CamViewFinder, compiling. 
[2018.12.08-18.55.09:753][ 94]LogMaterial: Display: Missing cached shader map for material FDebugViewModeMaterialProxy nightStand, compiling. 
[2018.12.08-18.55.09:759][ 94]LogMaterial: Display: Missing cached shader map for material FDebugViewModeMaterialProxy bed, compiling. 
[2018.12.08-18.55.09:766][ 94]LogMaterial: Display: Missing cached shader map for material FDebugViewModeMaterialProxy MatineeCam_mat, compiling. 
[2018.12.08-18.55.09:776][ 94]LogMaterial: Display: Missing cached shader map for material FDebugViewModeMaterialProxy skin, compiling. 
[2018.12.08-18.55.10:874][ 94]LogShaderCompilers: Display: Shaders left to compile 7
[2018.12.08-18.55.10:874][ 94]LogShaderCompilers: Display: Shaders left to compile 6
[2018.12.08-18.55.10:874][ 94]LogShaderCompilers: Display: Shaders left to compile 5
[2018.12.08-18.55.10:874][ 94]LogShaderCompilers: Display: Shaders left to compile 4
[2018.12.08-18.55.10:874][ 94]LogShaderCompilers: Display: Shaders left to compile 3
[2018.12.08-18.55.10:874][ 94]LogShaderCompilers: Display: Shaders left to compile 2
[2018.12.08-18.55.10:874][ 94]LogShaderCompilers: Display: Shaders left to compile 1
[2018.12.08-18.55.10:874][ 94]TextureStreamingBuild: Display: Compiling optional shaders took 1.177 seconds.
[2018.12.08-18.55.10:892][ 94]LogLevel: Display: Export Material TexCoord Scales took 0.018 seconds.
[2018.12.08-18.55.10:914][ 94]TextureStreamingBuild: Display: Build Texture Streaming took 0.022 seconds.
[2018.12.08-18.55.10:938][ 94]LightingResults: New page: Lighting Build - Dec 8, 2018, 8:55:10 AM
[2018.12.08-18.55.10:951][ 94]LogSwarmInterface: [OpenConnection] Registering TCP channel ...
[2018.12.08-18.55.10:953][ 94]LogSwarmInterface: [OpenConnection] Connecting to agent ...
[2018.12.08-18.55.10:954][ 94]LogSwarmInterface: [TryOpenConnection] Testing the Agent
[2018.12.08-18.55.10:955][ 94]LogSwarmInterface: [TryOpenConnection] Opening Connection to Agent
[2018.12.08-18.55.10:955][ 94]LogSwarmInterface: [TryOpenConnection] Local Process ID is 11044
[2018.12.08-18.55.15:579][ 94]LightingResults: Warning: No importance volume found and the scene is so large that the automatically synthesized volume will not yield good results.  Please add a tightly bounding lightmass importance volume to optimize your scene's quality and lighting build times.
[2018.12.08-18.55.15:580][ 94]LogStaticLightingSystem: Running Lightmass w/ ImmediateImport mode ENABLED
[2018.12.08-18.55.15:580][ 94]LogStaticLightingSystem: Running Lightmass w/ ImmediateProcess mode ENABLED
[2018.12.08-18.55.15:580][ 94]LogStaticLightingSystem: Running Lightmass w/ Sorting mode ENABLED
[2018.12.08-18.55.15:580][ 94]LogStaticLightingSystem: Running Lightmass w/ Mapping paddings ENABLED
[2018.12.08-18.55.15:580][ 94]LogStaticLightingSystem: Running Lightmass w/ Mapping debug paddings DISABLED
[2018.12.08-18.55.15:776][ 94]Cmd: MAP CHECK DONTDISPLAYDIALOG
[2018.12.08-18.55.15:777][ 94]MapCheck: New page: Furnitures - Dec 8, 2018, 8:55:15 AM
[2018.12.08-18.55.15:906][ 94]MapCheck: Map check complete: 0 Error(s), 0 Warning(s), took 128.752ms to complete.
[2018.12.08-18.55.15:928][ 94]LogEditorBuildUtils: Build time 0:06
[2018.12.08-18.55.23:980][504]Job is a success!
[2018.12.08-18.55.24:134][505]LogVolumetricLightmapImport: Imported Volumetric Lightmap in 0.080s
[2018.12.08-18.55.24:134][505]LogVolumetricLightmapImport:      Indirection Texture 32x32x32 = 0.1Mb
[2018.12.08-18.55.24:134][505]LogVolumetricLightmapImport:      BrickData 835x5x5 = 0.8Mb (trimmed 0.4Mb due to 0.010000 MinBrickError)
[2018.12.08-18.55.24:134][505]LogVolumetricLightmapImport:      Bricks at Level
[2018.12.08-18.55.24:134][505]LogVolumetricLightmapImport:          0: 4.8% covering 100.0% of volume
[2018.12.08-18.55.24:134][505]LogVolumetricLightmapImport:          1: 19.2% covering 6.3% of volume
[2018.12.08-18.55.24:134][505]LogVolumetricLightmapImport:          2: 76.0% covering 0.4% of volume
[2018.12.08-18.55.24:648][505]LogTexture: Display: Building textures: SkyOcclusion1_1 (AutoDXT, 1024X512)
[2018.12.08-18.55.24:648][505]LogTexture: Display: Building textures: HQ_Lightmap0_1 (AutoDXT, 1024X1024)
[2018.12.08-18.55.24:649][505]LogTexture: Display: Building textures: LQ_Lightmap_0_1 (DXT1, 1024X1024)
[2018.12.08-18.55.24:649][505]LogTexture: Display: Building textures: SkyOcclusion1_2 (AutoDXT, 1024X512)
[2018.12.08-18.55.24:649][505]LogTexture: Display: Building textures: HQ_Lightmap0_2 (AutoDXT, 1024X1024)
[2018.12.08-18.55.24:649][505]LogTexture: Display: Building textures: LQ_Lightmap_0_2 (DXT1, 1024X1024)
[2018.12.08-18.55.24:649][505]LogTexture: Display: Building textures: SkyOcclusion1_3 (AutoDXT, 256X128)
[2018.12.08-18.55.24:649][505]LogTexture: Display: Building textures: HQ_Lightmap0_3 (AutoDXT, 256X256)
[2018.12.08-18.55.24:649][505]LogTexture: Display: Building textures: SkyOcclusion1_4 (AutoDXT, 64X32)
[2018.12.08-18.55.24:649][505]LogTexture: Display: Building textures: LQ_Lightmap_0_3 (DXT1, 256X256)
[2018.12.08-18.55.24:649][505]LogTexture: Display: Building textures: HQ_Lightmap1_4 (AutoDXT, 64X64)
[2018.12.08-18.55.24:649][505]LogTexture: Display: Building textures: LQ_Lightmap_1_4 (DXT1, 64X64)
[2018.12.08-18.55.24:749][505]LogTexture: Display: Building textures: ShadowMapTexture2D_3 (G8, 256X64)
[2018.12.08-18.55.24:749][505]LogTexture: Display: Building textures: ShadowMapTexture2D_2 (BGRA8, 512X512)
[2018.12.08-18.55.24:749][505]LogTexture: Display: Building textures: ShadowMapTexture2D_1 (BGRA8, 512X512)
[2018.12.08-18.55.24:776][505]Lightmass on COREYPC: 7.94 sec total, 242 ms importing, 36 ms setup, 1.71 sec photons, 5.92 sec processing, 0 ms extra exporting [166/166 mappings]. Threads: 41.2 sec total, 17.5 sec processing.
[2018.12.08-18.55.24:845][505]LogStaticLightingSystem: Illumination: 13.8 sec (380 ms encoding lightmaps, 92 ms encoding shadowmaps)
[2018.12.08-18.55.24:845][505]LogStaticLightingSystem: Lightmap texture memory:  5.5 MB (0.2 MB streaming, 5.3 MB non-streaming), 8 textures
[2018.12.08-18.55.24:845][505]LogStaticLightingSystem: Shadowmap texture memory: 2.7 MB (0.0 MB streaming, 2.7 MB non-streaming), 3 textures
[2018.12.08-18.55.25:588][505]DumpUnbuiltLightIteractions
[2018.12.08-18.55.25:588][505]Lights with unbuilt interactions: 0
[2018.12.08-18.55.25:588][505]
[2018.12.08-18.55.25:588][505]Primitives with unbuilt interactions: 0
[2018.12.08-18.55.25:744][506]Cmd: MAP CHECK NOTIFYRESULTS
[2018.12.08-18.55.25:744][506]MapCheck: New page: Furnitures - Dec 8, 2018, 8:55:25 AM
[2018.12.08-18.55.25:865][506]MapCheck: Map check complete: 0 Error(s), 0 Warning(s), took 120.056ms to complete.
[2018.12.08-18.55.27:040][585]LogSlate: Window 'Message Log' being destroyed
[2018.12.08-18.55.27:054][585]LogSlate: Window 'Message Log' being destroyed
[2018.12.08-18.56.21:963][850]LogSlate: FSceneViewport::OnFocusLost() reason 0
[2018.12.08-18.57.15:747][512]LogSlate: FSceneViewport::OnFocusLost() reason 0
[2018.12.08-18.57.44:502][ 77]LogSlate: FSceneViewport::OnFocusLost() reason 0
[2018.12.08-18.57.50:397][635]LogSlate: FSceneViewport::OnFocusLost() reason 0
[2018.12.08-18.57.58:608][433]Cmd: TRANSACTION UNDO
[2018.12.08-18.57.58:608][433]LogEditorTransaction: Undo Move Actors
[2018.12.08-18.57.58:638][433]LogActorComponent: ~FComponentReregisterContext: (/Game/FirstPersonBP/Maps/Hallway.Hallway:PersistentLevel.Doorway2_6.BrushComponent0) Component already registered.
[2018.12.08-18.57.58:641][433]LogActorComponent: ~FComponentReregisterContext: (/Game/FirstPersonBP/Maps/Hallway.Hallway:PersistentLevel.Doorway6.BrushComponent0) Component already registered.
[2018.12.08-18.58.08:628][317]LogSlate: FSceneViewport::OnFocusLost() reason 0
[2018.12.08-18.58.27:550][ 43]LogEditorViewport: Clicking on Actor (LMB): BP_Sky_Sphere_C (Sky Sphere)
[2018.12.08-18.58.27:550][ 43]LogEditorSelectUtils: Warning: SelectActor: The requested operation could not be completed because the level is locked. (Sky Sphere)
[2018.12.08-18.58.32:300][459]LogSlate: FSceneViewport::OnFocusLost() reason 0
[2018.12.08-18.59.02:575][201]LogEditorViewport: Clicking on Actor (LMB): BP_Sky_Sphere_C (Sky Sphere)
[2018.12.08-18.59.02:575][201]LogEditorSelectUtils: Warning: SelectActor: The requested operation could not be completed because the level is locked. (Sky Sphere)
[2018.12.08-18.59.19:071][753]LogSlate: FSceneViewport::OnFocusLost() reason 0
[2018.12.08-18.59.50:441][608]LogSlate: FSceneViewport::OnFocusLost() reason 0
[2018.12.08-18.59.57:306][181]LogEditorViewport: Clicking on Actor (LMB): BP_Sky_Sphere_C (Sky Sphere)
[2018.12.08-18.59.57:306][181]LogEditorSelectUtils: Warning: SelectActor: The requested operation could not be completed because the level is locked. (Sky Sphere)
[2018.12.08-19.00.07:417][119]LogSlate: FSceneViewport::OnFocusLost() reason 0
[2018.12.08-19.00.13:496][677]Cmd: TRANSACTION UNDO
[2018.12.08-19.00.13:496][677]LogEditorTransaction: Undo Move Actors
[2018.12.08-19.00.17:228][990]LogSlate: FSceneViewport::OnFocusLost() reason 0
[2018.12.08-19.00.50:719][956]LogSlate: FSceneViewport::OnFocusLost() reason 0
[2018.12.08-19.01.38:032][282]LogSlate: FSceneViewport::OnFocusLost() reason 0
[2018.12.08-19.01.44:418][834]Cmd: TRANSACTION UNDO
[2018.12.08-19.01.44:418][834]LogEditorTransaction: Undo Move Actors
[2018.12.08-19.01.50:064][296]Cmd: TRANSACTION UNDO
[2018.12.08-19.01.50:064][296]LogEditorTransaction: Undo Move Actors
[2018.12.08-19.01.50:100][296]LogActorComponent: ~FComponentReregisterContext: (/Game/FirstPersonBP/Maps/Hallway.Hallway:PersistentLevel.F1H3_Subtractive.BrushComponent0) Component already registered.
[2018.12.08-19.01.50:101][296]LogActorComponent: ~FComponentReregisterContext: (/Game/FirstPersonBP/Maps/Hallway.Hallway:PersistentLevel.F1H2_Additive.BrushComponent0) Component already registered.
[2018.12.08-19.01.50:101][296]LogActorComponent: ~FComponentReregisterContext: (/Game/FirstPersonBP/Maps/Hallway.Hallway:PersistentLevel.Doorway5.BrushComponent0) Component already registered.
[2018.12.08-19.01.50:102][296]LogActorComponent: ~FComponentReregisterContext: (/Game/FirstPersonBP/Maps/Hallway.Hallway:PersistentLevel.F2H1_Subtractive.BrushComponent0) Component already registered.
[2018.12.08-19.01.50:102][296]LogActorComponent: ~FComponentReregisterContext: (/Game/FirstPersonBP/Maps/Hallway.Hallway:PersistentLevel.F2H4_Subtractive.BrushComponent0) Component already registered.
[2018.12.08-19.01.50:105][296]LogActorComponent: ~FComponentReregisterContext: (/Game/FirstPersonBP/Maps/Hallway.Hallway:PersistentLevel.Fork1_Additive.BrushComponent0) Component already registered.
[2018.12.08-19.01.50:105][296]LogActorComponent: ~FComponentReregisterContext: (/Game/FirstPersonBP/Maps/Hallway.Hallway:PersistentLevel.Doorway7.BrushComponent0) Component already registered.
[2018.12.08-19.01.50:106][296]LogActorComponent: ~FComponentReregisterContext: (/Game/FirstPersonBP/Maps/Hallway.Hallway:PersistentLevel.Fork3_Additive.BrushComponent0) Component already registered.
[2018.12.08-19.01.53:856][597]LogSlate: FSceneViewport::OnFocusLost() reason 0
[2018.12.08-19.02.31:821][961]LogEditorViewport: Clicking on Actor (LMB): BP_Sky_Sphere_C (Sky Sphere)
[2018.12.08-19.02.31:821][961]LogEditorSelectUtils: Warning: SelectActor: The requested operation could not be completed because the level is locked. (Sky Sphere)
[2018.12.08-19.02.34:378][185]LogEditorViewport: Clicking on Actor (LMB): BP_Sky_Sphere_C (Sky Sphere)
[2018.12.08-19.02.34:378][185]LogEditorSelectUtils: Warning: SelectActor: The requested operation could not be completed because the level is locked. (Sky Sphere)
[2018.12.08-19.02.34:789][221]LogEditorViewport: Clicking on Actor (LMB): BP_Sky_Sphere_C (Sky Sphere)
[2018.12.08-19.02.34:789][221]LogEditorSelectUtils: Warning: SelectActor: The requested operation could not be completed because the level is locked. (Sky Sphere)
[2018.12.08-19.02.35:644][294]LogSlate: FSceneViewport::OnFocusLost() reason 0
[2018.12.08-19.02.49:097][548]LogSlate: FSceneViewport::OnFocusLost() reason 0
[2018.12.08-19.03.13:127][799]LogSlate: FSceneViewport::OnFocusLost() reason 0
[2018.12.08-19.03.33:590][679]LogSlate: FSceneViewport::OnFocusLost() reason 0
[2018.12.08-19.03.57:955][905]LogSlate: FSceneViewport::OnFocusLost() reason 0
[2018.12.08-19.04.31:485][ 15]LogSavePackage: Moving '../../../../../../Users/CoreyD/GameDev1Project4/UnrealHouse/Saved/Furnitures_Auto24AB28B6643C5FF6AD7BC0C95F611FF87.tmp' to '../../../../../../Users/CoreyD/GameDev1Project4/UnrealHouse/Saved/Autosaves/Game/FirstPersonBP/Maps/Furnitures_Auto2.umap'
[2018.12.08-19.04.31:856][ 15]LogSavePackage: Moving '../../../../../../Users/CoreyD/GameDev1Project4/UnrealHouse/Saved/Hallway_Auto245CAFB1D4FC35A340056A6BBD60B0308.tmp' to '../../../../../../Users/CoreyD/GameDev1Project4/UnrealHouse/Saved/Autosaves/Game/FirstPersonBP/Maps/Hallway_Auto2.umap'
[2018.12.08-19.04.31:865][ 15]LogFileHelpers: Editor autosave (incl. sublevels) for '/Game/FirstPersonBP/Maps/Furnitures' took 0.756
[2018.12.08-19.04.31:865][ 15]LogFileHelpers: Editor autosave (incl. sublevels) for all levels took 0.756
[2018.12.08-19.04.31:868][ 15]OBJ SavePackage: Generating thumbnails for [0] asset(s) in package [/Game/FirstPersonBP/Maps/Furnitures_BuiltData] ([1] browsable assets)...
[2018.12.08-19.04.31:869][ 15]OBJ SavePackage: Finished generating thumbnails for package [/Game/FirstPersonBP/Maps/Furnitures_BuiltData]
[2018.12.08-19.04.31:929][ 15]LogSavePackage: Moving '../../../../../../Users/CoreyD/GameDev1Project4/UnrealHouse/Saved/Furnitures_BuiltData_Auto2B01B85F04E003ED8A1CB6A94EDBCFDC7.tmp' to '../../../../../../Users/CoreyD/GameDev1Project4/UnrealHouse/Saved/Autosaves/Game/FirstPersonBP/Maps/Furnitures_BuiltData_Auto2.uasset'
[2018.12.08-19.04.31:936][ 15]OBJ SavePackage: Generating thumbnails for [0] asset(s) in package [/Game/FirstPersonBP/Maps/Hallway_BuiltData] ([1] browsable assets)...
[2018.12.08-19.04.31:936][ 15]OBJ SavePackage: Finished generating thumbnails for package [/Game/FirstPersonBP/Maps/Hallway_BuiltData]
[2018.12.08-19.04.31:973][ 15]LogSavePackage: Moving '../../../../../../Users/CoreyD/GameDev1Project4/UnrealHouse/Saved/Hallway_BuiltData_Auto2136AC42B47D4BB0862AD7EB06C4A53B4.tmp' to '../../../../../../Users/CoreyD/GameDev1Project4/UnrealHouse/Saved/Autosaves/Game/FirstPersonBP/Maps/Hallway_BuiltData_Auto2.uasset'
[2018.12.08-19.04.31:979][ 15]LogFileHelpers: Auto-saving content packages took 0.112
[2018.12.08-19.04.48:123][912]LogSlate: FSceneViewport::OnFocusLost() reason 0
[2018.12.08-19.04.56:730][691]LogSlate: FSceneViewport::OnFocusLost() reason 0
[2018.12.08-19.05.53:448][892]LogSlate: FSceneViewport::OnFocusLost() reason 0
[2018.12.08-19.06.02:746][759]LogSlate: FSceneViewport::OnFocusLost() reason 0
[2018.12.08-19.06.09:376][372]LogSlate: FSceneViewport::OnFocusLost() reason 0
[2018.12.08-19.06.24:051][731]LogSlate: FSceneViewport::OnFocusLost() reason 0
[2018.12.08-19.06.33:562][548]LogSlate: FSceneViewport::OnFocusLost() reason 0
[2018.12.08-19.07.24:527][140]LogSlate: FSceneViewport::OnFocusLost() reason 0
[2018.12.08-19.07.29:299][553]Cmd: TRANSACTION UNDO
[2018.12.08-19.07.29:299][553]LogEditorTransaction: Undo Move Actors
[2018.12.08-19.07.29:336][553]LogActorComponent: ~FComponentReregisterContext: (/Game/FirstPersonBP/Maps/Hallway.Hallway:PersistentLevel.F2H1_Doorway.BrushComponent0) Component already registered.
[2018.12.08-19.07.29:553][563]Cmd: TRANSACTION UNDO
[2018.12.08-19.07.29:553][563]LogEditorTransaction: Undo Clicking on Actors
[2018.12.08-19.07.29:753][573]Cmd: TRANSACTION UNDO
[2018.12.08-19.07.29:754][573]LogEditorTransaction: Undo Clicking on Actors
[2018.12.08-19.07.29:984][588]Cmd: TRANSACTION UNDO
[2018.12.08-19.07.29:984][588]LogEditorTransaction: Undo Select Brush Surface
[2018.12.08-19.07.30:300][610]Cmd: TRANSACTION UNDO
[2018.12.08-19.07.30:300][610]LogEditorTransaction: Undo Move Actors
[2018.12.08-19.07.30:336][610]LogActorComponent: ~FComponentReregisterContext: (/Game/FirstPersonBP/Maps/Hallway.Hallway:PersistentLevel.F2H1_Doorway.BrushComponent0) Component already registered.
[2018.12.08-19.07.30:579][625]Cmd: TRANSACTION UNDO
[2018.12.08-19.07.30:579][625]LogEditorTransaction: Undo Move Actors
[2018.12.08-19.07.30:624][625]LogActorComponent: ~FComponentReregisterContext: (/Game/FirstPersonBP/Maps/Hallway.Hallway:PersistentLevel.F1H3_Doorway.BrushComponent0) Component already registered.
[2018.12.08-19.07.30:624][625]LogActorComponent: ~FComponentReregisterContext: (/Game/FirstPersonBP/Maps/Hallway.Hallway:PersistentLevel.Fork2_Additive.BrushComponent0) Component already registered.
[2018.12.08-19.07.30:625][625]LogActorComponent: ~FComponentReregisterContext: (/Game/FirstPersonBP/Maps/Hallway.Hallway:PersistentLevel.F2H3_Additive.BrushComponent0) Component already registered.
[2018.12.08-19.07.30:625][625]LogActorComponent: ~FComponentReregisterContext: (/Game/FirstPersonBP/Maps/Hallway.Hallway:PersistentLevel.F2H4_Additive.BrushComponent0) Component already registered.
[2018.12.08-19.07.30:629][625]LogActorComponent: ~FComponentReregisterContext: (/Game/FirstPersonBP/Maps/Hallway.Hallway:PersistentLevel.F1H1_Subtractive.BrushComponent0) Component already registered.
[2018.12.08-19.07.30:629][625]LogActorComponent: ~FComponentReregisterContext: (/Game/FirstPersonBP/Maps/Hallway.Hallway:PersistentLevel.Fork3_Subtractive.BrushComponent0) Component already registered.
[2018.12.08-19.07.30:630][625]LogActorComponent: ~FComponentReregisterContext: (/Game/FirstPersonBP/Maps/Hallway.Hallway:PersistentLevel.F3H5_Additive.BrushComponent0) Component already registered.
[2018.12.08-19.07.58:533][ 98]LogSlate: FSceneViewport::OnFocusLost() reason 0
[2018.12.08-19.08.15:384][642]LogSlate: FSceneViewport::OnFocusLost() reason 0
[2018.12.08-19.08.58:456][665]LogSlate: FSceneViewport::OnFocusLost() reason 0
[2018.12.08-19.09.03:306][122]LogSlate: FSceneViewport::OnFocusLost() reason 0
[2018.12.08-19.09.21:717][902]LogEditorViewport: Clicking on Actor (LMB): BP_Sky_Sphere_C (Sky Sphere)
[2018.12.08-19.09.21:717][902]LogEditorSelectUtils: Warning: SelectActor: The requested operation could not be completed because the level is locked. (Sky Sphere)
[2018.12.08-19.09.32:090][866]LogSlate: FSceneViewport::OnFocusLost() reason 0
[2018.12.08-19.09.47:670][276]LogSlate: FSceneViewport::OnFocusLost() reason 2
[2018.12.08-19.09.48:572][364]LogSlate: FSceneViewport::OnFocusLost() reason 2
[2018.12.08-19.09.55:571][  4]LogSlate: FSceneViewport::OnFocusLost() reason 0
[2018.12.08-19.10.00:560][497]LogSlate: FSceneViewport::OnFocusLost() reason 0
[2018.12.08-19.10.32:184][598]LogSlate: FSceneViewport::OnFocusLost() reason 0
[2018.12.08-19.10.39:873][314]Cmd: TRANSACTION UNDO
[2018.12.08-19.10.39:873][314]LogEditorTransaction: Undo Move Actors
[2018.12.08-19.10.39:908][314]LogActorComponent: ~FComponentReregisterContext: (/Game/FirstPersonBP/Maps/Hallway.Hallway:PersistentLevel.F1H3_Doorway.BrushComponent0) Component already registered.
[2018.12.08-19.10.39:908][314]LogActorComponent: ~FComponentReregisterContext: (/Game/FirstPersonBP/Maps/Hallway.Hallway:PersistentLevel.F2H2_Additive.BrushComponent0) Component already registered.
[2018.12.08-19.10.39:909][314]LogActorComponent: ~FComponentReregisterContext: (/Game/FirstPersonBP/Maps/Hallway.Hallway:PersistentLevel.F3H7_Doorway.BrushComponent0) Component already registered.
[2018.12.08-19.10.39:914][314]LogActorComponent: ~FComponentReregisterContext: (/Game/FirstPersonBP/Maps/Hallway.Hallway:PersistentLevel.F2H4_Subtractive.BrushComponent0) Component already registered.
[2018.12.08-19.10.39:915][314]LogActorComponent: ~FComponentReregisterContext: (/Game/FirstPersonBP/Maps/Hallway.Hallway:PersistentLevel.F3H1_Doorway.BrushComponent0) Component already registered.
[2018.12.08-19.10.48:921][ 96]LogSlate: FSceneViewport::OnFocusLost() reason 0
[2018.12.08-19.11.33:703][356]LogSlate: FSceneViewport::OnFocusLost() reason 0
[2018.12.08-19.12.16:173][436]LogSlate: FSceneViewport::OnFocusLost() reason 0
[2018.12.08-19.12.21:045][900]Cmd: TRANSACTION UNDO
[2018.12.08-19.12.21:045][900]LogEditorTransaction: Undo Move Actors
[2018.12.08-19.12.21:083][900]LogActorComponent: ~FComponentReregisterContext: (/Game/FirstPersonBP/Maps/Hallway.Hallway:PersistentLevel.F1H2_Doorway.BrushComponent0) Component already registered.
[2018.12.08-19.12.21:084][900]LogActorComponent: ~FComponentReregisterContext: (/Game/FirstPersonBP/Maps/Hallway.Hallway:PersistentLevel.F3H3_Additive.BrushComponent0) Component already registered.
[2018.12.08-19.12.21:089][900]LogActorComponent: ~FComponentReregisterContext: (/Game/FirstPersonBP/Maps/Hallway.Hallway:PersistentLevel.F2H4_Subtractive.BrushComponent0) Component already registered.
[2018.12.08-19.12.21:090][900]LogActorComponent: ~FComponentReregisterContext: (/Game/FirstPersonBP/Maps/Hallway.Hallway:PersistentLevel.F3H1_Doorway.BrushComponent0) Component already registered.
[2018.12.08-19.12.30:120][700]LogSlate: FSceneViewport::OnFocusLost() reason 0
[2018.12.08-19.12.43:347][957]Cmd: TRANSACTION UNDO
[2018.12.08-19.12.43:347][957]LogEditorTransaction: Undo Move Actors
[2018.12.08-19.12.43:384][957]LogActorComponent: ~FComponentReregisterContext: (/Game/FirstPersonBP/Maps/Hallway.Hallway:PersistentLevel.F1H2_Doorway.BrushComponent0) Component already registered.
[2018.12.08-19.12.43:385][957]LogActorComponent: ~FComponentReregisterContext: (/Game/FirstPersonBP/Maps/Hallway.Hallway:PersistentLevel.F3H3_Subtractive.BrushComponent0) Component already registered.
[2018.12.08-19.12.43:390][957]LogActorComponent: ~FComponentReregisterContext: (/Game/FirstPersonBP/Maps/Hallway.Hallway:PersistentLevel.F2H4_Subtractive.BrushComponent0) Component already registered.
[2018.12.08-19.12.43:391][957]LogActorComponent: ~FComponentReregisterContext: (/Game/FirstPersonBP/Maps/Hallway.Hallway:PersistentLevel.F3H1_Doorway.BrushComponent0) Component already registered.
[2018.12.08-19.13.19:226][535]LogSlate: FSceneViewport::OnFocusLost() reason 0
[2018.12.08-19.13.23:226][918]Cmd: TRANSACTION UNDO
[2018.12.08-19.13.23:226][918]LogEditorTransaction: Undo Move Actors
[2018.12.08-19.13.23:267][918]LogActorComponent: ~FComponentReregisterContext: (/Game/FirstPersonBP/Maps/Hallway.Hallway:PersistentLevel.F1H2_Doorway.BrushComponent0) Component already registered.
[2018.12.08-19.13.23:268][918]LogActorComponent: ~FComponentReregisterContext: (/Game/FirstPersonBP/Maps/Hallway.Hallway:PersistentLevel.F3H4_Subtractive.BrushComponent0) Component already registered.
[2018.12.08-19.13.23:273][918]LogActorComponent: ~FComponentReregisterContext: (/Game/FirstPersonBP/Maps/Hallway.Hallway:PersistentLevel.F2H4_Subtractive.BrushComponent0) Component already registered.
[2018.12.08-19.13.23:274][918]LogActorComponent: ~FComponentReregisterContext: (/Game/FirstPersonBP/Maps/Hallway.Hallway:PersistentLevel.F3H1_Doorway.BrushComponent0) Component already registered.
[2018.12.08-19.13.44:166][392]LogSlate: FSceneViewport::OnFocusLost() reason 0
[2018.12.08-19.14.05:711][653]LogSlate: FSceneViewport::OnFocusLost() reason 0
[2018.12.08-19.14.25:086][772]LogSlate: FSceneViewport::OnFocusLost() reason 0
[2018.12.08-19.16.00:760][493]LogSlate: FSceneViewport::OnFocusLost() reason 2
[2018.12.08-19.16.01:411][493]LogSavePackage: Moving '../../../../../../Users/CoreyD/GameDev1Project4/UnrealHouse/Saved/Hallway_Auto3C72BAE204AE4153035CF72886A93F3FA.tmp' to '../../../../../../Users/CoreyD/GameDev1Project4/UnrealHouse/Saved/Autosaves/Game/FirstPersonBP/Maps/Hallway_Auto3.umap'
[2018.12.08-19.16.01:418][493]LogFileHelpers: Editor autosave (incl. sublevels) for '/Game/FirstPersonBP/Maps/Furnitures' took 0.639
[2018.12.08-19.16.01:418][493]LogFileHelpers: Editor autosave (incl. sublevels) for all levels took 0.639
[2018.12.08-19.16.38:244][693]LogSlate: FSceneViewport::OnFocusLost() reason 0
[2018.12.08-19.17.09:325][522]LogSlate: FSceneViewport::OnFocusLost() reason 0
[2018.12.08-19.17.11:188][633]MapCheck: New page: Map Check
[2018.12.08-19.17.11:211][633]Cmd: MAP REBUILD ALLVISIBLE
[2018.12.08-19.17.11:224][633]LogEditorServer: Rebuildmap Clear paths rebuilt
[2018.12.08-19.17.11:429][633]LogMaterial: Display: Missing cached shader map for material FDebugViewModeMaterialProxy MaterialInstanceDynamic_0, compiling. 
[2018.12.08-19.17.11:437][633]LogMaterial: Display: Missing cached shader map for material FDebugViewModeMaterialProxy WorldGridMaterial, compiling. Is special engine material.
[2018.12.08-19.17.11:444][633]LogShaderCompilers: Display: Shaders left to compile 1
[2018.12.08-19.17.11:444][633]LogMaterial: Display: Missing cached shader map for material FDebugViewModeMaterialProxy wall, compiling. 
[2018.12.08-19.17.11:451][633]LogMaterial: Display: Missing cached shader map for material FDebugViewModeMaterialProxy ceiling, compiling. 
[2018.12.08-19.17.11:457][633]LogMaterial: Display: Missing cached shader map for material FDebugViewModeMaterialProxy floor, compiling. 
[2018.12.08-19.17.11:464][633]LogShaderCompilers: Display: Shaders left to compile 3
[2018.12.08-19.17.11:464][633]LogShaderCompilers: Display: Shaders left to compile 2
[2018.12.08-19.17.11:465][633]LogShaderCompilers: Display: Shaders left to compile 1
[2018.12.08-19.17.11:465][633]LogMaterial: Display: Missing cached shader map for material FDebugViewModeMaterialProxy MI_CineMat_CameraBody, compiling. 
[2018.12.08-19.17.11:473][633]LogMaterial: Display: Missing cached shader map for material FDebugViewModeMaterialProxy MI_CineMat_CamViewFinder, compiling. 
[2018.12.08-19.17.11:481][633]LogMaterial: Display: Missing cached shader map for material FDebugViewModeMaterialProxy nightStand, compiling. 
[2018.12.08-19.17.11:490][633]LogMaterial: Display: Missing cached shader map for material FDebugViewModeMaterialProxy bed, compiling. 
[2018.12.08-19.17.11:499][633]LogMaterial: Display: Missing cached shader map for material FDebugViewModeMaterialProxy skin, compiling. 
[2018.12.08-19.17.11:509][633]LogMaterial: Display: Missing cached shader map for material FDebugViewModeMaterialProxy MatineeCam_mat, compiling. 
[2018.12.08-19.17.12:574][633]LogShaderCompilers: Display: Shaders left to compile 7
[2018.12.08-19.17.12:574][633]LogShaderCompilers: Display: Shaders left to compile 6
[2018.12.08-19.17.12:574][633]LogShaderCompilers: Display: Shaders left to compile 5
[2018.12.08-19.17.12:574][633]LogShaderCompilers: Display: Shaders left to compile 4
[2018.12.08-19.17.12:574][633]LogShaderCompilers: Display: Shaders left to compile 3
[2018.12.08-19.17.12:574][633]LogShaderCompilers: Display: Shaders left to compile 2
[2018.12.08-19.17.12:574][633]LogShaderCompilers: Display: Shaders left to compile 1
[2018.12.08-19.17.12:574][633]TextureStreamingBuild: Display: Compiling optional shaders took 1.148 seconds.
[2018.12.08-19.17.12:592][633]LogLevel: Display: Export Material TexCoord Scales took 0.018 seconds.
[2018.12.08-19.17.12:620][633]TextureStreamingBuild: Display: Build Texture Streaming took 0.028 seconds.
[2018.12.08-19.17.12:646][633]LightingResults: New page: Lighting Build - Dec 8, 2018, 9:17:12 AM
[2018.12.08-19.17.12:660][633]LogSwarmInterface: [OpenConnection] Registering TCP channel ...
[2018.12.08-19.17.12:664][633]LogSwarmInterface: [OpenConnection] Connecting to agent ...
[2018.12.08-19.17.12:664][633]LogSwarmInterface: [TryOpenConnection] Testing the Agent
[2018.12.08-19.17.12:665][633]LogSwarmInterface: [TryOpenConnection] Opening Connection to Agent
[2018.12.08-19.17.12:665][633]LogSwarmInterface: [TryOpenConnection] Local Process ID is 11044
[2018.12.08-19.17.17:177][633]LightingResults: Warning: No importance volume found and the scene is so large that the automatically synthesized volume will not yield good results.  Please add a tightly bounding lightmass importance volume to optimize your scene's quality and lighting build times.
[2018.12.08-19.17.17:177][633]LogStaticLightingSystem: Running Lightmass w/ ImmediateImport mode ENABLED
[2018.12.08-19.17.17:177][633]LogStaticLightingSystem: Running Lightmass w/ ImmediateProcess mode ENABLED
[2018.12.08-19.17.17:177][633]LogStaticLightingSystem: Running Lightmass w/ Sorting mode ENABLED
[2018.12.08-19.17.17:177][633]LogStaticLightingSystem: Running Lightmass w/ Mapping paddings ENABLED
[2018.12.08-19.17.17:177][633]LogStaticLightingSystem: Running Lightmass w/ Mapping debug paddings DISABLED
[2018.12.08-19.17.17:384][633]Cmd: MAP CHECK DONTDISPLAYDIALOG
[2018.12.08-19.17.17:384][633]MapCheck: New page: Furnitures - Dec 8, 2018, 9:17:17 AM
[2018.12.08-19.17.17:513][633]MapCheck: Map check complete: 0 Error(s), 0 Warning(s), took 128.432ms to complete.
[2018.12.08-19.17.17:536][633]LogEditorBuildUtils: Build time 0:06
[2018.12.08-19.17.26:161][ 68]Job is a success!
[2018.12.08-19.17.26:330][ 69]LogVolumetricLightmapImport: Imported Volumetric Lightmap in 0.080s
[2018.12.08-19.17.26:330][ 69]LogVolumetricLightmapImport:      Indirection Texture 32x32x32 = 0.1Mb
[2018.12.08-19.17.26:330][ 69]LogVolumetricLightmapImport:      BrickData 1150x5x5 = 1.1Mb (trimmed 0.0Mb due to 0.010000 MinBrickError)
[2018.12.08-19.17.26:330][ 69]LogVolumetricLightmapImport:      Bricks at Level
[2018.12.08-19.17.26:330][ 69]LogVolumetricLightmapImport:          0: 3.5% covering 100.0% of volume
[2018.12.08-19.17.26:330][ 69]LogVolumetricLightmapImport:          1: 14.8% covering 6.6% of volume
[2018.12.08-19.17.26:330][ 69]LogVolumetricLightmapImport:          2: 81.7% covering 0.6% of volume
[2018.12.08-19.17.26:980][ 69]LogTexture: Display: Building textures: SkyOcclusion0_1 (AutoDXT, 1024X512)
[2018.12.08-19.17.26:980][ 69]LogTexture: Display: Building textures: HQ_Lightmap1_1 (AutoDXT, 1024X1024)
[2018.12.08-19.17.26:980][ 69]LogTexture: Display: Building textures: LQ_Lightmap_1_1 (DXT1, 1024X1024)
[2018.12.08-19.17.26:980][ 69]LogTexture: Display: Building textures: SkyOcclusion0_2 (AutoDXT, 1024X512)
[2018.12.08-19.17.26:981][ 69]LogTexture: Display: Building textures: HQ_Lightmap1_2 (AutoDXT, 1024X1024)
[2018.12.08-19.17.26:981][ 69]LogTexture: Display: Building textures: LQ_Lightmap_1_2 (DXT1, 1024X1024)
[2018.12.08-19.17.26:981][ 69]LogTexture: Display: Building textures: SkyOcclusion0_3 (AutoDXT, 256X128)
[2018.12.08-19.17.26:981][ 69]LogTexture: Display: Building textures: HQ_Lightmap1_3 (AutoDXT, 256X256)
[2018.12.08-19.17.26:981][ 69]LogTexture: Display: Building textures: LQ_Lightmap_1_3 (DXT1, 256X256)
[2018.12.08-19.17.26:981][ 69]LogTexture: Display: Building textures: SkyOcclusion0_4 (AutoDXT, 64X32)
[2018.12.08-19.17.26:981][ 69]LogTexture: Display: Building textures: HQ_Lightmap0_4 (AutoDXT, 64X64)
[2018.12.08-19.17.26:981][ 69]LogTexture: Display: Building textures: LQ_Lightmap_0_4 (DXT1, 64X64)
[2018.12.08-19.17.27:093][ 69]LogTexture: Display: Building textures: ShadowMapTexture2D_5 (G8, 256X64)
[2018.12.08-19.17.27:093][ 69]LogTexture: Display: Building textures: ShadowMapTexture2D_4 (BGRA8, 512X512)
[2018.12.08-19.17.27:093][ 69]LogTexture: Display: Building textures: ShadowMapTexture2D_2 (BGRA8, 512X512)
[2018.12.08-19.17.27:121][ 69]Lightmass on COREYPC: 8.73 sec total, 246 ms importing, 37 ms setup, 1.99 sec photons, 6.44 sec processing, 0 ms extra exporting [302/302 mappings]. Threads: 44.9 sec total, 21.1 sec processing.
[2018.12.08-19.17.27:206][ 69]LogStaticLightingSystem: Illumination: 14.5 sec (463 ms encoding lightmaps, 105 ms encoding shadowmaps)
[2018.12.08-19.17.27:206][ 69]LogStaticLightingSystem: Lightmap texture memory:  5.5 MB (0.2 MB streaming, 5.3 MB non-streaming), 8 textures
[2018.12.08-19.17.27:206][ 69]LogStaticLightingSystem: Shadowmap texture memory: 2.7 MB (0.0 MB streaming, 2.7 MB non-streaming), 3 textures
[2018.12.08-19.17.28:188][ 69]DumpUnbuiltLightIteractions
[2018.12.08-19.17.28:188][ 69]Lights with unbuilt interactions: 0
[2018.12.08-19.17.28:188][ 69]
[2018.12.08-19.17.28:188][ 69]Primitives with unbuilt interactions: 0
[2018.12.08-19.17.28:338][ 70]Cmd: MAP CHECK NOTIFYRESULTS
[2018.12.08-19.17.28:338][ 70]MapCheck: New page: Furnitures - Dec 8, 2018, 9:17:28 AM
[2018.12.08-19.17.28:464][ 70]MapCheck: Map check complete: 0 Error(s), 0 Warning(s), took 125.924ms to complete.
[2018.12.08-19.17.34:327][418]LogSlate: Window 'Message Log' being destroyed
[2018.12.08-19.17.34:334][418]LogSlate: Window 'Message Log' being destroyed
[2018.12.08-19.17.50:140][363]LogEditorViewport: Clicking on Actor (LMB): BP_Sky_Sphere_C (Sky Sphere)
[2018.12.08-19.17.50:140][363]LogEditorSelectUtils: Warning: SelectActor: The requested operation could not be completed because the level is locked. (Sky Sphere)
[2018.12.08-19.17.54:522][622]LogSlate: FSceneViewport::OnFocusLost() reason 0
[2018.12.08-19.17.58:106][823]LogSavePackage: Moving '../../../../../../Users/CoreyD/GameDev1Project4/UnrealHouse/Saved/HallwayB18A9179456F02C2FBC807B1A0412B40.tmp' to '../../../../../../Users/CoreyD/GameDev1Project4/UnrealHouse/Content/FirstPersonBP/Maps/Hallway.umap'
[2018.12.08-19.17.58:128][823]Cmd: OBJ SAVEPACKAGE PACKAGE="/Game/FirstPersonBP/Maps/Hallway_BuiltData" FILE="../../../../../../Users/CoreyD/GameDev1Project4/UnrealHouse/Content/FirstPersonBP/Maps/Hallway_BuiltData.uasset" SILENT=true
[2018.12.08-19.17.58:262][823]LogSavePackage: Moving '../../../../../../Users/CoreyD/GameDev1Project4/UnrealHouse/Saved/Hallway_BuiltData66739DF54F015F653E72E0B4030BA1A8.tmp' to '../../../../../../Users/CoreyD/GameDev1Project4/UnrealHouse/Content/FirstPersonBP/Maps/Hallway_BuiltData.uasset'
