Log file open, 11/26/18 00:09:06
LogWindows: Failed to load 'aqProf.dll' (GetLastError=126)
LogWindows: File 'aqProf.dll' does not exist
LogWindows: Failed to load 'VSPerf140.dll' (GetLastError=126)
LogWindows: File 'VSPerf140.dll' does not exist
LogWindows: Failed to load 'VtuneApi.dll' (GetLastError=126)
LogWindows: File 'VtuneApi.dll' does not exist
LogWindows: Failed to load 'VtuneApi32e.dll' (GetLastError=126)
LogWindows: File 'VtuneApi32e.dll' does not exist
LogInit: Display: Running engine for game: UnrealHouse
LogPlatformFile: Not using cached read wrapper
LogTaskGraph: Started task graph with 5 named threads and 14 total threads with 3 sets of task threads.
LogStats: Stats thread started at 0.236221
LogD3D11RHI: Loaded GFSDK_Aftermath_Lib.x64.dll
LogICUInternationalization: Display: ICU TimeZone Detection - Raw Offset: -5:00, Platform Override: ''
LogPluginManager: Mounting plugin Paper2D
LogPluginManager: Mounting plugin AISupport
LogPluginManager: Mounting plugin LightPropagationVolume
LogPluginManager: Mounting plugin CLionSourceCodeAccess
LogPluginManager: Mounting plugin CodeLiteSourceCodeAccess
LogPluginManager: Mounting plugin GitSourceControl
LogPluginManager: Mounting plugin KDevelopSourceCodeAccess
LogPluginManager: Mounting plugin NullSourceCodeAccess
LogPluginManager: Mounting plugin PerforceSourceControl
LogPluginManager: Mounting plugin SubversionSourceControl
LogPluginManager: Mounting plugin UObjectPlugin
LogPluginManager: Mounting plugin VisualStudioCodeSourceCodeAccess
LogPluginManager: Mounting plugin VisualStudioSourceCodeAccess
LogPluginManager: Mounting plugin XCodeSourceCodeAccess
LogPluginManager: Mounting plugin AssetManagerEditor
LogPluginManager: Mounting plugin CryptoKeys
LogPluginManager: Mounting plugin DataValidation
LogPluginManager: Mounting plugin FacialAnimation
LogPluginManager: Mounting plugin GameplayTagsEditor
LogPluginManager: Mounting plugin MacGraphicsSwitching
LogPluginManager: Mounting plugin MeshEditor
LogPluginManager: Mounting plugin MobileLauncherProfileWizard
LogPluginManager: Mounting plugin PluginBrowser
LogPluginManager: Mounting plugin SpeedTreeImporter
LogPluginManager: Mounting plugin DatasmithContent
LogPluginManager: Mounting plugin AlembicImporter
LogPluginManager: Mounting plugin AppleImageUtils
LogPluginManager: Mounting plugin AppleVision
LogPluginManager: Mounting plugin BackChannel
LogPluginManager: Mounting plugin CharacterAI
LogPluginManager: Mounting plugin GeometryCache
LogPluginManager: Mounting plugin HTML5Networking
LogPluginManager: Mounting plugin ProxyLODPlugin
LogPluginManager: Mounting plugin MagicLeap
LogPluginManager: Mounting plugin MagicLeapEmulator
LogPluginManager: Mounting plugin MagicLeapMedia
LogPluginManager: Mounting plugin AndroidMedia
LogPluginManager: Mounting plugin AvfMedia
LogPluginManager: Mounting plugin ImgMedia
LogPluginManager: Mounting plugin LinearTimecode
LogPluginManager: Mounting plugin MediaCompositing
LogPluginManager: Mounting plugin MediaPlayerEditor
LogPluginManager: Mounting plugin WmfMedia
LogPluginManager: Mounting plugin TcpMessaging
LogPluginManager: Mounting plugin UdpMessaging
LogPluginManager: Mounting plugin ActorSequence
LogPluginManager: Mounting plugin LevelSequenceEditor
LogPluginManager: Mounting plugin MatineeToLevelSequence
LogPluginManager: Mounting plugin NetcodeUnitTest
LogPluginManager: Mounting plugin NUTUnrealEngine4
LogPluginManager: Mounting plugin OnlineSubsystemGooglePlay
LogPluginManager: Mounting plugin OnlineSubsystemIOS
LogPluginManager: Mounting plugin OnlineSubsystem
LogPluginManager: Mounting plugin OnlineSubsystemNull
LogPluginManager: Mounting plugin OnlineSubsystemUtils
LogPluginManager: Mounting plugin LauncherChunkInstaller
LogPluginManager: Mounting plugin AndroidDeviceProfileSelector
LogPluginManager: Mounting plugin AndroidMoviePlayer
LogPluginManager: Mounting plugin AndroidPermission
LogPluginManager: Mounting plugin AppleMoviePlayer
LogPluginManager: Mounting plugin ArchVisCharacter
LogPluginManager: Mounting plugin AudioCapture
LogPluginManager: Mounting plugin CableComponent
LogPluginManager: Mounting plugin CustomMeshComponent
LogPluginManager: Mounting plugin EditableMesh
LogPluginManager: Mounting plugin ExampleDeviceProfileSelector
LogPluginManager: Mounting plugin GoogleCloudMessaging
LogPluginManager: Mounting plugin ImmediatePhysics
LogPluginManager: Mounting plugin IOSDeviceProfileSelector
LogPluginManager: Mounting plugin LinuxDeviceProfileSelector
LogPluginManager: Mounting plugin LocationServicesBPLibrary
LogPluginManager: Mounting plugin MobilePatchingUtils
LogPluginManager: Mounting plugin OculusVR
LogPluginManager: Plugin shader directory ../../../Engine/Plugins/Runtime/Oculus/OculusVR/Shaders found
LogPluginManager: Mapping shader source directory ../../../Engine/Plugins/Runtime/Oculus/OculusVR/Shaders to virtual directory /Plugin/OculusVR
LogPluginManager: Mounting plugin PhysXVehicles
LogPluginManager: Mounting plugin ProceduralMeshComponent
LogPluginManager: Mounting plugin RuntimePhysXCooking
LogPluginManager: Mounting plugin SteamVR
LogPluginManager: Mounting plugin WindowsMoviePlayer
LogStreaming: Display: Took  0.368s to configure plugins.
LogInit: Using libcurl 7.55.1-DEV
LogInit:  - built for x86_64-pc-win32
LogInit:  - supports SSL with OpenSSL/1.0.2h
LogInit:  - supports HTTP deflate (compression) using libz 1.2.8
LogInit:  - other features:
LogInit:      CURL_VERSION_SSL
LogInit:      CURL_VERSION_LIBZ
LogInit:      CURL_VERSION_IPV6
LogInit:      CURL_VERSION_ASYNCHDNS
LogInit:      CURL_VERSION_LARGEFILE
LogInit:      CURL_VERSION_IDN
LogInit:  CurlRequestOptions (configurable via config and command line):
LogInit:  - bVerifyPeer = false  - Libcurl will NOT verify peer certificate
LogInit:  - bUseHttpProxy = false  - Libcurl will NOT use HTTP proxy
LogInit:  - bDontReuseConnections = false  - Libcurl will reuse connections
LogInit:  - CertBundlePath = nullptr  - Libcurl will use whatever was configured at build time.
LogInit:  - MaxHostConnections = 16  - Libcurl will limit the number of connections to a host
LogInit:  - LocalHostAddr = Default
LogInit:  - BufferSize = 65536
LogInit: WinSock: version 1.1 (2.2), MaxSocks=32767, MaxUdp=65467
LogInit: Build: ++UE4+Release-4.20-CL-4369336
LogInit: Engine Version: 4.20.3-4369336+++UE4+Release-4.20
LogInit: Compatible Engine Version: 4.20.0-4212847+++UE4+Release-4.20
LogInit: Net CL: 4212847
LogInit: OS: Windows 10 (), CPU: Intel(R) Core(TM) i5-7300HQ CPU @ 2.50GHz, GPU: Intel(R) HD Graphics 630
LogInit: Compiled (64-bit): Sep 17 2018 12:26:19
LogInit: Compiled with Visual C++: 19.13.26129.00
LogInit: Build Configuration: Development
LogInit: Branch Name: ++UE4+Release-4.20
LogInit: Command Line: 
LogInit: Base Directory: E:/Software/Unreal/Epic Games/UE_4.20/Engine/Binaries/Win64/
LogInit: Installed Engine Build: 1
LogDevObjectVersion: Number of dev versions registered: 20
LogDevObjectVersion:   Dev-Blueprints (B0D832E4-1F89-4F0D-ACCF-7EB736FD4AA2): 10
LogDevObjectVersion:   Dev-Build (E1C64328-A22C-4D53-A36C-8E866417BD8C): 0
LogDevObjectVersion:   Dev-Core (375EC13C-06E4-48FB-B500-84F0262A717E): 2
LogDevObjectVersion:   Dev-Editor (E4B068ED-F494-42E9-A231-DA0B2E46BB41): 24
LogDevObjectVersion:   Dev-Framework (CFFC743F-43B0-4480-9391-14DF171D2073): 34
LogDevObjectVersion:   Dev-Mobile (B02B49B5-BB20-44E9-A304-32B752E40360): 2
LogDevObjectVersion:   Dev-Networking (A4E4105C-59A1-49B5-A7C5-40C4547EDFEE): 0
LogDevObjectVersion:   Dev-Online (39C831C9-5AE6-47DC-9A44-9C173E1C8E7C): 0
LogDevObjectVersion:   Dev-Physics (78F01B33-EBEA-4F98-B9B4-84EACCB95AA2): 0
LogDevObjectVersion:   Dev-Platform (6631380F-2D4D-43E0-8009-CF276956A95A): 0
LogDevObjectVersion:   Dev-Rendering (12F88B9F-8875-4AFC-A67C-D90C383ABD29): 26
LogDevObjectVersion:   Dev-Sequencer (7B5AE74C-D270-4C10-A958-57980B212A5A): 9
LogDevObjectVersion:   Dev-VR (D7296918-1DD6-4BDD-9DE2-64A83CC13884): 2
LogDevObjectVersion:   Dev-LoadTimes (C2A15278-BFE7-4AFE-6C17-90FF531DF755): 1
LogDevObjectVersion:   Private-Geometry (6EACA3D4-40EC-4CC1-B786-8BED09428FC5): 3
LogDevObjectVersion:   Dev-AnimPhys (29E575DD-E0A3-4627-9D10-D276232CDCEA): 17
LogDevObjectVersion:   Dev-ReflectionCapture (6B266CEC-1EC7-4B8F-A30B-E4D90942FC07): 1
LogDevObjectVersion:   Dev-Automation (0DF73D61-A23F-47EA-B727-89E90C41499A): 1
LogDevObjectVersion:   FortniteMain (601D1886-AC64-4F84-AA16-D3DE0DEAC7D6): 12
LogDevObjectVersion:   Dev-Enterprise (9DFFBCD6-494F-0158-E221-12823C92A888): 1
LogStreaming: Display: Took  0.002s to delete old logs.
LogInit: Presizing for max 8388607 objects, including 0 objects not considered by GC, pre-allocating 0 bytes for permanent pool.
LogInit: Object subsystem initialized
[2018.11.26-05.09.07:097][  0]LogInit: Selected Device Profile: [Windows]
[2018.11.26-05.09.07:097][  0]LogInit: Applying CVar settings loaded from the selected device profile: [Windows]
[2018.11.26-05.09.07:133][  0]LogHAL: Display: Platform has ~ 8 GB [8449904640 / 8589934592 / 8], which maps to Default [LargestMinGB=32, LargerMinGB=12, DefaultMinGB=8, SmallerMinGB=6, SmallestMinGB=0)
[2018.11.26-05.09.07:133][  0]LogInit: Setting Device Profile CVar: [[r.Vulkan.UseRealUBs:1]]
[2018.11.26-05.09.07:133][  0]LogInit: Going up to parent DeviceProfile []
[2018.11.26-05.09.07:133][  0]LogInit: Computer: DESKTOP-LQ8KI8D
[2018.11.26-05.09.07:133][  0]LogInit: User: 45188
[2018.11.26-05.09.07:133][  0]LogInit: CPU Page size=4096, Cores=4
[2018.11.26-05.09.07:133][  0]LogInit: High frequency timer resolution =2.437500 MHz
[2018.11.26-05.09.07:134][  0]LogMemory: Memory total: Physical=7.9GB (8GB approx)
[2018.11.26-05.09.07:134][  0]LogMemory: Platform Memory Stats for Windows
[2018.11.26-05.09.07:134][  0]LogMemory: Process Physical Memory: 100.29 MB used, 100.29 MB peak
[2018.11.26-05.09.07:134][  0]LogMemory: Process Virtual Memory: 88.75 MB used, 88.75 MB peak
[2018.11.26-05.09.07:134][  0]LogMemory: Physical Memory: 5832.94 MB used,  2225.52 MB free, 8058.46 MB total
[2018.11.26-05.09.07:134][  0]LogMemory: Virtual Memory: 4629.74 MB used,  2225.52 MB free, 134217728.00 MB total
[2018.11.26-05.09.07:179][  0]LogInit: Using OS detected language (en-US).
[2018.11.26-05.09.07:179][  0]LogInit: Using OS detected locale (zh-CN).
[2018.11.26-05.09.07:180][  0]LogTextLocalizationManager: No specific localization for 'en-US' exists, so the 'en' localization will be used.
[2018.11.26-05.09.07:609][  0]LogStreaming: Display: Took  0.430s to InitEngineTextLocalization.
[2018.11.26-05.09.07:609][  0]LogInit: Setting process to per monitor DPI aware
[2018.11.26-05.09.07:642][  0]LogSlate: New Slate User Created.  User Index 0, Is Virtual User: 0
[2018.11.26-05.09.07:642][  0]LogSlate: Slate User Registered.  User Index 0, Is Virtual User: 0
[2018.11.26-05.09.07:889][  0]LogHMD: Failed to initialize OpenVR with code 110
[2018.11.26-05.09.07:889][  0]LogD3D11RHI: D3D11 adapters:
[2018.11.26-05.09.07:978][  0]LogD3D11RHI:    0. 'NVIDIA GeForce GTX 1050' (Feature Level 11_0)
[2018.11.26-05.09.07:978][  0]LogD3D11RHI:       4019/0/4029 MB DedicatedVideo/DedicatedSystem/SharedSystem, Outputs:1, VendorId:0x10de
[2018.11.26-05.09.07:997][  0]LogD3D11RHI:    1. 'Intel(R) HD Graphics 630' (Feature Level 11_0)
[2018.11.26-05.09.07:998][  0]LogD3D11RHI:       128/0/4029 MB DedicatedVideo/DedicatedSystem/SharedSystem, Outputs:0, VendorId:0x8086
[2018.11.26-05.09.08:001][  0]LogD3D11RHI:    2. 'Microsoft Basic Render Driver' (Feature Level 11_0)
[2018.11.26-05.09.08:001][  0]LogD3D11RHI:       0/0/4029 MB DedicatedVideo/DedicatedSystem/SharedSystem, Outputs:0, VendorId:0x1414
[2018.11.26-05.09.08:001][  0]LogD3D11RHI: Chosen D3D11 Adapter: 0
[2018.11.26-05.09.08:038][  0]LogD3D11RHI: Creating new Direct3DDevice
[2018.11.26-05.09.08:038][  0]LogD3D11RHI:     GPU DeviceId: 0x1c8d (for the marketing name, search the web for "GPU Device Id")
[2018.11.26-05.09.08:038][  0]LogWindows: EnumDisplayDevices:
[2018.11.26-05.09.08:038][  0]LogWindows:    0. 'Intel(R) HD Graphics 630' (P:1 D:1)
[2018.11.26-05.09.08:039][  0]LogWindows:    1. 'Intel(R) HD Graphics 630' (P:0 D:0)
[2018.11.26-05.09.08:040][  0]LogWindows:    2. 'Intel(R) HD Graphics 630' (P:0 D:0)
[2018.11.26-05.09.08:041][  0]LogWindows:    3. 'NVIDIA GeForce GTX 1050' (P:0 D:0)
[2018.11.26-05.09.08:042][  0]LogWindows: DebugString: PrimaryIsNotTheChoosenAdapter PrimaryIsNotTheChoosenAdapter PrimaryIsNotTheChoosenAdapter 
[2018.11.26-05.09.08:042][  0]LogD3D11RHI:     Adapter Name: NVIDIA GeForce GTX 1050
[2018.11.26-05.09.08:042][  0]LogD3D11RHI:   Driver Version: 391.25 (internal:23.21.13.9125, unified:391.25)
[2018.11.26-05.09.08:042][  0]LogD3D11RHI:      Driver Date: 3-16-2018
[2018.11.26-05.09.08:043][  0]LogRHI: Texture pool is 2813 MB (70% of 4019 MB)
[2018.11.26-05.09.08:089][  0]LogD3D11RHI: Async texture creation enabled
[2018.11.26-05.09.08:107][  0]LogD3D11RHI: GPU Timing Frequency: 1000.000000 (Debug: 2 2)
[2018.11.26-05.09.08:109][  0]LogShaderCompilers: Guid format shader working directory is -14 characters bigger than the processId version (../../../../../../../GDProject/GameDev1Project4/UnrealHouse/Intermediate/Shaders/WorkingDirectory/31632/).
[2018.11.26-05.09.08:109][  0]LogShaderCompilers: Cleaned the shader compiler working directory 'C:/Users/45188/AppData/Local/Temp/UnrealShaderWorkingDir/9A4443524F89DEE66EB7599A2BE66031/'.
[2018.11.26-05.09.08:654][  0]LogTemp: Display: Loaded TP AllDesktopTargetPlatform
[2018.11.26-05.09.08:670][  0]LogTemp: Display: Loaded TP MacClientTargetPlatform
[2018.11.26-05.09.08:686][  0]LogTemp: Display: Loaded TP MacNoEditorTargetPlatform
[2018.11.26-05.09.08:702][  0]LogTemp: Display: Loaded TP MacServerTargetPlatform
[2018.11.26-05.09.08:717][  0]LogTemp: Display: Loaded TP MacTargetPlatform
[2018.11.26-05.09.08:732][  0]LogTemp: Display: Loaded TP WindowsClientTargetPlatform
[2018.11.26-05.09.08:747][  0]LogTemp: Display: Loaded TP WindowsNoEditorTargetPlatform
[2018.11.26-05.09.08:763][  0]LogTemp: Display: Loaded TP WindowsServerTargetPlatform
[2018.11.26-05.09.08:770][  0]LogTemp: Display: Loaded TP WindowsTargetPlatform
[2018.11.26-05.09.08:863][  0]LogTemp: Display: Loaded TP AndroidTargetPlatform
[2018.11.26-05.09.08:863][  0]LogTemp: Display: Loaded TP AndroidTargetPlatform
[2018.11.26-05.09.08:863][  0]LogTemp: Display: Loaded TP AndroidTargetPlatform
[2018.11.26-05.09.08:863][  0]LogTemp: Display: Loaded TP AndroidTargetPlatform
[2018.11.26-05.09.08:863][  0]LogTemp: Display: Loaded TP AndroidTargetPlatform
[2018.11.26-05.09.08:863][  0]LogTemp: Display: Loaded TP AndroidTargetPlatform
[2018.11.26-05.09.08:863][  0]LogTemp: Display: Loaded TP AndroidTargetPlatform
[2018.11.26-05.09.08:863][  0]LogTemp: Display: Loaded TP AndroidTargetPlatform
[2018.11.26-05.09.08:863][  0]LogTemp: Display: Loaded TP AndroidTargetPlatform
[2018.11.26-05.09.08:863][  0]LogTemp: Display: Loaded TP AndroidTargetPlatform
[2018.11.26-05.09.08:863][  0]LogTemp: Display: Loaded TP AndroidTargetPlatform
[2018.11.26-05.09.08:863][  0]LogTemp: Display: Loaded TP AndroidTargetPlatform
[2018.11.26-05.09.08:863][  0]LogTemp: Display: Loaded TP AndroidTargetPlatform
[2018.11.26-05.09.08:863][  0]LogTemp: Display: Loaded TP AndroidTargetPlatform
[2018.11.26-05.09.08:863][  0]LogTemp: Display: Loaded TP AndroidTargetPlatform
[2018.11.26-05.09.08:863][  0]LogTemp: Display: Loaded TP AndroidTargetPlatform
[2018.11.26-05.09.08:863][  0]LogTemp: Display: Loaded TP AndroidTargetPlatform
[2018.11.26-05.09.08:863][  0]LogTemp: Display: Loaded TP AndroidTargetPlatform
[2018.11.26-05.09.08:866][  0]LogTemp: Display: Loaded TP HTML5TargetPlatform
[2018.11.26-05.09.08:932][  0]LogTemp: Display: Loaded TP IOSTargetPlatform
[2018.11.26-05.09.08:932][  0]LogTemp: Display: Loaded TP IOSTargetPlatform
[2018.11.26-05.09.08:962][  0]LogTemp: Display: Loaded TP TVOSTargetPlatform
[2018.11.26-05.09.08:962][  0]LogTemp: Display: Loaded TP TVOSTargetPlatform
[2018.11.26-05.09.08:977][  0]LogTemp: Display: Loaded TP LinuxClientTargetPlatform
[2018.11.26-05.09.08:993][  0]LogTemp: Display: Loaded TP LinuxNoEditorTargetPlatform
[2018.11.26-05.09.09:009][  0]LogTemp: Display: Loaded TP LinuxServerTargetPlatform
[2018.11.26-05.09.09:025][  0]LogTemp: Display: Loaded TP LinuxTargetPlatform
[2018.11.26-05.09.09:037][  0]LogTemp: Display: Loaded TP LuminTargetPlatform
[2018.11.26-05.09.09:037][  0]LogTargetPlatformManager: Display: Building Assets For Windows
[2018.11.26-05.09.09:170][  0]LogXGEController: Cannot use XGE Controller as Incredibuild is not installed on this machine.
[2018.11.26-05.09.09:170][  0]LogShaderCompilers: Cannot use XGE Shader Compiler as Incredibuild is not installed on this machine.
[2018.11.26-05.09.09:170][  0]LogShaderCompilers: Display: Using Local Shader Compiler.
[2018.11.26-05.09.10:063][  0]LogDerivedDataCache: Display: Max Cache Size: 512 MB
[2018.11.26-05.09.10:131][  0]LogDerivedDataCache: Loaded boot cache 0.07s 71MB C:/Users/45188/AppData/Local/UnrealEngine/4.20/DerivedDataCache/Boot.ddc.
[2018.11.26-05.09.10:131][  0]LogDerivedDataCache: Display: Loaded Boot cache: C:/Users/45188/AppData/Local/UnrealEngine/4.20/DerivedDataCache/Boot.ddc
[2018.11.26-05.09.10:132][  0]LogDerivedDataCache: FDerivedDataBackendGraph:  Pak pak cache file ../../../../../../../GDProject/GameDev1Project4/UnrealHouse/DerivedDataCache/DDC.ddp not found, will not use a pak cache.
[2018.11.26-05.09.10:132][  0]LogDerivedDataCache: Unable to find inner node Pak for hierarchical cache Hierarchy.
[2018.11.26-05.09.10:132][  0]LogDerivedDataCache: FDerivedDataBackendGraph:  CompressedPak pak cache file ../../../../../../../GDProject/GameDev1Project4/UnrealHouse/DerivedDataCache/Compressed.ddp not found, will not use a pak cache.
[2018.11.26-05.09.10:132][  0]LogDerivedDataCache: Unable to find inner node CompressedPak for hierarchical cache Hierarchy.
[2018.11.26-05.09.10:146][  0]LogDerivedDataCache: Display: Pak cache opened for reading ../../../Engine/DerivedDataCache/Compressed.ddp.
[2018.11.26-05.09.10:163][  0]LogDerivedDataCache: Using Local data cache path C:/Users/45188/AppData/Local/UnrealEngine/Common/DerivedDataCache: Writable
[2018.11.26-05.09.10:163][  0]LogDerivedDataCache: Shared data cache path not found in *engine.ini, will not use an Shared cache.
[2018.11.26-05.09.10:163][  0]LogDerivedDataCache: Unable to find inner node Shared for hierarchical cache Hierarchy.
[2018.11.26-05.09.10:185][  0]LogMaterial: Verifying Global Shaders for PCD3D_SM5
[2018.11.26-05.09.10:187][  0]LogSlate: Using FreeType 2.6.0
[2018.11.26-05.09.10:188][  0]LogSlate: SlateFontServices - WITH_FREETYPE: 1, WITH_HARFBUZZ: 1
[2018.11.26-05.09.10:269][  0]LogAssetRegistry: FAssetRegistry took 0.0273 seconds to start up
[2018.11.26-05.09.10:662][  0]LogInit: Selected Device Profile: [Windows]
[2018.11.26-05.09.10:729][  0]LogSimplygon: Simplygon DLL not present - disabling.
[2018.11.26-05.09.10:735][  0]LogMeshReduction: Using SimplygonSwarm for distributed automatic mesh merging
[2018.11.26-05.09.10:735][  0]LogMeshReduction: Using ProxyLODMeshReduction for automatic mesh merging
[2018.11.26-05.09.10:735][  0]LogMeshReduction: Using QuadricMeshReduction for automatic static mesh reduction
[2018.11.26-05.09.10:735][  0]LogMeshReduction: No automatic skeletal mesh reduction module available
[2018.11.26-05.09.10:846][  0]LogNetVersion: UnrealHouse 1.0.0, NetCL: 4212847, EngineNetVer: 5, GameNetVer: 0 (Checksum: 3536387037)
[2018.11.26-05.09.11:682][  0]LogPackageLocalizationCache: Processed 11 localized package path(s) for 2 prioritized culture(s) in 0.218768 seconds
[2018.11.26-05.09.11:691][  0]LogUObjectArray: 38425 objects as part of root set at end of initial load.
[2018.11.26-05.09.11:691][  0]LogUObjectAllocator: 6690864 out of 0 bytes used by permanent object pool.
[2018.11.26-05.09.11:691][  0]LogUObjectArray: CloseDisregardForGC: 0/0 objects in disregard for GC pool
[2018.11.26-05.09.12:659][  0]LogTcpMessaging: Initializing TcpMessaging bridge
[2018.11.26-05.09.12:674][  0]LogUdpMessaging: Initializing bridge on interface 0.0.0.0:0 to multicast group 230.0.0.1:6666.
[2018.11.26-05.09.12:847][  0]SourceControl: Source control is disabled
[2018.11.26-05.09.12:847][  0]SourceControl: Source control is disabled
[2018.11.26-05.09.12:850][  0]SourceControl: Source control is disabled
[2018.11.26-05.09.12:852][  0]SourceControl: Source control is disabled
[2018.11.26-05.09.13:107][  0]LogAndroidPermission: UAndroidPermissionCallbackProxy::GetInstance
[2018.11.26-05.09.13:276][  0]LogOcInput: OculusInput pre-init called
[2018.11.26-05.09.13:345][  0]LogEngine: Initializing Engine...
[2018.11.26-05.09.13:347][  0]LogHMD: Failed to initialize OpenVR with code 110
[2018.11.26-05.09.13:349][  0]LogStats: UGameplayTagsManager::ConstructGameplayTagTree: ImportINI prefixes -  0.000 s
[2018.11.26-05.09.13:349][  0]LogStats: UGameplayTagsManager::ConstructGameplayTagTree: Construct from data asset -  0.000 s
[2018.11.26-05.09.13:349][  0]LogStats: UGameplayTagsManager::ConstructGameplayTagTree: ImportINI -  0.000 s
[2018.11.26-05.09.13:349][  0]LogStats: UGameplayTagsManager::ConstructGameplayTagTree: GameplayTagTreeChangedEvent.Broadcast -  0.000 s
[2018.11.26-05.09.13:611][  0]LogInit: Initializing FReadOnlyCVARCache
[2018.11.26-05.09.13:626][  0]LogAIModule: Creating AISystem for world Untitled
[2018.11.26-05.09.13:739][  0]LogInit: XAudio2 using 'Speakers / Headphones (Realtek Audio)' : 2 channels at 48 kHz using 32 bits per sample (channel mask 0x3)
[2018.11.26-05.09.13:910][  0]LogInit: FAudioDevice initialized.
[2018.11.26-05.09.13:911][  0]LogNetVersion: Set ProjectVersion to 1.0.0.0. Version Checksum will be recalculated on next use.
[2018.11.26-05.09.14:098][  0]LogDerivedDataCache: Saved boot cache 0.19s 71MB C:/Users/45188/AppData/Local/UnrealEngine/4.20/DerivedDataCache/Boot.ddc.
[2018.11.26-05.09.14:104][  0]LogInit: Texture streaming: Enabled
[2018.11.26-05.09.14:141][  0]LogEngineSessionManager: EngineSessionManager initialized
[2018.11.26-05.09.14:163][  0]LogInit: Transaction tracking system initialized
[2018.11.26-05.09.14:187][  0]BlueprintLog: New page: Editor Load
[2018.11.26-05.09.14:275][  0]LocalizationService: Localization service is disabled
[2018.11.26-05.09.14:725][  0]LogCook: Display: Max memory allowance for cook 16384mb min free memory 0mb
[2018.11.26-05.09.14:725][  0]LogCook: Display: Mobile HDR setting 1
[2018.11.26-05.09.14:772][  0]LogFileCache: Scanning file cache for directory 'E:/GDProject/GameDev1Project4/UnrealHouse/Content/' took 0.01s
[2018.11.26-05.09.14:772][  0]LogGameplayTags: Display: UGameplayTagsManager::DoneAddingNativeTags. DelegateIsBound: 0
[2018.11.26-05.09.14:772][  0]LogStats: UGameplayTagsManager::ConstructGameplayTagTree: ImportINI prefixes -  0.000 s
[2018.11.26-05.09.14:772][  0]LogStats: UGameplayTagsManager::ConstructGameplayTagTree: Construct from data asset -  0.000 s
[2018.11.26-05.09.14:772][  0]LogStats: UGameplayTagsManager::ConstructGameplayTagTree: ImportINI -  0.000 s
[2018.11.26-05.09.14:772][  0]LogStats: UGameplayTagsManager::ConstructGameplayTagTree: GameplayTagTreeChangedEvent.Broadcast -  0.000 s
[2018.11.26-05.09.14:910][  0]SourceControl: Source control is disabled
[2018.11.26-05.09.14:911][  0]Cmd: MAP LOAD FILE="../../../../../../../GDProject/GameDev1Project4/UnrealHouse/Content/FirstPersonBP/Maps/FirstPersonExampleMap.umap" TEMPLATE=0 SHOWPROGRESS=1 FEATURELEVEL=3
[2018.11.26-05.09.14:911][  0]LightingResults: New page: Lighting Build
[2018.11.26-05.09.14:914][  0]MapCheck: New page: Map Check
[2018.11.26-05.09.14:914][  0]LightingResults: New page: Lighting Build
[2018.11.26-05.09.16:727][  0]LogAIModule: Creating AISystem for world FirstPersonExampleMap
[2018.11.26-05.09.16:751][  0]LogEditorServer: Finished looking for orphan Actors (0.000 secs)
[2018.11.26-05.09.16:780][  0]Cmd: MAP CHECKDEP NOCLEARLOG
[2018.11.26-05.09.16:921][  0]MapCheck: Map check complete: 0 Error(s), 0 Warning(s), took 140.388ms to complete.
[2018.11.26-05.09.16:921][  0]LogFileHelpers: Loading map 'FirstPersonExampleMap' took 2.010
[2018.11.26-05.09.17:574][  0]LogSlate: Updating window title bar state: overlay mode, drag disabled, window buttons hidden, title bar hidden
[2018.11.26-05.09.17:690][  0]LogCollectionManager: Loaded 0 collections in 0.025712 seconds
[2018.11.26-05.09.17:827][  0]LogFileCache: Scanning file cache for directory 'E:/GDProject/GameDev1Project4/UnrealHouse/Saved/Collections/' took 0.01s
[2018.11.26-05.09.17:827][  0]LogFileCache: Scanning file cache for directory 'E:/GDProject/GameDev1Project4/UnrealHouse/Content/Developers/45188/Collections/' took 0.01s
[2018.11.26-05.09.17:827][  0]LogFileCache: Scanning file cache for directory 'E:/GDProject/GameDev1Project4/UnrealHouse/Content/Collections/' took 0.01s
[2018.11.26-05.09.17:827][  0]LogCollectionManager: Rebuilt the GUID cache for 0 collections in 0.000000 seconds
[2018.11.26-05.09.17:862][  0]LogContentBrowser: Native class hierarchy populated in 0.0118 seconds. Added 2572 classes and 603 folders.
[2018.11.26-05.09.17:916][  0]LogContentBrowser: Native class hierarchy updated for 'WidgetCarousel' in 0.0003 seconds. Added 0 classes and 0 folders.
[2018.11.26-05.09.18:231][  0]LogContentBrowser: Native class hierarchy updated for 'AddContentDialog' in 0.0003 seconds. Added 0 classes and 0 folders.
[2018.11.26-05.09.18:332][  0]LogContentBrowser: Native class hierarchy updated for 'SceneOutliner' in 0.0003 seconds. Added 1 classes and 2 folders.
[2018.11.26-05.09.19:264][  0]LogContentBrowser: Native class hierarchy updated for 'HierarchicalLODOutliner' in 0.0003 seconds. Added 0 classes and 0 folders.
[2018.11.26-05.09.19:264][  0]LogLoad: (Engine Initialization) Total time: 14.25 seconds
[2018.11.26-05.09.19:264][  0]LogLoad: (Engine Initialization) Total Blueprint compile time: 0.00 seconds
[2018.11.26-05.09.19:283][  0]LogWindowsTextInputMethodSystem: Display: IME system now deactivated.
[2018.11.26-05.09.19:402][  0]LogContentStreaming: Texture pool size now 1000 MB
[2018.11.26-05.09.19:404][  0]LogSlate: Took 0.000178 seconds to synchronously load lazily loaded font '../../../Engine/Content/Slate/Fonts/Roboto-Regular.ttf' (155K)
[2018.11.26-05.09.19:406][  0]LogSlate: Took 0.000179 seconds to synchronously load lazily loaded font '../../../Engine/Content/Slate/Fonts/Roboto-Bold.ttf' (160K)
[2018.11.26-05.09.19:621][  1]LogRenderer: Reallocating scene render targets to support 636x320 Format 10 NumSamples 1 (Frame:1).
[2018.11.26-05.09.20:105][  2]LogAssetRegistry: Asset discovery search completed in 9.8590 seconds
[2018.11.26-05.09.20:108][  2]LogCollectionManager: Rebuilt the object cache for 0 collections in 0.000000 seconds (found 0 objects)
[2018.11.26-05.09.20:109][  2]LogCollectionManager: Fixed up redirectors for 0 collections in 0.000110 seconds (updated 0 objects)
[2018.11.26-05.09.20:329][  6]LogSlate: Took 0.006734 seconds to synchronously load lazily loaded font '../../../Engine/Content/Slate/Fonts/Roboto-Light.ttf' (167K)
[2018.11.26-05.09.23:728][189]LogSlate: FSceneViewport::OnFocusLost() reason 0
[2018.11.26-05.09.24:406][228]LogAssetEditorManager: Opening Asset editor for LevelSequence /Game/CameraSequence.CameraSequence
[2018.11.26-05.09.24:768][228]LogAssetEditorManager: Opening Asset editor for Blueprint /Game/FirstPersonBP/Blueprints/MyFirstPersonGameMode.MyFirstPersonGameMode
[2018.11.26-05.09.25:862][228]LogContentBrowser: Native class hierarchy updated for 'BlueprintGraph' in 0.0006 seconds. Added 116 classes and 0 folders.
[2018.11.26-05.09.27:218][228]LogAssetEditorManager: Opening Asset editor for Blueprint /Game/FirstPersonBP/Blueprints/MyFirstPersonCharacter.MyFirstPersonCharacter
[2018.11.26-05.09.27:658][228]LogLinker: Warning: Can't resolve asset name
[2018.11.26-05.09.27:736][228]LogSlate: Took 0.024674 seconds to synchronously load lazily loaded font '../../../Engine/Content/Editor/Slate/Fonts/FontAwesome.ttf' (139K)
[2018.11.26-05.09.27:754][228]LogSlate: Took 0.012744 seconds to synchronously load lazily loaded font '../../../Engine/Content/Slate/Fonts/Roboto-BoldCondensed.ttf' (158K)
[2018.11.26-05.09.28:132][229]LogSlate: Took 0.024204 seconds to synchronously load lazily loaded font '../../../Engine/Content/Slate/Fonts/Roboto-Italic.ttf' (157K)
[2018.11.26-05.09.42:779][542]LogRenderer: Reallocating scene render targets to support 764x388 Format 10 NumSamples 1 (Frame:420).
[2018.11.26-05.09.47:947][792]LogSlate: Took 0.000186 seconds to synchronously load lazily loaded font '../../../Engine/Content/Slate/Fonts/Roboto-Light.ttf' (167K)
[2018.11.26-05.09.54:695][164]LogRenderer: Reallocating scene render targets to support 816x388 Format 10 NumSamples 1 (Frame:1).
[2018.11.26-05.09.58:028][340]LogRenderer: Reallocating scene render targets to support 896x504 Format 10 NumSamples 1 (Frame:190).
[2018.11.26-05.10.00:346][385]LogSlate: FSceneViewport::OnFocusLost() reason 2
[2018.11.26-05.10.00:523][385]LogSavePackage: Moving '../../../../../../../GDProject/GameDev1Project4/UnrealHouse/Saved/MyFirstPersonCharacter180585E44A834D83CE61C5A68A81E107.tmp' to '../../../../../../../GDProject/GameDev1Project4/UnrealHouse/Content/FirstPersonBP/Blueprints/MyFirstPersonCharacter.uasset'
[2018.11.26-05.10.18:088][933]LogRenderer: Reallocating scene render targets to support 916x504 Format 10 NumSamples 1 (Frame:752).
[2018.11.26-05.10.18:145][934]LogRenderer: Reallocating scene render targets to support 920x504 Format 10 NumSamples 1 (Frame:754).
[2018.11.26-05.10.19:709][996]LogSavePackage: Moving '../../../../../../../GDProject/GameDev1Project4/UnrealHouse/Saved/MyFirstPersonCharacter3A12B881440EB98A0C079281732E85C4.tmp' to '../../../../../../../GDProject/GameDev1Project4/UnrealHouse/Content/FirstPersonBP/Blueprints/MyFirstPersonCharacter.uasset'
[2018.11.26-07.33.22:798][740]LogSlate: Window 'MyFirstPersonCharacter' being destroyed
[2018.11.26-07.33.23:057][740]LogActorComponent: UnregisterComponent: (/Engine/Transient.EditorFloorComp) Not registered. Aborting.
[2018.11.26-07.33.23:216][740]LogSlate: Window 'UnrealHouse - Unreal Editor' being destroyed
[2018.11.26-07.33.23:218][740]LogWindowsTextInputMethodSystem: Display: IME system now deactivated.
[2018.11.26-07.33.24:354][741]Cmd: QUIT_EDITOR
[2018.11.26-07.33.25:609][741]LogExit: Preparing to exit.
[2018.11.26-07.33.28:547][741]LogExit: Editor shut down
[2018.11.26-07.33.28:572][741]LogExit: Transaction tracking system shut down
[2018.11.26-07.33.32:282][741]LogExit: Object subsystem successfully closed.
[2018.11.26-07.33.35:961][741]LogShaderCompilers: Display: Shaders left to compile 0
[2018.11.26-07.33.35:968][741]LogD3D11RHI: Shutdown
[2018.11.26-07.33.35:968][741]LogD3D11RHI: CleanupD3DDevice
[2018.11.26-07.33.38:834][741]LogD3D11RHI: ~FD3D11DynamicRHI
