Log file open, 11/27/18 10:46:32
LogWindows: Failed to load 'aqProf.dll' (GetLastError=126)
LogWindows: File 'aqProf.dll' does not exist
LogWindows: Failed to load 'VSPerf140.dll' (GetLastError=126)
LogWindows: File 'VSPerf140.dll' does not exist
LogWindows: Failed to load 'VtuneApi.dll' (GetLastError=126)
LogWindows: File 'VtuneApi.dll' does not exist
LogWindows: Failed to load 'VtuneApi32e.dll' (GetLastError=126)
LogWindows: File 'VtuneApi32e.dll' does not exist
LogInit: Display: Running engine for game: UnrealHouse
LogPlatformFile: Not using cached read wrapper
LogTaskGraph: Started task graph with 5 named threads and 14 total threads with 3 sets of task threads.
LogStats: Stats thread started at 0.235661
LogD3D11RHI: Loaded GFSDK_Aftermath_Lib.x64.dll
LogICUInternationalization: Display: ICU TimeZone Detection - Raw Offset: -5:00, Platform Override: ''
LogPluginManager: Mounting plugin Paper2D
LogPluginManager: Mounting plugin AISupport
LogPluginManager: Mounting plugin LightPropagationVolume
LogPluginManager: Mounting plugin CLionSourceCodeAccess
LogPluginManager: Mounting plugin CodeLiteSourceCodeAccess
LogPluginManager: Mounting plugin GitSourceControl
LogPluginManager: Mounting plugin KDevelopSourceCodeAccess
LogPluginManager: Mounting plugin NullSourceCodeAccess
LogPluginManager: Mounting plugin PerforceSourceControl
LogPluginManager: Mounting plugin SubversionSourceControl
LogPluginManager: Mounting plugin UObjectPlugin
LogPluginManager: Mounting plugin VisualStudioCodeSourceCodeAccess
LogPluginManager: Mounting plugin VisualStudioSourceCodeAccess
LogPluginManager: Mounting plugin XCodeSourceCodeAccess
LogPluginManager: Mounting plugin AssetManagerEditor
LogPluginManager: Mounting plugin CryptoKeys
LogPluginManager: Mounting plugin DataValidation
LogPluginManager: Mounting plugin FacialAnimation
LogPluginManager: Mounting plugin GameplayTagsEditor
LogPluginManager: Mounting plugin MacGraphicsSwitching
LogPluginManager: Mounting plugin MeshEditor
LogPluginManager: Mounting plugin MobileLauncherProfileWizard
LogPluginManager: Mounting plugin PluginBrowser
LogPluginManager: Mounting plugin SpeedTreeImporter
LogPluginManager: Mounting plugin DatasmithContent
LogPluginManager: Mounting plugin AlembicImporter
LogPluginManager: Mounting plugin AppleImageUtils
LogPluginManager: Mounting plugin AppleVision
LogPluginManager: Mounting plugin BackChannel
LogPluginManager: Mounting plugin CharacterAI
LogPluginManager: Mounting plugin GeometryCache
LogPluginManager: Mounting plugin HTML5Networking
LogPluginManager: Mounting plugin ProxyLODPlugin
LogPluginManager: Mounting plugin MagicLeap
LogPluginManager: Mounting plugin MagicLeapEmulator
LogPluginManager: Mounting plugin MagicLeapMedia
LogPluginManager: Mounting plugin AndroidMedia
LogPluginManager: Mounting plugin AvfMedia
LogPluginManager: Mounting plugin ImgMedia
LogPluginManager: Mounting plugin LinearTimecode
LogPluginManager: Mounting plugin MediaCompositing
LogPluginManager: Mounting plugin MediaPlayerEditor
LogPluginManager: Mounting plugin WmfMedia
LogPluginManager: Mounting plugin TcpMessaging
LogPluginManager: Mounting plugin UdpMessaging
LogPluginManager: Mounting plugin ActorSequence
LogPluginManager: Mounting plugin LevelSequenceEditor
LogPluginManager: Mounting plugin MatineeToLevelSequence
LogPluginManager: Mounting plugin NetcodeUnitTest
LogPluginManager: Mounting plugin NUTUnrealEngine4
LogPluginManager: Mounting plugin OnlineSubsystemGooglePlay
LogPluginManager: Mounting plugin OnlineSubsystemIOS
LogPluginManager: Mounting plugin OnlineSubsystem
LogPluginManager: Mounting plugin OnlineSubsystemNull
LogPluginManager: Mounting plugin OnlineSubsystemUtils
LogPluginManager: Mounting plugin LauncherChunkInstaller
LogPluginManager: Mounting plugin AndroidDeviceProfileSelector
LogPluginManager: Mounting plugin AndroidMoviePlayer
LogPluginManager: Mounting plugin AndroidPermission
LogPluginManager: Mounting plugin AppleMoviePlayer
LogPluginManager: Mounting plugin ArchVisCharacter
LogPluginManager: Mounting plugin AudioCapture
LogPluginManager: Mounting plugin CableComponent
LogPluginManager: Mounting plugin CustomMeshComponent
LogPluginManager: Mounting plugin EditableMesh
LogPluginManager: Mounting plugin ExampleDeviceProfileSelector
LogPluginManager: Mounting plugin GoogleCloudMessaging
LogPluginManager: Mounting plugin ImmediatePhysics
LogPluginManager: Mounting plugin IOSDeviceProfileSelector
LogPluginManager: Mounting plugin LinuxDeviceProfileSelector
LogPluginManager: Mounting plugin LocationServicesBPLibrary
LogPluginManager: Mounting plugin MobilePatchingUtils
LogPluginManager: Mounting plugin OculusVR
LogPluginManager: Plugin shader directory ../../../Engine/Plugins/Runtime/Oculus/OculusVR/Shaders found
LogPluginManager: Mapping shader source directory ../../../Engine/Plugins/Runtime/Oculus/OculusVR/Shaders to virtual directory /Plugin/OculusVR
LogPluginManager: Mounting plugin PhysXVehicles
LogPluginManager: Mounting plugin ProceduralMeshComponent
LogPluginManager: Mounting plugin RuntimePhysXCooking
LogPluginManager: Mounting plugin SteamVR
LogPluginManager: Mounting plugin WindowsMoviePlayer
LogStreaming: Display: Took  0.308s to configure plugins.
LogInit: Using libcurl 7.55.1-DEV
LogInit:  - built for x86_64-pc-win32
LogInit:  - supports SSL with OpenSSL/1.0.2h
LogInit:  - supports HTTP deflate (compression) using libz 1.2.8
LogInit:  - other features:
LogInit:      CURL_VERSION_SSL
LogInit:      CURL_VERSION_LIBZ
LogInit:      CURL_VERSION_IPV6
LogInit:      CURL_VERSION_ASYNCHDNS
LogInit:      CURL_VERSION_LARGEFILE
LogInit:      CURL_VERSION_IDN
LogInit:  CurlRequestOptions (configurable via config and command line):
LogInit:  - bVerifyPeer = false  - Libcurl will NOT verify peer certificate
LogInit:  - bUseHttpProxy = false  - Libcurl will NOT use HTTP proxy
LogInit:  - bDontReuseConnections = false  - Libcurl will reuse connections
LogInit:  - CertBundlePath = nullptr  - Libcurl will use whatever was configured at build time.
LogInit:  - MaxHostConnections = 16  - Libcurl will limit the number of connections to a host
LogInit:  - LocalHostAddr = Default
LogInit:  - BufferSize = 65536
LogInit: WinSock: version 1.1 (2.2), MaxSocks=32767, MaxUdp=65467
LogInit: Build: ++UE4+Release-4.20-CL-4369336
LogInit: Engine Version: 4.20.3-4369336+++UE4+Release-4.20
LogInit: Compatible Engine Version: 4.20.0-4212847+++UE4+Release-4.20
LogInit: Net CL: 4212847
LogInit: OS: Windows 10 (), CPU: Intel(R) Core(TM) i5-7300HQ CPU @ 2.50GHz, GPU: Intel(R) HD Graphics 630
LogInit: Compiled (64-bit): Sep 17 2018 12:26:19
LogInit: Compiled with Visual C++: 19.13.26129.00
LogInit: Build Configuration: Development
LogInit: Branch Name: ++UE4+Release-4.20
LogInit: Command Line: 
LogInit: Base Directory: E:/Software/Unreal/Epic Games/UE_4.20/Engine/Binaries/Win64/
LogInit: Installed Engine Build: 1
LogDevObjectVersion: Number of dev versions registered: 20
LogDevObjectVersion:   Dev-Blueprints (B0D832E4-1F89-4F0D-ACCF-7EB736FD4AA2): 10
LogDevObjectVersion:   Dev-Build (E1C64328-A22C-4D53-A36C-8E866417BD8C): 0
LogDevObjectVersion:   Dev-Core (375EC13C-06E4-48FB-B500-84F0262A717E): 2
LogDevObjectVersion:   Dev-Editor (E4B068ED-F494-42E9-A231-DA0B2E46BB41): 24
LogDevObjectVersion:   Dev-Framework (CFFC743F-43B0-4480-9391-14DF171D2073): 34
LogDevObjectVersion:   Dev-Mobile (B02B49B5-BB20-44E9-A304-32B752E40360): 2
LogDevObjectVersion:   Dev-Networking (A4E4105C-59A1-49B5-A7C5-40C4547EDFEE): 0
LogDevObjectVersion:   Dev-Online (39C831C9-5AE6-47DC-9A44-9C173E1C8E7C): 0
LogDevObjectVersion:   Dev-Physics (78F01B33-EBEA-4F98-B9B4-84EACCB95AA2): 0
LogDevObjectVersion:   Dev-Platform (6631380F-2D4D-43E0-8009-CF276956A95A): 0
LogDevObjectVersion:   Dev-Rendering (12F88B9F-8875-4AFC-A67C-D90C383ABD29): 26
LogDevObjectVersion:   Dev-Sequencer (7B5AE74C-D270-4C10-A958-57980B212A5A): 9
LogDevObjectVersion:   Dev-VR (D7296918-1DD6-4BDD-9DE2-64A83CC13884): 2
LogDevObjectVersion:   Dev-LoadTimes (C2A15278-BFE7-4AFE-6C17-90FF531DF755): 1
LogDevObjectVersion:   Private-Geometry (6EACA3D4-40EC-4CC1-B786-8BED09428FC5): 3
LogDevObjectVersion:   Dev-AnimPhys (29E575DD-E0A3-4627-9D10-D276232CDCEA): 17
LogDevObjectVersion:   Dev-ReflectionCapture (6B266CEC-1EC7-4B8F-A30B-E4D90942FC07): 1
LogDevObjectVersion:   Dev-Automation (0DF73D61-A23F-47EA-B727-89E90C41499A): 1
LogDevObjectVersion:   FortniteMain (601D1886-AC64-4F84-AA16-D3DE0DEAC7D6): 12
LogDevObjectVersion:   Dev-Enterprise (9DFFBCD6-494F-0158-E221-12823C92A888): 1
LogStreaming: Display: Took  0.010s to delete old logs.
LogInit: Presizing for max 8388607 objects, including 0 objects not considered by GC, pre-allocating 0 bytes for permanent pool.
LogInit: Object subsystem initialized
[2018.11.27-15.46.32:773][  0]LogInit: Selected Device Profile: [Windows]
[2018.11.27-15.46.32:773][  0]LogInit: Applying CVar settings loaded from the selected device profile: [Windows]
[2018.11.27-15.46.32:804][  0]LogHAL: Display: Platform has ~ 8 GB [8449904640 / 8589934592 / 8], which maps to Default [LargestMinGB=32, LargerMinGB=12, DefaultMinGB=8, SmallerMinGB=6, SmallestMinGB=0)
[2018.11.27-15.46.32:804][  0]LogInit: Setting Device Profile CVar: [[r.Vulkan.UseRealUBs:1]]
[2018.11.27-15.46.32:804][  0]LogInit: Going up to parent DeviceProfile []
[2018.11.27-15.46.32:805][  0]LogInit: Computer: DESKTOP-LQ8KI8D
[2018.11.27-15.46.32:805][  0]LogInit: User: 45188
[2018.11.27-15.46.32:806][  0]LogInit: CPU Page size=4096, Cores=4
[2018.11.27-15.46.32:806][  0]LogInit: High frequency timer resolution =2.437500 MHz
[2018.11.27-15.46.32:806][  0]LogMemory: Memory total: Physical=7.9GB (8GB approx)
[2018.11.27-15.46.32:806][  0]LogMemory: Platform Memory Stats for Windows
[2018.11.27-15.46.32:806][  0]LogMemory: Process Physical Memory: 100.12 MB used, 100.12 MB peak
[2018.11.27-15.46.32:806][  0]LogMemory: Process Virtual Memory: 88.69 MB used, 88.69 MB peak
[2018.11.27-15.46.32:807][  0]LogMemory: Physical Memory: 4915.43 MB used,  3143.02 MB free, 8058.46 MB total
[2018.11.27-15.46.32:807][  0]LogMemory: Virtual Memory: 4629.74 MB used,  3143.02 MB free, 134217728.00 MB total
[2018.11.27-15.46.32:904][  0]LogInit: Using OS detected language (en-US).
[2018.11.27-15.46.32:904][  0]LogInit: Using OS detected locale (zh-CN).
[2018.11.27-15.46.32:905][  0]LogTextLocalizationManager: No specific localization for 'en-US' exists, so the 'en' localization will be used.
[2018.11.27-15.46.33:468][  0]LogStreaming: Display: Took  0.563s to InitEngineTextLocalization.
[2018.11.27-15.46.33:468][  0]LogInit: Setting process to per monitor DPI aware
[2018.11.27-15.46.33:547][  0]LogSlate: New Slate User Created.  User Index 0, Is Virtual User: 0
[2018.11.27-15.46.33:547][  0]LogSlate: Slate User Registered.  User Index 0, Is Virtual User: 0
[2018.11.27-15.46.33:770][  0]LogHMD: Failed to initialize OpenVR with code 110
[2018.11.27-15.46.33:770][  0]LogD3D11RHI: D3D11 adapters:
[2018.11.27-15.46.33:862][  0]LogD3D11RHI:    0. 'NVIDIA GeForce GTX 1050' (Feature Level 11_0)
[2018.11.27-15.46.33:862][  0]LogD3D11RHI:       4019/0/4029 MB DedicatedVideo/DedicatedSystem/SharedSystem, Outputs:1, VendorId:0x10de
[2018.11.27-15.46.33:884][  0]LogD3D11RHI:    1. 'Intel(R) HD Graphics 630' (Feature Level 11_0)
[2018.11.27-15.46.33:884][  0]LogD3D11RHI:       128/0/4029 MB DedicatedVideo/DedicatedSystem/SharedSystem, Outputs:0, VendorId:0x8086
[2018.11.27-15.46.33:887][  0]LogD3D11RHI:    2. 'Microsoft Basic Render Driver' (Feature Level 11_0)
[2018.11.27-15.46.33:887][  0]LogD3D11RHI:       0/0/4029 MB DedicatedVideo/DedicatedSystem/SharedSystem, Outputs:0, VendorId:0x1414
[2018.11.27-15.46.33:887][  0]LogD3D11RHI: Chosen D3D11 Adapter: 0
[2018.11.27-15.46.33:926][  0]LogD3D11RHI: Creating new Direct3DDevice
[2018.11.27-15.46.33:927][  0]LogD3D11RHI:     GPU DeviceId: 0x1c8d (for the marketing name, search the web for "GPU Device Id")
[2018.11.27-15.46.33:927][  0]LogWindows: EnumDisplayDevices:
[2018.11.27-15.46.33:927][  0]LogWindows:    0. 'Intel(R) HD Graphics 630' (P:1 D:1)
[2018.11.27-15.46.33:928][  0]LogWindows:    1. 'Intel(R) HD Graphics 630' (P:0 D:0)
[2018.11.27-15.46.33:929][  0]LogWindows:    2. 'Intel(R) HD Graphics 630' (P:0 D:0)
[2018.11.27-15.46.33:931][  0]LogWindows:    3. 'NVIDIA GeForce GTX 1050' (P:0 D:0)
[2018.11.27-15.46.33:932][  0]LogWindows: DebugString: PrimaryIsNotTheChoosenAdapter PrimaryIsNotTheChoosenAdapter PrimaryIsNotTheChoosenAdapter 
[2018.11.27-15.46.33:932][  0]LogD3D11RHI:     Adapter Name: NVIDIA GeForce GTX 1050
[2018.11.27-15.46.33:932][  0]LogD3D11RHI:   Driver Version: 391.25 (internal:23.21.13.9125, unified:391.25)
[2018.11.27-15.46.33:932][  0]LogD3D11RHI:      Driver Date: 3-16-2018
[2018.11.27-15.46.33:932][  0]LogRHI: Texture pool is 2813 MB (70% of 4019 MB)
[2018.11.27-15.46.33:999][  0]LogD3D11RHI: Async texture creation enabled
[2018.11.27-15.46.34:018][  0]LogD3D11RHI: GPU Timing Frequency: 1000.000000 (Debug: 2 2)
[2018.11.27-15.46.34:020][  0]LogShaderCompilers: Guid format shader working directory is -14 characters bigger than the processId version (../../../../../../../GDProject/GameDev1Project4/UnrealHouse/Intermediate/Shaders/WorkingDirectory/14436/).
[2018.11.27-15.46.34:020][  0]LogShaderCompilers: Cleaned the shader compiler working directory 'C:/Users/45188/AppData/Local/Temp/UnrealShaderWorkingDir/CDE7495B41DFB695EF5A9C87535FB601/'.
[2018.11.27-15.46.34:466][  0]LogTemp: Display: Loaded TP AllDesktopTargetPlatform
[2018.11.27-15.46.34:480][  0]LogTemp: Display: Loaded TP MacClientTargetPlatform
[2018.11.27-15.46.34:495][  0]LogTemp: Display: Loaded TP MacNoEditorTargetPlatform
[2018.11.27-15.46.34:510][  0]LogTemp: Display: Loaded TP MacServerTargetPlatform
[2018.11.27-15.46.34:526][  0]LogTemp: Display: Loaded TP MacTargetPlatform
[2018.11.27-15.46.34:540][  0]LogTemp: Display: Loaded TP WindowsClientTargetPlatform
[2018.11.27-15.46.34:555][  0]LogTemp: Display: Loaded TP WindowsNoEditorTargetPlatform
[2018.11.27-15.46.34:570][  0]LogTemp: Display: Loaded TP WindowsServerTargetPlatform
[2018.11.27-15.46.34:577][  0]LogTemp: Display: Loaded TP WindowsTargetPlatform
[2018.11.27-15.46.34:674][  0]LogTemp: Display: Loaded TP AndroidTargetPlatform
[2018.11.27-15.46.34:674][  0]LogTemp: Display: Loaded TP AndroidTargetPlatform
[2018.11.27-15.46.34:674][  0]LogTemp: Display: Loaded TP AndroidTargetPlatform
[2018.11.27-15.46.34:674][  0]LogTemp: Display: Loaded TP AndroidTargetPlatform
[2018.11.27-15.46.34:674][  0]LogTemp: Display: Loaded TP AndroidTargetPlatform
[2018.11.27-15.46.34:674][  0]LogTemp: Display: Loaded TP AndroidTargetPlatform
[2018.11.27-15.46.34:674][  0]LogTemp: Display: Loaded TP AndroidTargetPlatform
[2018.11.27-15.46.34:674][  0]LogTemp: Display: Loaded TP AndroidTargetPlatform
[2018.11.27-15.46.34:674][  0]LogTemp: Display: Loaded TP AndroidTargetPlatform
[2018.11.27-15.46.34:674][  0]LogTemp: Display: Loaded TP AndroidTargetPlatform
[2018.11.27-15.46.34:674][  0]LogTemp: Display: Loaded TP AndroidTargetPlatform
[2018.11.27-15.46.34:674][  0]LogTemp: Display: Loaded TP AndroidTargetPlatform
[2018.11.27-15.46.34:674][  0]LogTemp: Display: Loaded TP AndroidTargetPlatform
[2018.11.27-15.46.34:674][  0]LogTemp: Display: Loaded TP AndroidTargetPlatform
[2018.11.27-15.46.34:674][  0]LogTemp: Display: Loaded TP AndroidTargetPlatform
[2018.11.27-15.46.34:674][  0]LogTemp: Display: Loaded TP AndroidTargetPlatform
[2018.11.27-15.46.34:674][  0]LogTemp: Display: Loaded TP AndroidTargetPlatform
[2018.11.27-15.46.34:674][  0]LogTemp: Display: Loaded TP AndroidTargetPlatform
[2018.11.27-15.46.34:678][  0]LogTemp: Display: Loaded TP HTML5TargetPlatform
[2018.11.27-15.46.34:745][  0]LogTemp: Display: Loaded TP IOSTargetPlatform
[2018.11.27-15.46.34:745][  0]LogTemp: Display: Loaded TP IOSTargetPlatform
[2018.11.27-15.46.34:778][  0]LogTemp: Display: Loaded TP TVOSTargetPlatform
[2018.11.27-15.46.34:778][  0]LogTemp: Display: Loaded TP TVOSTargetPlatform
[2018.11.27-15.46.34:796][  0]LogTemp: Display: Loaded TP LinuxClientTargetPlatform
[2018.11.27-15.46.34:814][  0]LogTemp: Display: Loaded TP LinuxNoEditorTargetPlatform
[2018.11.27-15.46.34:832][  0]LogTemp: Display: Loaded TP LinuxServerTargetPlatform
[2018.11.27-15.46.34:852][  0]LogTemp: Display: Loaded TP LinuxTargetPlatform
[2018.11.27-15.46.34:866][  0]LogTemp: Display: Loaded TP LuminTargetPlatform
[2018.11.27-15.46.34:866][  0]LogTargetPlatformManager: Display: Building Assets For Windows
[2018.11.27-15.46.34:952][  0]LogXGEController: Cannot use XGE Controller as Incredibuild is not installed on this machine.
[2018.11.27-15.46.34:952][  0]LogShaderCompilers: Cannot use XGE Shader Compiler as Incredibuild is not installed on this machine.
[2018.11.27-15.46.34:952][  0]LogShaderCompilers: Display: Using Local Shader Compiler.
[2018.11.27-15.46.36:116][  0]LogDerivedDataCache: Display: Max Cache Size: 512 MB
[2018.11.27-15.46.36:180][  0]LogDerivedDataCache: Loaded boot cache 0.06s 71MB C:/Users/45188/AppData/Local/UnrealEngine/4.20/DerivedDataCache/Boot.ddc.
[2018.11.27-15.46.36:181][  0]LogDerivedDataCache: Display: Loaded Boot cache: C:/Users/45188/AppData/Local/UnrealEngine/4.20/DerivedDataCache/Boot.ddc
[2018.11.27-15.46.36:181][  0]LogDerivedDataCache: FDerivedDataBackendGraph:  Pak pak cache file ../../../../../../../GDProject/GameDev1Project4/UnrealHouse/DerivedDataCache/DDC.ddp not found, will not use a pak cache.
[2018.11.27-15.46.36:181][  0]LogDerivedDataCache: Unable to find inner node Pak for hierarchical cache Hierarchy.
[2018.11.27-15.46.36:181][  0]LogDerivedDataCache: FDerivedDataBackendGraph:  CompressedPak pak cache file ../../../../../../../GDProject/GameDev1Project4/UnrealHouse/DerivedDataCache/Compressed.ddp not found, will not use a pak cache.
[2018.11.27-15.46.36:181][  0]LogDerivedDataCache: Unable to find inner node CompressedPak for hierarchical cache Hierarchy.
[2018.11.27-15.46.36:197][  0]LogDerivedDataCache: Display: Pak cache opened for reading ../../../Engine/DerivedDataCache/Compressed.ddp.
[2018.11.27-15.46.36:212][  0]LogDerivedDataCache: Using Local data cache path C:/Users/45188/AppData/Local/UnrealEngine/Common/DerivedDataCache: Writable
[2018.11.27-15.46.36:212][  0]LogDerivedDataCache: Shared data cache path not found in *engine.ini, will not use an Shared cache.
[2018.11.27-15.46.36:212][  0]LogDerivedDataCache: Unable to find inner node Shared for hierarchical cache Hierarchy.
[2018.11.27-15.46.36:238][  0]LogMaterial: Verifying Global Shaders for PCD3D_SM5
[2018.11.27-15.46.36:240][  0]LogSlate: Using FreeType 2.6.0
[2018.11.27-15.46.36:240][  0]LogSlate: SlateFontServices - WITH_FREETYPE: 1, WITH_HARFBUZZ: 1
[2018.11.27-15.46.36:329][  0]LogAssetRegistry: FAssetRegistry took 0.0279 seconds to start up
[2018.11.27-15.46.36:782][  0]LogInit: Selected Device Profile: [Windows]
[2018.11.27-15.46.36:958][  0]LogSimplygon: Simplygon DLL not present - disabling.
[2018.11.27-15.46.36:966][  0]LogMeshReduction: Using SimplygonSwarm for distributed automatic mesh merging
[2018.11.27-15.46.36:966][  0]LogMeshReduction: Using ProxyLODMeshReduction for automatic mesh merging
[2018.11.27-15.46.36:966][  0]LogMeshReduction: Using QuadricMeshReduction for automatic static mesh reduction
[2018.11.27-15.46.36:966][  0]LogMeshReduction: No automatic skeletal mesh reduction module available
[2018.11.27-15.46.37:007][  0]LogNetVersion: UnrealHouse 1.0.0, NetCL: 4212847, EngineNetVer: 5, GameNetVer: 0 (Checksum: 3536387037)
[2018.11.27-15.46.38:244][  0]LogPackageLocalizationCache: Processed 11 localized package path(s) for 2 prioritized culture(s) in 0.285511 seconds
[2018.11.27-15.46.38:252][  0]LogUObjectArray: 38425 objects as part of root set at end of initial load.
[2018.11.27-15.46.38:252][  0]LogUObjectAllocator: 6690872 out of 0 bytes used by permanent object pool.
[2018.11.27-15.46.38:253][  0]LogUObjectArray: CloseDisregardForGC: 0/0 objects in disregard for GC pool
[2018.11.27-15.46.40:093][  0]LogTcpMessaging: Initializing TcpMessaging bridge
[2018.11.27-15.46.40:111][  0]LogUdpMessaging: Initializing bridge on interface 0.0.0.0:0 to multicast group 230.0.0.1:6666.
[2018.11.27-15.46.40:340][  0]SourceControl: Source control is disabled
[2018.11.27-15.46.40:340][  0]SourceControl: Source control is disabled
[2018.11.27-15.46.40:344][  0]SourceControl: Source control is disabled
[2018.11.27-15.46.40:346][  0]SourceControl: Source control is disabled
[2018.11.27-15.46.40:605][  0]LogAndroidPermission: UAndroidPermissionCallbackProxy::GetInstance
[2018.11.27-15.46.41:069][  0]LogOcInput: OculusInput pre-init called
[2018.11.27-15.46.41:183][  0]LogEngine: Initializing Engine...
[2018.11.27-15.46.41:187][  0]LogHMD: Failed to initialize OpenVR with code 110
[2018.11.27-15.46.41:190][  0]LogStats: UGameplayTagsManager::ConstructGameplayTagTree: ImportINI prefixes -  0.000 s
[2018.11.27-15.46.41:190][  0]LogStats: UGameplayTagsManager::ConstructGameplayTagTree: Construct from data asset -  0.000 s
[2018.11.27-15.46.41:190][  0]LogStats: UGameplayTagsManager::ConstructGameplayTagTree: ImportINI -  0.000 s
[2018.11.27-15.46.41:190][  0]LogStats: UGameplayTagsManager::ConstructGameplayTagTree: GameplayTagTreeChangedEvent.Broadcast -  0.000 s
[2018.11.27-15.46.41:778][  0]LogInit: Initializing FReadOnlyCVARCache
[2018.11.27-15.46.41:792][  0]LogAIModule: Creating AISystem for world Untitled
[2018.11.27-15.46.41:839][  0]LogInit: XAudio2 using 'Speakers / Headphones (Realtek Audio)' : 2 channels at 48 kHz using 32 bits per sample (channel mask 0x3)
[2018.11.27-15.46.43:559][  0]LogInit: FAudioDevice initialized.
[2018.11.27-15.46.43:560][  0]LogNetVersion: Set ProjectVersion to 1.0.0.0. Version Checksum will be recalculated on next use.
[2018.11.27-15.46.43:756][  0]LogDerivedDataCache: Saved boot cache 0.20s 71MB C:/Users/45188/AppData/Local/UnrealEngine/4.20/DerivedDataCache/Boot.ddc.
[2018.11.27-15.46.43:764][  0]LogInit: Texture streaming: Enabled
[2018.11.27-15.46.43:788][  0]LogEngineSessionManager: EngineSessionManager initialized
[2018.11.27-15.46.43:809][  0]LogInit: Transaction tracking system initialized
[2018.11.27-15.46.43:837][  0]BlueprintLog: New page: Editor Load
[2018.11.27-15.46.43:942][  0]LocalizationService: Localization service is disabled
[2018.11.27-15.46.44:372][  0]LogCook: Display: Max memory allowance for cook 16384mb min free memory 0mb
[2018.11.27-15.46.44:372][  0]LogCook: Display: Mobile HDR setting 1
[2018.11.27-15.46.44:372][  0]LogGameplayTags: Display: UGameplayTagsManager::DoneAddingNativeTags. DelegateIsBound: 0
[2018.11.27-15.46.44:372][  0]LogStats: UGameplayTagsManager::ConstructGameplayTagTree: ImportINI prefixes -  0.000 s
[2018.11.27-15.46.44:372][  0]LogStats: UGameplayTagsManager::ConstructGameplayTagTree: Construct from data asset -  0.000 s
[2018.11.27-15.46.44:372][  0]LogStats: UGameplayTagsManager::ConstructGameplayTagTree: ImportINI -  0.000 s
[2018.11.27-15.46.44:372][  0]LogStats: UGameplayTagsManager::ConstructGameplayTagTree: GameplayTagTreeChangedEvent.Broadcast -  0.000 s
[2018.11.27-15.46.44:508][  0]LogFileCache: Scanning file cache for directory 'E:/GDProject/GameDev1Project4/UnrealHouse/Content/' took 0.01s
[2018.11.27-15.46.44:508][  0]SourceControl: Source control is disabled
[2018.11.27-15.46.44:508][  0]Cmd: MAP LOAD FILE="../../../../../../../GDProject/GameDev1Project4/UnrealHouse/Content/FirstPersonBP/Maps/FirstPersonExampleMap.umap" TEMPLATE=0 SHOWPROGRESS=1 FEATURELEVEL=3
[2018.11.27-15.46.44:509][  0]LightingResults: New page: Lighting Build
[2018.11.27-15.46.44:511][  0]MapCheck: New page: Map Check
[2018.11.27-15.46.44:512][  0]LightingResults: New page: Lighting Build
[2018.11.27-15.46.45:021][  0]LogAIModule: Creating AISystem for world FirstPersonExampleMap
[2018.11.27-15.46.45:032][  0]LogEditorServer: Finished looking for orphan Actors (0.000 secs)
[2018.11.27-15.46.45:059][  0]Cmd: MAP CHECKDEP NOCLEARLOG
[2018.11.27-15.46.45:206][  0]MapCheck: Map check complete: 0 Error(s), 0 Warning(s), took 146.875ms to complete.
[2018.11.27-15.46.45:207][  0]LogFileHelpers: Loading map 'FirstPersonExampleMap' took 0.698
[2018.11.27-15.46.45:321][  0]LogSlate: Updating window title bar state: overlay mode, drag disabled, window buttons hidden, title bar hidden
[2018.11.27-15.46.45:325][  0]LogSlate: Updating window title bar state: overlay mode, drag disabled, window buttons hidden, title bar hidden
[2018.11.27-15.46.45:337][  0]LogCollectionManager: Loaded 0 collections in 0.001046 seconds
[2018.11.27-15.46.45:397][  0]LogFileCache: Scanning file cache for directory 'E:/GDProject/GameDev1Project4/UnrealHouse/Saved/Collections/' took 0.01s
[2018.11.27-15.46.45:397][  0]LogFileCache: Scanning file cache for directory 'E:/GDProject/GameDev1Project4/UnrealHouse/Content/Developers/45188/Collections/' took 0.01s
[2018.11.27-15.46.45:397][  0]LogFileCache: Scanning file cache for directory 'E:/GDProject/GameDev1Project4/UnrealHouse/Content/Collections/' took 0.01s
[2018.11.27-15.46.45:397][  0]LogCollectionManager: Rebuilt the GUID cache for 0 collections in 0.000001 seconds
[2018.11.27-15.46.45:420][  0]LogContentBrowser: Native class hierarchy populated in 0.0225 seconds. Added 2572 classes and 603 folders.
[2018.11.27-15.46.45:435][  0]LogContentBrowser: Native class hierarchy updated for 'WidgetCarousel' in 0.0006 seconds. Added 0 classes and 0 folders.
[2018.11.27-15.46.45:529][  0]LogContentBrowser: Native class hierarchy updated for 'AddContentDialog' in 0.0003 seconds. Added 0 classes and 0 folders.
[2018.11.27-15.46.45:537][  0]LogContentBrowser: Native class hierarchy updated for 'SceneOutliner' in 0.0004 seconds. Added 1 classes and 2 folders.
[2018.11.27-15.46.45:673][  0]LogSlate: Took 0.000305 seconds to synchronously load lazily loaded font '../../../Engine/Content/Slate/Fonts/Roboto-Regular.ttf' (155K)
[2018.11.27-15.46.45:677][  0]LogSlate: Took 0.000347 seconds to synchronously load lazily loaded font '../../../Engine/Content/Slate/Fonts/Roboto-Bold.ttf' (160K)
[2018.11.27-15.46.45:790][  0]LogRenderer: Reallocating scene render targets to support 364x340 Format 10 NumSamples 1 (Frame:1).
[2018.11.27-15.46.46:033][  0]LogContentBrowser: Native class hierarchy updated for 'HierarchicalLODOutliner' in 0.0003 seconds. Added 0 classes and 0 folders.
[2018.11.27-15.46.46:033][  0]LogLoad: (Engine Initialization) Total time: 15.15 seconds
[2018.11.27-15.46.46:033][  0]LogLoad: (Engine Initialization) Total Blueprint compile time: 0.00 seconds
[2018.11.27-15.46.46:080][  0]LogContentStreaming: Texture pool size now 1000 MB
[2018.11.27-15.46.46:148][  1]LogAssetRegistry: Asset discovery search completed in 9.8418 seconds
[2018.11.27-15.46.46:150][  1]LogCollectionManager: Rebuilt the object cache for 0 collections in 0.000001 seconds (found 0 objects)
[2018.11.27-15.46.46:150][  1]LogCollectionManager: Fixed up redirectors for 0 collections in 0.000098 seconds (updated 0 objects)
[2018.11.27-15.46.47:482][  5]LogSlate: Took 0.000285 seconds to synchronously load lazily loaded font '../../../Engine/Content/Slate/Fonts/Roboto-Light.ttf' (167K)
[2018.11.27-15.49.50:571][572]LogSlate: FSceneViewport::OnFocusLost() reason 0
[2018.11.27-15.49.50:887][575]LogAssetEditorManager: Opening Asset editor for Blueprint /Game/FirstPersonBP/Blueprints/MyFirstPersonCharacter.MyFirstPersonCharacter
[2018.11.27-15.49.51:748][575]LogContentBrowser: Native class hierarchy updated for 'BlueprintGraph' in 0.0016 seconds. Added 116 classes and 0 folders.
[2018.11.27-15.49.53:779][575]LogAssetEditorManager: Opening Asset editor for LevelSequence /Game/CameraSequences/Event2CameraSeq.Event2CameraSeq
[2018.11.27-15.49.53:873][575]LogSlate: Took 0.000197 seconds to synchronously load lazily loaded font '../../../Engine/Content/Slate/Fonts/DroidSansMono.ttf' (77K)
[2018.11.27-15.49.53:875][575]LogSlate: Took 0.000158 seconds to synchronously load lazily loaded font '../../../Engine/Content/Editor/Slate/Fonts/FontAwesome.ttf' (139K)
[2018.11.27-15.49.53:877][575]LogSlate: Took 0.000215 seconds to synchronously load lazily loaded font '../../../Engine/Content/Slate/Fonts/Roboto-BoldCondensed.ttf' (158K)
[2018.11.27-15.49.54:044][576]LogSlate: Took 0.000198 seconds to synchronously load lazily loaded font '../../../Engine/Content/Slate/Fonts/Roboto-Italic.ttf' (157K)
[2018.11.27-15.49.56:083][611]LogSlate: Window 'MyFirstPersonCharacter' being destroyed
[2018.11.27-15.50.23:172][394]Cmd: OBJ SAVEPACKAGE PACKAGE="/Game/CameraSequences/Event2CameraSeq" FILE="../../../../../../../GDProject/GameDev1Project4/UnrealHouse/Content/CameraSequences/Event2CameraSeq.uasset" SILENT=true
[2018.11.27-15.50.23:286][394]LogSavePackage: Moving '../../../../../../../GDProject/GameDev1Project4/UnrealHouse/Saved/Event2CameraSeq2DFFF094455E54C538FBB39EA78A9D83.tmp' to '../../../../../../../GDProject/GameDev1Project4/UnrealHouse/Content/CameraSequences/Event2CameraSeq.uasset'
[2018.11.27-15.50.24:154][414]LogTemp: Repeating last play command: Selected Viewport
[2018.11.27-15.50.24:176][414]LogBlueprintUserMessages: Early PlayInEditor Detection: Level '/Game/FirstPersonBP/Maps/FirstPersonExampleMap.FirstPersonExampleMap:PersistentLevel' has LevelScriptBlueprint '/Game/FirstPersonBP/Maps/FirstPersonExampleMap.FirstPersonExampleMap:PersistentLevel.FirstPersonExampleMap' with GeneratedClass '/Game/FirstPersonBP/Maps/FirstPersonExampleMap.FirstPersonExampleMap_C' with ClassGeneratedBy '/Game/FirstPersonBP/Maps/FirstPersonExampleMap.FirstPersonExampleMap:PersistentLevel.FirstPersonExampleMap'
[2018.11.27-15.50.24:176][414]LogPlayLevel: PlayLevel: No blueprints needed recompiling
[2018.11.27-15.50.24:190][414]PIE: New page: PIE session: FirstPersonExampleMap (2018年11月27日 上午5:50:24)
[2018.11.27-15.50.24:190][414]LogPlayLevel: Creating play world package: /Game/FirstPersonBP/Maps/UEDPIE_0_FirstPersonExampleMap
[2018.11.27-15.50.24:228][414]LogPlayLevel: PIE: StaticDuplicateObject took: (0.038814s)
[2018.11.27-15.50.24:230][414]LogAIModule: Creating AISystem for world FirstPersonExampleMap
[2018.11.27-15.50.24:231][414]LogPlayLevel: PIE: World Init took: (0.002724s)
[2018.11.27-15.50.24:232][414]LogPlayLevel: PIE: Created PIE world by copying editor world from /Game/FirstPersonBP/Maps/FirstPersonExampleMap.FirstPersonExampleMap to /Game/FirstPersonBP/Maps/UEDPIE_0_FirstPersonExampleMap.FirstPersonExampleMap (0.041952s)
[2018.11.27-15.50.24:332][414]LogInit: XAudio2 using 'Speakers / Headphones (Realtek Audio)' : 2 channels at 48 kHz using 32 bits per sample (channel mask 0x3)
[2018.11.27-15.50.24:545][414]LogInit: FAudioDevice initialized.
[2018.11.27-15.50.24:598][414]LogLoad: Game class is 'MyFirstPersonGameMode_C'
[2018.11.27-15.50.24:605][414]LogWorld: Bringing World /Game/FirstPersonBP/Maps/UEDPIE_0_FirstPersonExampleMap.FirstPersonExampleMap up for play (max tick rate 60) at 2018.11.27-10.50.24
[2018.11.27-15.50.24:617][414]LogWorld: Bringing up level for play took: 0.015518
[2018.11.27-15.50.24:642][414]LogContentBrowser: Native class hierarchy updated for 'MovieSceneCapture' in 0.0006 seconds. Added 10 classes and 0 folders.
[2018.11.27-15.50.24:644][414]PIE: Play in editor start time for /Game/FirstPersonBP/Maps/UEDPIE_0_FirstPersonExampleMap -0.209
[2018.11.27-15.50.24:644][414]LogBlueprintUserMessages: Late PlayInEditor Detection: Level '/Game/FirstPersonBP/Maps/FirstPersonExampleMap.FirstPersonExampleMap:PersistentLevel' has LevelScriptBlueprint '/Game/FirstPersonBP/Maps/FirstPersonExampleMap.FirstPersonExampleMap:PersistentLevel.FirstPersonExampleMap' with GeneratedClass '/Game/FirstPersonBP/Maps/FirstPersonExampleMap.FirstPersonExampleMap_C' with ClassGeneratedBy '/Game/FirstPersonBP/Maps/FirstPersonExampleMap.FirstPersonExampleMap:PersistentLevel.FirstPersonExampleMap'
[2018.11.27-15.50.38:594][832]LogBlueprintUserMessages: Early EndPlayMap Detection: Level '/Game/FirstPersonBP/Maps/FirstPersonExampleMap.FirstPersonExampleMap:PersistentLevel' has LevelScriptBlueprint '/Game/FirstPersonBP/Maps/FirstPersonExampleMap.FirstPersonExampleMap:PersistentLevel.FirstPersonExampleMap' with GeneratedClass '/Game/FirstPersonBP/Maps/FirstPersonExampleMap.FirstPersonExampleMap_C' with ClassGeneratedBy '/Game/FirstPersonBP/Maps/FirstPersonExampleMap.FirstPersonExampleMap:PersistentLevel.FirstPersonExampleMap'
[2018.11.27-15.50.38:595][832]LogSlate: Updating window title bar state: overlay mode, drag disabled, window buttons hidden, title bar hidden
[2018.11.27-15.50.38:681][832]LogPlayLevel: Display: Shutting down PIE online subsystems
[2018.11.27-15.50.38:682][832]LogBlueprintUserMessages: Late EndPlayMap Detection: Level '/Game/FirstPersonBP/Maps/FirstPersonExampleMap.FirstPersonExampleMap:PersistentLevel' has LevelScriptBlueprint '/Game/FirstPersonBP/Maps/FirstPersonExampleMap.FirstPersonExampleMap:PersistentLevel.FirstPersonExampleMap' with GeneratedClass '/Game/FirstPersonBP/Maps/FirstPersonExampleMap.FirstPersonExampleMap_C' with ClassGeneratedBy '/Game/FirstPersonBP/Maps/FirstPersonExampleMap.FirstPersonExampleMap:PersistentLevel.FirstPersonExampleMap'
[2018.11.27-15.50.38:760][832]LogSlate: Updating window title bar state: overlay mode, drag disabled, window buttons hidden, title bar hidden
[2018.11.27-15.50.38:815][833]LogPlayLevel: Display: Destroying online subsystem :Context_2
[2018.11.27-15.50.39:512][853]LogSlate: FSceneViewport::OnFocusLost() reason 2
[2018.11.27-15.50.39:987][853]LogSavePackage: Moving '../../../../../../../GDProject/GameDev1Project4/UnrealHouse/Saved/FirstPersonExampleMapEE9F95B1420F0C73F822B4A9F8DDECA2.tmp' to '../../../../../../../GDProject/GameDev1Project4/UnrealHouse/Content/FirstPersonBP/Maps/FirstPersonExampleMap.umap'
[2018.11.27-15.50.41:464][853]LogSavePackage: Moving '../../../../../../../GDProject/GameDev1Project4/UnrealHouse/Saved/FirstPersonExampleMap_BuiltData9A3177E641709015C2963CBBBDCC00BE.tmp' to '../../../../../../../GDProject/GameDev1Project4/UnrealHouse/Content/FirstPersonBP/Maps/FirstPersonExampleMap_BuiltData.uasset'
[2018.11.27-17.02.05:424][421]LogHttp: Warning: 0000027A0EBF1300: request failed, libcurl error: 6 (Couldn't resolve host name)
[2018.11.27-17.02.05:426][421]LogHttp: Warning: 0000027A0EBF1300: libcurl info message cache 0 (Connection 28 seems to be dead!)
[2018.11.27-17.02.05:426][421]LogHttp: Warning: 0000027A0EBF1300: libcurl info message cache 1 (Closing connection 28)
[2018.11.27-17.02.05:426][421]LogHttp: Warning: 0000027A0EBF1300: libcurl info message cache 2 (Could not resolve host: datarouter.ol.epicgames.com)
[2018.11.27-17.02.05:426][421]LogHttp: Warning: 0000027A0EBF1300: libcurl info message cache 3 (Closing connection 29)
[2018.11.27-18.23.00:133][117]LogHttp: Warning: 0000027A0EBF1300: request failed, libcurl error: 6 (Couldn't resolve host name)
[2018.11.27-18.23.00:133][117]LogHttp: Warning: 0000027A0EBF1300: libcurl info message cache 0 (Connection 36 seems to be dead!)
[2018.11.27-18.23.00:133][117]LogHttp: Warning: 0000027A0EBF1300: libcurl info message cache 1 (Closing connection 36)
[2018.11.27-18.23.00:133][117]LogHttp: Warning: 0000027A0EBF1300: libcurl info message cache 2 (TLSv1.2 (OUT), TLS alert, Client hello (1):)
[2018.11.27-18.23.00:133][117]LogHttp: Warning: 0000027A0EBF1300: libcurl info message cache 3 (Could not resolve host: datarouter.ol.epicgames.com)
[2018.11.27-18.23.00:133][117]LogHttp: Warning: 0000027A0EBF1300: libcurl info message cache 4 (Closing connection 37)
[2018.11.27-18.58.43:785][296]LogGarbage: Warning: 1.262359 ms for acquiring GC lock
[2018.11.27-18.59.09:290][296]LogSlate: Window 'UnrealHouse - Unreal Editor' being destroyed
[2018.11.27-18.59.09:415][296]LogWindowsTextInputMethodSystem: Display: IME system now deactivated.
[2018.11.27-18.59.26:423][297]Cmd: QUIT_EDITOR
[2018.11.27-22.00.03:334][297]LogExit: Preparing to exit.
[2018.11.27-22.23.11:455][297]LogExit: Editor shut down
[2018.11.27-22.23.11:668][297]LogExit: Transaction tracking system shut down
[2018.11.27-22.24.08:264][297]LogExit: Object subsystem successfully closed.
[2018.11.27-22.24.12:792][297]LogShaderCompilers: Display: Shaders left to compile 0
[2018.11.27-22.24.12:917][297]LogD3D11RHI: Shutdown
[2018.11.27-22.24.12:928][297]LogD3D11RHI: CleanupD3DDevice
[2018.11.27-22.24.13:448][297]LogD3D11RHI: ~FD3D11DynamicRHI
[2018.11.27-22.24.20:366][297]LogModuleManager: Shutting down and abandoning module MovieSceneCapture (618)
[2018.11.27-22.24.20:367][297]LogModuleManager: Shutting down and abandoning module Voice (616)
[2018.11.27-22.24.20:379][297]LogModuleManager: Shutting down and abandoning module SequencerWidgets (614)
[2018.11.27-22.24.20:380][297]LogModuleManager: Shutting down and abandoning module BlueprintGraph (612)
[2018.11.27-22.24.20:400][297]LogModuleManager: Shutting down and abandoning module HierarchicalLODOutliner (610)
[2018.11.27-22.24.20:400][297]LogModuleManager: Shutting down and abandoning module SceneOutliner (608)
[2018.11.27-22.24.20:463][297]LogModuleManager: Shutting down and abandoning module AddContentDialog (606)
[2018.11.27-22.24.20:640][297]LogModuleManager: Shutting down and abandoning module WidgetCarousel (605)
[2018.11.27-22.24.20:640][297]LogModuleManager: Shutting down and abandoning module EditorWidgets (602)
[2018.11.27-22.24.20:641][297]LogModuleManager: Shutting down and abandoning module CollectionManager (600)
[2018.11.27-22.24.20:705][297]LogModuleManager: Shutting down and abandoning module StatsViewer (598)
[2018.11.27-22.24.20:859][297]LogModuleManager: Shutting down and abandoning module FoliageEdit (596)
[2018.11.27-22.24.20:859][297]LogModuleManager: Shutting down and abandoning module LandscapeEditor (594)
[2018.11.27-22.24.21:265][297]LogModuleManager: Shutting down and abandoning module MeshPaintMode (592)
[2018.11.27-22.24.21:279][297]LogModuleManager: Shutting down and abandoning module SceneDepthPickerMode (590)
[2018.11.27-22.24.21:279][297]LogModuleManager: Shutting down and abandoning module ActorPickerMode (588)
[2018.11.27-22.24.21:279][297]LogModuleManager: Shutting down and abandoning module GeometryMode (586)
[2018.11.27-22.24.21:287][297]LogModuleManager: Shutting down and abandoning module TextureAlignMode (584)
[2018.11.27-22.24.21:287][297]LogModuleManager: Shutting down and abandoning module BspMode (582)
[2018.11.27-22.24.21:301][297]LogModuleManager: Shutting down and abandoning module PIEPreviewDeviceProfileSelector (580)
[2018.11.27-22.24.21:302][297]LogModuleManager: Shutting down and abandoning module SequenceRecorderSections (578)
[2018.11.27-22.24.21:302][297]LogModuleManager: Shutting down and abandoning module AutomationWorker (576)
[2018.11.27-22.24.21:310][297]LogModuleManager: Shutting down and abandoning module AudioCaptureEditor (574)
[2018.11.27-22.24.21:310][297]LogModuleManager: Shutting down and abandoning module SequenceRecorder (573)
[2018.11.27-22.24.21:332][297]LogModuleManager: Shutting down and abandoning module MatineeToLevelSequence (570)
[2018.11.27-22.24.21:380][297]LogModuleManager: Shutting down and abandoning module LevelSequenceEditor (568)
[2018.11.27-22.24.21:422][297]LogModuleManager: Shutting down and abandoning module PlacementMode (567)
[2018.11.27-22.24.21:422][297]LogModuleManager: Shutting down and abandoning module MaterialEditor (566)
[2018.11.27-22.24.21:450][297]LogModuleManager: Shutting down and abandoning module WmfMediaFactory (562)
[2018.11.27-22.24.21:450][297]LogModuleManager: Shutting down and abandoning module WmfMediaEditor (560)
[2018.11.27-22.24.21:450][297]LogModuleManager: Shutting down and abandoning module MediaPlayerEditor (558)
[2018.11.27-22.24.21:473][297]LogModuleManager: Shutting down and abandoning module OpenExrWrapper (556)
[2018.11.27-22.24.21:473][297]LogModuleManager: Shutting down and abandoning module ImgMediaFactory (554)
[2018.11.27-22.24.21:473][297]LogModuleManager: Shutting down and abandoning module ImgMediaEditor (552)
[2018.11.27-22.24.21:473][297]LogModuleManager: Shutting down and abandoning module AvfMediaFactory (550)
[2018.11.27-22.24.21:473][297]LogModuleManager: Shutting down and abandoning module AvfMediaEditor (548)
[2018.11.27-22.24.21:473][297]LogModuleManager: Shutting down and abandoning module AndroidMediaFactory (546)
[2018.11.27-22.24.21:473][297]LogModuleManager: Shutting down and abandoning module AndroidMediaEditor (544)
[2018.11.27-22.24.21:473][297]LogModuleManager: Shutting down and abandoning module MagicLeapCameraPreviewFactory (542)
[2018.11.27-22.24.21:473][297]LogModuleManager: Shutting down and abandoning module MagicLeapMediaFactory (540)
[2018.11.27-22.24.21:473][297]LogModuleManager: Shutting down and abandoning module MagicLeapMediaEditor (538)
[2018.11.27-22.24.21:473][297]LogModuleManager: Shutting down and abandoning module CharacterAI (536)
[2018.11.27-22.24.21:473][297]LogModuleManager: Shutting down and abandoning module SmartSnapping (534)
[2018.11.27-22.24.21:473][297]LogModuleManager: Shutting down and abandoning module SessionServices (532)
[2018.11.27-22.24.21:474][297]LogModuleManager: Shutting down and abandoning module ViewportSnapping (530)
[2018.11.27-22.24.21:474][297]LogModuleManager: Shutting down and abandoning module ViewportInteraction (528)
[2018.11.27-22.24.21:482][297]LogModuleManager: Shutting down and abandoning module ClothPainter (526)
[2018.11.27-22.24.21:536][297]LogModuleManager: Shutting down and abandoning module SkeletalMeshEditor (525)
[2018.11.27-22.24.21:588][297]LogModuleManager: Shutting down and abandoning module LogVisualizer (522)
[2018.11.27-22.24.21:640][297]LogModuleManager: Shutting down and abandoning module IntroTutorials (520)
[2018.11.27-22.24.21:679][297]LogModuleManager: Shutting down and abandoning module GameProjectGeneration (519)
[2018.11.27-22.24.21:752][297]LogModuleManager: Shutting down and abandoning module LuminPlatformEditor (516)
[2018.11.27-22.24.21:752][297]LogModuleManager: Shutting down and abandoning module IOSPlatformEditor (514)
[2018.11.27-22.24.21:754][297]LogModuleManager: Shutting down and abandoning module HTML5PlatformEditor (512)
[2018.11.27-22.24.21:754][297]LogModuleManager: Shutting down and abandoning module AndroidPlatformEditor (510)
[2018.11.27-22.24.21:768][297]LogModuleManager: Shutting down and abandoning module AndroidDeviceDetection (509)
[2018.11.27-22.24.22:768][297]LogModuleManager: Shutting down and abandoning module WindowsPlatformEditor (506)
[2018.11.27-22.24.22:768][297]LogModuleManager: Shutting down and abandoning module LuminRuntimeSettings (504)
[2018.11.27-22.24.22:768][297]LogModuleManager: Shutting down and abandoning module IOSRuntimeSettings (502)
[2018.11.27-22.24.22:768][297]LogModuleManager: Shutting down and abandoning module AndroidRuntimeSettings (500)
[2018.11.27-22.24.22:768][297]LogModuleManager: Shutting down and abandoning module InputBindingEditor (498)
[2018.11.27-22.24.22:802][297]LogModuleManager: Shutting down and abandoning module MergeActors (496)
[2018.11.27-22.24.22:829][297]LogModuleManager: Shutting down and abandoning module LocalizationDashboard (494)
[2018.11.27-22.24.22:901][297]LogModuleManager: Shutting down and abandoning module LocalizationService (493)
[2018.11.27-22.24.22:942][297]LogModuleManager: Shutting down and abandoning module HardwareTargeting (490)
[2018.11.27-22.24.22:942][297]LogModuleManager: Shutting down and abandoning module DeviceProfileEditor (488)
[2018.11.27-22.24.22:952][297]LogModuleManager: Shutting down and abandoning module UndoHistory (486)
[2018.11.27-22.24.22:961][297]LogModuleManager: Shutting down and abandoning module XmlParser (484)
[2018.11.27-22.24.22:978][297]LogModuleManager: Shutting down and abandoning module Blutility (482)
[2018.11.27-22.24.22:978][297]LogModuleManager: Shutting down and abandoning module ProjectSettingsViewer (480)
[2018.11.27-22.24.22:978][297]LogModuleManager: Shutting down and abandoning module ProjectTargetPlatformEditor (479)
[2018.11.27-22.24.23:229][297]LogModuleManager: Shutting down and abandoning module EditorSettingsViewer (476)
[2018.11.27-22.24.23:230][297]LogModuleManager: Shutting down and abandoning module SettingsEditor (474)
[2018.11.27-22.24.23:268][297]LogModuleManager: Shutting down and abandoning module ProjectLauncher (472)
[2018.11.27-22.24.23:302][297]LogModuleManager: Shutting down and abandoning module SessionFrontend (470)
[2018.11.27-22.24.23:347][297]LogModuleManager: Shutting down and abandoning module ProfilerClient (468)
[2018.11.27-22.24.23:357][297]LogModuleManager: Shutting down and abandoning module DeviceManager (466)
[2018.11.27-22.24.23:364][297]LogModuleManager: Shutting down and abandoning module TargetDeviceServices (465)
[2018.11.27-22.24.23:656][297]LogModuleManager: Shutting down and abandoning module AutomationController (462)
[2018.11.27-22.24.23:696][297]LogModuleManager: Shutting down and abandoning module AutomationWindow (460)
[2018.11.27-22.24.23:727][297]LogModuleManager: Shutting down and abandoning module Layers (458)
[2018.11.27-22.24.23:763][297]LogModuleManager: Shutting down and abandoning module ComponentVisualizers (456)
[2018.11.27-22.24.23:763][297]LogModuleManager: Shutting down and abandoning module DetailCustomizations (454)
[2018.11.27-22.24.23:786][297]LogModuleManager: Shutting down and abandoning module PackagesDialog (452)
[2018.11.27-22.24.23:825][297]LogModuleManager: Shutting down and abandoning module Persona (450)
[2018.11.27-22.24.23:914][297]LogModuleManager: Shutting down and abandoning module AdvancedPreviewScene (449)
[2018.11.27-22.24.23:914][297]LogModuleManager: Shutting down and abandoning module AnimGraph (447)
[2018.11.27-22.24.23:915][297]LogModuleManager: Shutting down and abandoning module Kismet (444)
[2018.11.27-22.24.23:968][297]LogModuleManager: Shutting down and abandoning module GraphEditor (442)
[2018.11.27-22.24.23:976][297]LogModuleManager: Shutting down and abandoning module ClassViewer (440)
[2018.11.27-22.24.23:992][297]LogModuleManager: Shutting down and abandoning module Toolbox (438)
[2018.11.27-22.24.23:992][297]LogModuleManager: Shutting down and abandoning module ModuleUI (436)
[2018.11.27-22.24.23:998][297]LogModuleManager: Shutting down and abandoning module MovieSceneTools (434)
[2018.11.27-22.24.24:002][297]LogModuleManager: Shutting down and abandoning module OutputLog (432)
[2018.11.27-22.24.24:012][297]LogModuleManager: Shutting down and abandoning module GammaUI (430)
[2018.11.27-22.24.24:027][297]LogModuleManager: Shutting down and abandoning module Documentation (428)
[2018.11.27-22.24.24:042][297]LogModuleManager: Shutting down and abandoning module MovieSceneTracks (426)
[2018.11.27-22.24.24:042][297]LogModuleManager: Shutting down and abandoning module MovieScene (424)
[2018.11.27-22.24.24:043][297]LogModuleManager: Shutting down and abandoning module StreamingPauseRendering (422)
[2018.11.27-22.24.24:043][297]LogModuleManager: Shutting down and abandoning module LauncherPlatform (420)
[2018.11.27-22.24.24:043][297]LogModuleManager: Shutting down and abandoning module AnalyticsET (418)
[2018.11.27-22.24.24:043][297]LogModuleManager: Shutting down and abandoning module PortalServices (416)
[2018.11.27-22.24.24:043][297]LogModuleManager: Shutting down and abandoning module PortalRpc (414)
[2018.11.27-22.24.24:043][297]LogModuleManager: Shutting down and abandoning module MessagingRpc (412)
[2018.11.27-22.24.24:043][297]LogModuleManager: Shutting down and abandoning module AIModule (410)
[2018.11.27-22.24.24:093][297]LogModuleManager: Shutting down and abandoning module GameplayDebugger (409)
[2018.11.27-22.24.24:096][297]LogModuleManager: Shutting down and abandoning module AITestSuite (407)
[2018.11.27-22.24.24:108][297]LogModuleManager: Shutting down and abandoning module NavigationSystem (405)
[2018.11.27-22.24.24:150][297]LogModuleManager: Shutting down and abandoning module DesktopPlatform (402)
[2018.11.27-22.24.24:158][297]LogModuleManager: Shutting down and abandoning module ProfilerService (400)
[2018.11.27-22.24.24:324][297]LogModuleManager: Shutting down and abandoning module TaskGraph (398)
[2018.11.27-22.24.24:474][297]LogModuleManager: Shutting down and abandoning module SteamVRController (396)
[2018.11.27-22.24.24:474][297]LogModuleManager: Shutting down and abandoning module ProceduralMeshComponentEditor (394)
[2018.11.27-22.24.24:474][297]LogModuleManager: Shutting down and abandoning module ProceduralMeshComponent (392)
[2018.11.27-22.24.24:474][297]LogModuleManager: Shutting down and abandoning module OculusInput (390)
[2018.11.27-22.24.24:474][297]LogModuleManager: Shutting down and abandoning module MobilePatchingUtils (388)
[2018.11.27-22.24.24:474][297]LogModuleManager: Shutting down and abandoning module EditableMesh (386)
[2018.11.27-22.24.24:554][297]LogModuleManager: Shutting down and abandoning module CustomMeshComponent (384)
[2018.11.27-22.24.24:554][297]LogModuleManager: Shutting down and abandoning module CableComponent (382)
[2018.11.27-22.24.24:554][297]LogModuleManager: Shutting down and abandoning module AudioCapture (380)
[2018.11.27-22.24.24:554][297]LogModuleManager: Shutting down and abandoning module ArchVisCharacter (378)
[2018.11.27-22.24.24:554][297]LogModuleManager: Shutting down and abandoning module AndroidPermission (376)
[2018.11.27-22.24.24:554][297]LogModuleManager: Shutting down and abandoning module NUTUnrealEngine4 (374)
[2018.11.27-22.24.24:554][297]LogModuleManager: Shutting down and abandoning module NetcodeUnitTest (372)
[2018.11.27-22.24.24:783][297]LogModuleManager: Shutting down and abandoning module MediaCompositingEditor (370)
[2018.11.27-22.24.24:784][297]LogModuleManager: Shutting down and abandoning module MediaCompositing (368)
[2018.11.27-22.24.24:784][297]LogModuleManager: Shutting down and abandoning module LinearTimecode (366)
[2018.11.27-22.24.24:784][297]LogModuleManager: Shutting down and abandoning module ImgMedia (364)
[2018.11.27-22.24.24:820][297]LogModuleManager: Shutting down and abandoning module HTML5Networking (362)
[2018.11.27-22.24.24:820][297]LogModuleManager: Shutting down and abandoning module GeometryCacheTracks (360)
[2018.11.27-22.24.24:820][297]LogModuleManager: Shutting down and abandoning module GeometryCacheSequencer (358)
[2018.11.27-22.24.24:820][297]LogModuleManager: Shutting down and abandoning module BackChannel (356)
[2018.11.27-22.24.24:830][297]LogModuleManager: Shutting down and abandoning module AppleVision (354)
[2018.11.27-22.24.24:830][297]LogModuleManager: Shutting down and abandoning module AppleImageUtils (352)
[2018.11.27-22.24.24:830][297]LogModuleManager: Shutting down and abandoning module AlembicImporter (350)
[2018.11.27-22.24.24:830][297]LogModuleManager: Shutting down and abandoning module AlembicLibrary (349)
[2018.11.27-22.24.24:832][297]LogModuleManager: Shutting down and abandoning module GeometryCache (348)
[2018.11.27-22.24.24:832][297]LogModuleManager: Shutting down and abandoning module GeometryCacheEd (347)
[2018.11.27-22.24.24:832][297]LogModuleManager: Shutting down and abandoning module DatasmithContentEditor (342)
[2018.11.27-22.24.24:838][297]LogModuleManager: Shutting down and abandoning module DatasmithContent (340)
[2018.11.27-22.24.24:847][297]LogModuleManager: Shutting down and abandoning module SpeedTreeImporter (338)
[2018.11.27-22.24.24:847][297]LogModuleManager: Shutting down and abandoning module PluginBrowser (336)
[2018.11.27-22.24.24:874][297]LogModuleManager: Shutting down and abandoning module MobileLauncherProfileWizard (334)
[2018.11.27-22.24.24:890][297]LogModuleManager: Shutting down and abandoning module PolygonModeling (332)
[2018.11.27-22.24.24:890][297]LogModuleManager: Shutting down and abandoning module MeshEditor (330)
[2018.11.27-22.24.24:890][297]LogModuleManager: Shutting down and abandoning module CryptoKeysOpenSSL (328)
[2018.11.27-22.24.24:896][297]LogModuleManager: Shutting down and abandoning module CryptoKeys (326)
[2018.11.27-22.24.24:896][297]LogModuleManager: Shutting down and abandoning module VisualStudioSourceCodeAccess (324)
[2018.11.27-22.24.24:906][297]LogModuleManager: Shutting down and abandoning module VisualStudioCodeSourceCodeAccess (322)
[2018.11.27-22.24.24:906][297]LogModuleManager: Shutting down and abandoning module UObjectPlugin (320)
[2018.11.27-22.24.24:906][297]LogModuleManager: Shutting down and abandoning module SubversionSourceControl (318)
[2018.11.27-22.24.24:915][297]LogModuleManager: Shutting down and abandoning module PerforceSourceControl (316)
[2018.11.27-22.24.24:949][297]LogModuleManager: Shutting down and abandoning module GitSourceControl (314)
[2018.11.27-22.24.24:962][297]LogModuleManager: Shutting down and abandoning module SourceControl (313)
[2018.11.27-22.24.25:041][297]LogModuleManager: Shutting down and abandoning module CLionSourceCodeAccess (310)
[2018.11.27-22.24.25:050][297]LogModuleManager: Shutting down and abandoning module LightPropagationVolumeEditor (308)
[2018.11.27-22.24.25:050][297]LogModuleManager: Shutting down and abandoning module PaperTiledImporter (306)
[2018.11.27-22.24.25:050][297]LogModuleManager: Shutting down and abandoning module PaperSpriteSheetImporter (304)
[2018.11.27-22.24.25:051][297]LogModuleManager: Shutting down and abandoning module Paper2DEditor (302)
[2018.11.27-22.24.25:093][297]LogModuleManager: Shutting down and abandoning module MeshPaint (301)
[2018.11.27-22.24.25:094][297]LogModuleManager: Shutting down and abandoning module RuntimePhysXCooking (298)
[2018.11.27-22.24.25:094][297]LogModuleManager: Shutting down and abandoning module PhysXVehiclesEditor (296)
[2018.11.27-22.24.25:107][297]LogModuleManager: Shutting down and abandoning module PhysXVehicles (294)
[2018.11.27-22.24.25:107][297]LogModuleManager: Shutting down and abandoning module OculusEditor (292)
[2018.11.27-22.24.25:246][297]LogModuleManager: Shutting down and abandoning module LocationServicesBPLibrary (290)
[2018.11.27-22.24.25:246][297]LogModuleManager: Shutting down and abandoning module ImmediatePhysicsEditor (288)
[2018.11.27-22.24.25:246][297]LogModuleManager: Shutting down and abandoning module ImmediatePhysics (286)
[2018.11.27-22.24.25:246][297]LogModuleManager: Shutting down and abandoning module ActorSequence (284)
[2018.11.27-22.24.25:246][297]LogModuleManager: Shutting down and abandoning module UdpMessaging (282)
[2018.11.27-22.24.25:354][297]LogModuleManager: Shutting down and abandoning module TcpMessaging (280)
[2018.11.27-22.24.25:505][297]LogModuleManager: Shutting down and abandoning module MagicLeapAudio (278)
[2018.11.27-22.24.25:505][297]LogModuleManager: Shutting down and abandoning module GameplayTagsEditor (276)
[2018.11.27-22.24.25:506][297]LogModuleManager: Shutting down and abandoning module FacialAnimationEditor (274)
[2018.11.27-22.24.25:585][297]LogModuleManager: Shutting down and abandoning module FacialAnimation (272)
[2018.11.27-22.24.25:585][297]LogModuleManager: Shutting down and abandoning module DataValidation (270)
[2018.11.27-22.24.25:627][297]LogModuleManager: Shutting down and abandoning module AssetManagerEditor (268)
[2018.11.27-22.24.25:761][297]LogModuleManager: Shutting down and abandoning module LevelEditor (267)
[2018.11.27-22.24.26:576][297]LogModuleManager: Shutting down and abandoning module PixelInspectorModule (266)
[2018.11.27-22.24.26:592][297]LogModuleManager: Shutting down and abandoning module CommonMenuExtensions (264)
[2018.11.27-22.24.26:607][297]LogModuleManager: Shutting down and abandoning module MainFrame (262)
[2018.11.27-22.24.26:631][297]LogModuleManager: Shutting down and abandoning module HotReload (261)
[2018.11.27-22.24.26:808][297]LogModuleManager: Shutting down and abandoning module ContentBrowser (257)
[2018.11.27-22.24.26:856][297]LogModuleManager: Shutting down and abandoning module TreeMap (255)
[2018.11.27-22.24.26:918][297]LogModuleManager: Shutting down and abandoning module LightPropagationVolumeRuntime (252)
[2018.11.27-22.24.26:918][297]LogModuleManager: Shutting down and abandoning module AISupportModule (250)
[2018.11.27-22.24.26:918][297]LogModuleManager: Shutting down and abandoning module Paper2D (248)
[2018.11.27-22.24.26:934][297]LogModuleManager: Shutting down and abandoning module WindowsMoviePlayer (246)
[2018.11.27-22.24.27:055][297]LogModuleManager: Shutting down and abandoning module WmfMedia (244)
[2018.11.27-22.24.27:171][297]LogModuleManager: Shutting down and abandoning module Media (243)
[2018.11.27-22.24.27:179][297]LogModuleManager: Shutting down and abandoning module PacketHandler (240)
[2018.11.27-22.24.27:179][297]LogModuleManager: Shutting down and abandoning module ClothingSystemEditor (238)
[2018.11.27-22.24.27:179][297]LogModuleManager: Shutting down and abandoning module ClothingSystemRuntime (236)
[2018.11.27-22.24.27:370][297]LogModuleManager: Shutting down and abandoning module MediaAssets (234)
[2018.11.27-22.24.27:370][297]LogModuleManager: Shutting down and abandoning module Overlay (232)
[2018.11.27-22.24.27:370][297]LogModuleManager: Shutting down and abandoning module OverlayEditor (231)
[2018.11.27-22.24.27:370][297]LogModuleManager: Shutting down and abandoning module VREditor (228)
[2018.11.27-22.24.27:379][297]LogModuleManager: Shutting down and abandoning module StringTableEditor (226)
[2018.11.27-22.24.27:386][297]LogModuleManager: Shutting down and abandoning module GameplayTasksEditor (224)
[2018.11.27-22.24.27:386][297]LogModuleManager: Shutting down and abandoning module BehaviorTreeEditor (222)
[2018.11.27-22.24.27:608][297]LogModuleManager: Shutting down and abandoning module FunctionalTesting (220)
[2018.11.27-22.24.27:610][297]LogModuleManager: Shutting down and abandoning module CollisionAnalyzer (218)
[2018.11.27-22.24.27:709][297]LogModuleManager: Shutting down and abandoning module WorkspaceMenuStructure (217)
[2018.11.27-22.24.27:829][297]LogModuleManager: Shutting down and abandoning module UMG (214)
[2018.11.27-22.24.27:918][297]LogModuleManager: Shutting down and abandoning module UMGEditor (213)
[2018.11.27-22.24.27:966][297]LogModuleManager: Shutting down and abandoning module Sequencer (212)
[2018.11.27-22.24.28:092][297]LogModuleManager: Shutting down and abandoning module MessageLog (209)
[2018.11.27-22.24.28:169][297]LogModuleManager: Shutting down and abandoning module SlateReflector (204)
[2018.11.27-22.24.28:202][297]LogModuleManager: Shutting down and abandoning module Slate (202)
[2018.11.27-22.24.28:204][297]LogModuleManager: Shutting down and abandoning module EditorStyle (200)
[2018.11.27-22.24.28:398][297]LogModuleManager: Shutting down and abandoning module MRMesh (198)
[2018.11.27-22.24.28:398][297]LogModuleManager: Shutting down and abandoning module SourceCodeAccess (196)
[2018.11.27-22.24.28:407][297]LogModuleManager: Shutting down and abandoning module HeadMountedDisplay (194)
[2018.11.27-22.24.28:420][297]LogModuleManager: Shutting down and abandoning module XAudio2 (192)
[2018.11.27-22.24.28:431][297]LogModuleManager: Shutting down and abandoning module Networking (190)
[2018.11.27-22.24.28:431][297]LogModuleManager: Shutting down and abandoning module Core (188)
[2018.11.27-22.24.28:431][297]LogModuleManager: Shutting down and abandoning module LevelSequence (186)
[2018.11.27-22.24.28:431][297]LogModuleManager: Shutting down and abandoning module KismetCompiler (184)
[2018.11.27-22.24.28:437][297]LogModuleManager: Shutting down and abandoning module MeshUtilities (182)
[2018.11.27-22.24.28:460][297]LogModuleManager: Shutting down and abandoning module MeshMergeUtilities (181)
[2018.11.27-22.24.28:472][297]LogModuleManager: Shutting down and abandoning module MeshReductionInterface (180)
[2018.11.27-22.24.28:472][297]LogModuleManager: Shutting down and abandoning module SimplygonSwarm (179)
[2018.11.27-22.24.28:493][297]LogModuleManager: Shutting down and abandoning module ProxyLODMeshReduction (177)
[2018.11.27-22.24.28:543][297]LogModuleManager: Shutting down and abandoning module SimplygonMeshReduction (175)
[2018.11.27-22.24.28:563][297]LogModuleManager: Shutting down and abandoning module QuadricMeshReduction (173)
[2018.11.27-22.24.28:567][297]LogModuleManager: Shutting down and abandoning module MaterialBaking (169)
[2018.11.27-22.24.28:582][297]LogModuleManager: Shutting down and abandoning module DirectoryWatcher (165)
[2018.11.27-22.24.28:582][297]LogModuleManager: Shutting down and abandoning module DerivedDataCache (162)
[2018.11.27-22.24.28:604][297]LogDerivedDataCache: Shutdown
[2018.11.27-22.24.28:604][297]LogModuleManager: Shutting down and abandoning module XGEController (160)
[2018.11.27-22.24.28:612][297]LogModuleManager: Shutting down and abandoning module TargetPlatform (158)
[2018.11.27-22.24.28:625][297]LogModuleManager: Shutting down and abandoning module VulkanShaderFormat (157)
[2018.11.27-22.24.28:637][297]LogModuleManager: Shutting down and abandoning module ShaderFormatVectorVM (155)
[2018.11.27-22.24.28:651][297]LogModuleManager: Shutting down and abandoning module ShaderFormatOpenGL (153)
[2018.11.27-22.24.28:657][297]LogModuleManager: Shutting down and abandoning module ShaderFormatD3D (151)
[2018.11.27-22.24.28:672][297]LogModuleManager: Shutting down and abandoning module MetalShaderFormat (149)
[2018.11.27-22.24.28:686][297]LogModuleManager: Shutting down and abandoning module TextureFormatUncompressed (147)
[2018.11.27-22.24.28:686][297]LogModuleManager: Shutting down and abandoning module TextureFormatPVR (145)
[2018.11.27-22.24.28:686][297]LogModuleManager: Shutting down and abandoning module TextureFormatDXT (143)
[2018.11.27-22.24.28:686][297]LogModuleManager: Shutting down and abandoning module TextureFormatIntelISPCTexComp (141)
[2018.11.27-22.24.28:719][297]LogModuleManager: Shutting down and abandoning module TextureFormatASTC (139)
[2018.11.27-22.24.28:719][297]LogModuleManager: Shutting down and abandoning module ImageWrapper (138)
[2018.11.27-22.24.28:730][297]LogModuleManager: Shutting down and abandoning module TextureFormatAndroid (135)
[2018.11.27-22.24.28:730][297]LogModuleManager: Shutting down and abandoning module AudioFormatOpus (133)
[2018.11.27-22.24.28:730][297]LogModuleManager: Shutting down and abandoning module AudioFormatOgg (131)
[2018.11.27-22.24.28:730][297]LogModuleManager: Shutting down and abandoning module AudioFormatADPCM (129)
[2018.11.27-22.24.28:730][297]LogModuleManager: Shutting down and abandoning module LuminTargetPlatform (127)
[2018.11.27-22.24.28:730][297]LogModuleManager: Shutting down and abandoning module LinuxTargetPlatform (125)
[2018.11.27-22.24.28:730][297]LogModuleManager: Shutting down and abandoning module LinuxServerTargetPlatform (123)
[2018.11.27-22.24.28:735][297]LogModuleManager: Shutting down and abandoning module LinuxNoEditorTargetPlatform (121)
[2018.11.27-22.24.28:741][297]LogModuleManager: Shutting down and abandoning module LinuxClientTargetPlatform (119)
[2018.11.27-22.24.28:750][297]LogModuleManager: Shutting down and abandoning module TVOSTargetPlatform (117)
[2018.11.27-22.24.28:768][297]LogModuleManager: Shutting down and abandoning module Messaging (115)
[2018.11.27-22.24.28:768][297]LogModuleManager: Shutting down and abandoning module IOSTargetPlatform (113)
[2018.11.27-22.24.28:781][297]LogModuleManager: Shutting down and abandoning module HTML5TargetPlatform (111)
[2018.11.27-22.24.28:781][297]LogModuleManager: Shutting down and abandoning module AndroidTargetPlatform (109)
[2018.11.27-22.24.28:922][297]LogModuleManager: Shutting down and abandoning module WindowsTargetPlatform (107)
[2018.11.27-22.24.28:922][297]LogModuleManager: Shutting down and abandoning module WindowsServerTargetPlatform (105)
[2018.11.27-22.24.28:923][297]LogModuleManager: Shutting down and abandoning module WindowsNoEditorTargetPlatform (103)
[2018.11.27-22.24.28:923][297]LogModuleManager: Shutting down and abandoning module WindowsClientTargetPlatform (101)
[2018.11.27-22.24.28:923][297]LogModuleManager: Shutting down and abandoning module MacTargetPlatform (99)
[2018.11.27-22.24.28:923][297]LogModuleManager: Shutting down and abandoning module MacServerTargetPlatform (97)
[2018.11.27-22.24.28:957][297]LogModuleManager: Shutting down and abandoning module MacNoEditorTargetPlatform (95)
[2018.11.27-22.24.28:957][297]LogModuleManager: Shutting down and abandoning module MacClientTargetPlatform (93)
[2018.11.27-22.24.28:957][297]LogModuleManager: Shutting down and abandoning module AllDesktopTargetPlatform (91)
[2018.11.27-22.24.28:964][297]LogModuleManager: Shutting down and abandoning module InputCore (88)
[2018.11.27-22.24.28:964][297]LogModuleManager: Shutting down and abandoning module Settings (86)
[2018.11.27-22.24.28:964][297]LogModuleManager: Shutting down and abandoning module PhysXCooking (84)
[2018.11.27-22.24.28:964][297]LogModuleManager: Shutting down and abandoning module SteamVR (82)
[2018.11.27-22.24.28:964][297]LogModuleManager: Shutting down and abandoning module OculusHMD (80)
[2018.11.27-22.24.28:964][297]LogModuleManager: Shutting down and abandoning module ExampleDeviceProfileSelector (78)
[2018.11.27-22.24.28:965][297]LogModuleManager: Shutting down and abandoning module LauncherChunkInstaller (76)
[2018.11.27-22.24.28:965][297]LogModuleManager: Shutting down and abandoning module OnlineBlueprintSupport (74)
[2018.11.27-22.24.28:965][297]LogModuleManager: Shutting down and abandoning module OnlineSubsystem (70)
[2018.11.27-22.24.29:066][297]LogModuleManager: Shutting down and abandoning module XMPP (65)
[2018.11.27-22.24.29:193][297]LogModuleManager: Shutting down and abandoning module WebSockets (64)
[2018.11.27-22.24.29:466][297]LogModuleManager: Shutting down and abandoning module HTTP (61)
[2018.11.27-22.24.29:537][297]LogHttp: Display: Http module shutting down, but needs to wait on 1 outstanding Http requests:
[2018.11.27-22.24.29:538][297]LogHttp: Display: 	verb=[POST] url=[https://datarouter.ol.epicgames.com/datarouter/api/v1/public/data?SessionID=%7B2A24E0D2-4A94-6D00-727D-FB9116DFFCA5%7D&AppID=UEEditor.Rocket.Release&AppVersion=4.20.3-4369336%2B%2B%2BUE4%2BRelease-4.20&UserID=64944e924603c2418ca969a0ce385f60%7Ca8cb51a89a094d73ae0410efdcc6c91e%7C2650e3fa-625a-4231-9584-819c7cc767df&AppEnvironment=datacollector-binary&UploadType=eteventstream] status=Processing
[2018.11.27-22.24.29:538][297]LogHttp: Warning: 0000027A0EBF2D40: request failed, libcurl error: 6 (Couldn't resolve host name)
[2018.11.27-22.24.29:538][297]LogHttp: Warning: 0000027A0EBF2D40: libcurl info message cache 0 (Connection 56 seems to be dead!)
[2018.11.27-22.24.29:538][297]LogHttp: Warning: 0000027A0EBF2D40: libcurl info message cache 1 (Closing connection 56)
[2018.11.27-22.24.29:538][297]LogHttp: Warning: 0000027A0EBF2D40: libcurl info message cache 2 (TLSv1.2 (OUT), TLS alert, Client hello (1):)
[2018.11.27-22.24.29:538][297]LogHttp: Warning: 0000027A0EBF2D40: libcurl info message cache 3 (Could not resolve host: datarouter.ol.epicgames.com)
[2018.11.27-22.24.29:538][297]LogHttp: Warning: 0000027A0EBF2D40: libcurl info message cache 4 (Closing connection 57)
[2018.11.27-22.24.29:713][297]LogModuleManager: Shutting down and abandoning module SSL (60)
[2018.11.27-22.24.29:984][297]LogModuleManager: Shutting down and abandoning module MagicLeapEmulator (56)
[2018.11.27-22.24.29:984][297]LogModuleManager: Shutting down and abandoning module MagicLeapPrivileges (54)
[2018.11.27-22.24.29:984][297]LogModuleManager: Shutting down and abandoning module MagicLeapIdentity (52)
[2018.11.27-22.24.29:984][297]LogModuleManager: Shutting down and abandoning module MagicLeapHelperVulkan (50)
[2018.11.27-22.24.29:984][297]LogModuleManager: Shutting down and abandoning module MagicLeapHelperOpenGL (48)
[2018.11.27-22.24.29:984][297]LogModuleManager: Shutting down and abandoning module MagicLeapSecureStorage (46)
[2018.11.27-22.24.29:984][297]LogModuleManager: Shutting down and abandoning module MagicLeapGestures (44)
[2018.11.27-22.24.30:046][297]LogModuleManager: Shutting down and abandoning module MagicLeapEyeTracker (42)
[2018.11.27-22.24.30:047][297]LogModuleManager: Shutting down and abandoning module MagicLeapController (40)
[2018.11.27-22.24.30:113][297]LogSlate: Slate User Destroyed.  User Index 0, Is Virtual User: 0
[2018.11.27-22.24.30:113][297]LogModuleManager: Shutting down and abandoning module MagicLeap (38)
[2018.11.27-22.24.30:155][297]LogModuleManager: Shutting down and abandoning module AnimationModifiers (36)
[2018.11.27-22.24.30:296][297]LogModuleManager: Shutting down and abandoning module PropertyEditor (35)
[2018.11.27-22.24.30:373][297]LogModuleManager: Shutting down and abandoning module AudioEditor (32)
[2018.11.27-22.24.30:399][297]LogModuleManager: Shutting down and abandoning module TextureCompressor (30)
[2018.11.27-22.24.30:425][297]LogModuleManager: Shutting down and abandoning module ShaderCore (28)
[2018.11.27-22.24.30:425][297]LogModuleManager: Shutting down and abandoning module Landscape (26)
[2018.11.27-22.24.30:425][297]LogModuleManager: Shutting down and abandoning module SlateRHIRenderer (24)
[2018.11.27-22.24.30:573][297]LogModuleManager: Shutting down and abandoning module OpenGLDrv (22)
[2018.11.27-22.24.30:615][297]LogModuleManager: Shutting down and abandoning module D3D11RHI (20)
[2018.11.27-22.24.30:615][297]LogModuleManager: Shutting down and abandoning module AnimGraphRuntime (18)
[2018.11.27-22.24.30:621][297]LogModuleManager: Shutting down and abandoning module Renderer (16)
[2018.11.27-22.24.30:622][297]LogModuleManager: Shutting down and abandoning module Engine (14)
[2018.11.27-22.24.30:639][297]LogModuleManager: Shutting down and abandoning module CoreUObject (12)
[2018.11.27-22.24.30:639][297]LogModuleManager: Shutting down and abandoning module NetworkFile (10)
[2018.11.27-22.24.30:646][297]LogModuleManager: Shutting down and abandoning module CookedIterativeFile (8)
[2018.11.27-22.24.30:646][297]LogModuleManager: Shutting down and abandoning module StreamingFile (6)
[2018.11.27-22.24.30:647][297]LogModuleManager: Shutting down and abandoning module SandboxFile (4)
[2018.11.27-22.24.30:651][297]LogModuleManager: Shutting down and abandoning module PakFile (2)
[2018.11.27-22.24.30:735][297]LogExit: Exiting.
[2018.11.27-22.24.30:773][297]Log file closed, 11/27/18 17:24:30
