Log file open, 12/03/18 21:10:00
LogWindows: Failed to load 'aqProf.dll' (GetLastError=126)
LogWindows: File 'aqProf.dll' does not exist
LogWindows: Failed to load 'VSPerf140.dll' (GetLastError=126)
LogWindows: File 'VSPerf140.dll' does not exist
LogWindows: Failed to load 'VtuneApi.dll' (GetLastError=126)
LogWindows: File 'VtuneApi.dll' does not exist
LogWindows: Failed to load 'VtuneApi32e.dll' (GetLastError=126)
LogWindows: File 'VtuneApi32e.dll' does not exist
LogInit: Display: Running engine for game: UnrealHouse
LogPlatformFile: Not using cached read wrapper
LogTaskGraph: Started task graph with 5 named threads and 14 total threads with 3 sets of task threads.
LogStats: Stats thread started at 0.232069
LogD3D11RHI: Loaded GFSDK_Aftermath_Lib.x64.dll
LogICUInternationalization: Display: ICU TimeZone Detection - Raw Offset: -5:00, Platform Override: ''
LogPluginManager: Mounting plugin Paper2D
LogPluginManager: Mounting plugin AISupport
LogPluginManager: Mounting plugin LightPropagationVolume
LogPluginManager: Mounting plugin CLionSourceCodeAccess
LogPluginManager: Mounting plugin CodeLiteSourceCodeAccess
LogPluginManager: Mounting plugin GitSourceControl
LogPluginManager: Mounting plugin KDevelopSourceCodeAccess
LogPluginManager: Mounting plugin NullSourceCodeAccess
LogPluginManager: Mounting plugin PerforceSourceControl
LogPluginManager: Mounting plugin SubversionSourceControl
LogPluginManager: Mounting plugin UObjectPlugin
LogPluginManager: Mounting plugin VisualStudioCodeSourceCodeAccess
LogPluginManager: Mounting plugin VisualStudioSourceCodeAccess
LogPluginManager: Mounting plugin XCodeSourceCodeAccess
LogPluginManager: Mounting plugin AssetManagerEditor
LogPluginManager: Mounting plugin CryptoKeys
LogPluginManager: Mounting plugin DataValidation
LogPluginManager: Mounting plugin FacialAnimation
LogPluginManager: Mounting plugin GameplayTagsEditor
LogPluginManager: Mounting plugin MacGraphicsSwitching
LogPluginManager: Mounting plugin MeshEditor
LogPluginManager: Mounting plugin MobileLauncherProfileWizard
LogPluginManager: Mounting plugin PluginBrowser
LogPluginManager: Mounting plugin SpeedTreeImporter
LogPluginManager: Mounting plugin DatasmithContent
LogPluginManager: Mounting plugin AlembicImporter
LogPluginManager: Mounting plugin AppleImageUtils
LogPluginManager: Mounting plugin AppleVision
LogPluginManager: Mounting plugin BackChannel
LogPluginManager: Mounting plugin CharacterAI
LogPluginManager: Mounting plugin GeometryCache
LogPluginManager: Mounting plugin HTML5Networking
LogPluginManager: Mounting plugin ProxyLODPlugin
LogPluginManager: Mounting plugin MagicLeap
LogPluginManager: Mounting plugin MagicLeapEmulator
LogPluginManager: Mounting plugin MagicLeapMedia
LogPluginManager: Mounting plugin AndroidMedia
LogPluginManager: Mounting plugin AvfMedia
LogPluginManager: Mounting plugin ImgMedia
LogPluginManager: Mounting plugin LinearTimecode
LogPluginManager: Mounting plugin MediaCompositing
LogPluginManager: Mounting plugin MediaPlayerEditor
LogPluginManager: Mounting plugin WmfMedia
LogPluginManager: Mounting plugin TcpMessaging
LogPluginManager: Mounting plugin UdpMessaging
LogPluginManager: Mounting plugin ActorSequence
LogPluginManager: Mounting plugin LevelSequenceEditor
LogPluginManager: Mounting plugin MatineeToLevelSequence
LogPluginManager: Mounting plugin NetcodeUnitTest
LogPluginManager: Mounting plugin NUTUnrealEngine4
LogPluginManager: Mounting plugin OnlineSubsystemGooglePlay
LogPluginManager: Mounting plugin OnlineSubsystemIOS
LogPluginManager: Mounting plugin OnlineSubsystem
LogPluginManager: Mounting plugin OnlineSubsystemNull
LogPluginManager: Mounting plugin OnlineSubsystemUtils
LogPluginManager: Mounting plugin LauncherChunkInstaller
LogPluginManager: Mounting plugin AndroidDeviceProfileSelector
LogPluginManager: Mounting plugin AndroidMoviePlayer
LogPluginManager: Mounting plugin AndroidPermission
LogPluginManager: Mounting plugin AppleMoviePlayer
LogPluginManager: Mounting plugin ArchVisCharacter
LogPluginManager: Mounting plugin AudioCapture
LogPluginManager: Mounting plugin CableComponent
LogPluginManager: Mounting plugin CustomMeshComponent
LogPluginManager: Mounting plugin EditableMesh
LogPluginManager: Mounting plugin ExampleDeviceProfileSelector
LogPluginManager: Mounting plugin GoogleCloudMessaging
LogPluginManager: Mounting plugin ImmediatePhysics
LogPluginManager: Mounting plugin IOSDeviceProfileSelector
LogPluginManager: Mounting plugin LinuxDeviceProfileSelector
LogPluginManager: Mounting plugin LocationServicesBPLibrary
LogPluginManager: Mounting plugin MobilePatchingUtils
LogPluginManager: Mounting plugin OculusVR
LogPluginManager: Plugin shader directory ../../../Engine/Plugins/Runtime/Oculus/OculusVR/Shaders found
LogPluginManager: Mapping shader source directory ../../../Engine/Plugins/Runtime/Oculus/OculusVR/Shaders to virtual directory /Plugin/OculusVR
LogPluginManager: Mounting plugin PhysXVehicles
LogPluginManager: Mounting plugin ProceduralMeshComponent
LogPluginManager: Mounting plugin RuntimePhysXCooking
LogPluginManager: Mounting plugin SteamVR
LogPluginManager: Mounting plugin WindowsMoviePlayer
LogStreaming: Display: Took  0.151s to configure plugins.
LogInit: Using libcurl 7.55.1-DEV
LogInit:  - built for x86_64-pc-win32
LogInit:  - supports SSL with OpenSSL/1.0.2h
LogInit:  - supports HTTP deflate (compression) using libz 1.2.8
LogInit:  - other features:
LogInit:      CURL_VERSION_SSL
LogInit:      CURL_VERSION_LIBZ
LogInit:      CURL_VERSION_IPV6
LogInit:      CURL_VERSION_ASYNCHDNS
LogInit:      CURL_VERSION_LARGEFILE
LogInit:      CURL_VERSION_IDN
LogInit:  CurlRequestOptions (configurable via config and command line):
LogInit:  - bVerifyPeer = false  - Libcurl will NOT verify peer certificate
LogInit:  - bUseHttpProxy = false  - Libcurl will NOT use HTTP proxy
LogInit:  - bDontReuseConnections = false  - Libcurl will reuse connections
LogInit:  - CertBundlePath = nullptr  - Libcurl will use whatever was configured at build time.
LogInit:  - MaxHostConnections = 16  - Libcurl will limit the number of connections to a host
LogInit:  - LocalHostAddr = Default
LogInit:  - BufferSize = 65536
LogInit: WinSock: version 1.1 (2.2), MaxSocks=32767, MaxUdp=65467
LogInit: Build: ++UE4+Release-4.20-CL-4369336
LogInit: Engine Version: 4.20.3-4369336+++UE4+Release-4.20
LogInit: Compatible Engine Version: 4.20.0-4212847+++UE4+Release-4.20
LogInit: Net CL: 4212847
LogInit: OS: Windows 10 (), CPU: Intel(R) Core(TM) i5-7300HQ CPU @ 2.50GHz, GPU: Intel(R) HD Graphics 630
LogInit: Compiled (64-bit): Sep 17 2018 12:26:19
LogInit: Compiled with Visual C++: 19.13.26129.00
LogInit: Build Configuration: Development
LogInit: Branch Name: ++UE4+Release-4.20
LogInit: Command Line: 
LogInit: Base Directory: E:/Software/Unreal/Epic Games/UE_4.20/Engine/Binaries/Win64/
LogInit: Installed Engine Build: 1
LogDevObjectVersion: Number of dev versions registered: 20
LogDevObjectVersion:   Dev-Blueprints (B0D832E4-1F89-4F0D-ACCF-7EB736FD4AA2): 10
LogDevObjectVersion:   Dev-Build (E1C64328-A22C-4D53-A36C-8E866417BD8C): 0
LogDevObjectVersion:   Dev-Core (375EC13C-06E4-48FB-B500-84F0262A717E): 2
LogDevObjectVersion:   Dev-Editor (E4B068ED-F494-42E9-A231-DA0B2E46BB41): 24
LogDevObjectVersion:   Dev-Framework (CFFC743F-43B0-4480-9391-14DF171D2073): 34
LogDevObjectVersion:   Dev-Mobile (B02B49B5-BB20-44E9-A304-32B752E40360): 2
LogDevObjectVersion:   Dev-Networking (A4E4105C-59A1-49B5-A7C5-40C4547EDFEE): 0
LogDevObjectVersion:   Dev-Online (39C831C9-5AE6-47DC-9A44-9C173E1C8E7C): 0
LogDevObjectVersion:   Dev-Physics (78F01B33-EBEA-4F98-B9B4-84EACCB95AA2): 0
LogDevObjectVersion:   Dev-Platform (6631380F-2D4D-43E0-8009-CF276956A95A): 0
LogDevObjectVersion:   Dev-Rendering (12F88B9F-8875-4AFC-A67C-D90C383ABD29): 26
LogDevObjectVersion:   Dev-Sequencer (7B5AE74C-D270-4C10-A958-57980B212A5A): 9
LogDevObjectVersion:   Dev-VR (D7296918-1DD6-4BDD-9DE2-64A83CC13884): 2
LogDevObjectVersion:   Dev-LoadTimes (C2A15278-BFE7-4AFE-6C17-90FF531DF755): 1
LogDevObjectVersion:   Private-Geometry (6EACA3D4-40EC-4CC1-B786-8BED09428FC5): 3
LogDevObjectVersion:   Dev-AnimPhys (29E575DD-E0A3-4627-9D10-D276232CDCEA): 17
LogDevObjectVersion:   Dev-ReflectionCapture (6B266CEC-1EC7-4B8F-A30B-E4D90942FC07): 1
LogDevObjectVersion:   Dev-Automation (0DF73D61-A23F-47EA-B727-89E90C41499A): 1
LogDevObjectVersion:   FortniteMain (601D1886-AC64-4F84-AA16-D3DE0DEAC7D6): 12
LogDevObjectVersion:   Dev-Enterprise (9DFFBCD6-494F-0158-E221-12823C92A888): 1
LogStreaming: Display: Took  0.005s to delete old logs.
LogInit: Presizing for max 8388607 objects, including 0 objects not considered by GC, pre-allocating 0 bytes for permanent pool.
LogInit: Object subsystem initialized
[2018.12.04-02.10.00:490][  0]LogInit: Selected Device Profile: [Windows]
[2018.12.04-02.10.00:490][  0]LogInit: Applying CVar settings loaded from the selected device profile: [Windows]
[2018.12.04-02.10.00:499][  0]LogHAL: Display: Platform has ~ 8 GB [8449904640 / 8589934592 / 8], which maps to Default [LargestMinGB=32, LargerMinGB=12, DefaultMinGB=8, SmallerMinGB=6, SmallestMinGB=0)
[2018.12.04-02.10.00:499][  0]LogInit: Setting Device Profile CVar: [[r.Vulkan.UseRealUBs:1]]
[2018.12.04-02.10.00:499][  0]LogInit: Going up to parent DeviceProfile []
[2018.12.04-02.10.00:499][  0]LogInit: Computer: DESKTOP-LQ8KI8D
[2018.12.04-02.10.00:499][  0]LogInit: User: 45188
[2018.12.04-02.10.00:499][  0]LogInit: CPU Page size=4096, Cores=4
[2018.12.04-02.10.00:499][  0]LogInit: High frequency timer resolution =2.437501 MHz
[2018.12.04-02.10.00:500][  0]LogMemory: Memory total: Physical=7.9GB (8GB approx)
[2018.12.04-02.10.00:500][  0]LogMemory: Platform Memory Stats for Windows
[2018.12.04-02.10.00:500][  0]LogMemory: Process Physical Memory: 102.26 MB used, 102.26 MB peak
[2018.12.04-02.10.00:500][  0]LogMemory: Process Virtual Memory: 86.02 MB used, 86.02 MB peak
[2018.12.04-02.10.00:500][  0]LogMemory: Physical Memory: 5082.82 MB used,  2975.64 MB free, 8058.46 MB total
[2018.12.04-02.10.00:500][  0]LogMemory: Virtual Memory: 4626.93 MB used,  2975.64 MB free, 134217728.00 MB total
[2018.12.04-02.10.00:533][  0]LogInit: Using OS detected language (en-US).
[2018.12.04-02.10.00:533][  0]LogInit: Using OS detected locale (zh-CN).
[2018.12.04-02.10.00:534][  0]LogTextLocalizationManager: No specific localization for 'en-US' exists, so the 'en' localization will be used.
[2018.12.04-02.10.00:917][  0]LogStreaming: Display: Took  0.384s to InitEngineTextLocalization.
[2018.12.04-02.10.00:917][  0]LogInit: Setting process to per monitor DPI aware
[2018.12.04-02.10.00:944][  0]LogSlate: New Slate User Created.  User Index 0, Is Virtual User: 0
[2018.12.04-02.10.00:944][  0]LogSlate: Slate User Registered.  User Index 0, Is Virtual User: 0
[2018.12.04-02.10.01:144][  0]LogHMD: Failed to initialize OpenVR with code 110
[2018.12.04-02.10.01:144][  0]LogD3D11RHI: D3D11 adapters:
[2018.12.04-02.10.01:236][  0]LogD3D11RHI:    0. 'NVIDIA GeForce GTX 1050' (Feature Level 11_0)
[2018.12.04-02.10.01:236][  0]LogD3D11RHI:       4019/0/4029 MB DedicatedVideo/DedicatedSystem/SharedSystem, Outputs:1, VendorId:0x10de
[2018.12.04-02.10.01:253][  0]LogD3D11RHI:    1. 'Intel(R) HD Graphics 630' (Feature Level 11_0)
[2018.12.04-02.10.01:253][  0]LogD3D11RHI:       128/0/4029 MB DedicatedVideo/DedicatedSystem/SharedSystem, Outputs:0, VendorId:0x8086
[2018.12.04-02.10.01:256][  0]LogD3D11RHI:    2. 'Microsoft Basic Render Driver' (Feature Level 11_0)
[2018.12.04-02.10.01:256][  0]LogD3D11RHI:       0/0/4029 MB DedicatedVideo/DedicatedSystem/SharedSystem, Outputs:0, VendorId:0x1414
[2018.12.04-02.10.01:256][  0]LogD3D11RHI: Chosen D3D11 Adapter: 0
[2018.12.04-02.10.01:287][  0]LogD3D11RHI: Creating new Direct3DDevice
[2018.12.04-02.10.01:287][  0]LogD3D11RHI:     GPU DeviceId: 0x1c8d (for the marketing name, search the web for "GPU Device Id")
[2018.12.04-02.10.01:287][  0]LogWindows: EnumDisplayDevices:
[2018.12.04-02.10.01:287][  0]LogWindows:    0. 'Intel(R) HD Graphics 630' (P:1 D:1)
[2018.12.04-02.10.01:288][  0]LogWindows:    1. 'Intel(R) HD Graphics 630' (P:0 D:0)
[2018.12.04-02.10.01:288][  0]LogWindows:    2. 'Intel(R) HD Graphics 630' (P:0 D:0)
[2018.12.04-02.10.01:289][  0]LogWindows:    3. 'NVIDIA GeForce GTX 1050' (P:0 D:0)
[2018.12.04-02.10.01:289][  0]LogWindows: DebugString: PrimaryIsNotTheChoosenAdapter PrimaryIsNotTheChoosenAdapter PrimaryIsNotTheChoosenAdapter 
[2018.12.04-02.10.01:289][  0]LogD3D11RHI:     Adapter Name: NVIDIA GeForce GTX 1050
[2018.12.04-02.10.01:289][  0]LogD3D11RHI:   Driver Version: 391.25 (internal:23.21.13.9125, unified:391.25)
[2018.12.04-02.10.01:289][  0]LogD3D11RHI:      Driver Date: 3-16-2018
[2018.12.04-02.10.01:290][  0]LogRHI: Texture pool is 2813 MB (70% of 4019 MB)
[2018.12.04-02.10.01:324][  0]LogD3D11RHI: Async texture creation enabled
[2018.12.04-02.10.01:341][  0]LogD3D11RHI: GPU Timing Frequency: 1000.000000 (Debug: 2 2)
[2018.12.04-02.10.01:342][  0]LogShaderCompilers: Guid format shader working directory is -13 characters bigger than the processId version (../../../../../../../GDProject/GameDev1Project4/UnrealHouse/Intermediate/Shaders/WorkingDirectory/3928/).
[2018.12.04-02.10.01:343][  0]LogShaderCompilers: Cleaned the shader compiler working directory 'C:/Users/45188/AppData/Local/Temp/UnrealShaderWorkingDir/899569D3461EDEE2FD8AD3BA012A8B66/'.
[2018.12.04-02.10.01:646][  0]LogTemp: Display: Loaded TP AllDesktopTargetPlatform
[2018.12.04-02.10.01:660][  0]LogTemp: Display: Loaded TP MacClientTargetPlatform
[2018.12.04-02.10.01:674][  0]LogTemp: Display: Loaded TP MacNoEditorTargetPlatform
[2018.12.04-02.10.01:687][  0]LogTemp: Display: Loaded TP MacServerTargetPlatform
[2018.12.04-02.10.01:701][  0]LogTemp: Display: Loaded TP MacTargetPlatform
[2018.12.04-02.10.01:715][  0]LogTemp: Display: Loaded TP WindowsClientTargetPlatform
[2018.12.04-02.10.01:730][  0]LogTemp: Display: Loaded TP WindowsNoEditorTargetPlatform
[2018.12.04-02.10.01:743][  0]LogTemp: Display: Loaded TP WindowsServerTargetPlatform
[2018.12.04-02.10.01:750][  0]LogTemp: Display: Loaded TP WindowsTargetPlatform
[2018.12.04-02.10.01:837][  0]LogTemp: Display: Loaded TP AndroidTargetPlatform
[2018.12.04-02.10.01:837][  0]LogTemp: Display: Loaded TP AndroidTargetPlatform
[2018.12.04-02.10.01:837][  0]LogTemp: Display: Loaded TP AndroidTargetPlatform
[2018.12.04-02.10.01:837][  0]LogTemp: Display: Loaded TP AndroidTargetPlatform
[2018.12.04-02.10.01:837][  0]LogTemp: Display: Loaded TP AndroidTargetPlatform
[2018.12.04-02.10.01:837][  0]LogTemp: Display: Loaded TP AndroidTargetPlatform
[2018.12.04-02.10.01:837][  0]LogTemp: Display: Loaded TP AndroidTargetPlatform
[2018.12.04-02.10.01:837][  0]LogTemp: Display: Loaded TP AndroidTargetPlatform
[2018.12.04-02.10.01:837][  0]LogTemp: Display: Loaded TP AndroidTargetPlatform
[2018.12.04-02.10.01:837][  0]LogTemp: Display: Loaded TP AndroidTargetPlatform
[2018.12.04-02.10.01:837][  0]LogTemp: Display: Loaded TP AndroidTargetPlatform
[2018.12.04-02.10.01:837][  0]LogTemp: Display: Loaded TP AndroidTargetPlatform
[2018.12.04-02.10.01:837][  0]LogTemp: Display: Loaded TP AndroidTargetPlatform
[2018.12.04-02.10.01:837][  0]LogTemp: Display: Loaded TP AndroidTargetPlatform
[2018.12.04-02.10.01:837][  0]LogTemp: Display: Loaded TP AndroidTargetPlatform
[2018.12.04-02.10.01:837][  0]LogTemp: Display: Loaded TP AndroidTargetPlatform
[2018.12.04-02.10.01:837][  0]LogTemp: Display: Loaded TP AndroidTargetPlatform
[2018.12.04-02.10.01:837][  0]LogTemp: Display: Loaded TP AndroidTargetPlatform
[2018.12.04-02.10.01:839][  0]LogTemp: Display: Loaded TP HTML5TargetPlatform
[2018.12.04-02.10.01:903][  0]LogTemp: Display: Loaded TP IOSTargetPlatform
[2018.12.04-02.10.01:903][  0]LogTemp: Display: Loaded TP IOSTargetPlatform
[2018.12.04-02.10.01:929][  0]LogTemp: Display: Loaded TP TVOSTargetPlatform
[2018.12.04-02.10.01:929][  0]LogTemp: Display: Loaded TP TVOSTargetPlatform
[2018.12.04-02.10.01:942][  0]LogTemp: Display: Loaded TP LinuxClientTargetPlatform
[2018.12.04-02.10.01:956][  0]LogTemp: Display: Loaded TP LinuxNoEditorTargetPlatform
[2018.12.04-02.10.01:969][  0]LogTemp: Display: Loaded TP LinuxServerTargetPlatform
[2018.12.04-02.10.01:982][  0]LogTemp: Display: Loaded TP LinuxTargetPlatform
[2018.12.04-02.10.01:993][  0]LogTemp: Display: Loaded TP LuminTargetPlatform
[2018.12.04-02.10.01:993][  0]LogTargetPlatformManager: Display: Building Assets For Windows
[2018.12.04-02.10.02:056][  0]LogXGEController: Cannot use XGE Controller as Incredibuild is not installed on this machine.
[2018.12.04-02.10.02:056][  0]LogShaderCompilers: Cannot use XGE Shader Compiler as Incredibuild is not installed on this machine.
[2018.12.04-02.10.02:056][  0]LogShaderCompilers: Display: Using Local Shader Compiler.
[2018.12.04-02.10.02:865][  0]LogDerivedDataCache: Display: Max Cache Size: 512 MB
[2018.12.04-02.10.02:930][  0]LogDerivedDataCache: Loaded boot cache 0.06s 71MB C:/Users/45188/AppData/Local/UnrealEngine/4.20/DerivedDataCache/Boot.ddc.
[2018.12.04-02.10.02:930][  0]LogDerivedDataCache: Display: Loaded Boot cache: C:/Users/45188/AppData/Local/UnrealEngine/4.20/DerivedDataCache/Boot.ddc
[2018.12.04-02.10.02:931][  0]LogDerivedDataCache: FDerivedDataBackendGraph:  Pak pak cache file ../../../../../../../GDProject/GameDev1Project4/UnrealHouse/DerivedDataCache/DDC.ddp not found, will not use a pak cache.
[2018.12.04-02.10.02:931][  0]LogDerivedDataCache: Unable to find inner node Pak for hierarchical cache Hierarchy.
[2018.12.04-02.10.02:931][  0]LogDerivedDataCache: FDerivedDataBackendGraph:  CompressedPak pak cache file ../../../../../../../GDProject/GameDev1Project4/UnrealHouse/DerivedDataCache/Compressed.ddp not found, will not use a pak cache.
[2018.12.04-02.10.02:931][  0]LogDerivedDataCache: Unable to find inner node CompressedPak for hierarchical cache Hierarchy.
[2018.12.04-02.10.02:945][  0]LogDerivedDataCache: Display: Pak cache opened for reading ../../../Engine/DerivedDataCache/Compressed.ddp.
[2018.12.04-02.10.02:958][  0]LogDerivedDataCache: Using Local data cache path C:/Users/45188/AppData/Local/UnrealEngine/Common/DerivedDataCache: Writable
[2018.12.04-02.10.02:958][  0]LogDerivedDataCache: Shared data cache path not found in *engine.ini, will not use an Shared cache.
[2018.12.04-02.10.02:958][  0]LogDerivedDataCache: Unable to find inner node Shared for hierarchical cache Hierarchy.
[2018.12.04-02.10.02:977][  0]LogMaterial: Verifying Global Shaders for PCD3D_SM5
[2018.12.04-02.10.02:979][  0]LogSlate: Using FreeType 2.6.0
[2018.12.04-02.10.02:980][  0]LogSlate: SlateFontServices - WITH_FREETYPE: 1, WITH_HARFBUZZ: 1
[2018.12.04-02.10.03:054][  0]LogAssetRegistry: FAssetRegistry took 0.0269 seconds to start up
[2018.12.04-02.10.03:406][  0]LogInit: Selected Device Profile: [Windows]
[2018.12.04-02.10.03:553][  0]LogSimplygon: Simplygon DLL not present - disabling.
[2018.12.04-02.10.03:557][  0]LogMeshReduction: Using SimplygonSwarm for distributed automatic mesh merging
[2018.12.04-02.10.03:557][  0]LogMeshReduction: Using ProxyLODMeshReduction for automatic mesh merging
[2018.12.04-02.10.03:557][  0]LogMeshReduction: Using QuadricMeshReduction for automatic static mesh reduction
[2018.12.04-02.10.03:557][  0]LogMeshReduction: No automatic skeletal mesh reduction module available
[2018.12.04-02.10.03:577][  0]LogNetVersion: UnrealHouse 1.0.0, NetCL: 4212847, EngineNetVer: 5, GameNetVer: 0 (Checksum: 3536387037)
[2018.12.04-02.10.04:207][  0]LogPackageLocalizationCache: Processed 11 localized package path(s) for 2 prioritized culture(s) in 0.100044 seconds
[2018.12.04-02.10.04:213][  0]LogUObjectArray: 38425 objects as part of root set at end of initial load.
[2018.12.04-02.10.04:213][  0]LogUObjectAllocator: 6690872 out of 0 bytes used by permanent object pool.
[2018.12.04-02.10.04:213][  0]LogUObjectArray: CloseDisregardForGC: 0/0 objects in disregard for GC pool
[2018.12.04-02.10.05:083][  0]LogTcpMessaging: Initializing TcpMessaging bridge
[2018.12.04-02.10.05:096][  0]LogUdpMessaging: Initializing bridge on interface 0.0.0.0:0 to multicast group 230.0.0.1:6666.
[2018.12.04-02.10.05:251][  0]SourceControl: Source control is disabled
[2018.12.04-02.10.05:251][  0]SourceControl: Source control is disabled
[2018.12.04-02.10.05:254][  0]SourceControl: Source control is disabled
[2018.12.04-02.10.05:255][  0]SourceControl: Source control is disabled
[2018.12.04-02.10.05:440][  0]LogAndroidPermission: UAndroidPermissionCallbackProxy::GetInstance
[2018.12.04-02.10.05:548][  0]LogOcInput: OculusInput pre-init called
[2018.12.04-02.10.05:612][  0]LogEngine: Initializing Engine...
[2018.12.04-02.10.05:613][  0]LogHMD: Failed to initialize OpenVR with code 110
[2018.12.04-02.10.05:614][  0]LogStats: UGameplayTagsManager::ConstructGameplayTagTree: ImportINI prefixes -  0.000 s
[2018.12.04-02.10.05:614][  0]LogStats: UGameplayTagsManager::ConstructGameplayTagTree: Construct from data asset -  0.000 s
[2018.12.04-02.10.05:615][  0]LogStats: UGameplayTagsManager::ConstructGameplayTagTree: ImportINI -  0.000 s
[2018.12.04-02.10.05:615][  0]LogStats: UGameplayTagsManager::ConstructGameplayTagTree: GameplayTagTreeChangedEvent.Broadcast -  0.000 s
[2018.12.04-02.10.05:889][  0]LogInit: Initializing FReadOnlyCVARCache
[2018.12.04-02.10.05:902][  0]LogAIModule: Creating AISystem for world Untitled
[2018.12.04-02.10.05:927][  0]LogInit: XAudio2 using 'Speakers / Headphones (Realtek Audio)' : 2 channels at 48 kHz using 32 bits per sample (channel mask 0x3)
[2018.12.04-02.10.07:303][  0]LogInit: FAudioDevice initialized.
[2018.12.04-02.10.07:303][  0]LogNetVersion: Set ProjectVersion to 1.0.0.0. Version Checksum will be recalculated on next use.
[2018.12.04-02.10.07:950][  0]LogDerivedDataCache: Saved boot cache 0.65s 71MB C:/Users/45188/AppData/Local/UnrealEngine/4.20/DerivedDataCache/Boot.ddc.
[2018.12.04-02.10.07:959][  0]LogInit: Texture streaming: Enabled
[2018.12.04-02.10.07:977][  0]LogEngineSessionManager: EngineSessionManager initialized
[2018.12.04-02.10.07:990][  0]LogInit: Transaction tracking system initialized
[2018.12.04-02.10.08:010][  0]BlueprintLog: New page: Editor Load
[2018.12.04-02.10.08:082][  0]LocalizationService: Localization service is disabled
[2018.12.04-02.10.08:440][  0]LogAutoReimportManager: Warning: Unable to watch directory ../../../../../../../GDProject/GameDev1Project4/UnrealHouse/Content/ as it will conflict with another watching ../../../../../../../GDProject/GameDev1Project4/UnrealHouse/Content/.
[2018.12.04-02.10.08:440][  0]LogAutoReimportManager: Warning: Unable to watch directory ../../../../../../../GDProject/GameDev1Project4/UnrealHouse/Content/ as it will conflict with another watching ../../../../../../../GDProject/GameDev1Project4/UnrealHouse/Content/.
[2018.12.04-02.10.08:440][  0]LogAutoReimportManager: Warning: Unable to watch directory ../../../../../../../GDProject/GameDev1Project4/UnrealHouse/Content/ as it will conflict with another watching ../../../../../../../GDProject/GameDev1Project4/UnrealHouse/Content/.
[2018.12.04-02.10.08:452][  0]LogCook: Display: Max memory allowance for cook 16384mb min free memory 0mb
[2018.12.04-02.10.08:452][  0]LogCook: Display: Mobile HDR setting 1
[2018.12.04-02.10.08:452][  0]LogGameplayTags: Display: UGameplayTagsManager::DoneAddingNativeTags. DelegateIsBound: 0
[2018.12.04-02.10.08:452][  0]LogStats: UGameplayTagsManager::ConstructGameplayTagTree: ImportINI prefixes -  0.000 s
[2018.12.04-02.10.08:452][  0]LogStats: UGameplayTagsManager::ConstructGameplayTagTree: Construct from data asset -  0.000 s
[2018.12.04-02.10.08:452][  0]LogStats: UGameplayTagsManager::ConstructGameplayTagTree: ImportINI -  0.000 s
[2018.12.04-02.10.08:452][  0]LogStats: UGameplayTagsManager::ConstructGameplayTagTree: GameplayTagTreeChangedEvent.Broadcast -  0.000 s
[2018.12.04-02.10.08:571][  0]LogFileCache: Scanning file cache for directory 'E:/GDProject/GameDev1Project4/UnrealHouse/Content/' took 0.02s
[2018.12.04-02.10.08:571][  0]SourceControl: Source control is disabled
[2018.12.04-02.10.08:572][  0]Cmd: MAP LOAD FILE="../../../../../../../GDProject/GameDev1Project4/UnrealHouse/Content/FirstPersonBP/Maps/FirstPersonExampleMap.umap" TEMPLATE=0 SHOWPROGRESS=1 FEATURELEVEL=3
[2018.12.04-02.10.08:572][  0]LightingResults: New page: Lighting Build
[2018.12.04-02.10.08:575][  0]MapCheck: New page: Map Check
[2018.12.04-02.10.08:575][  0]LightingResults: New page: Lighting Build
[2018.12.04-02.10.09:355][  0]LogStaticMesh: Building static mesh bed...
[2018.12.04-02.10.09:471][  0]LogStaticMesh: Built static mesh [0.12s] /Game/Geometry/Meshes/bed.bed
[2018.12.04-02.10.09:655][  0]LogStaticMesh: Building static mesh blanket...
[2018.12.04-02.10.10:108][  0]LogStaticMesh: Built static mesh [0.45s] /Game/Geometry/Meshes/blanket.blanket
[2018.12.04-02.10.10:372][  0]LogAIModule: Creating AISystem for world FirstPersonExampleMap
[2018.12.04-02.10.10:384][  0]LogEditorServer: Finished looking for orphan Actors (0.000 secs)
[2018.12.04-02.10.10:420][  0]Cmd: MAP CHECKDEP NOCLEARLOG
[2018.12.04-02.10.10:577][  0]MapCheck: Map check complete: 0 Error(s), 0 Warning(s), took 156.566ms to complete.
[2018.12.04-02.10.10:577][  0]LogFileHelpers: Loading map 'FirstPersonExampleMap' took 2.005
[2018.12.04-02.10.10:705][  0]LogSlate: Updating window title bar state: overlay mode, drag disabled, window buttons hidden, title bar hidden
[2018.12.04-02.10.10:712][  0]LogSlate: Updating window title bar state: overlay mode, drag disabled, window buttons hidden, title bar hidden
[2018.12.04-02.10.10:719][  0]LogSlate: Updating window title bar state: overlay mode, drag disabled, window buttons hidden, title bar hidden
[2018.12.04-02.10.10:727][  0]LogSlate: Updating window title bar state: overlay mode, drag disabled, window buttons hidden, title bar hidden
[2018.12.04-02.10.10:733][  0]LogCollectionManager: Loaded 0 collections in 0.001083 seconds
[2018.12.04-02.10.10:776][  0]LogFileCache: Scanning file cache for directory 'E:/GDProject/GameDev1Project4/UnrealHouse/Saved/Collections/' took 0.01s
[2018.12.04-02.10.10:776][  0]LogFileCache: Scanning file cache for directory 'E:/GDProject/GameDev1Project4/UnrealHouse/Content/Developers/45188/Collections/' took 0.01s
[2018.12.04-02.10.10:776][  0]LogFileCache: Scanning file cache for directory 'E:/GDProject/GameDev1Project4/UnrealHouse/Content/Collections/' took 0.01s
[2018.12.04-02.10.10:776][  0]LogCollectionManager: Rebuilt the GUID cache for 0 collections in 0.000000 seconds
[2018.12.04-02.10.10:787][  0]LogContentBrowser: Native class hierarchy populated in 0.0108 seconds. Added 2572 classes and 603 folders.
[2018.12.04-02.10.10:793][  0]LogContentBrowser: Native class hierarchy updated for 'WidgetCarousel' in 0.0002 seconds. Added 0 classes and 0 folders.
[2018.12.04-02.10.10:834][  0]LogContentBrowser: Native class hierarchy updated for 'AddContentDialog' in 0.0002 seconds. Added 0 classes and 0 folders.
[2018.12.04-02.10.10:839][  0]LogContentBrowser: Native class hierarchy updated for 'SceneOutliner' in 0.0002 seconds. Added 1 classes and 2 folders.
[2018.12.04-02.10.10:928][  0]LogSlate: Took 0.000139 seconds to synchronously load lazily loaded font '../../../Engine/Content/Slate/Fonts/Roboto-Regular.ttf' (155K)
[2018.12.04-02.10.10:930][  0]LogSlate: Took 0.000205 seconds to synchronously load lazily loaded font '../../../Engine/Content/Slate/Fonts/Roboto-Bold.ttf' (160K)
[2018.12.04-02.10.10:936][  0]LogSlate: Took 0.000213 seconds to synchronously load lazily loaded font '../../../Engine/Content/Editor/Slate/Fonts/FontAwesome.ttf' (139K)
[2018.12.04-02.10.11:029][  0]LogRenderer: Reallocating scene render targets to support 748x376 Format 10 NumSamples 1 (Frame:1).
[2018.12.04-02.10.11:266][  0]LogContentBrowser: Native class hierarchy updated for 'HierarchicalLODOutliner' in 0.0003 seconds. Added 0 classes and 0 folders.
[2018.12.04-02.10.11:266][  0]LogLoad: (Engine Initialization) Total time: 12.27 seconds
[2018.12.04-02.10.11:266][  0]LogLoad: (Engine Initialization) Total Blueprint compile time: 0.00 seconds
[2018.12.04-02.10.11:277][  0]LogWindowsTextInputMethodSystem: Display: IME system now deactivated.
[2018.12.04-02.10.11:315][  0]LogContentStreaming: Texture pool size now 1000 MB
[2018.12.04-02.10.12:308][ 81]LogSlate: Took 0.000163 seconds to synchronously load lazily loaded font '../../../Engine/Content/Slate/Fonts/Roboto-Light.ttf' (167K)
[2018.12.04-02.10.15:077][385]LogAssetRegistry: Asset discovery search completed in 12.0461 seconds
[2018.12.04-02.10.15:081][385]LogCollectionManager: Rebuilt the object cache for 0 collections in 0.000001 seconds (found 0 objects)
[2018.12.04-02.10.15:081][385]LogCollectionManager: Fixed up redirectors for 0 collections in 0.000121 seconds (updated 0 objects)
[2018.12.04-02.10.15:353][402]LogSlate: Took 0.000145 seconds to synchronously load lazily loaded font '../../../Engine/Content/Slate/Fonts/Roboto-Light.ttf' (167K)
[2018.12.04-02.10.16:357][504]LogFileCache: Retrieving MD5 hashes for directory 'E:/GDProject/GameDev1Project4/UnrealHouse/Content/' took 5.07s
[2018.12.04-02.10.27:762][795]LogSlate: FSceneViewport::OnFocusLost() reason 0
[2018.12.04-02.10.27:899][803]LogSkeletalMesh: Building Skeletal Mesh arm...
[2018.12.04-02.10.27:934][803]LogSkeletalMesh: Built Skeletal Mesh [0.03s] /Game/Geometry/Meshes/arm.arm
[2018.12.04-02.10.27:952][803]LogAnimationCompression: Building Anim DDC data for AnimSequence /Game/Geometry/Animations/armPhone_Anim.armPhone_Anim
[2018.12.04-02.10.27:979][803]LogAnimationCompression: Recompressing (AnimSequence /Game/Geometry/Animations/armPhone_Anim.armPhone_Anim) using current/default (AnimCompress_BitwiseCompressOnly_1) bFirstRecompressUsingCurrentOrDefault(1) bTryAlternateCompressor(0) IsCompressedDataValid(0)
[2018.12.04-02.10.28:002][803]LogAssetEditorManager: Opening Asset editor for Blueprint /Game/FirstPersonBP/Blueprints/MyFirstPersonCharacter.MyFirstPersonCharacter
[2018.12.04-02.10.28:786][803]LogContentBrowser: Native class hierarchy updated for 'BlueprintGraph' in 0.0008 seconds. Added 116 classes and 0 folders.
[2018.12.04-02.10.30:122][803]LogSlate: Took 0.010105 seconds to synchronously load lazily loaded font '../../../Engine/Content/Slate/Fonts/Roboto-BoldCondensed.ttf' (158K)
[2018.12.04-02.10.31:957][908]AssetReimport: New page: Outstanding source content changes 下午4:10:31
[2018.12.04-02.10.34:373][908]LogSlate: Window 'Delete Assets' being destroyed
[2018.12.04-02.10.34:408][908]LogSlate: Window 'MyFirstPersonCharacter' being destroyed
[2018.12.04-02.10.34:540][908]LogSlate: FSceneViewport::OnFocusLost() reason 2
[2018.12.04-02.10.40:650][214]AssetReimport: Attempting to delete bed (its source file has been removed).
[2018.12.04-02.10.40:650][214]AssetReimport: Attempting to delete blanket (its source file has been removed).
[2018.12.04-02.10.46:326][871]LogSlate: FSceneViewport::OnFocusLost() reason 0
[2018.12.04-02.10.46:654][880]LogSavePackage: Moving '../../../../../../../GDProject/GameDev1Project4/UnrealHouse/Saved/FirstPersonExampleMap9D16EA54441EE2765A2BBC903119AD04.tmp' to '../../../../../../../GDProject/GameDev1Project4/UnrealHouse/Content/FirstPersonBP/Maps/FirstPersonExampleMap.umap'
[2018.12.04-02.10.47:639][880]LogSavePackage: Moving '../../../../../../../GDProject/GameDev1Project4/UnrealHouse/Saved/FirstPersonExampleMap_BuiltDataBE2B55BB4461D6C38DE5B6907487A36F.tmp' to '../../../../../../../GDProject/GameDev1Project4/UnrealHouse/Content/FirstPersonBP/Maps/FirstPersonExampleMap_BuiltData.uasset'
[2018.12.04-02.11.00:496][232]LogAIModule: Creating AISystem for world MainHouse
[2018.12.04-02.11.00:518][232]LogAssetEditorManager: Opening Asset editor for World /Game/FirstPersonBP/Maps/MainHouse.MainHouse
[2018.12.04-02.11.00:552][232]Cmd: MAP LOAD FILE="../../../../../../../GDProject/GameDev1Project4/UnrealHouse/Content/FirstPersonBP/Maps/MainHouse.umap" TEMPLATE=0 SHOWPROGRESS=1 FEATURELEVEL=3
[2018.12.04-02.11.00:552][232]LightingResults: New page: Lighting Build
[2018.12.04-02.11.00:552][232]LoadErrors: New page: Loading map: MainHouse.umap
[2018.12.04-02.11.00:554][232]MapCheck: New page: Map Check
[2018.12.04-02.11.00:554][232]LightingResults: New page: Lighting Build
[2018.12.04-02.11.00:720][232]LogEditorServer: Finished looking for orphan Actors (0.000 secs)
[2018.12.04-02.11.00:793][232]Cmd: MAP CHECKDEP NOCLEARLOG
[2018.12.04-02.11.00:969][232]MapCheck: Map check complete: 0 Error(s), 0 Warning(s), took 175.372ms to complete.
[2018.12.04-02.11.00:970][232]LogFileHelpers: Loading map 'MainHouse' took 0.419
[2018.12.04-02.11.05:347][673]LogSlate: FSceneViewport::OnFocusLost() reason 2
[2018.12.04-02.11.05:745][673]LogSavePackage: Moving '../../../../../../../GDProject/GameDev1Project4/UnrealHouse/Saved/MainHouseA1210C104E610632CCCF10BAACAF1742.tmp' to '../../../../../../../GDProject/GameDev1Project4/UnrealHouse/Content/FirstPersonBP/Maps/MainHouse.umap'
[2018.12.04-02.11.06:038][673]LogSavePackage: Moving '../../../../../../../GDProject/GameDev1Project4/UnrealHouse/Saved/MainHouse_BuiltData55BD79C1415B5FE7E6E83F8459EFDC11.tmp' to '../../../../../../../GDProject/GameDev1Project4/UnrealHouse/Content/FirstPersonBP/Maps/MainHouse_BuiltData.uasset'
[2018.12.04-02.11.07:582][843]LogSlate: FSceneViewport::OnFocusLost() reason 2
[2018.12.04-02.11.07:906][843]LogSavePackage: Moving '../../../../../../../GDProject/GameDev1Project4/UnrealHouse/Saved/MainHouse8C50ED75414D0BF8416F6AAEB37AB8CB.tmp' to '../../../../../../../GDProject/GameDev1Project4/UnrealHouse/Content/FirstPersonBP/Maps/MainHouse.umap'
[2018.12.04-02.11.08:125][843]LogSavePackage: Moving '../../../../../../../GDProject/GameDev1Project4/UnrealHouse/Saved/MainHouse_BuiltDataBCFD03F248C19E4628C331BD870CEAB9.tmp' to '../../../../../../../GDProject/GameDev1Project4/UnrealHouse/Content/FirstPersonBP/Maps/MainHouse_BuiltData.uasset'
[2018.12.04-02.31.47:872][403]LogWindowsTextInputMethodSystem: Display: IME system now deactivated.
[2018.12.04-02.31.48:241][403]LogWindowsTextInputMethodSystem: Display: IME system now activated using TSF (搜狗拼音输入法).
[2018.12.04-02.32.25:655][480]LogSlate: FSceneViewport::OnFocusLost() reason 0
[2018.12.04-02.32.25:952][492]LogSlate: Window 'UnrealHouse - Unreal Editor' being destroyed
[2018.12.04-02.32.26:006][492]LogWindowsTextInputMethodSystem: Display: IME system now activated using TSF (搜狗拼音输入法).
[2018.12.04-02.32.26:238][493]Cmd: QUIT_EDITOR
[2018.12.04-02.32.26:339][493]LogExit: Preparing to exit.
[2018.12.04-02.32.26:993][493]LogExit: Editor shut down
[2018.12.04-02.32.26:994][493]LogExit: Transaction tracking system shut down
[2018.12.04-02.32.27:875][493]LogExit: Object subsystem successfully closed.
[2018.12.04-02.32.27:915][493]LogShaderCompilers: Display: Shaders left to compile 0
[2018.12.04-02.32.27:920][493]LogD3D11RHI: Shutdown
[2018.12.04-02.32.27:921][493]LogD3D11RHI: CleanupD3DDevice
[2018.12.04-02.32.27:942][493]LogD3D11RHI: ~FD3D11DynamicRHI
[2018.12.04-02.32.28:043][493]LogModuleManager: Shutting down and abandoning module HierarchicalLODUtilities (616)
[2018.12.04-02.32.28:044][493]LogModuleManager: Shutting down and abandoning module BlueprintGraph (614)
[2018.12.04-02.32.28:044][493]LogModuleManager: Shutting down and abandoning module HierarchicalLODOutliner (612)
[2018.12.04-02.32.28:044][493]LogModuleManager: Shutting down and abandoning module SceneOutliner (610)
[2018.12.04-02.32.28:044][493]LogModuleManager: Shutting down and abandoning module AddContentDialog (608)
[2018.12.04-02.32.28:048][493]LogModuleManager: Shutting down and abandoning module WidgetCarousel (607)
[2018.12.04-02.32.28:048][493]LogModuleManager: Shutting down and abandoning module EditorWidgets (604)
[2018.12.04-02.32.28:048][493]LogModuleManager: Shutting down and abandoning module CollectionManager (602)
[2018.12.04-02.32.28:048][493]LogModuleManager: Shutting down and abandoning module MeshBuilder (600)
[2018.12.04-02.32.28:048][493]LogModuleManager: Shutting down and abandoning module StatsViewer (598)
[2018.12.04-02.32.28:049][493]LogModuleManager: Shutting down and abandoning module FoliageEdit (596)
[2018.12.04-02.32.28:049][493]LogModuleManager: Shutting down and abandoning module LandscapeEditor (594)
[2018.12.04-02.32.28:051][493]LogModuleManager: Shutting down and abandoning module MeshPaintMode (592)
[2018.12.04-02.32.28:052][493]LogModuleManager: Shutting down and abandoning module SceneDepthPickerMode (590)
[2018.12.04-02.32.28:052][493]LogModuleManager: Shutting down and abandoning module ActorPickerMode (588)
[2018.12.04-02.32.28:052][493]LogModuleManager: Shutting down and abandoning module GeometryMode (586)
[2018.12.04-02.32.28:052][493]LogModuleManager: Shutting down and abandoning module TextureAlignMode (584)
[2018.12.04-02.32.28:052][493]LogModuleManager: Shutting down and abandoning module BspMode (582)
[2018.12.04-02.32.28:052][493]LogModuleManager: Shutting down and abandoning module PIEPreviewDeviceProfileSelector (580)
[2018.12.04-02.32.28:052][493]LogModuleManager: Shutting down and abandoning module SequenceRecorderSections (578)
[2018.12.04-02.32.28:053][493]LogModuleManager: Shutting down and abandoning module AutomationWorker (576)
[2018.12.04-02.32.28:053][493]LogModuleManager: Shutting down and abandoning module AudioCaptureEditor (574)
[2018.12.04-02.32.28:053][493]LogModuleManager: Shutting down and abandoning module SequenceRecorder (573)
[2018.12.04-02.32.28:053][493]LogModuleManager: Shutting down and abandoning module MatineeToLevelSequence (570)
[2018.12.04-02.32.28:054][493]LogModuleManager: Shutting down and abandoning module LevelSequenceEditor (568)
[2018.12.04-02.32.28:057][493]LogModuleManager: Shutting down and abandoning module PlacementMode (567)
[2018.12.04-02.32.28:057][493]LogModuleManager: Shutting down and abandoning module MaterialEditor (566)
[2018.12.04-02.32.28:060][493]LogModuleManager: Shutting down and abandoning module WmfMediaFactory (562)
[2018.12.04-02.32.28:060][493]LogModuleManager: Shutting down and abandoning module WmfMediaEditor (560)
[2018.12.04-02.32.28:060][493]LogModuleManager: Shutting down and abandoning module MediaPlayerEditor (558)
[2018.12.04-02.32.28:062][493]LogModuleManager: Shutting down and abandoning module OpenExrWrapper (556)
[2018.12.04-02.32.28:062][493]LogModuleManager: Shutting down and abandoning module ImgMediaFactory (554)
[2018.12.04-02.32.28:062][493]LogModuleManager: Shutting down and abandoning module ImgMediaEditor (552)
[2018.12.04-02.32.28:062][493]LogModuleManager: Shutting down and abandoning module AvfMediaFactory (550)
[2018.12.04-02.32.28:062][493]LogModuleManager: Shutting down and abandoning module AvfMediaEditor (548)
[2018.12.04-02.32.28:063][493]LogModuleManager: Shutting down and abandoning module AndroidMediaFactory (546)
[2018.12.04-02.32.28:063][493]LogModuleManager: Shutting down and abandoning module AndroidMediaEditor (544)
[2018.12.04-02.32.28:063][493]LogModuleManager: Shutting down and abandoning module MagicLeapCameraPreviewFactory (542)
[2018.12.04-02.32.28:063][493]LogModuleManager: Shutting down and abandoning module MagicLeapMediaFactory (540)
[2018.12.04-02.32.28:063][493]LogModuleManager: Shutting down and abandoning module MagicLeapMediaEditor (538)
[2018.12.04-02.32.28:063][493]LogModuleManager: Shutting down and abandoning module CharacterAI (536)
[2018.12.04-02.32.28:063][493]LogModuleManager: Shutting down and abandoning module SmartSnapping (534)
[2018.12.04-02.32.28:063][493]LogModuleManager: Shutting down and abandoning module SessionServices (532)
[2018.12.04-02.32.28:063][493]LogModuleManager: Shutting down and abandoning module ViewportSnapping (530)
[2018.12.04-02.32.28:063][493]LogModuleManager: Shutting down and abandoning module ViewportInteraction (528)
[2018.12.04-02.32.28:063][493]LogModuleManager: Shutting down and abandoning module ClothPainter (526)
[2018.12.04-02.32.28:065][493]LogModuleManager: Shutting down and abandoning module SkeletalMeshEditor (525)
[2018.12.04-02.32.28:068][493]LogModuleManager: Shutting down and abandoning module LogVisualizer (522)
[2018.12.04-02.32.28:070][493]LogModuleManager: Shutting down and abandoning module IntroTutorials (520)
[2018.12.04-02.32.28:072][493]LogModuleManager: Shutting down and abandoning module GameProjectGeneration (519)
[2018.12.04-02.32.28:073][493]LogModuleManager: Shutting down and abandoning module LuminPlatformEditor (516)
[2018.12.04-02.32.28:073][493]LogModuleManager: Shutting down and abandoning module IOSPlatformEditor (514)
[2018.12.04-02.32.28:074][493]LogModuleManager: Shutting down and abandoning module HTML5PlatformEditor (512)
[2018.12.04-02.32.28:074][493]LogModuleManager: Shutting down and abandoning module AndroidPlatformEditor (510)
[2018.12.04-02.32.28:074][493]LogModuleManager: Shutting down and abandoning module AndroidDeviceDetection (509)
[2018.12.04-02.32.28:917][493]LogModuleManager: Shutting down and abandoning module WindowsPlatformEditor (506)
[2018.12.04-02.32.28:917][493]LogModuleManager: Shutting down and abandoning module LuminRuntimeSettings (504)
[2018.12.04-02.32.28:917][493]LogModuleManager: Shutting down and abandoning module IOSRuntimeSettings (502)
[2018.12.04-02.32.28:917][493]LogModuleManager: Shutting down and abandoning module AndroidRuntimeSettings (500)
[2018.12.04-02.32.28:917][493]LogModuleManager: Shutting down and abandoning module InputBindingEditor (498)
[2018.12.04-02.32.28:920][493]LogModuleManager: Shutting down and abandoning module MergeActors (496)
[2018.12.04-02.32.28:923][493]LogModuleManager: Shutting down and abandoning module LocalizationDashboard (494)
[2018.12.04-02.32.28:925][493]LogModuleManager: Shutting down and abandoning module LocalizationService (493)
[2018.12.04-02.32.28:926][493]LogModuleManager: Shutting down and abandoning module HardwareTargeting (490)
[2018.12.04-02.32.28:927][493]LogModuleManager: Shutting down and abandoning module DeviceProfileEditor (488)
[2018.12.04-02.32.28:927][493]LogModuleManager: Shutting down and abandoning module UndoHistory (486)
[2018.12.04-02.32.28:930][493]LogModuleManager: Shutting down and abandoning module XmlParser (484)
[2018.12.04-02.32.28:930][493]LogModuleManager: Shutting down and abandoning module Blutility (482)
[2018.12.04-02.32.28:930][493]LogModuleManager: Shutting down and abandoning module ProjectSettingsViewer (480)
[2018.12.04-02.32.28:930][493]LogModuleManager: Shutting down and abandoning module ProjectTargetPlatformEditor (479)
[2018.12.04-02.32.28:930][493]LogModuleManager: Shutting down and abandoning module EditorSettingsViewer (476)
[2018.12.04-02.32.28:930][493]LogModuleManager: Shutting down and abandoning module SettingsEditor (474)
[2018.12.04-02.32.28:933][493]LogModuleManager: Shutting down and abandoning module ProjectLauncher (472)
[2018.12.04-02.32.28:936][493]LogModuleManager: Shutting down and abandoning module SessionFrontend (470)
[2018.12.04-02.32.28:939][493]LogModuleManager: Shutting down and abandoning module ProfilerClient (468)
[2018.12.04-02.32.28:940][493]LogModuleManager: Shutting down and abandoning module DeviceManager (466)
[2018.12.04-02.32.28:941][493]LogModuleManager: Shutting down and abandoning module TargetDeviceServices (465)
[2018.12.04-02.32.28:997][493]LogModuleManager: Shutting down and abandoning module AutomationController (462)
[2018.12.04-02.32.29:000][493]LogModuleManager: Shutting down and abandoning module AutomationWindow (460)
[2018.12.04-02.32.29:001][493]LogModuleManager: Shutting down and abandoning module Layers (458)
[2018.12.04-02.32.29:004][493]LogModuleManager: Shutting down and abandoning module ComponentVisualizers (456)
[2018.12.04-02.32.29:004][493]LogModuleManager: Shutting down and abandoning module DetailCustomizations (454)
[2018.12.04-02.32.29:006][493]LogModuleManager: Shutting down and abandoning module PackagesDialog (452)
[2018.12.04-02.32.29:007][493]LogModuleManager: Shutting down and abandoning module Persona (450)
[2018.12.04-02.32.29:009][493]LogModuleManager: Shutting down and abandoning module AdvancedPreviewScene (449)
[2018.12.04-02.32.29:010][493]LogModuleManager: Shutting down and abandoning module AnimGraph (447)
[2018.12.04-02.32.29:011][493]LogModuleManager: Shutting down and abandoning module Kismet (444)
[2018.12.04-02.32.29:016][493]LogModuleManager: Shutting down and abandoning module GraphEditor (442)
[2018.12.04-02.32.29:016][493]LogModuleManager: Shutting down and abandoning module ClassViewer (440)
[2018.12.04-02.32.29:016][493]LogModuleManager: Shutting down and abandoning module Toolbox (438)
[2018.12.04-02.32.29:016][493]LogModuleManager: Shutting down and abandoning module ModuleUI (436)
[2018.12.04-02.32.29:017][493]LogModuleManager: Shutting down and abandoning module MovieSceneTools (434)
[2018.12.04-02.32.29:018][493]LogModuleManager: Shutting down and abandoning module OutputLog (432)
[2018.12.04-02.32.29:018][493]LogModuleManager: Shutting down and abandoning module GammaUI (430)
[2018.12.04-02.32.29:019][493]LogModuleManager: Shutting down and abandoning module Documentation (428)
[2018.12.04-02.32.29:019][493]LogModuleManager: Shutting down and abandoning module MovieSceneTracks (426)
[2018.12.04-02.32.29:019][493]LogModuleManager: Shutting down and abandoning module MovieScene (424)
[2018.12.04-02.32.29:020][493]LogModuleManager: Shutting down and abandoning module StreamingPauseRendering (422)
[2018.12.04-02.32.29:022][493]LogModuleManager: Shutting down and abandoning module LauncherPlatform (420)
[2018.12.04-02.32.29:023][493]LogModuleManager: Shutting down and abandoning module AnalyticsET (418)
[2018.12.04-02.32.29:023][493]LogModuleManager: Shutting down and abandoning module PortalServices (416)
[2018.12.04-02.32.29:023][493]LogModuleManager: Shutting down and abandoning module PortalRpc (414)
[2018.12.04-02.32.29:023][493]LogModuleManager: Shutting down and abandoning module MessagingRpc (412)
[2018.12.04-02.32.29:023][493]LogModuleManager: Shutting down and abandoning module AIModule (410)
[2018.12.04-02.32.29:027][493]LogModuleManager: Shutting down and abandoning module GameplayDebugger (409)
[2018.12.04-02.32.29:029][493]LogModuleManager: Shutting down and abandoning module AITestSuite (407)
[2018.12.04-02.32.29:064][493]LogModuleManager: Shutting down and abandoning module NavigationSystem (405)
[2018.12.04-02.32.29:064][493]LogModuleManager: Shutting down and abandoning module DesktopPlatform (402)
[2018.12.04-02.32.29:064][493]LogModuleManager: Shutting down and abandoning module ProfilerService (400)
[2018.12.04-02.32.29:309][493]LogModuleManager: Shutting down and abandoning module TaskGraph (398)
[2018.12.04-02.32.29:311][493]LogModuleManager: Shutting down and abandoning module SteamVRController (396)
[2018.12.04-02.32.29:311][493]LogModuleManager: Shutting down and abandoning module ProceduralMeshComponentEditor (394)
[2018.12.04-02.32.29:311][493]LogModuleManager: Shutting down and abandoning module ProceduralMeshComponent (392)
[2018.12.04-02.32.29:312][493]LogModuleManager: Shutting down and abandoning module OculusInput (390)
[2018.12.04-02.32.29:312][493]LogModuleManager: Shutting down and abandoning module MobilePatchingUtils (388)
[2018.12.04-02.32.29:312][493]LogModuleManager: Shutting down and abandoning module EditableMesh (386)
[2018.12.04-02.32.29:312][493]LogModuleManager: Shutting down and abandoning module CustomMeshComponent (384)
[2018.12.04-02.32.29:313][493]LogModuleManager: Shutting down and abandoning module CableComponent (382)
[2018.12.04-02.32.29:313][493]LogModuleManager: Shutting down and abandoning module AudioCapture (380)
[2018.12.04-02.32.29:313][493]LogModuleManager: Shutting down and abandoning module ArchVisCharacter (378)
[2018.12.04-02.32.29:313][493]LogModuleManager: Shutting down and abandoning module AndroidPermission (376)
[2018.12.04-02.32.29:313][493]LogModuleManager: Shutting down and abandoning module NUTUnrealEngine4 (374)
[2018.12.04-02.32.29:313][493]LogModuleManager: Shutting down and abandoning module NetcodeUnitTest (372)
[2018.12.04-02.32.29:324][493]LogModuleManager: Shutting down and abandoning module MediaCompositingEditor (370)
[2018.12.04-02.32.29:324][493]LogModuleManager: Shutting down and abandoning module MediaCompositing (368)
[2018.12.04-02.32.29:324][493]LogModuleManager: Shutting down and abandoning module LinearTimecode (366)
[2018.12.04-02.32.29:325][493]LogModuleManager: Shutting down and abandoning module ImgMedia (364)
[2018.12.04-02.32.29:330][493]LogModuleManager: Shutting down and abandoning module HTML5Networking (362)
[2018.12.04-02.32.29:330][493]LogModuleManager: Shutting down and abandoning module GeometryCacheTracks (360)
[2018.12.04-02.32.29:330][493]LogModuleManager: Shutting down and abandoning module GeometryCacheSequencer (358)
[2018.12.04-02.32.29:330][493]LogModuleManager: Shutting down and abandoning module BackChannel (356)
[2018.12.04-02.32.29:333][493]LogModuleManager: Shutting down and abandoning module AppleVision (354)
[2018.12.04-02.32.29:333][493]LogModuleManager: Shutting down and abandoning module AppleImageUtils (352)
[2018.12.04-02.32.29:333][493]LogModuleManager: Shutting down and abandoning module AlembicImporter (350)
[2018.12.04-02.32.29:333][493]LogModuleManager: Shutting down and abandoning module AlembicLibrary (349)
[2018.12.04-02.32.29:333][493]LogModuleManager: Shutting down and abandoning module GeometryCache (348)
[2018.12.04-02.32.29:333][493]LogModuleManager: Shutting down and abandoning module GeometryCacheEd (347)
[2018.12.04-02.32.29:333][493]LogModuleManager: Shutting down and abandoning module DatasmithContentEditor (342)
[2018.12.04-02.32.29:334][493]LogModuleManager: Shutting down and abandoning module DatasmithContent (340)
[2018.12.04-02.32.29:334][493]LogModuleManager: Shutting down and abandoning module SpeedTreeImporter (338)
[2018.12.04-02.32.29:334][493]LogModuleManager: Shutting down and abandoning module PluginBrowser (336)
[2018.12.04-02.32.29:340][493]LogModuleManager: Shutting down and abandoning module MobileLauncherProfileWizard (334)
[2018.12.04-02.32.29:341][493]LogModuleManager: Shutting down and abandoning module PolygonModeling (332)
[2018.12.04-02.32.29:341][493]LogModuleManager: Shutting down and abandoning module MeshEditor (330)
[2018.12.04-02.32.29:341][493]LogModuleManager: Shutting down and abandoning module CryptoKeysOpenSSL (328)
[2018.12.04-02.32.29:342][493]LogModuleManager: Shutting down and abandoning module CryptoKeys (326)
[2018.12.04-02.32.29:342][493]LogModuleManager: Shutting down and abandoning module VisualStudioSourceCodeAccess (324)
[2018.12.04-02.32.29:342][493]LogModuleManager: Shutting down and abandoning module VisualStudioCodeSourceCodeAccess (322)
[2018.12.04-02.32.29:342][493]LogModuleManager: Shutting down and abandoning module UObjectPlugin (320)
[2018.12.04-02.32.29:342][493]LogModuleManager: Shutting down and abandoning module SubversionSourceControl (318)
[2018.12.04-02.32.29:343][493]LogModuleManager: Shutting down and abandoning module PerforceSourceControl (316)
[2018.12.04-02.32.29:345][493]LogModuleManager: Shutting down and abandoning module GitSourceControl (314)
[2018.12.04-02.32.29:346][493]LogModuleManager: Shutting down and abandoning module SourceControl (313)
[2018.12.04-02.32.29:348][493]LogModuleManager: Shutting down and abandoning module CLionSourceCodeAccess (310)
[2018.12.04-02.32.29:348][493]LogModuleManager: Shutting down and abandoning module LightPropagationVolumeEditor (308)
[2018.12.04-02.32.29:348][493]LogModuleManager: Shutting down and abandoning module PaperTiledImporter (306)
[2018.12.04-02.32.29:348][493]LogModuleManager: Shutting down and abandoning module PaperSpriteSheetImporter (304)
[2018.12.04-02.32.29:348][493]LogModuleManager: Shutting down and abandoning module Paper2DEditor (302)
[2018.12.04-02.32.29:350][493]LogModuleManager: Shutting down and abandoning module MeshPaint (301)
[2018.12.04-02.32.29:350][493]LogModuleManager: Shutting down and abandoning module RuntimePhysXCooking (298)
[2018.12.04-02.32.29:350][493]LogModuleManager: Shutting down and abandoning module PhysXVehiclesEditor (296)
[2018.12.04-02.32.29:350][493]LogModuleManager: Shutting down and abandoning module PhysXVehicles (294)
[2018.12.04-02.32.29:350][493]LogModuleManager: Shutting down and abandoning module OculusEditor (292)
[2018.12.04-02.32.29:352][493]LogModuleManager: Shutting down and abandoning module LocationServicesBPLibrary (290)
[2018.12.04-02.32.29:352][493]LogModuleManager: Shutting down and abandoning module ImmediatePhysicsEditor (288)
[2018.12.04-02.32.29:352][493]LogModuleManager: Shutting down and abandoning module ImmediatePhysics (286)
[2018.12.04-02.32.29:392][493]LogModuleManager: Shutting down and abandoning module ActorSequence (284)
[2018.12.04-02.32.29:392][493]LogModuleManager: Shutting down and abandoning module UdpMessaging (282)
[2018.12.04-02.32.29:493][493]LogModuleManager: Shutting down and abandoning module TcpMessaging (280)
[2018.12.04-02.32.29:599][493]LogModuleManager: Shutting down and abandoning module MagicLeapAudio (278)
[2018.12.04-02.32.29:599][493]LogModuleManager: Shutting down and abandoning module GameplayTagsEditor (276)
[2018.12.04-02.32.29:633][493]LogModuleManager: Shutting down and abandoning module FacialAnimationEditor (274)
[2018.12.04-02.32.29:633][493]LogModuleManager: Shutting down and abandoning module FacialAnimation (272)
[2018.12.04-02.32.29:633][493]LogModuleManager: Shutting down and abandoning module DataValidation (270)
[2018.12.04-02.32.29:633][493]LogModuleManager: Shutting down and abandoning module AssetManagerEditor (268)
[2018.12.04-02.32.29:634][493]LogModuleManager: Shutting down and abandoning module LevelEditor (267)
[2018.12.04-02.32.29:637][493]LogModuleManager: Shutting down and abandoning module PixelInspectorModule (266)
[2018.12.04-02.32.29:637][493]LogModuleManager: Shutting down and abandoning module CommonMenuExtensions (264)
[2018.12.04-02.32.29:637][493]LogModuleManager: Shutting down and abandoning module MainFrame (262)
[2018.12.04-02.32.29:639][493]LogModuleManager: Shutting down and abandoning module HotReload (261)
[2018.12.04-02.32.29:639][493]LogModuleManager: Shutting down and abandoning module ContentBrowser (257)
[2018.12.04-02.32.29:641][493]LogModuleManager: Shutting down and abandoning module TreeMap (255)
[2018.12.04-02.32.29:643][493]LogModuleManager: Shutting down and abandoning module LightPropagationVolumeRuntime (252)
[2018.12.04-02.32.29:643][493]LogModuleManager: Shutting down and abandoning module AISupportModule (250)
[2018.12.04-02.32.29:643][493]LogModuleManager: Shutting down and abandoning module Paper2D (248)
[2018.12.04-02.32.29:644][493]LogModuleManager: Shutting down and abandoning module WindowsMoviePlayer (246)
[2018.12.04-02.32.29:644][493]LogModuleManager: Shutting down and abandoning module WmfMedia (244)
[2018.12.04-02.32.29:646][493]LogModuleManager: Shutting down and abandoning module Media (243)
[2018.12.04-02.32.29:653][493]LogModuleManager: Shutting down and abandoning module PacketHandler (240)
[2018.12.04-02.32.29:653][493]LogModuleManager: Shutting down and abandoning module ClothingSystemEditor (238)
[2018.12.04-02.32.29:653][493]LogModuleManager: Shutting down and abandoning module ClothingSystemRuntime (236)
[2018.12.04-02.32.29:700][493]LogModuleManager: Shutting down and abandoning module MediaAssets (234)
[2018.12.04-02.32.29:700][493]LogModuleManager: Shutting down and abandoning module Overlay (232)
[2018.12.04-02.32.29:700][493]LogModuleManager: Shutting down and abandoning module OverlayEditor (231)
[2018.12.04-02.32.29:700][493]LogModuleManager: Shutting down and abandoning module VREditor (228)
[2018.12.04-02.32.29:701][493]LogModuleManager: Shutting down and abandoning module StringTableEditor (226)
[2018.12.04-02.32.29:708][493]LogModuleManager: Shutting down and abandoning module GameplayTasksEditor (224)
[2018.12.04-02.32.29:708][493]LogModuleManager: Shutting down and abandoning module BehaviorTreeEditor (222)
[2018.12.04-02.32.29:713][493]LogModuleManager: Shutting down and abandoning module FunctionalTesting (220)
[2018.12.04-02.32.29:713][493]LogModuleManager: Shutting down and abandoning module CollisionAnalyzer (218)
[2018.12.04-02.32.29:715][493]LogModuleManager: Shutting down and abandoning module WorkspaceMenuStructure (217)
[2018.12.04-02.32.29:715][493]LogModuleManager: Shutting down and abandoning module UMG (214)
[2018.12.04-02.32.29:715][493]LogModuleManager: Shutting down and abandoning module UMGEditor (213)
[2018.12.04-02.32.29:718][493]LogModuleManager: Shutting down and abandoning module Sequencer (212)
[2018.12.04-02.32.29:722][493]LogModuleManager: Shutting down and abandoning module MessageLog (209)
[2018.12.04-02.32.29:722][493]LogModuleManager: Shutting down and abandoning module SlateReflector (204)
[2018.12.04-02.32.29:726][493]LogModuleManager: Shutting down and abandoning module Slate (202)
[2018.12.04-02.32.29:726][493]LogModuleManager: Shutting down and abandoning module EditorStyle (200)
[2018.12.04-02.32.29:728][493]LogModuleManager: Shutting down and abandoning module MRMesh (198)
[2018.12.04-02.32.29:728][493]LogModuleManager: Shutting down and abandoning module SourceCodeAccess (196)
[2018.12.04-02.32.29:729][493]LogModuleManager: Shutting down and abandoning module HeadMountedDisplay (194)
[2018.12.04-02.32.29:729][493]LogModuleManager: Shutting down and abandoning module XAudio2 (192)
[2018.12.04-02.32.29:729][493]LogModuleManager: Shutting down and abandoning module Networking (190)
[2018.12.04-02.32.29:729][493]LogModuleManager: Shutting down and abandoning module Core (188)
[2018.12.04-02.32.29:729][493]LogModuleManager: Shutting down and abandoning module LevelSequence (186)
[2018.12.04-02.32.29:729][493]LogModuleManager: Shutting down and abandoning module KismetCompiler (184)
[2018.12.04-02.32.29:729][493]LogModuleManager: Shutting down and abandoning module MeshUtilities (182)
[2018.12.04-02.32.29:730][493]LogModuleManager: Shutting down and abandoning module MeshMergeUtilities (181)
[2018.12.04-02.32.29:732][493]LogModuleManager: Shutting down and abandoning module MeshReductionInterface (180)
[2018.12.04-02.32.29:732][493]LogModuleManager: Shutting down and abandoning module SimplygonSwarm (179)
[2018.12.04-02.32.29:732][493]LogModuleManager: Shutting down and abandoning module ProxyLODMeshReduction (177)
[2018.12.04-02.32.29:734][493]LogModuleManager: Shutting down and abandoning module SimplygonMeshReduction (175)
[2018.12.04-02.32.29:734][493]LogModuleManager: Shutting down and abandoning module QuadricMeshReduction (173)
[2018.12.04-02.32.29:736][493]LogModuleManager: Shutting down and abandoning module MaterialBaking (169)
[2018.12.04-02.32.29:737][493]LogModuleManager: Shutting down and abandoning module DirectoryWatcher (165)
[2018.12.04-02.32.29:737][493]LogModuleManager: Shutting down and abandoning module DerivedDataCache (162)
[2018.12.04-02.32.29:747][493]LogDerivedDataCache: Shutdown
[2018.12.04-02.32.29:747][493]LogModuleManager: Shutting down and abandoning module XGEController (160)
[2018.12.04-02.32.29:748][493]LogModuleManager: Shutting down and abandoning module TargetPlatform (158)
[2018.12.04-02.32.29:748][493]LogModuleManager: Shutting down and abandoning module VulkanShaderFormat (157)
[2018.12.04-02.32.29:750][493]LogModuleManager: Shutting down and abandoning module ShaderFormatVectorVM (155)
[2018.12.04-02.32.29:750][493]LogModuleManager: Shutting down and abandoning module ShaderFormatOpenGL (153)
[2018.12.04-02.32.29:751][493]LogModuleManager: Shutting down and abandoning module ShaderFormatD3D (151)
[2018.12.04-02.32.29:751][493]LogModuleManager: Shutting down and abandoning module MetalShaderFormat (149)
[2018.12.04-02.32.29:753][493]LogModuleManager: Shutting down and abandoning module TextureFormatUncompressed (147)
[2018.12.04-02.32.29:754][493]LogModuleManager: Shutting down and abandoning module TextureFormatPVR (145)
[2018.12.04-02.32.29:754][493]LogModuleManager: Shutting down and abandoning module TextureFormatDXT (143)
[2018.12.04-02.32.29:754][493]LogModuleManager: Shutting down and abandoning module TextureFormatIntelISPCTexComp (141)
[2018.12.04-02.32.29:755][493]LogModuleManager: Shutting down and abandoning module TextureFormatASTC (139)
[2018.12.04-02.32.29:755][493]LogModuleManager: Shutting down and abandoning module ImageWrapper (138)
[2018.12.04-02.32.29:755][493]LogModuleManager: Shutting down and abandoning module TextureFormatAndroid (135)
[2018.12.04-02.32.29:755][493]LogModuleManager: Shutting down and abandoning module AudioFormatOpus (133)
[2018.12.04-02.32.29:755][493]LogModuleManager: Shutting down and abandoning module AudioFormatOgg (131)
[2018.12.04-02.32.29:755][493]LogModuleManager: Shutting down and abandoning module AudioFormatADPCM (129)
[2018.12.04-02.32.29:755][493]LogModuleManager: Shutting down and abandoning module LuminTargetPlatform (127)
[2018.12.04-02.32.29:755][493]LogModuleManager: Shutting down and abandoning module LinuxTargetPlatform (125)
[2018.12.04-02.32.29:755][493]LogModuleManager: Shutting down and abandoning module LinuxServerTargetPlatform (123)
[2018.12.04-02.32.29:755][493]LogModuleManager: Shutting down and abandoning module LinuxNoEditorTargetPlatform (121)
[2018.12.04-02.32.29:755][493]LogModuleManager: Shutting down and abandoning module LinuxClientTargetPlatform (119)
[2018.12.04-02.32.29:756][493]LogModuleManager: Shutting down and abandoning module TVOSTargetPlatform (117)
[2018.12.04-02.32.29:756][493]LogModuleManager: Shutting down and abandoning module Messaging (115)
[2018.12.04-02.32.29:756][493]LogModuleManager: Shutting down and abandoning module IOSTargetPlatform (113)
[2018.12.04-02.32.29:757][493]LogModuleManager: Shutting down and abandoning module HTML5TargetPlatform (111)
[2018.12.04-02.32.29:757][493]LogModuleManager: Shutting down and abandoning module AndroidTargetPlatform (109)
[2018.12.04-02.32.29:763][493]LogModuleManager: Shutting down and abandoning module WindowsTargetPlatform (107)
[2018.12.04-02.32.29:763][493]LogModuleManager: Shutting down and abandoning module WindowsServerTargetPlatform (105)
[2018.12.04-02.32.29:763][493]LogModuleManager: Shutting down and abandoning module WindowsNoEditorTargetPlatform (103)
[2018.12.04-02.32.29:763][493]LogModuleManager: Shutting down and abandoning module WindowsClientTargetPlatform (101)
[2018.12.04-02.32.29:763][493]LogModuleManager: Shutting down and abandoning module MacTargetPlatform (99)
[2018.12.04-02.32.29:763][493]LogModuleManager: Shutting down and abandoning module MacServerTargetPlatform (97)
[2018.12.04-02.32.29:763][493]LogModuleManager: Shutting down and abandoning module MacNoEditorTargetPlatform (95)
[2018.12.04-02.32.29:763][493]LogModuleManager: Shutting down and abandoning module MacClientTargetPlatform (93)
[2018.12.04-02.32.29:763][493]LogModuleManager: Shutting down and abandoning module AllDesktopTargetPlatform (91)
[2018.12.04-02.32.29:763][493]LogModuleManager: Shutting down and abandoning module InputCore (88)
[2018.12.04-02.32.29:763][493]LogModuleManager: Shutting down and abandoning module Settings (86)
[2018.12.04-02.32.29:764][493]LogModuleManager: Shutting down and abandoning module PhysXCooking (84)
[2018.12.04-02.32.29:764][493]LogModuleManager: Shutting down and abandoning module SteamVR (82)
[2018.12.04-02.32.29:764][493]LogModuleManager: Shutting down and abandoning module OculusHMD (80)
[2018.12.04-02.32.29:764][493]LogModuleManager: Shutting down and abandoning module ExampleDeviceProfileSelector (78)
[2018.12.04-02.32.29:764][493]LogModuleManager: Shutting down and abandoning module LauncherChunkInstaller (76)
[2018.12.04-02.32.29:764][493]LogModuleManager: Shutting down and abandoning module OnlineBlueprintSupport (74)
[2018.12.04-02.32.29:764][493]LogModuleManager: Shutting down and abandoning module OnlineSubsystem (70)
[2018.12.04-02.32.29:768][493]LogModuleManager: Shutting down and abandoning module XMPP (65)
[2018.12.04-02.32.29:771][493]LogModuleManager: Shutting down and abandoning module WebSockets (64)
[2018.12.04-02.32.29:790][493]LogModuleManager: Shutting down and abandoning module HTTP (61)
[2018.12.04-02.32.29:791][493]LogHttp: Display: Http module shutting down, but needs to wait on 1 outstanding Http requests:
[2018.12.04-02.32.29:791][493]LogHttp: Display: 	verb=[POST] url=[https://datarouter.ol.epicgames.com/datarouter/api/v1/public/data?SessionID=%7B3FA59B1E-429E-8624-9ECD-CD9D329AEF6B%7D&AppID=UEEditor.Rocket.Release&AppVersion=4.20.3-4369336%2B%2B%2BUE4%2BRelease-4.20&UserID=64944e924603c2418ca969a0ce385f60%7Ca8cb51a89a094d73ae0410efdcc6c91e%7C2650e3fa-625a-4231-9584-819c7cc767df&AppEnvironment=datacollector-binary&UploadType=eteventstream] status=Processing
[2018.12.04-02.32.29:796][493]LogModuleManager: Shutting down and abandoning module SSL (60)
[2018.12.04-02.32.29:799][493]LogModuleManager: Shutting down and abandoning module MagicLeapEmulator (56)
[2018.12.04-02.32.29:799][493]LogModuleManager: Shutting down and abandoning module MagicLeapPrivileges (54)
[2018.12.04-02.32.29:799][493]LogModuleManager: Shutting down and abandoning module MagicLeapIdentity (52)
[2018.12.04-02.32.29:799][493]LogModuleManager: Shutting down and abandoning module MagicLeapHelperVulkan (50)
[2018.12.04-02.32.29:799][493]LogModuleManager: Shutting down and abandoning module MagicLeapHelperOpenGL (48)
[2018.12.04-02.32.29:799][493]LogModuleManager: Shutting down and abandoning module MagicLeapSecureStorage (46)
[2018.12.04-02.32.29:799][493]LogModuleManager: Shutting down and abandoning module MagicLeapGestures (44)
[2018.12.04-02.32.29:799][493]LogModuleManager: Shutting down and abandoning module MagicLeapEyeTracker (42)
[2018.12.04-02.32.29:800][493]LogModuleManager: Shutting down and abandoning module MagicLeapController (40)
[2018.12.04-02.32.29:800][493]LogSlate: Slate User Destroyed.  User Index 0, Is Virtual User: 0
[2018.12.04-02.32.29:800][493]LogModuleManager: Shutting down and abandoning module MagicLeap (38)
[2018.12.04-02.32.29:800][493]LogModuleManager: Shutting down and abandoning module AnimationModifiers (36)
[2018.12.04-02.32.29:802][493]LogModuleManager: Shutting down and abandoning module PropertyEditor (35)
[2018.12.04-02.32.29:802][493]LogModuleManager: Shutting down and abandoning module AudioEditor (32)
[2018.12.04-02.32.29:803][493]LogModuleManager: Shutting down and abandoning module TextureCompressor (30)
[2018.12.04-02.32.29:804][493]LogModuleManager: Shutting down and abandoning module ShaderCore (28)
[2018.12.04-02.32.29:804][493]LogModuleManager: Shutting down and abandoning module Landscape (26)
[2018.12.04-02.32.29:804][493]LogModuleManager: Shutting down and abandoning module SlateRHIRenderer (24)
[2018.12.04-02.32.29:806][493]LogModuleManager: Shutting down and abandoning module OpenGLDrv (22)
[2018.12.04-02.32.29:806][493]LogModuleManager: Shutting down and abandoning module D3D11RHI (20)
[2018.12.04-02.32.29:806][493]LogModuleManager: Shutting down and abandoning module AnimGraphRuntime (18)
[2018.12.04-02.32.29:807][493]LogModuleManager: Shutting down and abandoning module Renderer (16)
[2018.12.04-02.32.29:807][493]LogModuleManager: Shutting down and abandoning module Engine (14)
[2018.12.04-02.32.29:807][493]LogModuleManager: Shutting down and abandoning module CoreUObject (12)
[2018.12.04-02.32.29:807][493]LogModuleManager: Shutting down and abandoning module NetworkFile (10)
[2018.12.04-02.32.29:807][493]LogModuleManager: Shutting down and abandoning module CookedIterativeFile (8)
[2018.12.04-02.32.29:807][493]LogModuleManager: Shutting down and abandoning module StreamingFile (6)
[2018.12.04-02.32.29:808][493]LogModuleManager: Shutting down and abandoning module SandboxFile (4)
[2018.12.04-02.32.29:808][493]LogModuleManager: Shutting down and abandoning module PakFile (2)
[2018.12.04-02.32.29:813][493]LogExit: Exiting.
[2018.12.04-02.32.29:821][493]Log file closed, 12/03/18 21:32:29
