Log file open, 11/26/18 23:33:12
LogWindows: Failed to load 'aqProf.dll' (GetLastError=126)
LogWindows: File 'aqProf.dll' does not exist
LogWindows: Failed to load 'VSPerf140.dll' (GetLastError=126)
LogWindows: File 'VSPerf140.dll' does not exist
LogWindows: Failed to load 'VtuneApi.dll' (GetLastError=126)
LogWindows: File 'VtuneApi.dll' does not exist
LogWindows: Failed to load 'VtuneApi32e.dll' (GetLastError=126)
LogWindows: File 'VtuneApi32e.dll' does not exist
LogInit: Display: Running engine for game: UnrealHouse
LogPlatformFile: Not using cached read wrapper
LogTaskGraph: Started task graph with 5 named threads and 14 total threads with 3 sets of task threads.
LogStats: Stats thread started at 0.259451
LogD3D11RHI: Loaded GFSDK_Aftermath_Lib.x64.dll
LogICUInternationalization: Display: ICU TimeZone Detection - Raw Offset: -5:00, Platform Override: ''
LogPluginManager: Mounting plugin Paper2D
LogPluginManager: Mounting plugin AISupport
LogPluginManager: Mounting plugin LightPropagationVolume
LogPluginManager: Mounting plugin CLionSourceCodeAccess
LogPluginManager: Mounting plugin CodeLiteSourceCodeAccess
LogPluginManager: Mounting plugin GitSourceControl
LogPluginManager: Mounting plugin KDevelopSourceCodeAccess
LogPluginManager: Mounting plugin NullSourceCodeAccess
LogPluginManager: Mounting plugin PerforceSourceControl
LogPluginManager: Mounting plugin SubversionSourceControl
LogPluginManager: Mounting plugin UObjectPlugin
LogPluginManager: Mounting plugin VisualStudioCodeSourceCodeAccess
LogPluginManager: Mounting plugin VisualStudioSourceCodeAccess
LogPluginManager: Mounting plugin XCodeSourceCodeAccess
LogPluginManager: Mounting plugin AssetManagerEditor
LogPluginManager: Mounting plugin CryptoKeys
LogPluginManager: Mounting plugin DataValidation
LogPluginManager: Mounting plugin FacialAnimation
LogPluginManager: Mounting plugin GameplayTagsEditor
LogPluginManager: Mounting plugin MacGraphicsSwitching
LogPluginManager: Mounting plugin MeshEditor
LogPluginManager: Mounting plugin MobileLauncherProfileWizard
LogPluginManager: Mounting plugin PluginBrowser
LogPluginManager: Mounting plugin SpeedTreeImporter
LogPluginManager: Mounting plugin DatasmithContent
LogPluginManager: Mounting plugin AlembicImporter
LogPluginManager: Mounting plugin AppleImageUtils
LogPluginManager: Mounting plugin AppleVision
LogPluginManager: Mounting plugin BackChannel
LogPluginManager: Mounting plugin CharacterAI
LogPluginManager: Mounting plugin GeometryCache
LogPluginManager: Mounting plugin HTML5Networking
LogPluginManager: Mounting plugin ProxyLODPlugin
LogPluginManager: Mounting plugin MagicLeap
LogPluginManager: Mounting plugin MagicLeapEmulator
LogPluginManager: Mounting plugin MagicLeapMedia
LogPluginManager: Mounting plugin AndroidMedia
LogPluginManager: Mounting plugin AvfMedia
LogPluginManager: Mounting plugin ImgMedia
LogPluginManager: Mounting plugin LinearTimecode
LogPluginManager: Mounting plugin MediaCompositing
LogPluginManager: Mounting plugin MediaPlayerEditor
LogPluginManager: Mounting plugin WmfMedia
LogPluginManager: Mounting plugin TcpMessaging
LogPluginManager: Mounting plugin UdpMessaging
LogPluginManager: Mounting plugin ActorSequence
LogPluginManager: Mounting plugin LevelSequenceEditor
LogPluginManager: Mounting plugin MatineeToLevelSequence
LogPluginManager: Mounting plugin NetcodeUnitTest
LogPluginManager: Mounting plugin NUTUnrealEngine4
LogPluginManager: Mounting plugin OnlineSubsystemGooglePlay
LogPluginManager: Mounting plugin OnlineSubsystemIOS
LogPluginManager: Mounting plugin OnlineSubsystem
LogPluginManager: Mounting plugin OnlineSubsystemNull
LogPluginManager: Mounting plugin OnlineSubsystemUtils
LogPluginManager: Mounting plugin LauncherChunkInstaller
LogPluginManager: Mounting plugin AndroidDeviceProfileSelector
LogPluginManager: Mounting plugin AndroidMoviePlayer
LogPluginManager: Mounting plugin AndroidPermission
LogPluginManager: Mounting plugin AppleMoviePlayer
LogPluginManager: Mounting plugin ArchVisCharacter
LogPluginManager: Mounting plugin AudioCapture
LogPluginManager: Mounting plugin CableComponent
LogPluginManager: Mounting plugin CustomMeshComponent
LogPluginManager: Mounting plugin EditableMesh
LogPluginManager: Mounting plugin ExampleDeviceProfileSelector
LogPluginManager: Mounting plugin GoogleCloudMessaging
LogPluginManager: Mounting plugin ImmediatePhysics
LogPluginManager: Mounting plugin IOSDeviceProfileSelector
LogPluginManager: Mounting plugin LinuxDeviceProfileSelector
LogPluginManager: Mounting plugin LocationServicesBPLibrary
LogPluginManager: Mounting plugin MobilePatchingUtils
LogPluginManager: Mounting plugin OculusVR
LogPluginManager: Plugin shader directory ../../../Engine/Plugins/Runtime/Oculus/OculusVR/Shaders found
LogPluginManager: Mapping shader source directory ../../../Engine/Plugins/Runtime/Oculus/OculusVR/Shaders to virtual directory /Plugin/OculusVR
LogPluginManager: Mounting plugin PhysXVehicles
LogPluginManager: Mounting plugin ProceduralMeshComponent
LogPluginManager: Mounting plugin RuntimePhysXCooking
LogPluginManager: Mounting plugin SteamVR
LogPluginManager: Mounting plugin WindowsMoviePlayer
LogStreaming: Display: Took  1.787s to configure plugins.
LogInit: Using libcurl 7.55.1-DEV
LogInit:  - built for x86_64-pc-win32
LogInit:  - supports SSL with OpenSSL/1.0.2h
LogInit:  - supports HTTP deflate (compression) using libz 1.2.8
LogInit:  - other features:
LogInit:      CURL_VERSION_SSL
LogInit:      CURL_VERSION_LIBZ
LogInit:      CURL_VERSION_IPV6
LogInit:      CURL_VERSION_ASYNCHDNS
LogInit:      CURL_VERSION_LARGEFILE
LogInit:      CURL_VERSION_IDN
LogInit:  CurlRequestOptions (configurable via config and command line):
LogInit:  - bVerifyPeer = false  - Libcurl will NOT verify peer certificate
LogInit:  - bUseHttpProxy = false  - Libcurl will NOT use HTTP proxy
LogInit:  - bDontReuseConnections = false  - Libcurl will reuse connections
LogInit:  - CertBundlePath = nullptr  - Libcurl will use whatever was configured at build time.
LogInit:  - MaxHostConnections = 16  - Libcurl will limit the number of connections to a host
LogInit:  - LocalHostAddr = Default
LogInit:  - BufferSize = 65536
LogInit: WinSock: version 1.1 (2.2), MaxSocks=32767, MaxUdp=65467
LogInit: Build: ++UE4+Release-4.20-CL-4369336
LogInit: Engine Version: 4.20.3-4369336+++UE4+Release-4.20
LogInit: Compatible Engine Version: 4.20.0-4212847+++UE4+Release-4.20
LogInit: Net CL: 4212847
LogInit: OS: Windows 10 (), CPU: Intel(R) Core(TM) i5-7300HQ CPU @ 2.50GHz, GPU: Intel(R) HD Graphics 630
LogInit: Compiled (64-bit): Sep 17 2018 12:26:19
LogInit: Compiled with Visual C++: 19.13.26129.00
LogInit: Build Configuration: Development
LogInit: Branch Name: ++UE4+Release-4.20
LogInit: Command Line: 
LogInit: Base Directory: E:/Software/Unreal/Epic Games/UE_4.20/Engine/Binaries/Win64/
LogInit: Installed Engine Build: 1
LogDevObjectVersion: Number of dev versions registered: 20
LogDevObjectVersion:   Dev-Blueprints (B0D832E4-1F89-4F0D-ACCF-7EB736FD4AA2): 10
LogDevObjectVersion:   Dev-Build (E1C64328-A22C-4D53-A36C-8E866417BD8C): 0
LogDevObjectVersion:   Dev-Core (375EC13C-06E4-48FB-B500-84F0262A717E): 2
LogDevObjectVersion:   Dev-Editor (E4B068ED-F494-42E9-A231-DA0B2E46BB41): 24
LogDevObjectVersion:   Dev-Framework (CFFC743F-43B0-4480-9391-14DF171D2073): 34
LogDevObjectVersion:   Dev-Mobile (B02B49B5-BB20-44E9-A304-32B752E40360): 2
LogDevObjectVersion:   Dev-Networking (A4E4105C-59A1-49B5-A7C5-40C4547EDFEE): 0
LogDevObjectVersion:   Dev-Online (39C831C9-5AE6-47DC-9A44-9C173E1C8E7C): 0
LogDevObjectVersion:   Dev-Physics (78F01B33-EBEA-4F98-B9B4-84EACCB95AA2): 0
LogDevObjectVersion:   Dev-Platform (6631380F-2D4D-43E0-8009-CF276956A95A): 0
LogDevObjectVersion:   Dev-Rendering (12F88B9F-8875-4AFC-A67C-D90C383ABD29): 26
LogDevObjectVersion:   Dev-Sequencer (7B5AE74C-D270-4C10-A958-57980B212A5A): 9
LogDevObjectVersion:   Dev-VR (D7296918-1DD6-4BDD-9DE2-64A83CC13884): 2
LogDevObjectVersion:   Dev-LoadTimes (C2A15278-BFE7-4AFE-6C17-90FF531DF755): 1
LogDevObjectVersion:   Private-Geometry (6EACA3D4-40EC-4CC1-B786-8BED09428FC5): 3
LogDevObjectVersion:   Dev-AnimPhys (29E575DD-E0A3-4627-9D10-D276232CDCEA): 17
LogDevObjectVersion:   Dev-ReflectionCapture (6B266CEC-1EC7-4B8F-A30B-E4D90942FC07): 1
LogDevObjectVersion:   Dev-Automation (0DF73D61-A23F-47EA-B727-89E90C41499A): 1
LogDevObjectVersion:   FortniteMain (601D1886-AC64-4F84-AA16-D3DE0DEAC7D6): 12
LogDevObjectVersion:   Dev-Enterprise (9DFFBCD6-494F-0158-E221-12823C92A888): 1
LogStreaming: Display: Took  0.199s to delete old logs.
LogInit: Presizing for max 8388607 objects, including 0 objects not considered by GC, pre-allocating 0 bytes for permanent pool.
LogInit: Object subsystem initialized
[2018.11.27-04.33.14:191][  0]LogInit: Selected Device Profile: [Windows]
[2018.11.27-04.33.14:191][  0]LogInit: Applying CVar settings loaded from the selected device profile: [Windows]
[2018.11.27-04.33.14:304][  0]LogHAL: Display: Platform has ~ 8 GB [8449904640 / 8589934592 / 8], which maps to Default [LargestMinGB=32, LargerMinGB=12, DefaultMinGB=8, SmallerMinGB=6, SmallestMinGB=0)
[2018.11.27-04.33.14:304][  0]LogInit: Setting Device Profile CVar: [[r.Vulkan.UseRealUBs:1]]
[2018.11.27-04.33.14:304][  0]LogInit: Going up to parent DeviceProfile []
[2018.11.27-04.33.14:304][  0]LogInit: Computer: DESKTOP-LQ8KI8D
[2018.11.27-04.33.14:304][  0]LogInit: User: 45188
[2018.11.27-04.33.14:304][  0]LogInit: CPU Page size=4096, Cores=4
[2018.11.27-04.33.14:304][  0]LogInit: High frequency timer resolution =2.437500 MHz
[2018.11.27-04.33.14:305][  0]LogMemory: Memory total: Physical=7.9GB (8GB approx)
[2018.11.27-04.33.14:305][  0]LogMemory: Platform Memory Stats for Windows
[2018.11.27-04.33.14:305][  0]LogMemory: Process Physical Memory: 100.04 MB used, 100.04 MB peak
[2018.11.27-04.33.14:305][  0]LogMemory: Process Virtual Memory: 88.74 MB used, 88.74 MB peak
[2018.11.27-04.33.14:305][  0]LogMemory: Physical Memory: 5985.85 MB used,  2072.61 MB free, 8058.46 MB total
[2018.11.27-04.33.14:305][  0]LogMemory: Virtual Memory: 4629.74 MB used,  2072.61 MB free, 134217728.00 MB total
[2018.11.27-04.33.14:353][  0]LogInit: Using OS detected language (en-US).
[2018.11.27-04.33.14:353][  0]LogInit: Using OS detected locale (zh-CN).
[2018.11.27-04.33.14:354][  0]LogTextLocalizationManager: No specific localization for 'en-US' exists, so the 'en' localization will be used.
[2018.11.27-04.33.14:827][  0]LogStreaming: Display: Took  0.473s to InitEngineTextLocalization.
[2018.11.27-04.33.14:827][  0]LogInit: Setting process to per monitor DPI aware
[2018.11.27-04.33.14:874][  0]LogSlate: New Slate User Created.  User Index 0, Is Virtual User: 0
[2018.11.27-04.33.14:874][  0]LogSlate: Slate User Registered.  User Index 0, Is Virtual User: 0
[2018.11.27-04.33.15:095][  0]LogHMD: Failed to initialize OpenVR with code 110
[2018.11.27-04.33.15:095][  0]LogD3D11RHI: D3D11 adapters:
[2018.11.27-04.33.15:357][  0]LogD3D11RHI:    0. 'NVIDIA GeForce GTX 1050' (Feature Level 11_0)
[2018.11.27-04.33.15:357][  0]LogD3D11RHI:       4019/0/4029 MB DedicatedVideo/DedicatedSystem/SharedSystem, Outputs:1, VendorId:0x10de
[2018.11.27-04.33.15:383][  0]LogD3D11RHI:    1. 'Intel(R) HD Graphics 630' (Feature Level 11_0)
[2018.11.27-04.33.15:383][  0]LogD3D11RHI:       128/0/4029 MB DedicatedVideo/DedicatedSystem/SharedSystem, Outputs:0, VendorId:0x8086
[2018.11.27-04.33.15:387][  0]LogD3D11RHI:    2. 'Microsoft Basic Render Driver' (Feature Level 11_0)
[2018.11.27-04.33.15:387][  0]LogD3D11RHI:       0/0/4029 MB DedicatedVideo/DedicatedSystem/SharedSystem, Outputs:0, VendorId:0x1414
[2018.11.27-04.33.15:387][  0]LogD3D11RHI: Chosen D3D11 Adapter: 0
[2018.11.27-04.33.15:436][  0]LogD3D11RHI: Creating new Direct3DDevice
[2018.11.27-04.33.15:436][  0]LogD3D11RHI:     GPU DeviceId: 0x1c8d (for the marketing name, search the web for "GPU Device Id")
[2018.11.27-04.33.15:436][  0]LogWindows: EnumDisplayDevices:
[2018.11.27-04.33.15:436][  0]LogWindows:    0. 'Intel(R) HD Graphics 630' (P:1 D:1)
[2018.11.27-04.33.15:437][  0]LogWindows:    1. 'Intel(R) HD Graphics 630' (P:0 D:0)
[2018.11.27-04.33.15:438][  0]LogWindows:    2. 'Intel(R) HD Graphics 630' (P:0 D:0)
[2018.11.27-04.33.15:439][  0]LogWindows:    3. 'NVIDIA GeForce GTX 1050' (P:0 D:0)
[2018.11.27-04.33.15:440][  0]LogWindows: DebugString: PrimaryIsNotTheChoosenAdapter PrimaryIsNotTheChoosenAdapter PrimaryIsNotTheChoosenAdapter 
[2018.11.27-04.33.15:441][  0]LogD3D11RHI:     Adapter Name: NVIDIA GeForce GTX 1050
[2018.11.27-04.33.15:441][  0]LogD3D11RHI:   Driver Version: 391.25 (internal:23.21.13.9125, unified:391.25)
[2018.11.27-04.33.15:441][  0]LogD3D11RHI:      Driver Date: 3-16-2018
[2018.11.27-04.33.15:441][  0]LogRHI: Texture pool is 2813 MB (70% of 4019 MB)
[2018.11.27-04.33.15:488][  0]LogD3D11RHI: Async texture creation enabled
[2018.11.27-04.33.15:509][  0]LogD3D11RHI: GPU Timing Frequency: 1000.000000 (Debug: 2 2)
[2018.11.27-04.33.15:510][  0]LogShaderCompilers: Guid format shader working directory is -14 characters bigger than the processId version (../../../../../../../GDProject/GameDev1Project4/UnrealHouse/Intermediate/Shaders/WorkingDirectory/15892/).
[2018.11.27-04.33.15:511][  0]LogShaderCompilers: Cleaned the shader compiler working directory 'C:/Users/45188/AppData/Local/Temp/UnrealShaderWorkingDir/80B8427A49CEACC4B342ED824DD6069D/'.
[2018.11.27-04.33.16:269][  0]LogTemp: Display: Loaded TP AllDesktopTargetPlatform
[2018.11.27-04.33.16:283][  0]LogTemp: Display: Loaded TP MacClientTargetPlatform
[2018.11.27-04.33.16:300][  0]LogTemp: Display: Loaded TP MacNoEditorTargetPlatform
[2018.11.27-04.33.16:315][  0]LogTemp: Display: Loaded TP MacServerTargetPlatform
[2018.11.27-04.33.16:331][  0]LogTemp: Display: Loaded TP MacTargetPlatform
[2018.11.27-04.33.16:347][  0]LogTemp: Display: Loaded TP WindowsClientTargetPlatform
[2018.11.27-04.33.16:362][  0]LogTemp: Display: Loaded TP WindowsNoEditorTargetPlatform
[2018.11.27-04.33.16:378][  0]LogTemp: Display: Loaded TP WindowsServerTargetPlatform
[2018.11.27-04.33.16:386][  0]LogTemp: Display: Loaded TP WindowsTargetPlatform
[2018.11.27-04.33.16:479][  0]LogTemp: Display: Loaded TP AndroidTargetPlatform
[2018.11.27-04.33.16:480][  0]LogTemp: Display: Loaded TP AndroidTargetPlatform
[2018.11.27-04.33.16:480][  0]LogTemp: Display: Loaded TP AndroidTargetPlatform
[2018.11.27-04.33.16:480][  0]LogTemp: Display: Loaded TP AndroidTargetPlatform
[2018.11.27-04.33.16:480][  0]LogTemp: Display: Loaded TP AndroidTargetPlatform
[2018.11.27-04.33.16:480][  0]LogTemp: Display: Loaded TP AndroidTargetPlatform
[2018.11.27-04.33.16:480][  0]LogTemp: Display: Loaded TP AndroidTargetPlatform
[2018.11.27-04.33.16:480][  0]LogTemp: Display: Loaded TP AndroidTargetPlatform
[2018.11.27-04.33.16:480][  0]LogTemp: Display: Loaded TP AndroidTargetPlatform
[2018.11.27-04.33.16:480][  0]LogTemp: Display: Loaded TP AndroidTargetPlatform
[2018.11.27-04.33.16:480][  0]LogTemp: Display: Loaded TP AndroidTargetPlatform
[2018.11.27-04.33.16:480][  0]LogTemp: Display: Loaded TP AndroidTargetPlatform
[2018.11.27-04.33.16:480][  0]LogTemp: Display: Loaded TP AndroidTargetPlatform
[2018.11.27-04.33.16:480][  0]LogTemp: Display: Loaded TP AndroidTargetPlatform
[2018.11.27-04.33.16:480][  0]LogTemp: Display: Loaded TP AndroidTargetPlatform
[2018.11.27-04.33.16:480][  0]LogTemp: Display: Loaded TP AndroidTargetPlatform
[2018.11.27-04.33.16:480][  0]LogTemp: Display: Loaded TP AndroidTargetPlatform
[2018.11.27-04.33.16:480][  0]LogTemp: Display: Loaded TP AndroidTargetPlatform
[2018.11.27-04.33.16:482][  0]LogTemp: Display: Loaded TP HTML5TargetPlatform
[2018.11.27-04.33.16:550][  0]LogTemp: Display: Loaded TP IOSTargetPlatform
[2018.11.27-04.33.16:550][  0]LogTemp: Display: Loaded TP IOSTargetPlatform
[2018.11.27-04.33.16:578][  0]LogTemp: Display: Loaded TP TVOSTargetPlatform
[2018.11.27-04.33.16:578][  0]LogTemp: Display: Loaded TP TVOSTargetPlatform
[2018.11.27-04.33.16:593][  0]LogTemp: Display: Loaded TP LinuxClientTargetPlatform
[2018.11.27-04.33.16:609][  0]LogTemp: Display: Loaded TP LinuxNoEditorTargetPlatform
[2018.11.27-04.33.16:627][  0]LogTemp: Display: Loaded TP LinuxServerTargetPlatform
[2018.11.27-04.33.16:643][  0]LogTemp: Display: Loaded TP LinuxTargetPlatform
[2018.11.27-04.33.16:655][  0]LogTemp: Display: Loaded TP LuminTargetPlatform
[2018.11.27-04.33.16:655][  0]LogTargetPlatformManager: Display: Building Assets For Windows
[2018.11.27-04.33.16:785][  0]LogXGEController: Cannot use XGE Controller as Incredibuild is not installed on this machine.
[2018.11.27-04.33.16:785][  0]LogShaderCompilers: Cannot use XGE Shader Compiler as Incredibuild is not installed on this machine.
[2018.11.27-04.33.16:785][  0]LogShaderCompilers: Display: Using Local Shader Compiler.
[2018.11.27-04.33.17:666][  0]LogDerivedDataCache: Display: Max Cache Size: 512 MB
[2018.11.27-04.33.17:749][  0]LogDerivedDataCache: Loaded boot cache 0.08s 71MB C:/Users/45188/AppData/Local/UnrealEngine/4.20/DerivedDataCache/Boot.ddc.
[2018.11.27-04.33.17:749][  0]LogDerivedDataCache: Display: Loaded Boot cache: C:/Users/45188/AppData/Local/UnrealEngine/4.20/DerivedDataCache/Boot.ddc
[2018.11.27-04.33.17:750][  0]LogDerivedDataCache: FDerivedDataBackendGraph:  Pak pak cache file ../../../../../../../GDProject/GameDev1Project4/UnrealHouse/DerivedDataCache/DDC.ddp not found, will not use a pak cache.
[2018.11.27-04.33.17:750][  0]LogDerivedDataCache: Unable to find inner node Pak for hierarchical cache Hierarchy.
[2018.11.27-04.33.17:750][  0]LogDerivedDataCache: FDerivedDataBackendGraph:  CompressedPak pak cache file ../../../../../../../GDProject/GameDev1Project4/UnrealHouse/DerivedDataCache/Compressed.ddp not found, will not use a pak cache.
[2018.11.27-04.33.17:750][  0]LogDerivedDataCache: Unable to find inner node CompressedPak for hierarchical cache Hierarchy.
[2018.11.27-04.33.17:764][  0]LogDerivedDataCache: Display: Pak cache opened for reading ../../../Engine/DerivedDataCache/Compressed.ddp.
[2018.11.27-04.33.17:778][  0]LogDerivedDataCache: Using Local data cache path C:/Users/45188/AppData/Local/UnrealEngine/Common/DerivedDataCache: Writable
[2018.11.27-04.33.17:778][  0]LogDerivedDataCache: Shared data cache path not found in *engine.ini, will not use an Shared cache.
[2018.11.27-04.33.17:778][  0]LogDerivedDataCache: Unable to find inner node Shared for hierarchical cache Hierarchy.
[2018.11.27-04.33.17:799][  0]LogMaterial: Verifying Global Shaders for PCD3D_SM5
[2018.11.27-04.33.17:801][  0]LogSlate: Using FreeType 2.6.0
[2018.11.27-04.33.17:801][  0]LogSlate: SlateFontServices - WITH_FREETYPE: 1, WITH_HARFBUZZ: 1
[2018.11.27-04.33.17:887][  0]LogAssetRegistry: FAssetRegistry took 0.0274 seconds to start up
[2018.11.27-04.33.18:264][  0]LogInit: Selected Device Profile: [Windows]
[2018.11.27-04.33.18:331][  0]LogSimplygon: Simplygon DLL not present - disabling.
[2018.11.27-04.33.18:336][  0]LogMeshReduction: Using SimplygonSwarm for distributed automatic mesh merging
[2018.11.27-04.33.18:336][  0]LogMeshReduction: Using ProxyLODMeshReduction for automatic mesh merging
[2018.11.27-04.33.18:337][  0]LogMeshReduction: Using QuadricMeshReduction for automatic static mesh reduction
[2018.11.27-04.33.18:337][  0]LogMeshReduction: No automatic skeletal mesh reduction module available
[2018.11.27-04.33.18:450][  0]LogNetVersion: UnrealHouse 1.0.0, NetCL: 4212847, EngineNetVer: 5, GameNetVer: 0 (Checksum: 3536387037)
[2018.11.27-04.33.19:719][  0]LogPackageLocalizationCache: Processed 11 localized package path(s) for 2 prioritized culture(s) in 0.473753 seconds
[2018.11.27-04.33.19:727][  0]LogUObjectArray: 38425 objects as part of root set at end of initial load.
[2018.11.27-04.33.19:727][  0]LogUObjectAllocator: 6690872 out of 0 bytes used by permanent object pool.
[2018.11.27-04.33.19:727][  0]LogUObjectArray: CloseDisregardForGC: 0/0 objects in disregard for GC pool
[2018.11.27-04.33.21:070][  0]LogTcpMessaging: Initializing TcpMessaging bridge
[2018.11.27-04.33.21:085][  0]LogUdpMessaging: Initializing bridge on interface 0.0.0.0:0 to multicast group 230.0.0.1:6666.
[2018.11.27-04.33.21:260][  0]SourceControl: Source control is disabled
[2018.11.27-04.33.21:260][  0]SourceControl: Source control is disabled
[2018.11.27-04.33.21:263][  0]SourceControl: Source control is disabled
[2018.11.27-04.33.21:265][  0]SourceControl: Source control is disabled
[2018.11.27-04.33.21:602][  0]LogAndroidPermission: UAndroidPermissionCallbackProxy::GetInstance
[2018.11.27-04.33.21:774][  0]LogOcInput: OculusInput pre-init called
[2018.11.27-04.33.22:190][  0]LogEngine: Initializing Engine...
[2018.11.27-04.33.22:192][  0]LogHMD: Failed to initialize OpenVR with code 110
[2018.11.27-04.33.22:194][  0]LogStats: UGameplayTagsManager::ConstructGameplayTagTree: ImportINI prefixes -  0.000 s
[2018.11.27-04.33.22:194][  0]LogStats: UGameplayTagsManager::ConstructGameplayTagTree: Construct from data asset -  0.000 s
[2018.11.27-04.33.22:194][  0]LogStats: UGameplayTagsManager::ConstructGameplayTagTree: ImportINI -  0.000 s
[2018.11.27-04.33.22:194][  0]LogStats: UGameplayTagsManager::ConstructGameplayTagTree: GameplayTagTreeChangedEvent.Broadcast -  0.000 s
[2018.11.27-04.33.22:487][  0]LogInit: Initializing FReadOnlyCVARCache
[2018.11.27-04.33.22:509][  0]LogAIModule: Creating AISystem for world Untitled
[2018.11.27-04.33.22:641][  0]LogInit: XAudio2 using 'Speakers / Headphones (Realtek Audio)' : 2 channels at 48 kHz using 32 bits per sample (channel mask 0x3)
[2018.11.27-04.33.22:843][  0]LogInit: FAudioDevice initialized.
[2018.11.27-04.33.22:843][  0]LogNetVersion: Set ProjectVersion to 1.0.0.0. Version Checksum will be recalculated on next use.
[2018.11.27-04.33.25:228][  0]LogDerivedDataCache: Saved boot cache 2.38s 71MB C:/Users/45188/AppData/Local/UnrealEngine/4.20/DerivedDataCache/Boot.ddc.
[2018.11.27-04.33.25:236][  0]LogInit: Texture streaming: Enabled
[2018.11.27-04.33.26:382][  0]LogEngineSessionManager: EngineSessionManager initialized
[2018.11.27-04.33.26:790][  0]LogInit: Transaction tracking system initialized
[2018.11.27-04.33.26:815][  0]BlueprintLog: New page: Editor Load
[2018.11.27-04.33.26:910][  0]LocalizationService: Localization service is disabled
[2018.11.27-04.33.27:790][  0]LogCook: Display: Max memory allowance for cook 16384mb min free memory 0mb
[2018.11.27-04.33.27:790][  0]LogCook: Display: Mobile HDR setting 1
[2018.11.27-04.33.27:799][  0]LogFileCache: Scanning file cache for directory 'E:/GDProject/GameDev1Project4/UnrealHouse/Content/' took 0.04s
[2018.11.27-04.33.27:799][  0]LogGameplayTags: Display: UGameplayTagsManager::DoneAddingNativeTags. DelegateIsBound: 0
[2018.11.27-04.33.27:800][  0]LogStats: UGameplayTagsManager::ConstructGameplayTagTree: ImportINI prefixes -  0.000 s
[2018.11.27-04.33.27:800][  0]LogStats: UGameplayTagsManager::ConstructGameplayTagTree: Construct from data asset -  0.000 s
[2018.11.27-04.33.27:800][  0]LogStats: UGameplayTagsManager::ConstructGameplayTagTree: ImportINI -  0.000 s
[2018.11.27-04.33.27:800][  0]LogStats: UGameplayTagsManager::ConstructGameplayTagTree: GameplayTagTreeChangedEvent.Broadcast -  0.000 s
[2018.11.27-04.33.28:001][  0]SourceControl: Source control is disabled
[2018.11.27-04.33.28:001][  0]Cmd: MAP LOAD FILE="../../../../../../../GDProject/GameDev1Project4/UnrealHouse/Content/FirstPersonBP/Maps/FirstPersonExampleMap.umap" TEMPLATE=0 SHOWPROGRESS=1 FEATURELEVEL=3
[2018.11.27-04.33.28:002][  0]LightingResults: New page: Lighting Build
[2018.11.27-04.33.28:005][  0]MapCheck: New page: Map Check
[2018.11.27-04.33.28:005][  0]LightingResults: New page: Lighting Build
[2018.11.27-04.33.37:832][  0]LogAIModule: Creating AISystem for world FirstPersonExampleMap
[2018.11.27-04.33.38:276][  0]LogEditorServer: Finished looking for orphan Actors (0.000 secs)
[2018.11.27-04.33.38:314][  0]Cmd: MAP CHECKDEP NOCLEARLOG
[2018.11.27-04.33.38:463][  0]MapCheck: Map check complete: 0 Error(s), 0 Warning(s), took 148.733ms to complete.
[2018.11.27-04.33.38:463][  0]LogFileHelpers: Loading map 'FirstPersonExampleMap' took 10.462
[2018.11.27-04.33.40:026][  0]LogSlate: Updating window title bar state: overlay mode, drag disabled, window buttons hidden, title bar hidden
[2018.11.27-04.33.40:037][  0]LogSlate: Updating window title bar state: overlay mode, drag disabled, window buttons hidden, title bar hidden
[2018.11.27-04.33.40:472][  0]LogCollectionManager: Loaded 0 collections in 0.007722 seconds
[2018.11.27-04.33.40:957][  0]LogFileCache: Scanning file cache for directory 'E:/GDProject/GameDev1Project4/UnrealHouse/Saved/Collections/' took 0.01s
[2018.11.27-04.33.40:957][  0]LogFileCache: Scanning file cache for directory 'E:/GDProject/GameDev1Project4/UnrealHouse/Content/Developers/45188/Collections/' took 0.01s
[2018.11.27-04.33.40:957][  0]LogFileCache: Scanning file cache for directory 'E:/GDProject/GameDev1Project4/UnrealHouse/Content/Collections/' took 0.01s
[2018.11.27-04.33.40:957][  0]LogCollectionManager: Rebuilt the GUID cache for 0 collections in 0.000000 seconds
[2018.11.27-04.33.41:035][  0]LogContentBrowser: Native class hierarchy populated in 0.0276 seconds. Added 2572 classes and 603 folders.
[2018.11.27-04.33.41:272][  0]LogContentBrowser: Native class hierarchy updated for 'WidgetCarousel' in 0.0003 seconds. Added 0 classes and 0 folders.
[2018.11.27-04.33.44:134][  0]LogContentBrowser: Native class hierarchy updated for 'AddContentDialog' in 0.0003 seconds. Added 0 classes and 0 folders.
[2018.11.27-04.33.44:262][  0]LogContentBrowser: Native class hierarchy updated for 'SceneOutliner' in 0.0003 seconds. Added 1 classes and 2 folders.
[2018.11.27-04.33.45:598][  0]LogContentBrowser: Native class hierarchy updated for 'HierarchicalLODOutliner' in 0.0003 seconds. Added 0 classes and 0 folders.
[2018.11.27-04.33.45:599][  0]LogLoad: (Engine Initialization) Total time: 36.98 seconds
[2018.11.27-04.33.45:599][  0]LogLoad: (Engine Initialization) Total Blueprint compile time: 0.00 seconds
[2018.11.27-04.33.45:624][  0]LogWindowsTextInputMethodSystem: Display: IME system now deactivated.
[2018.11.27-04.33.45:828][  0]LogContentStreaming: Texture pool size now 1000 MB
[2018.11.27-04.33.45:830][  0]LogSlate: Took 0.000242 seconds to synchronously load lazily loaded font '../../../Engine/Content/Slate/Fonts/Roboto-Regular.ttf' (155K)
[2018.11.27-04.33.45:833][  0]LogSlate: Took 0.000236 seconds to synchronously load lazily loaded font '../../../Engine/Content/Slate/Fonts/Roboto-Bold.ttf' (160K)
[2018.11.27-04.33.46:500][  1]LogRenderer: Reallocating scene render targets to support 300x332 Format 10 NumSamples 1 (Frame:1).
[2018.11.27-04.33.46:514][  1]LogAssetRegistry: Asset discovery search completed in 28.6501 seconds
[2018.11.27-04.33.46:517][  1]LogCollectionManager: Rebuilt the object cache for 0 collections in 0.000000 seconds (found 0 objects)
[2018.11.27-04.33.46:517][  1]LogCollectionManager: Fixed up redirectors for 0 collections in 0.000089 seconds (updated 0 objects)
[2018.11.27-04.33.47:005][  2]LogRenderer: Reallocating scene render targets to support 304x332 Format 10 NumSamples 1 (Frame:2).
[2018.11.27-04.33.47:254][  3]LogSlate: Took 0.020055 seconds to synchronously load lazily loaded font '../../../Engine/Content/Slate/Fonts/Roboto-Light.ttf' (167K)
[2018.11.27-04.33.51:585][251]LogSlate: FSceneViewport::OnFocusLost() reason 0
[2018.11.27-04.33.51:722][254]LogAssetEditorManager: Opening Asset editor for LevelSequence /Game/CameraSequences/CameraSequence.CameraSequence
[2018.11.27-04.33.52:072][254]LogAssetEditorManager: Opening Asset editor for Blueprint /Game/FirstPersonBP/Blueprints/MyFirstPersonCharacter.MyFirstPersonCharacter
[2018.11.27-04.33.53:744][254]LogContentBrowser: Native class hierarchy updated for 'BlueprintGraph' in 0.0018 seconds. Added 116 classes and 0 folders.
[2018.11.27-04.33.55:517][254]LogLinker: Warning: Can't resolve asset name
[2018.11.27-04.33.55:628][254]LogSlate: Took 0.010760 seconds to synchronously load lazily loaded font '../../../Engine/Content/Slate/Fonts/DroidSansMono.ttf' (77K)
[2018.11.27-04.33.55:641][254]LogSlate: Took 0.011269 seconds to synchronously load lazily loaded font '../../../Engine/Content/Editor/Slate/Fonts/FontAwesome.ttf' (139K)
[2018.11.27-04.33.55:670][254]LogSlate: Took 0.011799 seconds to synchronously load lazily loaded font '../../../Engine/Content/Slate/Fonts/Roboto-BoldCondensed.ttf' (158K)
[2018.11.27-04.33.56:103][255]LogSlate: Took 0.016626 seconds to synchronously load lazily loaded font '../../../Engine/Content/Slate/Fonts/Roboto-Italic.ttf' (157K)
[2018.11.27-04.33.59:181][366]LogSlate: Window 'MyFirstPersonCharacter' being destroyed
[2018.11.27-04.34.03:113][577]LogRenderer: Reallocating scene render targets to support 364x404 Format 10 NumSamples 1 (Frame:585).
[2018.11.27-04.42.33:167][615]LogEditorViewport: Clicking on Actor (LMB): SkyLight (SkyLight)
[2018.11.27-04.42.43:199][168]LogSlate: FSceneViewport::OnFocusLost() reason 2
[2018.11.27-04.42.44:249][168]LogSavePackage: Moving '../../../../../../../GDProject/GameDev1Project4/UnrealHouse/Saved/FirstPersonExampleMap75588ED04F342F03A9538382DE00DF73.tmp' to '../../../../../../../GDProject/GameDev1Project4/UnrealHouse/Content/FirstPersonBP/Maps/FirstPersonExampleMap.umap'
[2018.11.27-04.42.46:265][168]LogSavePackage: Moving '../../../../../../../GDProject/GameDev1Project4/UnrealHouse/Saved/FirstPersonExampleMap_BuiltDataC5E4433D4E763F1526B32A8E37056EE8.tmp' to '../../../../../../../GDProject/GameDev1Project4/UnrealHouse/Content/FirstPersonBP/Maps/FirstPersonExampleMap_BuiltData.uasset'
[2018.11.27-04.42.53:038][551]LogSlate: FSceneViewport::OnFocusLost() reason 2
[2018.11.27-04.42.53:395][551]LogSavePackage: Moving '../../../../../../../GDProject/GameDev1Project4/UnrealHouse/Saved/FirstPersonExampleMapDBAB52C2461C6C9ADD27838B824D9651.tmp' to '../../../../../../../GDProject/GameDev1Project4/UnrealHouse/Content/FirstPersonBP/Maps/FirstPersonExampleMap.umap'
[2018.11.27-04.42.54:474][551]LogSavePackage: Moving '../../../../../../../GDProject/GameDev1Project4/UnrealHouse/Saved/FirstPersonExampleMap_BuiltDataA0BB224A46B8925C97174C8117C4CBA3.tmp' to '../../../../../../../GDProject/GameDev1Project4/UnrealHouse/Content/FirstPersonBP/Maps/FirstPersonExampleMap_BuiltData.uasset'
[2018.11.27-04.43.11:124][511]LogSlate: FSceneViewport::OnFocusLost() reason 2
[2018.11.27-04.43.11:442][511]LogSavePackage: Moving '../../../../../../../GDProject/GameDev1Project4/UnrealHouse/Saved/FirstPersonExampleMap163C6FE54991864DF2609A81AF24338B.tmp' to '../../../../../../../GDProject/GameDev1Project4/UnrealHouse/Content/FirstPersonBP/Maps/FirstPersonExampleMap.umap'
[2018.11.27-04.43.12:490][511]LogSavePackage: Moving '../../../../../../../GDProject/GameDev1Project4/UnrealHouse/Saved/FirstPersonExampleMap_BuiltData827E6D3E4F714B18FEF5799353130C00.tmp' to '../../../../../../../GDProject/GameDev1Project4/UnrealHouse/Content/FirstPersonBP/Maps/FirstPersonExampleMap_BuiltData.uasset'
[2018.11.27-04.43.19:371][839]LogSlate: FSceneViewport::OnFocusLost() reason 2
[2018.11.27-04.43.19:689][839]LogSavePackage: Moving '../../../../../../../GDProject/GameDev1Project4/UnrealHouse/Saved/FirstPersonExampleMapC8C63FC14194847FD48B6D922381E25D.tmp' to '../../../../../../../GDProject/GameDev1Project4/UnrealHouse/Content/FirstPersonBP/Maps/FirstPersonExampleMap.umap'
[2018.11.27-04.43.20:702][839]LogSavePackage: Moving '../../../../../../../GDProject/GameDev1Project4/UnrealHouse/Saved/FirstPersonExampleMap_BuiltData9741F8E447CFC16B457A5C93C2C82D6A.tmp' to '../../../../../../../GDProject/GameDev1Project4/UnrealHouse/Content/FirstPersonBP/Maps/FirstPersonExampleMap_BuiltData.uasset'
[2018.11.27-04.43.22:787][949]LogTemp: Repeating last play command: Selected Viewport
[2018.11.27-04.43.22:807][949]LogBlueprintUserMessages: Early PlayInEditor Detection: Level '/Game/FirstPersonBP/Maps/FirstPersonExampleMap.FirstPersonExampleMap:PersistentLevel' has LevelScriptBlueprint '/Game/FirstPersonBP/Maps/FirstPersonExampleMap.FirstPersonExampleMap:PersistentLevel.FirstPersonExampleMap' with GeneratedClass '/Game/FirstPersonBP/Maps/FirstPersonExampleMap.FirstPersonExampleMap_C' with ClassGeneratedBy '/Game/FirstPersonBP/Maps/FirstPersonExampleMap.FirstPersonExampleMap:PersistentLevel.FirstPersonExampleMap'
[2018.11.27-04.43.22:810][949]LogPlayLevel: PlayLevel: No blueprints needed recompiling
[2018.11.27-04.43.22:878][949]PIE: New page: PIE session: FirstPersonExampleMap (2018年11月26日 下午6:43:22)
[2018.11.27-04.43.22:879][949]LogPlayLevel: Creating play world package: /Game/FirstPersonBP/Maps/UEDPIE_0_FirstPersonExampleMap
[2018.11.27-04.43.22:907][949]LogPlayLevel: PIE: StaticDuplicateObject took: (0.027631s)
[2018.11.27-04.43.22:908][949]LogAIModule: Creating AISystem for world FirstPersonExampleMap
[2018.11.27-04.43.22:909][949]LogPlayLevel: PIE: World Init took: (0.002528s)
[2018.11.27-04.43.22:910][949]LogPlayLevel: PIE: Created PIE world by copying editor world from /Game/FirstPersonBP/Maps/FirstPersonExampleMap.FirstPersonExampleMap to /Game/FirstPersonBP/Maps/UEDPIE_0_FirstPersonExampleMap.FirstPersonExampleMap (0.031186s)
[2018.11.27-04.43.23:001][949]LogInit: XAudio2 using 'Speakers / Headphones (Realtek Audio)' : 2 channels at 48 kHz using 32 bits per sample (channel mask 0x3)
[2018.11.27-04.43.23:181][949]LogInit: FAudioDevice initialized.
[2018.11.27-04.43.23:186][949]LogSlate: FSceneViewport::OnFocusLost() reason 2
[2018.11.27-04.43.23:235][949]LogLoad: Game class is 'MyFirstPersonGameMode_C'
[2018.11.27-04.43.23:287][949]LogWorld: Bringing World /Game/FirstPersonBP/Maps/UEDPIE_0_FirstPersonExampleMap.FirstPersonExampleMap up for play (max tick rate 60) at 2018.11.26-23.43.23
[2018.11.27-04.43.23:317][949]LogWorld: Bringing up level for play took: 0.051745
[2018.11.27-04.43.23:387][949]LogContentBrowser: Native class hierarchy updated for 'MovieSceneCapture' in 0.0021 seconds. Added 10 classes and 0 folders.
[2018.11.27-04.43.23:393][949]PIE: Play in editor start time for /Game/FirstPersonBP/Maps/UEDPIE_0_FirstPersonExampleMap 1.419
[2018.11.27-04.43.23:393][949]LogBlueprintUserMessages: Late PlayInEditor Detection: Level '/Game/FirstPersonBP/Maps/FirstPersonExampleMap.FirstPersonExampleMap:PersistentLevel' has LevelScriptBlueprint '/Game/FirstPersonBP/Maps/FirstPersonExampleMap.FirstPersonExampleMap:PersistentLevel.FirstPersonExampleMap' with GeneratedClass '/Game/FirstPersonBP/Maps/FirstPersonExampleMap.FirstPersonExampleMap_C' with ClassGeneratedBy '/Game/FirstPersonBP/Maps/FirstPersonExampleMap.FirstPersonExampleMap:PersistentLevel.FirstPersonExampleMap'
[2018.11.27-04.43.28:036][205]LogBlueprintUserMessages: [FirstPersonExampleMap_C_3] Trigger Event 1
[2018.11.27-04.43.36:995][731]LogBlueprintUserMessages: [FirstPersonExampleMap_C_3] Trigger Event 2
[2018.11.27-04.43.48:175][383]LogBlueprintUserMessages: Early EndPlayMap Detection: Level '/Game/FirstPersonBP/Maps/FirstPersonExampleMap.FirstPersonExampleMap:PersistentLevel' has LevelScriptBlueprint '/Game/FirstPersonBP/Maps/FirstPersonExampleMap.FirstPersonExampleMap:PersistentLevel.FirstPersonExampleMap' with GeneratedClass '/Game/FirstPersonBP/Maps/FirstPersonExampleMap.FirstPersonExampleMap_C' with ClassGeneratedBy '/Game/FirstPersonBP/Maps/FirstPersonExampleMap.FirstPersonExampleMap:PersistentLevel.FirstPersonExampleMap'
[2018.11.27-04.43.48:182][383]LogSlate: Updating window title bar state: overlay mode, drag disabled, window buttons hidden, title bar hidden
[2018.11.27-04.43.48:293][383]LogPlayLevel: Display: Shutting down PIE online subsystems
[2018.11.27-04.43.48:298][383]LogBlueprintUserMessages: Late EndPlayMap Detection: Level '/Game/FirstPersonBP/Maps/FirstPersonExampleMap.FirstPersonExampleMap:PersistentLevel' has LevelScriptBlueprint '/Game/FirstPersonBP/Maps/FirstPersonExampleMap.FirstPersonExampleMap:PersistentLevel.FirstPersonExampleMap' with GeneratedClass '/Game/FirstPersonBP/Maps/FirstPersonExampleMap.FirstPersonExampleMap_C' with ClassGeneratedBy '/Game/FirstPersonBP/Maps/FirstPersonExampleMap.FirstPersonExampleMap:PersistentLevel.FirstPersonExampleMap'
[2018.11.27-04.43.48:371][383]LogSlate: Updating window title bar state: overlay mode, drag disabled, window buttons hidden, title bar hidden
[2018.11.27-04.43.48:441][384]LogPlayLevel: Display: Destroying online subsystem :Context_2
[2018.11.27-04.43.53:050][559]LogSlate: FSceneViewport::OnFocusLost() reason 2
[2018.11.27-04.43.53:407][559]LogSavePackage: Moving '../../../../../../../GDProject/GameDev1Project4/UnrealHouse/Saved/FirstPersonExampleMap3DDC08414F6D139757778697F72BB6F1.tmp' to '../../../../../../../GDProject/GameDev1Project4/UnrealHouse/Content/FirstPersonBP/Maps/FirstPersonExampleMap.umap'
[2018.11.27-04.43.54:740][559]LogSavePackage: Moving '../../../../../../../GDProject/GameDev1Project4/UnrealHouse/Saved/FirstPersonExampleMap_BuiltData324E28544BCD5ADD95414C8C25573330.tmp' to '../../../../../../../GDProject/GameDev1Project4/UnrealHouse/Content/FirstPersonBP/Maps/FirstPersonExampleMap_BuiltData.uasset'
[2018.11.27-04.44.15:891][220]LogSlate: FSceneViewport::OnFocusLost() reason 0
[2018.11.27-04.44.28:597][705]LogTemp: Repeating last play command: Selected Viewport
[2018.11.27-04.44.28:612][705]LogBlueprintUserMessages: Early PlayInEditor Detection: Level '/Game/FirstPersonBP/Maps/FirstPersonExampleMap.FirstPersonExampleMap:PersistentLevel' has LevelScriptBlueprint '/Game/FirstPersonBP/Maps/FirstPersonExampleMap.FirstPersonExampleMap:PersistentLevel.FirstPersonExampleMap' with GeneratedClass '/Game/FirstPersonBP/Maps/FirstPersonExampleMap.FirstPersonExampleMap_C' with ClassGeneratedBy '/Game/FirstPersonBP/Maps/FirstPersonExampleMap.FirstPersonExampleMap:PersistentLevel.FirstPersonExampleMap'
[2018.11.27-04.44.28:612][705]LogPlayLevel: PlayLevel: No blueprints needed recompiling
[2018.11.27-04.44.28:613][705]PIE: New page: PIE session: FirstPersonExampleMap (2018年11月26日 下午6:44:28)
[2018.11.27-04.44.28:613][705]LogPlayLevel: Creating play world package: /Game/FirstPersonBP/Maps/UEDPIE_0_FirstPersonExampleMap
[2018.11.27-04.44.28:639][705]LogPlayLevel: PIE: StaticDuplicateObject took: (0.026782s)
[2018.11.27-04.44.28:641][705]LogAIModule: Creating AISystem for world FirstPersonExampleMap
[2018.11.27-04.44.28:641][705]LogPlayLevel: PIE: World Init took: (0.001769s)
[2018.11.27-04.44.28:641][705]LogPlayLevel: PIE: Created PIE world by copying editor world from /Game/FirstPersonBP/Maps/FirstPersonExampleMap.FirstPersonExampleMap to /Game/FirstPersonBP/Maps/UEDPIE_0_FirstPersonExampleMap.FirstPersonExampleMap (0.028852s)
[2018.11.27-04.44.28:772][705]LogInit: XAudio2 using 'Speakers / Headphones (Realtek Audio)' : 2 channels at 48 kHz using 32 bits per sample (channel mask 0x3)
[2018.11.27-04.44.28:968][705]LogInit: FAudioDevice initialized.
[2018.11.27-04.44.28:968][705]LogSlate: FSceneViewport::OnFocusLost() reason 2
[2018.11.27-04.44.28:998][705]LogLoad: Game class is 'MyFirstPersonGameMode_C'
[2018.11.27-04.44.29:002][705]LogWorld: Bringing World /Game/FirstPersonBP/Maps/UEDPIE_0_FirstPersonExampleMap.FirstPersonExampleMap up for play (max tick rate 60) at 2018.11.26-23.44.29
[2018.11.27-04.44.29:003][705]LogWorld: Bringing up level for play took: 0.003818
[2018.11.27-04.44.29:018][705]PIE: Play in editor start time for /Game/FirstPersonBP/Maps/UEDPIE_0_FirstPersonExampleMap 1.044
[2018.11.27-04.44.29:018][705]LogBlueprintUserMessages: Late PlayInEditor Detection: Level '/Game/FirstPersonBP/Maps/FirstPersonExampleMap.FirstPersonExampleMap:PersistentLevel' has LevelScriptBlueprint '/Game/FirstPersonBP/Maps/FirstPersonExampleMap.FirstPersonExampleMap:PersistentLevel.FirstPersonExampleMap' with GeneratedClass '/Game/FirstPersonBP/Maps/FirstPersonExampleMap.FirstPersonExampleMap_C' with ClassGeneratedBy '/Game/FirstPersonBP/Maps/FirstPersonExampleMap.FirstPersonExampleMap:PersistentLevel.FirstPersonExampleMap'
[2018.11.27-04.44.43:181][520]LogBlueprintUserMessages: [FirstPersonExampleMap_C_4] Trigger Event 2
[2018.11.27-04.45.06:897][930]LogBlueprintUserMessages: Early EndPlayMap Detection: Level '/Game/FirstPersonBP/Maps/FirstPersonExampleMap.FirstPersonExampleMap:PersistentLevel' has LevelScriptBlueprint '/Game/FirstPersonBP/Maps/FirstPersonExampleMap.FirstPersonExampleMap:PersistentLevel.FirstPersonExampleMap' with GeneratedClass '/Game/FirstPersonBP/Maps/FirstPersonExampleMap.FirstPersonExampleMap_C' with ClassGeneratedBy '/Game/FirstPersonBP/Maps/FirstPersonExampleMap.FirstPersonExampleMap:PersistentLevel.FirstPersonExampleMap'
[2018.11.27-04.45.06:924][930]LogSlate: Updating window title bar state: overlay mode, drag disabled, window buttons hidden, title bar hidden
[2018.11.27-04.45.06:959][930]LogPlayLevel: Display: Shutting down PIE online subsystems
[2018.11.27-04.45.06:959][930]LogBlueprintUserMessages: Late EndPlayMap Detection: Level '/Game/FirstPersonBP/Maps/FirstPersonExampleMap.FirstPersonExampleMap:PersistentLevel' has LevelScriptBlueprint '/Game/FirstPersonBP/Maps/FirstPersonExampleMap.FirstPersonExampleMap:PersistentLevel.FirstPersonExampleMap' with GeneratedClass '/Game/FirstPersonBP/Maps/FirstPersonExampleMap.FirstPersonExampleMap_C' with ClassGeneratedBy '/Game/FirstPersonBP/Maps/FirstPersonExampleMap.FirstPersonExampleMap:PersistentLevel.FirstPersonExampleMap'
[2018.11.27-04.45.07:008][930]LogSlate: Updating window title bar state: overlay mode, drag disabled, window buttons hidden, title bar hidden
[2018.11.27-04.45.07:052][931]LogPlayLevel: Display: Destroying online subsystem :Context_3
[2018.11.27-04.45.17:056][515]LogSlate: FSceneViewport::OnFocusLost() reason 0
[2018.11.27-04.45.23:857][884]LogTemp: Repeating last play command: Selected Viewport
[2018.11.27-04.45.23:873][884]LogBlueprintUserMessages: Early PlayInEditor Detection: Level '/Game/FirstPersonBP/Maps/FirstPersonExampleMap.FirstPersonExampleMap:PersistentLevel' has LevelScriptBlueprint '/Game/FirstPersonBP/Maps/FirstPersonExampleMap.FirstPersonExampleMap:PersistentLevel.FirstPersonExampleMap' with GeneratedClass '/Game/FirstPersonBP/Maps/FirstPersonExampleMap.FirstPersonExampleMap_C' with ClassGeneratedBy '/Game/FirstPersonBP/Maps/FirstPersonExampleMap.FirstPersonExampleMap:PersistentLevel.FirstPersonExampleMap'
[2018.11.27-04.45.23:873][884]LogPlayLevel: PlayLevel: No blueprints needed recompiling
[2018.11.27-04.45.23:873][884]PIE: New page: PIE session: FirstPersonExampleMap (2018年11月26日 下午6:45:23)
[2018.11.27-04.45.23:874][884]LogPlayLevel: Creating play world package: /Game/FirstPersonBP/Maps/UEDPIE_0_FirstPersonExampleMap
[2018.11.27-04.45.23:898][884]LogPlayLevel: PIE: StaticDuplicateObject took: (0.023252s)
[2018.11.27-04.45.23:899][884]LogAIModule: Creating AISystem for world FirstPersonExampleMap
[2018.11.27-04.45.23:899][884]LogPlayLevel: PIE: World Init took: (0.001510s)
[2018.11.27-04.45.23:899][884]LogPlayLevel: PIE: Created PIE world by copying editor world from /Game/FirstPersonBP/Maps/FirstPersonExampleMap.FirstPersonExampleMap to /Game/FirstPersonBP/Maps/UEDPIE_0_FirstPersonExampleMap.FirstPersonExampleMap (0.025387s)
[2018.11.27-04.45.24:042][884]LogInit: XAudio2 using 'Speakers / Headphones (Realtek Audio)' : 2 channels at 48 kHz using 32 bits per sample (channel mask 0x3)
[2018.11.27-04.45.24:252][884]LogInit: FAudioDevice initialized.
[2018.11.27-04.45.24:252][884]LogSlate: FSceneViewport::OnFocusLost() reason 2
[2018.11.27-04.45.24:284][884]LogLoad: Game class is 'MyFirstPersonGameMode_C'
[2018.11.27-04.45.24:288][884]LogWorld: Bringing World /Game/FirstPersonBP/Maps/UEDPIE_0_FirstPersonExampleMap.FirstPersonExampleMap up for play (max tick rate 60) at 2018.11.26-23.45.24
[2018.11.27-04.45.24:288][884]LogWorld: Bringing up level for play took: 0.003013
[2018.11.27-04.45.24:303][884]PIE: Play in editor start time for /Game/FirstPersonBP/Maps/UEDPIE_0_FirstPersonExampleMap 0.329
[2018.11.27-04.45.24:303][884]LogBlueprintUserMessages: Late PlayInEditor Detection: Level '/Game/FirstPersonBP/Maps/FirstPersonExampleMap.FirstPersonExampleMap:PersistentLevel' has LevelScriptBlueprint '/Game/FirstPersonBP/Maps/FirstPersonExampleMap.FirstPersonExampleMap:PersistentLevel.FirstPersonExampleMap' with GeneratedClass '/Game/FirstPersonBP/Maps/FirstPersonExampleMap.FirstPersonExampleMap_C' with ClassGeneratedBy '/Game/FirstPersonBP/Maps/FirstPersonExampleMap.FirstPersonExampleMap:PersistentLevel.FirstPersonExampleMap'
[2018.11.27-04.45.31:161][272]LogBlueprintUserMessages: [FirstPersonExampleMap_C_4] Trigger Event 1
[2018.11.27-04.45.57:675][843]LogBlueprintUserMessages: Early EndPlayMap Detection: Level '/Game/FirstPersonBP/Maps/FirstPersonExampleMap.FirstPersonExampleMap:PersistentLevel' has LevelScriptBlueprint '/Game/FirstPersonBP/Maps/FirstPersonExampleMap.FirstPersonExampleMap:PersistentLevel.FirstPersonExampleMap' with GeneratedClass '/Game/FirstPersonBP/Maps/FirstPersonExampleMap.FirstPersonExampleMap_C' with ClassGeneratedBy '/Game/FirstPersonBP/Maps/FirstPersonExampleMap.FirstPersonExampleMap:PersistentLevel.FirstPersonExampleMap'
[2018.11.27-04.45.57:705][843]LogSlate: Updating window title bar state: overlay mode, drag disabled, window buttons hidden, title bar hidden
[2018.11.27-04.45.57:746][843]LogPlayLevel: Display: Shutting down PIE online subsystems
[2018.11.27-04.45.57:746][843]LogBlueprintUserMessages: Late EndPlayMap Detection: Level '/Game/FirstPersonBP/Maps/FirstPersonExampleMap.FirstPersonExampleMap:PersistentLevel' has LevelScriptBlueprint '/Game/FirstPersonBP/Maps/FirstPersonExampleMap.FirstPersonExampleMap:PersistentLevel.FirstPersonExampleMap' with GeneratedClass '/Game/FirstPersonBP/Maps/FirstPersonExampleMap.FirstPersonExampleMap_C' with ClassGeneratedBy '/Game/FirstPersonBP/Maps/FirstPersonExampleMap.FirstPersonExampleMap:PersistentLevel.FirstPersonExampleMap'
[2018.11.27-04.45.57:788][843]LogSlate: Updating window title bar state: overlay mode, drag disabled, window buttons hidden, title bar hidden
[2018.11.27-04.45.57:811][844]LogPlayLevel: Display: Destroying online subsystem :Context_4
[2018.11.27-04.46.05:995][320]LogSlate: FSceneViewport::OnFocusLost() reason 2
[2018.11.27-04.47.02:649][456]LogSavePackage: Moving '../../../../../../../GDProject/GameDev1Project4/UnrealHouse/Saved/MyFirstPersonCharacterE3452EAB4E2A094A63CA9A903F74600D.tmp' to '../../../../../../../GDProject/GameDev1Project4/UnrealHouse/Content/FirstPersonBP/Blueprints/MyFirstPersonCharacter.uasset'
[2018.11.27-04.47.06:933][650]LogSavePackage: Moving '../../../../../../../GDProject/GameDev1Project4/UnrealHouse/Saved/MyFirstPersonCharacter2CB9863748CBB690B05A3D9765E72A1D.tmp' to '../../../../../../../GDProject/GameDev1Project4/UnrealHouse/Content/FirstPersonBP/Blueprints/MyFirstPersonCharacter.uasset'
[2018.11.27-04.47.22:421][531]LogAssetEditorManager: Opening Asset editor for LevelScriptBlueprint /Game/FirstPersonBP/Maps/FirstPersonExampleMap.FirstPersonExampleMap:PersistentLevel.FirstPersonExampleMap
[2018.11.27-04.55.05:691][350]LogFileHelpers: Editor autosave (incl. sublevels) for '/Game/FirstPersonBP/Maps/FirstPersonExampleMap' took 0.054
[2018.11.27-04.55.05:710][350]OBJ SavePackage: Generating thumbnails for [0] asset(s) in package [/Game/CameraSequences/CameraSequence] ([1] browsable assets)...
[2018.11.27-04.55.05:710][350]OBJ SavePackage: Finished generating thumbnails for package [/Game/CameraSequences/CameraSequence]
[2018.11.27-04.55.05:759][350]LogSavePackage: Moving '../../../../../../../GDProject/GameDev1Project4/UnrealHouse/Saved/CameraSequence_Auto15E7945E8459F9B72FC28FA9A77BDC1F4.tmp' to '../../../../../../../GDProject/GameDev1Project4/UnrealHouse/Saved/Autosaves/Game/CameraSequences/CameraSequence_Auto1.uasset'
[2018.11.27-04.55.05:761][350]LogFileHelpers: Auto-saving content packages took 0.067
[2018.11.27-04.56.19:296][608]LogSavePackage: Moving '../../../../../../../GDProject/GameDev1Project4/UnrealHouse/Saved/FirstPersonExampleMap5C70B4744ECBADA569844F897E5AE8A0.tmp' to '../../../../../../../GDProject/GameDev1Project4/UnrealHouse/Content/FirstPersonBP/Maps/FirstPersonExampleMap.umap'
[2018.11.27-04.56.19:327][608]LogFileHelpers: Saving map 'FirstPersonExampleMap' took 2.183
[2018.11.27-04.58.11:209][476]Cmd: OBJ SAVEPACKAGE PACKAGE="/Game/CameraSequences/CameraSequence" FILE="../../../../../../../GDProject/GameDev1Project4/UnrealHouse/Content/CameraSequences/CameraSequence.uasset" SILENT=true
[2018.11.27-04.58.11:233][476]LogSavePackage: Moving '../../../../../../../GDProject/GameDev1Project4/UnrealHouse/Saved/CameraSequence8D6EDCDB4AF29449E442D0AC7F9AFD7B.tmp' to '../../../../../../../GDProject/GameDev1Project4/UnrealHouse/Content/CameraSequences/CameraSequence.uasset'
[2018.11.27-05.08.03:492][768]LogSlate: Took 0.044953 seconds to synchronously load lazily loaded font '../../../Engine/Content/Slate/Fonts/Roboto-Light.ttf' (167K)
[2018.11.27-05.08.04:836][843]LogAssetEditorManager: Opening Asset editor for LevelSequence /Game/CameraSequences/Event2CameraSeq.Event2CameraSeq
[2018.11.27-05.08.34:966][266]LogSlate: Only BGRA pngs, bmps or icos are supported in by External Image Picker
[2018.11.27-05.08.37:245][267]LogTemp: Executing iPhonePackager certificates Engine -bundlename com.YourCompany.UnrealHouse
[2018.11.27-05.08.37:245][267]LogTemp: CWD: E:\Software\Unreal\Epic Games\UE_4.20\Engine\Binaries\DotNET\IOS
[2018.11.27-05.08.37:245][267]LogTemp: Initial Dir: E:\Software\Unreal\Epic Games\UE_4.20
[2018.11.27-05.08.37:245][267]LogTemp: Env CWD: E:\Software\Unreal\Epic Games\UE_4.20\Engine\Binaries\DotNET\IOS
[2018.11.27-05.08.37:245][267]LogTemp: BranchPath = DESKTOP-LQ8KI8D/E/Software/Unreal/Epic Games/UE_4.20/Engine/Binaries --- GameBranchPath = DESKTOP-LQ8KI8D/E/Software/Unreal/Epic Games/UE_4.20/Engine/Binaries
[2018.11.27-05.08.37:245][267]LogTemp: IPP ERROR: Could not find provision directory 'C:\Users\45188\AppData\Local/Apple Computer/MobileDevice/Provisioning Profiles/'.
[2018.11.27-05.09.45:633][860]LogSlate: Window 'Project Settings' being destroyed
[2018.11.27-05.09.45:638][860]LogSlate: Window 'Project Settings' being destroyed
[2018.11.27-05.10.12:553][ 90]LogFileHelpers: Editor autosave (incl. sublevels) for '/Game/FirstPersonBP/Maps/FirstPersonExampleMap' took 0.054
[2018.11.27-05.10.12:558][ 90]OBJ SavePackage: Generating thumbnails for [0] asset(s) in package [/Game/CameraSequences/CameraSequence] ([1] browsable assets)...
[2018.11.27-05.10.12:558][ 90]OBJ SavePackage: Finished generating thumbnails for package [/Game/CameraSequences/CameraSequence]
[2018.11.27-05.10.12:596][ 90]LogSavePackage: Moving '../../../../../../../GDProject/GameDev1Project4/UnrealHouse/Saved/CameraSequence_Auto27C7D68A243984061FA667A84EDD33AAE.tmp' to '../../../../../../../GDProject/GameDev1Project4/UnrealHouse/Saved/Autosaves/Game/CameraSequences/CameraSequence_Auto2.uasset'
[2018.11.27-05.10.12:599][ 90]LogFileHelpers: Auto-saving content packages took 0.044
[2018.11.27-05.12.20:404][276]Cmd: OBJ SAVEPACKAGE PACKAGE="/Game/CameraSequences/Event2CameraSeq" FILE="../../../../../../../GDProject/GameDev1Project4/UnrealHouse/Content/CameraSequences/Event2CameraSeq.uasset" SILENT=true
[2018.11.27-05.12.20:472][276]LogSavePackage: Moving '../../../../../../../GDProject/GameDev1Project4/UnrealHouse/Saved/Event2CameraSeq8F7050414C39D5C6BB6C969FF5763AE1.tmp' to '../../../../../../../GDProject/GameDev1Project4/UnrealHouse/Content/CameraSequences/Event2CameraSeq.uasset'
[2018.11.27-05.12.20:635][280]Cmd: OBJ SAVEPACKAGE PACKAGE="/Game/CameraSequences/Event2CameraSeq" FILE="../../../../../../../GDProject/GameDev1Project4/UnrealHouse/Content/CameraSequences/Event2CameraSeq.uasset" SILENT=true
[2018.11.27-05.12.20:693][280]LogSavePackage: Moving '../../../../../../../GDProject/GameDev1Project4/UnrealHouse/Saved/Event2CameraSeqE3667BD34A1A4451EBD4C6A3A32314FD.tmp' to '../../../../../../../GDProject/GameDev1Project4/UnrealHouse/Content/CameraSequences/Event2CameraSeq.uasset'
[2018.11.27-05.12.22:016][357]Cmd: OBJ SAVEPACKAGE PACKAGE="/Game/CameraSequences/Event2CameraSeq" FILE="../../../../../../../GDProject/GameDev1Project4/UnrealHouse/Content/CameraSequences/Event2CameraSeq.uasset" SILENT=true
[2018.11.27-05.12.22:082][357]LogSavePackage: Moving '../../../../../../../GDProject/GameDev1Project4/UnrealHouse/Saved/Event2CameraSeq777EAEAD42FCC431D3BA269903011EB7.tmp' to '../../../../../../../GDProject/GameDev1Project4/UnrealHouse/Content/CameraSequences/Event2CameraSeq.uasset'
[2018.11.27-05.12.23:289][424]LogTemp: Repeating last play command: Selected Viewport
[2018.11.27-05.12.23:310][424]LogBlueprintUserMessages: Early PlayInEditor Detection: Level '/Game/FirstPersonBP/Maps/FirstPersonExampleMap.FirstPersonExampleMap:PersistentLevel' has LevelScriptBlueprint '/Game/FirstPersonBP/Maps/FirstPersonExampleMap.FirstPersonExampleMap:PersistentLevel.FirstPersonExampleMap' with GeneratedClass '/Game/FirstPersonBP/Maps/FirstPersonExampleMap.FirstPersonExampleMap_C' with ClassGeneratedBy '/Game/FirstPersonBP/Maps/FirstPersonExampleMap.FirstPersonExampleMap:PersistentLevel.FirstPersonExampleMap'
[2018.11.27-05.12.23:310][424]LogPlayLevel: PlayLevel: No blueprints needed recompiling
[2018.11.27-05.12.23:311][424]PIE: New page: PIE session: FirstPersonExampleMap (2018年11月26日 下午7:12:23)
[2018.11.27-05.12.23:311][424]LogPlayLevel: Creating play world package: /Game/FirstPersonBP/Maps/UEDPIE_0_FirstPersonExampleMap
[2018.11.27-05.12.23:372][424]LogPlayLevel: PIE: StaticDuplicateObject took: (0.061248s)
[2018.11.27-05.12.23:390][424]LogAIModule: Creating AISystem for world FirstPersonExampleMap
[2018.11.27-05.12.23:392][424]LogPlayLevel: PIE: World Init took: (0.019071s)
[2018.11.27-05.12.23:392][424]LogPlayLevel: PIE: Created PIE world by copying editor world from /Game/FirstPersonBP/Maps/FirstPersonExampleMap.FirstPersonExampleMap to /Game/FirstPersonBP/Maps/UEDPIE_0_FirstPersonExampleMap.FirstPersonExampleMap (0.080587s)
[2018.11.27-05.12.23:485][424]LogInit: XAudio2 using 'Speakers / Headphones (Realtek Audio)' : 2 channels at 48 kHz using 32 bits per sample (channel mask 0x3)
[2018.11.27-05.12.23:628][424]LogInit: FAudioDevice initialized.
[2018.11.27-05.12.23:657][424]LogLoad: Game class is 'MyFirstPersonGameMode_C'
[2018.11.27-05.12.23:664][424]LogWorld: Bringing World /Game/FirstPersonBP/Maps/UEDPIE_0_FirstPersonExampleMap.FirstPersonExampleMap up for play (max tick rate 60) at 2018.11.27-00.12.23
[2018.11.27-05.12.23:665][424]LogWorld: Bringing up level for play took: 0.006534
[2018.11.27-05.12.23:684][424]PIE: Play in editor start time for /Game/FirstPersonBP/Maps/UEDPIE_0_FirstPersonExampleMap -0.29
[2018.11.27-05.12.23:684][424]LogBlueprintUserMessages: Late PlayInEditor Detection: Level '/Game/FirstPersonBP/Maps/FirstPersonExampleMap.FirstPersonExampleMap:PersistentLevel' has LevelScriptBlueprint '/Game/FirstPersonBP/Maps/FirstPersonExampleMap.FirstPersonExampleMap:PersistentLevel.FirstPersonExampleMap' with GeneratedClass '/Game/FirstPersonBP/Maps/FirstPersonExampleMap.FirstPersonExampleMap_C' with ClassGeneratedBy '/Game/FirstPersonBP/Maps/FirstPersonExampleMap.FirstPersonExampleMap:PersistentLevel.FirstPersonExampleMap'
[2018.11.27-05.12.27:966][670]LogBlueprintUserMessages: [FirstPersonExampleMap_C_5] Trigger Event 1
[2018.11.27-05.12.36:052][152]LogBlueprintUserMessages: [FirstPersonExampleMap_C_5] Trigger Event 2
[2018.11.27-05.12.47:970][866]LogBlueprintUserMessages: Early EndPlayMap Detection: Level '/Game/FirstPersonBP/Maps/FirstPersonExampleMap.FirstPersonExampleMap:PersistentLevel' has LevelScriptBlueprint '/Game/FirstPersonBP/Maps/FirstPersonExampleMap.FirstPersonExampleMap:PersistentLevel.FirstPersonExampleMap' with GeneratedClass '/Game/FirstPersonBP/Maps/FirstPersonExampleMap.FirstPersonExampleMap_C' with ClassGeneratedBy '/Game/FirstPersonBP/Maps/FirstPersonExampleMap.FirstPersonExampleMap:PersistentLevel.FirstPersonExampleMap'
[2018.11.27-05.12.47:977][866]LogSlate: Updating window title bar state: overlay mode, drag disabled, window buttons hidden, title bar hidden
[2018.11.27-05.12.48:041][866]LogPlayLevel: Display: Shutting down PIE online subsystems
[2018.11.27-05.12.48:042][866]LogBlueprintUserMessages: Late EndPlayMap Detection: Level '/Game/FirstPersonBP/Maps/FirstPersonExampleMap.FirstPersonExampleMap:PersistentLevel' has LevelScriptBlueprint '/Game/FirstPersonBP/Maps/FirstPersonExampleMap.FirstPersonExampleMap:PersistentLevel.FirstPersonExampleMap' with GeneratedClass '/Game/FirstPersonBP/Maps/FirstPersonExampleMap.FirstPersonExampleMap_C' with ClassGeneratedBy '/Game/FirstPersonBP/Maps/FirstPersonExampleMap.FirstPersonExampleMap:PersistentLevel.FirstPersonExampleMap'
[2018.11.27-05.12.48:088][866]LogSlate: Updating window title bar state: overlay mode, drag disabled, window buttons hidden, title bar hidden
[2018.11.27-05.12.48:141][867]LogPlayLevel: Display: Destroying online subsystem :Context_8
[2018.11.27-05.12.48:711][894]LogSlate: FSceneViewport::OnFocusLost() reason 2
[2018.11.27-05.12.49:368][894]LogSavePackage: Moving '../../../../../../../GDProject/GameDev1Project4/UnrealHouse/Saved/FirstPersonExampleMap94CA03764B6A9086806970A970DF5274.tmp' to '../../../../../../../GDProject/GameDev1Project4/UnrealHouse/Content/FirstPersonBP/Maps/FirstPersonExampleMap.umap'
[2018.11.27-05.12.51:062][894]LogSavePackage: Moving '../../../../../../../GDProject/GameDev1Project4/UnrealHouse/Saved/FirstPersonExampleMap_BuiltDataA8CEB0124CAA0F47BBA885BB0DD1879B.tmp' to '../../../../../../../GDProject/GameDev1Project4/UnrealHouse/Content/FirstPersonBP/Maps/FirstPersonExampleMap_BuiltData.uasset'
[2018.11.27-05.22.08:717][529]LogWindowsTextInputMethodSystem: Display: IME system now deactivated.
[2018.11.27-05.22.09:310][529]LogWindowsTextInputMethodSystem: Display: IME system now activated using TSF (搜狗拼音输入法).
[2018.11.27-05.22.10:995][529]LogSlate: Window 'Save Content' being destroyed
[2018.11.27-05.22.13:967][529]Cmd: OBJ SAVEPACKAGE PACKAGE="/Game/CameraSequences/CameraSequence" FILE="../../../../../../../GDProject/GameDev1Project4/UnrealHouse/Content/CameraSequences/CameraSequence.uasset" SILENT=true
[2018.11.27-05.22.14:712][529]LogSavePackage: Moving '../../../../../../../GDProject/GameDev1Project4/UnrealHouse/Saved/CameraSequenceC9003A0345931067364154BC8727F1B5.tmp' to '../../../../../../../GDProject/GameDev1Project4/UnrealHouse/Content/CameraSequences/CameraSequence.uasset'
[2018.11.27-05.22.27:504][529]LogSlate: Window 'UnrealHouse - Unreal Editor' being destroyed
[2018.11.27-05.22.29:888][530]Cmd: QUIT_EDITOR
[2018.11.27-05.22.32:229][530]LogWindowsTextInputMethodSystem: Display: IME system now activated using TSF (搜狗拼音输入法).
[2018.11.27-05.22.33:181][530]LogExit: Preparing to exit.
[2018.11.27-05.22.46:258][530]LogExit: Editor shut down
[2018.11.27-05.22.46:259][530]LogExit: Transaction tracking system shut down
[2018.11.27-05.22.51:337][530]LogExit: Object subsystem successfully closed.
[2018.11.27-05.22.52:273][530]LogShaderCompilers: Display: Shaders left to compile 0
[2018.11.27-05.22.52:326][530]LogD3D11RHI: Shutdown
[2018.11.27-05.22.52:327][530]LogD3D11RHI: CleanupD3DDevice
[2018.11.27-05.22.52:445][530]LogD3D11RHI: ~FD3D11DynamicRHI
[2018.11.27-05.23.16:659][530]LogModuleManager: Shutting down and abandoning module ExternalImagePicker (620)
[2018.11.27-05.23.16:730][530]LogModuleManager: Shutting down and abandoning module MovieSceneCapture (618)
[2018.11.27-05.23.16:730][530]LogModuleManager: Shutting down and abandoning module Voice (616)
[2018.11.27-05.23.16:849][530]LogModuleManager: Shutting down and abandoning module BlueprintGraph (614)
[2018.11.27-05.23.17:035][530]LogModuleManager: Shutting down and abandoning module SequencerWidgets (612)
[2018.11.27-05.23.17:035][530]LogModuleManager: Shutting down and abandoning module HierarchicalLODOutliner (610)
[2018.11.27-05.23.17:035][530]LogModuleManager: Shutting down and abandoning module SceneOutliner (608)
[2018.11.27-05.23.17:035][530]LogModuleManager: Shutting down and abandoning module AddContentDialog (606)
[2018.11.27-05.23.18:119][530]LogModuleManager: Shutting down and abandoning module WidgetCarousel (605)
[2018.11.27-05.23.18:119][530]LogModuleManager: Shutting down and abandoning module EditorWidgets (602)
[2018.11.27-05.23.18:119][530]LogModuleManager: Shutting down and abandoning module CollectionManager (600)
[2018.11.27-05.23.18:464][530]LogModuleManager: Shutting down and abandoning module StatsViewer (598)
[2018.11.27-05.23.18:733][530]LogModuleManager: Shutting down and abandoning module FoliageEdit (596)
[2018.11.27-05.23.18:734][530]LogModuleManager: Shutting down and abandoning module LandscapeEditor (594)
[2018.11.27-05.23.19:912][530]LogModuleManager: Shutting down and abandoning module MeshPaintMode (592)
[2018.11.27-05.23.19:921][530]LogModuleManager: Shutting down and abandoning module SceneDepthPickerMode (590)
[2018.11.27-05.23.19:921][530]LogModuleManager: Shutting down and abandoning module ActorPickerMode (588)
[2018.11.27-05.23.19:921][530]LogModuleManager: Shutting down and abandoning module GeometryMode (586)
[2018.11.27-05.23.19:921][530]LogModuleManager: Shutting down and abandoning module TextureAlignMode (584)
[2018.11.27-05.23.19:922][530]LogModuleManager: Shutting down and abandoning module BspMode (582)
[2018.11.27-05.23.19:923][530]LogModuleManager: Shutting down and abandoning module PIEPreviewDeviceProfileSelector (580)
[2018.11.27-05.23.19:923][530]LogModuleManager: Shutting down and abandoning module SequenceRecorderSections (578)
[2018.11.27-05.23.19:923][530]LogModuleManager: Shutting down and abandoning module AutomationWorker (576)
[2018.11.27-05.23.19:947][530]LogModuleManager: Shutting down and abandoning module AudioCaptureEditor (574)
[2018.11.27-05.23.19:947][530]LogModuleManager: Shutting down and abandoning module SequenceRecorder (573)
[2018.11.27-05.23.19:991][530]LogModuleManager: Shutting down and abandoning module MatineeToLevelSequence (570)
[2018.11.27-05.23.19:991][530]LogModuleManager: Shutting down and abandoning module LevelSequenceEditor (568)
[2018.11.27-05.23.19:996][530]LogModuleManager: Shutting down and abandoning module PlacementMode (567)
[2018.11.27-05.23.19:996][530]LogModuleManager: Shutting down and abandoning module MaterialEditor (566)
[2018.11.27-05.23.20:545][530]LogModuleManager: Shutting down and abandoning module WmfMediaFactory (562)
[2018.11.27-05.23.20:781][530]LogModuleManager: Shutting down and abandoning module WmfMediaEditor (560)
[2018.11.27-05.23.20:781][530]LogModuleManager: Shutting down and abandoning module MediaPlayerEditor (558)
[2018.11.27-05.23.20:803][530]LogModuleManager: Shutting down and abandoning module OpenExrWrapper (556)
[2018.11.27-05.23.20:804][530]LogModuleManager: Shutting down and abandoning module ImgMediaFactory (554)
[2018.11.27-05.23.20:804][530]LogModuleManager: Shutting down and abandoning module ImgMediaEditor (552)
[2018.11.27-05.23.20:804][530]LogModuleManager: Shutting down and abandoning module AvfMediaFactory (550)
[2018.11.27-05.23.20:804][530]LogModuleManager: Shutting down and abandoning module AvfMediaEditor (548)
[2018.11.27-05.23.20:804][530]LogModuleManager: Shutting down and abandoning module AndroidMediaFactory (546)
[2018.11.27-05.23.20:804][530]LogModuleManager: Shutting down and abandoning module AndroidMediaEditor (544)
[2018.11.27-05.23.20:804][530]LogModuleManager: Shutting down and abandoning module MagicLeapCameraPreviewFactory (542)
[2018.11.27-05.23.20:804][530]LogModuleManager: Shutting down and abandoning module MagicLeapMediaFactory (540)
[2018.11.27-05.23.20:804][530]LogModuleManager: Shutting down and abandoning module MagicLeapMediaEditor (538)
[2018.11.27-05.23.20:804][530]LogModuleManager: Shutting down and abandoning module CharacterAI (536)
[2018.11.27-05.23.20:804][530]LogModuleManager: Shutting down and abandoning module SmartSnapping (534)
[2018.11.27-05.23.20:804][530]LogModuleManager: Shutting down and abandoning module SessionServices (532)
[2018.11.27-05.23.20:804][530]LogModuleManager: Shutting down and abandoning module ViewportSnapping (530)
[2018.11.27-05.23.20:804][530]LogModuleManager: Shutting down and abandoning module ViewportInteraction (528)
[2018.11.27-05.23.20:806][530]LogModuleManager: Shutting down and abandoning module ClothPainter (526)
[2018.11.27-05.23.20:874][530]LogModuleManager: Shutting down and abandoning module SkeletalMeshEditor (525)
[2018.11.27-05.23.20:892][530]LogModuleManager: Shutting down and abandoning module LogVisualizer (522)
[2018.11.27-05.23.20:953][530]LogModuleManager: Shutting down and abandoning module IntroTutorials (520)
[2018.11.27-05.23.20:990][530]LogModuleManager: Shutting down and abandoning module GameProjectGeneration (519)
[2018.11.27-05.23.21:155][530]LogModuleManager: Shutting down and abandoning module LuminPlatformEditor (516)
[2018.11.27-05.23.21:155][530]LogModuleManager: Shutting down and abandoning module IOSPlatformEditor (514)
[2018.11.27-05.23.21:157][530]LogModuleManager: Shutting down and abandoning module HTML5PlatformEditor (512)
[2018.11.27-05.23.21:157][530]LogModuleManager: Shutting down and abandoning module AndroidPlatformEditor (510)
[2018.11.27-05.23.21:157][530]LogModuleManager: Shutting down and abandoning module AndroidDeviceDetection (509)
[2018.11.27-05.23.21:794][530]LogModuleManager: Shutting down and abandoning module WindowsPlatformEditor (506)
[2018.11.27-05.23.21:794][530]LogModuleManager: Shutting down and abandoning module LuminRuntimeSettings (504)
[2018.11.27-05.23.21:794][530]LogModuleManager: Shutting down and abandoning module IOSRuntimeSettings (502)
[2018.11.27-05.23.21:794][530]LogModuleManager: Shutting down and abandoning module AndroidRuntimeSettings (500)
[2018.11.27-05.23.21:794][530]LogModuleManager: Shutting down and abandoning module InputBindingEditor (498)
[2018.11.27-05.23.21:866][530]LogModuleManager: Shutting down and abandoning module MergeActors (496)
[2018.11.27-05.23.21:868][530]LogModuleManager: Shutting down and abandoning module LocalizationDashboard (494)
[2018.11.27-05.23.22:171][530]LogModuleManager: Shutting down and abandoning module LocalizationService (493)
[2018.11.27-05.23.22:173][530]LogModuleManager: Shutting down and abandoning module HardwareTargeting (490)
[2018.11.27-05.23.22:173][530]LogModuleManager: Shutting down and abandoning module DeviceProfileEditor (488)
[2018.11.27-05.23.22:200][530]LogModuleManager: Shutting down and abandoning module UndoHistory (486)
[2018.11.27-05.23.22:200][530]LogModuleManager: Shutting down and abandoning module XmlParser (484)
[2018.11.27-05.23.22:201][530]LogModuleManager: Shutting down and abandoning module Blutility (482)
[2018.11.27-05.23.22:203][530]LogModuleManager: Shutting down and abandoning module ProjectSettingsViewer (480)
[2018.11.27-05.23.22:204][530]LogModuleManager: Shutting down and abandoning module ProjectTargetPlatformEditor (479)
[2018.11.27-05.23.22:269][530]LogModuleManager: Shutting down and abandoning module EditorSettingsViewer (476)
[2018.11.27-05.23.22:269][530]LogModuleManager: Shutting down and abandoning module SettingsEditor (474)
[2018.11.27-05.23.22:327][530]LogModuleManager: Shutting down and abandoning module ProjectLauncher (472)
[2018.11.27-05.23.22:360][530]LogModuleManager: Shutting down and abandoning module SessionFrontend (470)
[2018.11.27-05.23.22:384][530]LogModuleManager: Shutting down and abandoning module ProfilerClient (468)
[2018.11.27-05.23.22:515][530]LogModuleManager: Shutting down and abandoning module DeviceManager (466)
[2018.11.27-05.23.22:602][530]LogModuleManager: Shutting down and abandoning module TargetDeviceServices (465)
[2018.11.27-05.23.22:843][530]LogModuleManager: Shutting down and abandoning module AutomationController (462)
[2018.11.27-05.23.22:847][530]LogModuleManager: Shutting down and abandoning module AutomationWindow (460)
[2018.11.27-05.23.22:971][530]LogModuleManager: Shutting down and abandoning module Layers (458)
[2018.11.27-05.23.23:165][530]LogModuleManager: Shutting down and abandoning module ComponentVisualizers (456)
[2018.11.27-05.23.23:165][530]LogModuleManager: Shutting down and abandoning module DetailCustomizations (454)
[2018.11.27-05.23.23:248][530]LogModuleManager: Shutting down and abandoning module PackagesDialog (452)
[2018.11.27-05.23.23:249][530]LogModuleManager: Shutting down and abandoning module Persona (450)
[2018.11.27-05.23.23:290][530]LogModuleManager: Shutting down and abandoning module AdvancedPreviewScene (449)
[2018.11.27-05.23.23:290][530]LogModuleManager: Shutting down and abandoning module AnimGraph (447)
[2018.11.27-05.23.23:291][530]LogModuleManager: Shutting down and abandoning module Kismet (444)
[2018.11.27-05.23.23:353][530]LogModuleManager: Shutting down and abandoning module GraphEditor (442)
[2018.11.27-05.23.23:489][530]LogModuleManager: Shutting down and abandoning module ClassViewer (440)
[2018.11.27-05.23.23:516][530]LogModuleManager: Shutting down and abandoning module Toolbox (438)
[2018.11.27-05.23.23:516][530]LogModuleManager: Shutting down and abandoning module ModuleUI (436)
[2018.11.27-05.23.23:535][530]LogModuleManager: Shutting down and abandoning module MovieSceneTools (434)
[2018.11.27-05.23.23:552][530]LogModuleManager: Shutting down and abandoning module OutputLog (432)
[2018.11.27-05.23.23:835][530]LogModuleManager: Shutting down and abandoning module GammaUI (430)
[2018.11.27-05.23.23:885][530]LogModuleManager: Shutting down and abandoning module Documentation (428)
[2018.11.27-05.23.23:889][530]LogModuleManager: Shutting down and abandoning module MovieSceneTracks (426)
[2018.11.27-05.23.23:889][530]LogModuleManager: Shutting down and abandoning module MovieScene (424)
[2018.11.27-05.23.23:889][530]LogModuleManager: Shutting down and abandoning module StreamingPauseRendering (422)
[2018.11.27-05.23.23:889][530]LogModuleManager: Shutting down and abandoning module LauncherPlatform (420)
[2018.11.27-05.23.23:889][530]LogModuleManager: Shutting down and abandoning module AnalyticsET (418)
[2018.11.27-05.23.23:889][530]LogModuleManager: Shutting down and abandoning module PortalServices (416)
[2018.11.27-05.23.23:889][530]LogModuleManager: Shutting down and abandoning module PortalRpc (414)
[2018.11.27-05.23.23:889][530]LogModuleManager: Shutting down and abandoning module MessagingRpc (412)
[2018.11.27-05.23.23:889][530]LogModuleManager: Shutting down and abandoning module AIModule (410)
[2018.11.27-05.23.23:890][530]LogModuleManager: Shutting down and abandoning module GameplayDebugger (409)
[2018.11.27-05.23.23:891][530]LogModuleManager: Shutting down and abandoning module AITestSuite (407)
[2018.11.27-05.23.23:934][530]LogModuleManager: Shutting down and abandoning module NavigationSystem (405)
[2018.11.27-05.23.23:935][530]LogModuleManager: Shutting down and abandoning module DesktopPlatform (402)
[2018.11.27-05.23.23:936][530]LogModuleManager: Shutting down and abandoning module ProfilerService (400)
[2018.11.27-05.23.24:063][530]LogModuleManager: Shutting down and abandoning module TaskGraph (398)
[2018.11.27-05.23.24:077][530]LogModuleManager: Shutting down and abandoning module SteamVRController (396)
[2018.11.27-05.23.24:077][530]LogModuleManager: Shutting down and abandoning module ProceduralMeshComponentEditor (394)
[2018.11.27-05.23.24:077][530]LogModuleManager: Shutting down and abandoning module ProceduralMeshComponent (392)
[2018.11.27-05.23.24:077][530]LogModuleManager: Shutting down and abandoning module OculusInput (390)
[2018.11.27-05.23.24:077][530]LogModuleManager: Shutting down and abandoning module MobilePatchingUtils (388)
[2018.11.27-05.23.24:077][530]LogModuleManager: Shutting down and abandoning module EditableMesh (386)
[2018.11.27-05.23.24:091][530]LogModuleManager: Shutting down and abandoning module CustomMeshComponent (384)
[2018.11.27-05.23.24:091][530]LogModuleManager: Shutting down and abandoning module CableComponent (382)
[2018.11.27-05.23.24:091][530]LogModuleManager: Shutting down and abandoning module AudioCapture (380)
[2018.11.27-05.23.24:091][530]LogModuleManager: Shutting down and abandoning module ArchVisCharacter (378)
[2018.11.27-05.23.24:091][530]LogModuleManager: Shutting down and abandoning module AndroidPermission (376)
[2018.11.27-05.23.24:091][530]LogModuleManager: Shutting down and abandoning module NUTUnrealEngine4 (374)
[2018.11.27-05.23.24:091][530]LogModuleManager: Shutting down and abandoning module NetcodeUnitTest (372)
[2018.11.27-05.23.24:282][530]LogModuleManager: Shutting down and abandoning module MediaCompositingEditor (370)
[2018.11.27-05.23.24:282][530]LogModuleManager: Shutting down and abandoning module MediaCompositing (368)
[2018.11.27-05.23.24:282][530]LogModuleManager: Shutting down and abandoning module LinearTimecode (366)
[2018.11.27-05.23.24:282][530]LogModuleManager: Shutting down and abandoning module ImgMedia (364)
[2018.11.27-05.23.24:289][530]LogModuleManager: Shutting down and abandoning module HTML5Networking (362)
[2018.11.27-05.23.24:289][530]LogModuleManager: Shutting down and abandoning module GeometryCacheTracks (360)
[2018.11.27-05.23.24:289][530]LogModuleManager: Shutting down and abandoning module GeometryCacheSequencer (358)
[2018.11.27-05.23.24:289][530]LogModuleManager: Shutting down and abandoning module BackChannel (356)
[2018.11.27-05.23.24:291][530]LogModuleManager: Shutting down and abandoning module AppleVision (354)
[2018.11.27-05.23.24:291][530]LogModuleManager: Shutting down and abandoning module AppleImageUtils (352)
[2018.11.27-05.23.24:291][530]LogModuleManager: Shutting down and abandoning module AlembicImporter (350)
[2018.11.27-05.23.24:291][530]LogModuleManager: Shutting down and abandoning module AlembicLibrary (349)
[2018.11.27-05.23.24:291][530]LogModuleManager: Shutting down and abandoning module GeometryCache (348)
[2018.11.27-05.23.24:292][530]LogModuleManager: Shutting down and abandoning module GeometryCacheEd (347)
[2018.11.27-05.23.24:292][530]LogModuleManager: Shutting down and abandoning module DatasmithContentEditor (342)
[2018.11.27-05.23.24:330][530]LogModuleManager: Shutting down and abandoning module DatasmithContent (340)
[2018.11.27-05.23.24:331][530]LogModuleManager: Shutting down and abandoning module SpeedTreeImporter (338)
[2018.11.27-05.23.24:332][530]LogModuleManager: Shutting down and abandoning module PluginBrowser (336)
[2018.11.27-05.23.24:357][530]LogModuleManager: Shutting down and abandoning module MobileLauncherProfileWizard (334)
[2018.11.27-05.23.24:426][530]LogModuleManager: Shutting down and abandoning module PolygonModeling (332)
[2018.11.27-05.23.24:426][530]LogModuleManager: Shutting down and abandoning module MeshEditor (330)
[2018.11.27-05.23.24:434][530]LogModuleManager: Shutting down and abandoning module CryptoKeysOpenSSL (328)
[2018.11.27-05.23.24:441][530]LogModuleManager: Shutting down and abandoning module CryptoKeys (326)
[2018.11.27-05.23.24:441][530]LogModuleManager: Shutting down and abandoning module VisualStudioSourceCodeAccess (324)
[2018.11.27-05.23.24:475][530]LogModuleManager: Shutting down and abandoning module VisualStudioCodeSourceCodeAccess (322)
[2018.11.27-05.23.24:475][530]LogModuleManager: Shutting down and abandoning module UObjectPlugin (320)
[2018.11.27-05.23.24:475][530]LogModuleManager: Shutting down and abandoning module SubversionSourceControl (318)
[2018.11.27-05.23.24:486][530]LogModuleManager: Shutting down and abandoning module PerforceSourceControl (316)
[2018.11.27-05.23.24:575][530]LogModuleManager: Shutting down and abandoning module GitSourceControl (314)
[2018.11.27-05.23.24:998][530]LogModuleManager: Shutting down and abandoning module SourceControl (313)
[2018.11.27-05.23.25:000][530]LogModuleManager: Shutting down and abandoning module CLionSourceCodeAccess (310)
[2018.11.27-05.23.25:001][530]LogModuleManager: Shutting down and abandoning module LightPropagationVolumeEditor (308)
[2018.11.27-05.23.25:001][530]LogModuleManager: Shutting down and abandoning module PaperTiledImporter (306)
[2018.11.27-05.23.25:001][530]LogModuleManager: Shutting down and abandoning module PaperSpriteSheetImporter (304)
[2018.11.27-05.23.25:001][530]LogModuleManager: Shutting down and abandoning module Paper2DEditor (302)
[2018.11.27-05.23.25:032][530]LogModuleManager: Shutting down and abandoning module MeshPaint (301)
[2018.11.27-05.23.25:032][530]LogModuleManager: Shutting down and abandoning module RuntimePhysXCooking (298)
[2018.11.27-05.23.25:033][530]LogModuleManager: Shutting down and abandoning module PhysXVehiclesEditor (296)
[2018.11.27-05.23.25:033][530]LogModuleManager: Shutting down and abandoning module PhysXVehicles (294)
[2018.11.27-05.23.25:033][530]LogModuleManager: Shutting down and abandoning module OculusEditor (292)
[2018.11.27-05.23.25:048][530]LogModuleManager: Shutting down and abandoning module LocationServicesBPLibrary (290)
[2018.11.27-05.23.25:048][530]LogModuleManager: Shutting down and abandoning module ImmediatePhysicsEditor (288)
[2018.11.27-05.23.25:048][530]LogModuleManager: Shutting down and abandoning module ImmediatePhysics (286)
[2018.11.27-05.23.25:048][530]LogModuleManager: Shutting down and abandoning module ActorSequence (284)
[2018.11.27-05.23.25:048][530]LogModuleManager: Shutting down and abandoning module UdpMessaging (282)
[2018.11.27-05.23.25:148][530]LogModuleManager: Shutting down and abandoning module TcpMessaging (280)
[2018.11.27-05.23.25:441][530]LogModuleManager: Shutting down and abandoning module MagicLeapAudio (278)
[2018.11.27-05.23.25:441][530]LogModuleManager: Shutting down and abandoning module GameplayTagsEditor (276)
[2018.11.27-05.23.25:502][530]LogModuleManager: Shutting down and abandoning module FacialAnimationEditor (274)
[2018.11.27-05.23.25:506][530]LogModuleManager: Shutting down and abandoning module FacialAnimation (272)
[2018.11.27-05.23.25:506][530]LogModuleManager: Shutting down and abandoning module DataValidation (270)
[2018.11.27-05.23.25:507][530]LogModuleManager: Shutting down and abandoning module AssetManagerEditor (268)
[2018.11.27-05.23.25:609][530]LogModuleManager: Shutting down and abandoning module LevelEditor (267)
[2018.11.27-05.23.25:917][530]LogModuleManager: Shutting down and abandoning module PixelInspectorModule (266)
[2018.11.27-05.23.26:373][530]LogModuleManager: Shutting down and abandoning module CommonMenuExtensions (264)
[2018.11.27-05.23.26:389][530]LogModuleManager: Shutting down and abandoning module MainFrame (262)
[2018.11.27-05.23.26:390][530]LogModuleManager: Shutting down and abandoning module HotReload (261)
[2018.11.27-05.23.26:434][530]LogModuleManager: Shutting down and abandoning module ContentBrowser (257)
[2018.11.27-05.23.26:437][530]LogModuleManager: Shutting down and abandoning module TreeMap (255)
[2018.11.27-05.23.26:438][530]LogModuleManager: Shutting down and abandoning module LightPropagationVolumeRuntime (252)
[2018.11.27-05.23.26:438][530]LogModuleManager: Shutting down and abandoning module AISupportModule (250)
[2018.11.27-05.23.26:438][530]LogModuleManager: Shutting down and abandoning module Paper2D (248)
[2018.11.27-05.23.26:439][530]LogModuleManager: Shutting down and abandoning module WindowsMoviePlayer (246)
[2018.11.27-05.23.26:614][530]LogModuleManager: Shutting down and abandoning module WmfMedia (244)
[2018.11.27-05.23.26:631][530]LogModuleManager: Shutting down and abandoning module Media (243)
[2018.11.27-05.23.26:637][530]LogModuleManager: Shutting down and abandoning module PacketHandler (240)
[2018.11.27-05.23.26:638][530]LogModuleManager: Shutting down and abandoning module ClothingSystemEditor (238)
[2018.11.27-05.23.26:638][530]LogModuleManager: Shutting down and abandoning module ClothingSystemRuntime (236)
[2018.11.27-05.23.26:692][530]LogModuleManager: Shutting down and abandoning module MediaAssets (234)
[2018.11.27-05.23.26:692][530]LogModuleManager: Shutting down and abandoning module Overlay (232)
[2018.11.27-05.23.26:692][530]LogModuleManager: Shutting down and abandoning module OverlayEditor (231)
[2018.11.27-05.23.26:692][530]LogModuleManager: Shutting down and abandoning module VREditor (228)
[2018.11.27-05.23.26:703][530]LogModuleManager: Shutting down and abandoning module StringTableEditor (226)
[2018.11.27-05.23.26:777][530]LogModuleManager: Shutting down and abandoning module GameplayTasksEditor (224)
[2018.11.27-05.23.26:777][530]LogModuleManager: Shutting down and abandoning module BehaviorTreeEditor (222)
[2018.11.27-05.23.26:789][530]LogModuleManager: Shutting down and abandoning module FunctionalTesting (220)
[2018.11.27-05.23.26:790][530]LogModuleManager: Shutting down and abandoning module CollisionAnalyzer (218)
[2018.11.27-05.23.26:805][530]LogModuleManager: Shutting down and abandoning module WorkspaceMenuStructure (217)
[2018.11.27-05.23.26:871][530]LogModuleManager: Shutting down and abandoning module UMG (214)
[2018.11.27-05.23.27:020][530]LogModuleManager: Shutting down and abandoning module UMGEditor (213)
[2018.11.27-05.23.27:268][530]LogModuleManager: Shutting down and abandoning module Sequencer (212)
[2018.11.27-05.23.27:269][530]LogModuleManager: Shutting down and abandoning module MessageLog (209)
[2018.11.27-05.23.27:269][530]LogModuleManager: Shutting down and abandoning module SlateReflector (204)
[2018.11.27-05.23.27:506][530]LogModuleManager: Shutting down and abandoning module Slate (202)
[2018.11.27-05.23.27:506][530]LogModuleManager: Shutting down and abandoning module EditorStyle (200)
[2018.11.27-05.23.27:997][530]LogModuleManager: Shutting down and abandoning module MRMesh (198)
[2018.11.27-05.23.27:997][530]LogModuleManager: Shutting down and abandoning module SourceCodeAccess (196)
[2018.11.27-05.23.27:999][530]LogModuleManager: Shutting down and abandoning module HeadMountedDisplay (194)
[2018.11.27-05.23.27:999][530]LogModuleManager: Shutting down and abandoning module XAudio2 (192)
[2018.11.27-05.23.27:999][530]LogModuleManager: Shutting down and abandoning module Networking (190)
[2018.11.27-05.23.27:999][530]LogModuleManager: Shutting down and abandoning module Core (188)
[2018.11.27-05.23.27:999][530]LogModuleManager: Shutting down and abandoning module LevelSequence (186)
[2018.11.27-05.23.27:999][530]LogModuleManager: Shutting down and abandoning module KismetCompiler (184)
[2018.11.27-05.23.27:999][530]LogModuleManager: Shutting down and abandoning module MeshUtilities (182)
[2018.11.27-05.23.28:074][530]LogModuleManager: Shutting down and abandoning module MeshMergeUtilities (181)
[2018.11.27-05.23.28:190][530]LogModuleManager: Shutting down and abandoning module MeshReductionInterface (180)
[2018.11.27-05.23.28:190][530]LogModuleManager: Shutting down and abandoning module SimplygonSwarm (179)
[2018.11.27-05.23.28:207][530]LogModuleManager: Shutting down and abandoning module ProxyLODMeshReduction (177)
[2018.11.27-05.23.28:632][530]LogModuleManager: Shutting down and abandoning module SimplygonMeshReduction (175)
[2018.11.27-05.23.28:677][530]LogModuleManager: Shutting down and abandoning module QuadricMeshReduction (173)
[2018.11.27-05.23.28:881][530]LogModuleManager: Shutting down and abandoning module MaterialBaking (169)
[2018.11.27-05.23.28:885][530]LogModuleManager: Shutting down and abandoning module DirectoryWatcher (165)
[2018.11.27-05.23.28:886][530]LogModuleManager: Shutting down and abandoning module DerivedDataCache (162)
[2018.11.27-05.23.28:988][530]LogDerivedDataCache: Shutdown
[2018.11.27-05.23.28:988][530]LogModuleManager: Shutting down and abandoning module XGEController (160)
[2018.11.27-05.23.28:989][530]LogModuleManager: Shutting down and abandoning module TargetPlatform (158)
[2018.11.27-05.23.28:990][530]LogModuleManager: Shutting down and abandoning module VulkanShaderFormat (157)
[2018.11.27-05.23.29:161][530]LogModuleManager: Shutting down and abandoning module ShaderFormatVectorVM (155)
[2018.11.27-05.23.29:232][530]LogModuleManager: Shutting down and abandoning module ShaderFormatOpenGL (153)
[2018.11.27-05.23.29:304][530]LogModuleManager: Shutting down and abandoning module ShaderFormatD3D (151)
[2018.11.27-05.23.29:320][530]LogModuleManager: Shutting down and abandoning module MetalShaderFormat (149)
[2018.11.27-05.23.29:334][530]LogModuleManager: Shutting down and abandoning module TextureFormatUncompressed (147)
[2018.11.27-05.23.29:334][530]LogModuleManager: Shutting down and abandoning module TextureFormatPVR (145)
[2018.11.27-05.23.29:334][530]LogModuleManager: Shutting down and abandoning module TextureFormatDXT (143)
[2018.11.27-05.23.29:334][530]LogModuleManager: Shutting down and abandoning module TextureFormatIntelISPCTexComp (141)
[2018.11.27-05.23.29:367][530]LogModuleManager: Shutting down and abandoning module TextureFormatASTC (139)
[2018.11.27-05.23.29:464][530]LogModuleManager: Shutting down and abandoning module ImageWrapper (138)
[2018.11.27-05.23.29:464][530]LogModuleManager: Shutting down and abandoning module TextureFormatAndroid (135)
[2018.11.27-05.23.29:464][530]LogModuleManager: Shutting down and abandoning module AudioFormatOpus (133)
[2018.11.27-05.23.29:464][530]LogModuleManager: Shutting down and abandoning module AudioFormatOgg (131)
[2018.11.27-05.23.29:464][530]LogModuleManager: Shutting down and abandoning module AudioFormatADPCM (129)
[2018.11.27-05.23.29:464][530]LogModuleManager: Shutting down and abandoning module LuminTargetPlatform (127)
[2018.11.27-05.23.29:464][530]LogModuleManager: Shutting down and abandoning module LinuxTargetPlatform (125)
[2018.11.27-05.23.29:465][530]LogModuleManager: Shutting down and abandoning module LinuxServerTargetPlatform (123)
[2018.11.27-05.23.29:466][530]LogModuleManager: Shutting down and abandoning module LinuxNoEditorTargetPlatform (121)
[2018.11.27-05.23.29:489][530]LogModuleManager: Shutting down and abandoning module LinuxClientTargetPlatform (119)
[2018.11.27-05.23.29:498][530]LogModuleManager: Shutting down and abandoning module TVOSTargetPlatform (117)
[2018.11.27-05.23.29:671][530]LogModuleManager: Shutting down and abandoning module Messaging (115)
[2018.11.27-05.23.29:671][530]LogModuleManager: Shutting down and abandoning module IOSTargetPlatform (113)
[2018.11.27-05.23.29:677][530]LogModuleManager: Shutting down and abandoning module HTML5TargetPlatform (111)
[2018.11.27-05.23.29:677][530]LogModuleManager: Shutting down and abandoning module AndroidTargetPlatform (109)
[2018.11.27-05.23.29:722][530]LogModuleManager: Shutting down and abandoning module WindowsTargetPlatform (107)
[2018.11.27-05.23.29:722][530]LogModuleManager: Shutting down and abandoning module WindowsServerTargetPlatform (105)
[2018.11.27-05.23.29:722][530]LogModuleManager: Shutting down and abandoning module WindowsNoEditorTargetPlatform (103)
[2018.11.27-05.23.29:722][530]LogModuleManager: Shutting down and abandoning module WindowsClientTargetPlatform (101)
[2018.11.27-05.23.29:722][530]LogModuleManager: Shutting down and abandoning module MacTargetPlatform (99)
[2018.11.27-05.23.29:723][530]LogModuleManager: Shutting down and abandoning module MacServerTargetPlatform (97)
[2018.11.27-05.23.29:759][530]LogModuleManager: Shutting down and abandoning module MacNoEditorTargetPlatform (95)
[2018.11.27-05.23.29:760][530]LogModuleManager: Shutting down and abandoning module MacClientTargetPlatform (93)
[2018.11.27-05.23.29:760][530]LogModuleManager: Shutting down and abandoning module AllDesktopTargetPlatform (91)
[2018.11.27-05.23.29:761][530]LogModuleManager: Shutting down and abandoning module InputCore (88)
[2018.11.27-05.23.29:761][530]LogModuleManager: Shutting down and abandoning module Settings (86)
[2018.11.27-05.23.29:761][530]LogModuleManager: Shutting down and abandoning module PhysXCooking (84)
[2018.11.27-05.23.29:761][530]LogModuleManager: Shutting down and abandoning module SteamVR (82)
[2018.11.27-05.23.29:761][530]LogModuleManager: Shutting down and abandoning module OculusHMD (80)
[2018.11.27-05.23.29:763][530]LogModuleManager: Shutting down and abandoning module ExampleDeviceProfileSelector (78)
[2018.11.27-05.23.29:763][530]LogModuleManager: Shutting down and abandoning module LauncherChunkInstaller (76)
[2018.11.27-05.23.29:763][530]LogModuleManager: Shutting down and abandoning module OnlineBlueprintSupport (74)
[2018.11.27-05.23.29:763][530]LogModuleManager: Shutting down and abandoning module OnlineSubsystem (70)
[2018.11.27-05.23.29:770][530]LogModuleManager: Shutting down and abandoning module XMPP (65)
[2018.11.27-05.23.29:965][530]LogModuleManager: Shutting down and abandoning module WebSockets (64)
[2018.11.27-05.23.30:493][530]LogModuleManager: Shutting down and abandoning module HTTP (61)
[2018.11.27-05.23.30:494][530]LogHttp: Display: Http module shutting down, but needs to wait on 2 outstanding Http requests:
[2018.11.27-05.23.30:495][530]LogHttp: Display: 	verb=[POST] url=[https://datarouter.ol.epicgames.com/datarouter/api/v1/public/data?SessionID=%7BE13C28EC-4CAC-772C-3A50-FE9563C7D5C6%7D&AppID=UEEditor.Rocket.Release&AppVersion=4.20.3-4369336%2B%2B%2BUE4%2BRelease-4.20&UserID=64944e924603c2418ca969a0ce385f60%7Ca8cb51a89a094d73ae0410efdcc6c91e%7C2650e3fa-625a-4231-9584-819c7cc767df&AppEnvironment=datacollector-binary&UploadType=eteventstream] status=Processing
[2018.11.27-05.23.30:495][530]LogHttp: Display: 	verb=[POST] url=[https://datarouter.ol.epicgames.com/datarouter/api/v1/public/data?SessionID=%7BE13C28EC-4CAC-772C-3A50-FE9563C7D5C6%7D&AppID=UEEditor.Rocket.Release&AppVersion=4.20.3-4369336%2B%2B%2BUE4%2BRelease-4.20&UserID=64944e924603c2418ca969a0ce385f60%7Ca8cb51a89a094d73ae0410efdcc6c91e%7C2650e3fa-625a-4231-9584-819c7cc767df&AppEnvironment=datacollector-binary&UploadType=eteventstream] status=Processing
[2018.11.27-05.23.30:525][530]LogModuleManager: Shutting down and abandoning module SSL (60)
[2018.11.27-05.23.30:552][530]LogModuleManager: Shutting down and abandoning module MagicLeapEmulator (56)
[2018.11.27-05.23.30:553][530]LogModuleManager: Shutting down and abandoning module MagicLeapPrivileges (54)
[2018.11.27-05.23.30:553][530]LogModuleManager: Shutting down and abandoning module MagicLeapIdentity (52)
[2018.11.27-05.23.30:553][530]LogModuleManager: Shutting down and abandoning module MagicLeapHelperVulkan (50)
[2018.11.27-05.23.30:553][530]LogModuleManager: Shutting down and abandoning module MagicLeapHelperOpenGL (48)
[2018.11.27-05.23.30:553][530]LogModuleManager: Shutting down and abandoning module MagicLeapSecureStorage (46)
[2018.11.27-05.23.30:553][530]LogModuleManager: Shutting down and abandoning module MagicLeapGestures (44)
[2018.11.27-05.23.30:553][530]LogModuleManager: Shutting down and abandoning module MagicLeapEyeTracker (42)
[2018.11.27-05.23.30:553][530]LogModuleManager: Shutting down and abandoning module MagicLeapController (40)
[2018.11.27-05.23.30:555][530]LogSlate: Slate User Destroyed.  User Index 0, Is Virtual User: 0
[2018.11.27-05.23.30:556][530]LogModuleManager: Shutting down and abandoning module MagicLeap (38)
[2018.11.27-05.23.30:590][530]LogModuleManager: Shutting down and abandoning module AnimationModifiers (36)
[2018.11.27-05.23.30:592][530]LogModuleManager: Shutting down and abandoning module PropertyEditor (35)
[2018.11.27-05.23.30:595][530]LogModuleManager: Shutting down and abandoning module AudioEditor (32)
[2018.11.27-05.23.30:866][530]LogModuleManager: Shutting down and abandoning module TextureCompressor (30)
[2018.11.27-05.23.31:094][530]LogModuleManager: Shutting down and abandoning module ShaderCore (28)
[2018.11.27-05.23.31:094][530]LogModuleManager: Shutting down and abandoning module Landscape (26)
[2018.11.27-05.23.31:094][530]LogModuleManager: Shutting down and abandoning module SlateRHIRenderer (24)
[2018.11.27-05.23.31:449][530]LogModuleManager: Shutting down and abandoning module OpenGLDrv (22)
[2018.11.27-05.23.31:530][530]LogModuleManager: Shutting down and abandoning module D3D11RHI (20)
[2018.11.27-05.23.31:530][530]LogModuleManager: Shutting down and abandoning module AnimGraphRuntime (18)
[2018.11.27-05.23.31:530][530]LogModuleManager: Shutting down and abandoning module Renderer (16)
[2018.11.27-05.23.31:530][530]LogModuleManager: Shutting down and abandoning module Engine (14)
[2018.11.27-05.23.31:530][530]LogModuleManager: Shutting down and abandoning module CoreUObject (12)
[2018.11.27-05.23.31:530][530]LogModuleManager: Shutting down and abandoning module NetworkFile (10)
[2018.11.27-05.23.31:532][530]LogModuleManager: Shutting down and abandoning module CookedIterativeFile (8)
[2018.11.27-05.23.31:532][530]LogModuleManager: Shutting down and abandoning module StreamingFile (6)
[2018.11.27-05.23.31:533][530]LogModuleManager: Shutting down and abandoning module SandboxFile (4)
[2018.11.27-05.23.31:534][530]LogModuleManager: Shutting down and abandoning module PakFile (2)
[2018.11.27-05.23.31:549][530]LogExit: Exiting.
[2018.11.27-05.23.31:751][530]Log file closed, 11/27/18 00:23:31
